T3fxpxPoAm34VX0wWoq4/orkcElwxtDpc0dQ1aT1bj628g89IEHrT9F/gM2zGXohrVmkKXZ14DT5CI3Wnn+EnAkaUZvzJ5SJgumzSUyGaBPQDT7mZw==
2qzkGLfpNcFjm/hSyNdXmSGQ4uspL6bHQRlkqxah5AqSyP/I9b52aejeuOgLqOHmlY3TYgGvCPW3l99X5gw=
KCSeLGseJwpkWyM0l8clDtgLmT0d1XYFtJ06HDWH5I/6VU0KEYGit8l41K6vpksBOJ35C2VZf6vhBvU/e0+OE8jfyIpiy8B8oWrZG3uXeinaGQsJlFYQMzgdNuZv
ee/ZIMtdjL+OWI27nSdSR8+B7MOeol3ZmkJBu6s22dGT3h19D/AWoxLRhQUYokCUy9QZm2XxKx7h0/CJR+snK+Zw
jE0xobs2x2K4APAEKg9oCs6B7MOeol3ZmkJBu6s22dGT3h19D/AWoxLRhQUYokCUy9QZm2XxKx7h0/CJR+snK+Zw
F204qLbiAWvK9sT4VS0aac2B7MOeol3ZmkJBu6s22dGT3h19D/AWoxLRhQUYokCUy9QZm2XxKx7h0/CJR+snK+Zw
MkMVXQg4pKqO0cLyKGPpycyB7MOeol3ZmkJBu6s22dGT3h19D/AWoxLRhQUYokCUy9QZm2XxKx7h0/CJR+snK+Zw
beuvF4Ddgf6AJDHJt1qgLYlN5iacSvdz8qJ7e5yHG//y8z9/kmsVaFh6OO8SBL9Wh/vlK6RRxCUV+crqjkvmISjmcQ==
fppmygHJlwXZCGxC7QUxkcuB7MOeol3ZmkJBu6s22dGT3h19D/AWoxLRhQUYokCUy9QZm2XxKx7h0/CJR+snK+Zw
9TKXBGUcmcO40JGJa36/G8qB7MOeol3ZmkJBu6s22dGT3h19D/AWoxLRhQUYokCUy9QZm2XxKx7h0/CJR+snK+Zw
7R7Nt2Dqd349gNMS+L34ysmB7MOeol3ZmkJBu6s22dGT3h19D/AWoxLRhQUYokCUy9QZm2XxKx7h0/CJR+snK+Zw
iBwWdRsthofhDU68N+EelsiB7MOeol3ZmkJBu6s22dGT3h19D/AWoxLRhQUYokCUy9QZm2XxKx7h0/CJR+snK+Zw
DTJsSNv7VxCkBqLj7aQ71g+18HrWcacXznb1fTrm6S87olFVE1qV6Z9kvgeydS3RSHYIUIsQUU81JQM6wffYnVf/Ly/mdA==
SM2fGqwmXBhDwHIHOjZzdpqu1aXR7BqXyVNeu7FlnNeW3Rx2YrQHtBXCjhUYokCUy9QZm2XxKx7h0/CJR+snK+Zw
KqBuJH2ZS3AGY0+XOrRiBpqu1aXR7BqXyVdctbFlnNeW3Rx2YrQHtBXCjhUYokCUy9QZm2XxKx7h0/CJR+snK+Zw
oiSytzGbAiAC2m+G11zSs0YMO5cLXsHNLDrsV146kccsnrXKs9GZRkPU647bO7nz8IGQzXkZpgL6u5LZVOYN
lGVGFbNiajfl/J9rP849CyTwNtpCts8V4bAoIKmYphZDB0re2ZCQKFsqs9QnG8YqrYdCWDtLDsSt+dWHYXOzws0PRQKd3aMOtlRLTrs7mbMcATANGRmGQho7Mhk05m0=
lEWWgfWr/IahpbNf7H64fy/T6ek1PafVUAknuwn05ACpifiY+aB8fOjeuOgLqOHrlY3TYgGvCPW3l99X5gw=
czdW6wdNsZ3yZu9OGYakNLg/uBA+49q8EcoJG6v3imrKeduJJHYg86j9RuYf
MHzL2IugHD/W8W4kdgCmaI8XuUFLdZTGKnSNMoUd257+dFM+U7sxgwjieJ2hWZ4y0puKyVzmBQ==
aYHd1VCeiYalWHIEg4o+C7bk32i18Jdp6cnlgkEjMJxEhusCVWEeH7+ccXVMw4+1w1nmBg==
masYtvZUfdzSgpLO3TS5+R+pOzSuibkBcCPp6qFCUUe+xxmmrJtCqB4hOoWmQg1gqM2Ul2t0spHJ8ik1uwTMR0j0M/4zuxFDqGKY3UFZfnJyGyoJPOZl
oJ4DRC2UmSeuYxVzQ0R5RyqQgr5PBvfyhwt4H2+KivtkhGg5PImwchuMjpVi2y209N0/qo/ZLbRay85sRVKV27fv3rpekZdpKJ5UA9wFOuZj
