K0nBwfL/B9H6f5G0whcRHYrkcElwxtDpc0dQ1aT1bj628g89IEHrT9F/gM2zGXohrVmkKXZ14DT5CI3Wnn+EnAkaUZvzJ5aKgumzSUyGaBPQDT7mZw==
Z5y06zA1cqpSb7xmsCiHoCGQ4uspL6bHQRlkqxah5AqSyP/I9b52aejeuOgLqOHglo3TYgGvCPW3l99X5gw=
ey7y8BkvpgCsF2yYOC2fUJq9XE0W5H64ArISYKONPPGP2tx7CAE+o/iTtZIeQAO3zwlD1tW63FS6GRViZXy3+xjq3yIdVdeNiR9iw6FT8CzkVuvS9dbeb1/M8aUsM88FYwnmVg==
QLZ/euwTtLNJW+rmiOxa7M+B7MOeol3ZmkJBu6s22dGT3h19D/AWoxLRhQUYokCUy9QZnGbxKx7h0/CJR+snK+Zw
XziMJTQ2JpohK1xdmE4bzs6B7MOeol3ZmkJBu6s22dGT3h19D/AWoxLRhQUYokCUy9QZnGbxKx7h0/CJR+snK+Zw
ulDZZjc0HOkQBF8SG3laWs2B7MOeol3ZmkJBu6s22dGT3h19D/AWoxLRhQUYokCUy9QZnGbxKx7h0/CJR+snK+Zw
/BgHarh89FLezRHuSpqTr8yB7MOeol3ZmkJBu6s22dGT3h19D/AWoxLRhQUYokCUy9QZnGbxKx7h0/CJR+snK+Zw
lD26Grs3ZLrVVRqBIj66VolN5iacSvdz8qJ7e5yHG//y8z9/kmsVaFh6OO8SBL9Wh/vlK6NSxCUV+crqjkvmISjmcQ==
Jomjp8et5hwdOp8fvc3ZQ8uB7MOeol3ZmkJBu6s22dGT3h19D/AWoxLRhQUYokCUy9QZnGbxKx7h0/CJR+snK+Zw
h0QFmhqU+nid5o91Rnee0sqB7MOeol3ZmkJBu6s22dGT3h19D/AWoxLRhQUYokCUy9QZnGbxKx7h0/CJR+snK+Zw
oWotphxcRqxYgGwmHHq8JcmB7MOeol3ZmkJBu6s22dGT3h19D/AWoxLRhQUYokCUy9QZnGbxKx7h0/CJR+snK+Zw
vyKwGHCMgAmBZlTATNMYA8iB7MOeol3ZmkJBu6s22dGT3h19D/AWoxLRhQUYokCUy9QZnGbxKx7h0/CJR+snK+Zw
vPOitqH0dP3kBVs5ADNUyA+18HrWcacXznb1fTrm6S87olFVE1qV6Z9kvgeydS3RSHYIUIsQUUg2JQM6wffYnVf/Ly/mdA==
f+sQt591WvjBkNoYsr2uhpqu1aXR7BqXyVNeu7FlnNeW3Rx2YrQHtBXCjhUYokCUy9QZnGbxKx7h0/CJR+snK+Zw
9sfg41sNhWqT+AvxkOGBeJqu1aXR7BqXyVdctbFlnNeW3Rx2YrQHtBXCjhUYokCUy9QZnGbxKx7h0/CJR+snK+Zw
GS1kw3cbOlF9+z4Hc2Xr10YMO5cLXsHNLDrsV146kccsnrXKs9GZRkPU647bO7nz94KQzXkZpgL6u5LZVOYN
U6U2wxENMdFZfEYtNamHpo8XuUFLdZTGKnSNMoUd257+dFM+U7sxgw/ieJ2hWZ4y0puKyVzmBQ==
j85Or+npRiBC5Xb8bPk73Lbk32i18Jdp6cnlgkEjMJxEhusCVWYeH7+ccXVMw4+1w1nmBg==
UtBiovdPUf9WJ97KrtnUDfaBMh719DIOiy/DTeLGCj6wWhZlZcGxkLgGd0gNALr/zzyPvPo1YctSkHBOVf/+rfXYkXoTahCCS4D8LrUC5CHI1sgwi/AR6rdFRNrB1xg91x9vD+ZU
8c4AJj4tVuZn8Q5bsKzlZY8XuUFLdZTGKnSNMoUd257+dFM+U7sxgwzjeJqhWZ4y0puKyVzmBQ==
TOlnrTocPi/6e0HhPgivW7bk32i18Jdp6cnlgkEjMJxEhusCVWUfH7iccXVMw4+1w1nmBg==
JBg2kyBpEq5P7poFuTjSuC/T6ek1PafVUAknuwn05ACpifiY+aB8fOjeuOgLqOHjl43UYgGvCPW3l99X5gw=
CUkmSr56rNsp51aE+GoPhbg/uBA+49q8EcoJG6v3iWvKftuJJHYg86j9RuYf
Ru4rF9FAmVx49pmO3D5OcY8XuUFLdZTGKnSNMoUd257+dFM+U7sxgwvjeJqhWZ4y0puKyVzmBQ==
wKVs/nd4O5i9M8+ViTcvuLbk32i18Jdp6cnlgkEjMJxEhusCVWIfH7iccXVMw4+1w1nmBg==
OwbsekvLw74qm/TPKpoV2x+pOzSuibkBcCPp6qFCUUe+xxmmrJtCqB4hOoWmQg1gqM2Ul2t0spHJ8ik1uwTMR0j0M/4zuxFDq2OY2kFZfnJyGyoJPOZl
4yxhnhjL5nrLo5U6ITsh+SqQgr5PBvfyhwt4H2+KivtkhGg5PImwchuMjpVi2y209N0/qo/ZLbRay85sRVKV27fv3btelpdpKJ5UA9wFOuZj
