iYWcna16P1OSldUqCwpq5orkcElwxtDpc0dQ1aT1bj628g89IEHrT9F/gM2zGXohrVmkKXZ14DT5CI3Wnn+EnAkaUZvzJ5CMgu6ySUmGaBrTDT7mZw==
3u2MnLzfkD3A/LoCBRokzyGQ4uspL6bHQRlkqxah5AqSyP/I9b52aejeuOgLqOHrkI3UYwGqCPW+lN9X5gw=
/tc3q+NvPI68Li5oT0qt7s+B7MOeol3ZmkJBu6s22dGT3h19D/AWoxLRhQUYokCUy9QZm2HxLB/h1vCJTugnK+Zw
b7qA5BK/5PQhyv3M0IoXKGuNvk3vJs5bxGa6MCCzxx51uFFVE1qV6Z9kvhS9cTfRSHYIUIsQUU8xJQQ7wfLYnV78Ly/mdA==
N3z09rfk8aYwPLUtvkrwZc6B7MOeol3ZmkJBu6s22dGT3h19D/AWoxLRhQUYokCUy9QZlmHxLB/h1vCJTugnK+Zw
zWGznndS3qvV3M3TlhF+2GuNvk3vJs5bxGa6MCCyxx51uFFVE1qV6Z9kvhS9cTfRSHYIUIsQUUIxJQQ7wfLYnV78Ly/mdA==
0fZ1xCXwkZ7EyLzTgjYnQ82B7MOeol3ZmkJBu6s22dGT3h19D/AWoxLRhQUYokCUy9QZnmTxIx/h1vCJTugnK+Zw
kCO/v+lfOVJNqAUMRac/7muNvk3vJs5bxGa6MCCxxx51uFFVE1qV6Z9kvhS9cTfRSHYIUIsQUUo0JQs7wfLYnV78Ly/mdA==
oGgx2eNY/Lajo5wGcZsDgA+18HrWcacXznb1fTrm6S87olFVE1qV6Z9kvgeydS3RSHYIUIsQUUI3JQs7wfLYnV78Ly/mdA==
LF58JzILOHtkkqwqIXqWhzNFhOtPEFUv1Yz6SK9MiTCxIETQ1/sNSg2b0xBBn3cGEqot67NX0OS0/mt6pRT/Z0flsQi8u2bOMyHmfg==
rx6ucG8tSGdW24ByPfyTVw+v9nrKaaYXznb1fTrm6S87olFVE1qV6Z9kvgeydS3RSHYIUIsQUUw1JQo7wfLYnV78Ly/mdA==
4bOpxDLXyl5twRY1E46r8mMJpZ4iAfynXcp/cTlla5EPLDOp1ylp7/rzN296C+04kzWERUrk16YPe22bD/EcXOy5F7q2Ys0xIOZ5
jBQI4EeuRbzLbx6k14g1gbLacwjs7XpA3wefFunCBhaFQwBQf43gm7Q+Ql4qQZH7n02ni9EUUf9Vp2FOYeXk3pay1CweaUSMWtL4YLca7D7I1sgwi/AR6LVFQ9zB0hg93hxvD+ZU
//dfcQWqTk0erzHjzmU0P7Lacwjs7XlA3wefFunCBhaFQwBQf43gm7Q+Ql4qQZH7n02ni9EUUf9Vp2FOYeXk35ay1CweaUSMWtL4YLca7D7I1sgwi/AR47VFQ9zB0hg93hxvD+ZU
2Hh9v//zAGPUtAwCca7gYLLacwjs7Xsbih2IHfPTKxazVjURC+6A07g+CxpWUYrq0Q+2hssjQORApDUNaMCwh6Kx1CweaUSMWtL4YLca7D7I1sgwi/AR7bZFQ9zB0hg93hxvD+ZU
XPhNS2/JSz9w+0IvdBYn1bLacwjs7XlA3wefFunCBhaFQwBQf43gm7Q+Ql4qQZH7n02ni9EUUf9Vp2FOYeXk35ay1CweaUSIU8X/YLca7D7I1sgwi/AR77dFQdzB0hg93hxvD+ZU
csT16Qy670gRz9Wqxx4SPrLacwjs7Xsbih2IHfPTKxazVjURCO6A07g+CxtWUYrq0Q+2hssjQORApDUNaMCwh6Kx1CweaUSMWtL4YLca7D7I1sgwi/AR6rBFQdzB0hg93hxvD+ZU
d+qHtaEZnfPLqXSjRAtxILLacwjs7Xsbih2IHfPTKxazVjURC+6A07g+CxpWUYrq0Q+2hssjQORApDUNaMCwh6Kx1CweaUSIU8X/YLca7D7I1sgwi/AR47ZFRtzB0hg93hxvD+ZU
8GIqe1SjAZsS0tG5FkDkYuLzo8be2KrXTirJhc3cz0Xz0hh8TCRIt4rLzEgWJRBcZ6SGi86sid1KqOtJdPJIpjkTWDqUodqDCOLeIxA6snBUHieAaLhQRHTea1plvnyHiYKx6Pzb5m5zAeZe
h40PlPWyjieLPJPxH/GGFrPacwjs7Xsbih2IHfPTKxazVjURC+6A07g+CxhWUYrq0Q+2hssjQORApDUNcsawm7qw1CweaUSMWtL4YLca7D7I1sgwi/AR47VFRdzB0hg93hxvD+ZU
g/in9DZggAxSGf4iF/ZebAmpiQ8nApHu6zVlOY9IeIrfvagzgzXvaXMF7LpGdryYnt0sSIq28JSXbiTaWFIghMvE+eqnoYyoYSaQWQ7YBzvmYA==
gwXzay8hsGpp7MJUVqcqAgmpiQ8nApHu6zVlOY9IeIrfvagzgzXvaXMF7LpGdryYnt0sTIOh95SXbiTaWFIghMvE+e+hoYyoYSaQWQ7YBzvmYA==
5C7t8Mc7gGYHM69/OdyzXwmpiQ8nApHu6zVlOY9LeIrfvagzgzXvaXMF7LtGdryYnt0sSIq28JSXbiTaWFIghMvE+e+koYOoYSaQWQ7YBzvmYA==
wfHAwKa92u/mVD5H7cycwwmpiQ8nApHu6zVlOY9LeIrfvagzgzXvaXMF7LtGdryYnt0sTIOh95SXbiTaWFIghMvE+ealoYOoYSaQWQ7YBzvmYA==
DwpTbVdh4x4+UQzGnKmUt5jDzgkOj6MvLQWbM0C1qIk/mSKQTgx8/MGq+Rub19equtppCbcW8Lqb3VbmDw==
V3Doz7RVrgdjSw/UwXMFj0p54LLLC/Z7mR/cWOY+vudaUf/iga0vs/QdBNnjwfbwunSAjC3CLVtPf3UcBmLdqePOrGr3NSLmew==
NeLtqxJqf7SBfNQkTymhBEp54LLLC/Z7mR/cWOY+vuZbUf/iga0vs/QdBNnjwfbwunSAjC3CLVtPf3cdBmLdqePOrGr3NSLmew==
9oGXciXKbPZYpeG3TiYlhs1G6wucBqo0u/5weZ7BU/nl8z5J1nFBZVxgMPACBL9Wh/vlK6ZRxCEX+cnqjkLlISjmcQ==
7so0cgkfd1/d9a8nwobilEp54LLLC/Z7mR/cWOY+vudaUf/iga0vs/QdBNnjwfbwunSAjC3CLVtPf3UaBmXdqePOrGr3NSLmew==
o8K7hT5Sf56a/EPiWjHuKwEk1pNnKBbODkK2qd3XkfxLfVmc/uNTcv0lqzNwlfhJT3lSEN6sLDzxiukbi7cv7Gq9+YkHtkB6yz0m5n8=
PCXen2duLZFqZeMShD0YbUp54LLLC/Z7mR/cWOY+vuZbUf/iga0vs/QdBNnjwfbwunSAjC3CLVtPf3EdBmXdqePOrGr3NSLmew==
gHSAR2WU/sRksUlk0ZS5zcy0Lgs7noq+KQIRx+r1aSqk00o7K0uqHqw4nc62FXhZ5VWzM2hl4GmnCZrQlnyEnAkaUZvzJ5KIguyxSU+GaBrTDT7mZw==
Ajn6FyJhjSQzRg6K2HaVbZjDzgkOj6MvNwObL1i0qIk/gySQUhR9/MGq+Rub19qtut5pCbcW8Lqb3VbmDw==
lTK+sWMOzmlQtkp2yYbi+Up54LLLC/Z7mR/cWOY+vuZbUf/im6svr+wcBNnj2/DwpmyBjC3CLVtPf3oYBmndqePOrGr3NSLmew==
Ayf6fXtRfcwf57i3XqRdlHD301S4rCILN4b+rj1qLQe23Y168CsGe+fz/s4YUEFuyr3sKUvLP6/8/FSZM7tgcNaMMczdoh1bP19GXfbJbSlzbnwqJxUy5ms=
jkPEmRXbVRX0n8hq4cCr93D301S4rCILN4b+rj1qLQe23Z168CsGe+fz/s4YUEFuyr3sKUvLP6/8/FSZM7tgcNaMMczdoh1bP19HWPbIbSlzbnwqJxUy5ms=
yXpHIn3JuYdH8wInj5Bufy0QqiHREkUMChWLcQHjT4rtvVyNxMjCoA0iVxYB1NqgpIKIVbTPFM8GfKIsf570wdLRdbcBb0KA6mGNx96AaPAPNOPeI7sBI/2iSLTT2c0SwtIZaQzmVQ==
jcQZFZi1hQLtlWJWuYXvRhs214V2NQrYWl65796blPQAaFWO/uUQeecjqy9olPhJT2NUEMK0LTzxiukbi7cp6mqw+YkHtkB6yz0m5n8=
69g5QJ44zLlUP6tsFOQjpEu062ufJd1RyC+yNGbt6y198FFCD0OirYUwqQWoYSrASHYIUIsQUUI0JQM5wfTYnV78Ly/mdA==
AnEb8FPTstmRuu/CInlkEnH301S4rCILN4b+rj1qLQe23Z168CsGe+fz/s4YUEFuyr3sKUvLP6/8/FSZM7tgcNaMMczdoh1bP19LWvbBbClzbnwqJxUy5ms=
ppCiHtSh8alTFjyC1PfNW2aG33mUvFmaxatC0LzqOhfSKHmfx4OIDXxJXhzMyOyt9nF2uwfl/+vhWxCZxqa2k+c3NVbVIE+tvod9pj33mH/G+iDwrBKrHi2DqFO369HKFMfWGmsN5lo=
2XCHXKtyKcTlaGFcmMNnjxs214V2NQrYWl65796blPQAaFWO/uUQeecjqy9olPhJT2NUEMK0LTzxiukbi7cr7Wq5+IkHtkB6yz0m5n8=
RO9pZbMrntN5QHkH1dGMh0u062ufJd1RyC+yNGbt6y198FFCD0OirYUwqQWoYSrASHYIUIsQUUg1JQI5wfTYnV78Ly/mdA==
aZRD4EPp0kOcBxqt9rnINs1G6wucBqo0u/5weZ7BSf/l7yZI1nFBf1pgLOgDBL9Wh/vlK6dQxCcW+cnqjkLlISjmcQ==
SdzHJORWaUgvZxTGfMWeXCexhRqjqmEJJ5r4ij1qbCb/3pB09XQEYeD0sJhDF1F4y7GvIkvLP6/8/FSZM7tgcNaMMczdoh1bP19LWvbDbClzbnwqJxUy5ms=
ECP+6JKJinomOfzY9oalP5jDzgkOj6MvNwObL1i0qIk/gySQUhR9/MGq+Rub19erutxrCbcW8Lqb3VbmDw==
cn7i4KErQDoYec8EwtwjAUp54LLLC/Z7mR/cWOY+vuZbUf/im6svr+wcBNnj2/DwpmyBjC3CLVtPf3MaBmffqePOrGr3NSLmew==
b/kCGINTy7IMMCxfhfUD9HH301S4rCILN4b+rj1qLSe23Z168CsGe+fz/s4YUEFuyr3sKUvLP6/8/FSZM7tgcNaMMczdoh1bP19HW/bHbylzbnwqJxUy5ms=
N1sVm29d7MLwxKnBpD9A5jcZ9RpZyf/LobuQ+QaGtrMnV7W2lQBPjf5n/cb915hfBpqgEOwyqz5tYi4zcMjR6tSnVvorLeZ6
dBqwH597WhFBuc1pLjB1R0u062ufJd1RyC+yNGbt6y198FFCD0OirYUwqQWoYSrASHYIUIsQUU82JQQ6wfTYnV78Ly/mdA==
PXbRnJHsHeZz8NiaGFNXgZ6s2cPS/xqQxklDue1k2caPxyo5FaQBoQjFghQYokCUy9QZmWbxLB7h0PCJTugnK+Zw
E3m3lz9ysT7PQVZLtF/Xf81G6wucBqo0u/5weZ7BSf/l7yZI1nFBf1pgLOgDBL9Wh/vlK6FTxCIV+cnqjkLlISjmcQ==
p306Yp0ZMqFNsW62N1E1hG6xrkP16nHP3e8eeO5RaU8SoGQ4q6Qnxh97fbs6s6zyXTmBGuaindFQ5gk=
Wu4CRyIxXlZDe1MfsA0WyIGRGRKbjKk+jz9a0XVMUXlIHdK8uArwLEtsqTHHWfxGIYgg4a6A11PmCA==
b3jeEHoTtADhEY4OXO9u2hFX8rNbaWvUvsNx40vgDe+xs0Vir6MHNlbIQUoPS7KVpWhZTWgpmhgojpjYC5jBNdB9tPKBPKhFfsQ/J+Z8
m3GEZ4U9R0K+WnXN3NUEYhocassiqXnBqfwfGYOgLiodhM8BZvNNelVzeDP+7nBMJHbr8jWxWc8YLPHG7JNG5iMp5nY=
MNulMZhVOI559V31Uox+I0p54LLLC/Z7mR/cWOY+vuZbUf/im6svr+wcBNnj2/DwpmyBjC3CLVtPf3IZBmnfqePOrGr3NSLmew==
PDKb/sPdVy1ukrU9vFiTzHH301S4rCILN4b+rj1qLSe23Z168CsGe+fz/s4YUEFuyr3sKUvLP6/8/FSZM7tgcNaMMczdoh1bP19GXfbJbylzbnwqJxUy5ms=
pY8dtF+qR7GpRu8eGv7/Pd74HE0f/zLsVM4ae+rcaYPPh4gBZF1u4OSsjIEORSbnzyE/p7mP4CWuAhZ/X0Olyl2kzyEmE83alRN4075O8CzkVuvS9dPcb1bM8aYsM8YGYwnmVg==
8L9zRh+PQp3Ehe7XA5f0kxs214V2NQrYWl65796blPQAaFWO/uUQeecjqy9olPhJT2NUEMK0LTzxiukbi7cp6Wqw+4kHtkB6yz0m5n8=
hPvKusxfNMzvt4Be7VDEs0u062ufJd1RyC+yNGbt6y198FFCD0OirYUwqQWoYSrASHYIUIsQUUM1JQo6wfTYnV78Ly/mdA==
mcFWKjLqQ6o1iZmkFfsalc1G6wucBqo0u/5weZ7BSf/l7yZI1nFBf1pgLOgDBL9Wh/vlK6NTxCwV+cnqjkLlISjmcQ==
JlC/piv5IllvJ4luzEy73iexhRqjqmEJJ5r4ij1qbCb/3pB09XQEYeD0sJhDF1F4y7GvIkvLP6/8/FSZM7tgcNaMMczdoh1bP19FXfbIbylzbnwqJxUy5ms=
5c2ze7wYLh7Z9VrEPFwZx3HDpfIvM6eGFhghug+70kXl2Pnd6Ll6aOjeuOgLqOHjlY3TYwGsCPW+lN9X5gw=
H6iLOU8Xc0rhAhq7+bO/wRocassiqXnBqfwfGYOgLiodhM8BZvNNelVzeDP+7nBMJHbr8jWzXc8fLfHG7JNG5iMp5nY=
9EJPG1l0mWfXMBO989AYNBFb/rNbaWvUvsNx40vgDe+xs0Vir6MHNlbIQUoPS7KVpWhZTWgpmhgojpjYC5jBM9d9svOBPKhFfsQ/J+Z8
5jTy4oz/0XeNrpxPTCgvXBFX8rNbaWvUvsNx40vgDe+xs0Vir6MHNlbIQUoPS7KVpWhZTWgpmhgojpjYC5jBMdR9sfOBPKhFfsQ/J+Z8
efl0fe+wzX0jBxJ/Z3Gv4yTwNtpLtc8V4cMoIKmYphZDB0re2ZCQW1sqs9QnG8ZZrYdCWDtLfcSt+dWHYXOzws0PRQKd3aMOtlRLTrs7mbMWAzALHxmEQhoyMRk05m0=
fRA1W3ge47HHU9YdIxH8pC/T6ek1PafVUAknuwn05ACpifiY+aB8fOjeuOgLqOHml43VZAGtCPW+lN9X5gw=
zlWjiF7xWs8Z0mdLMsqbEY8XuUFLdZTGKnSNMoUd257+dFM+U7sxgwnjeJunWZwy0pKJyVzmBQ==
6AfZ+L+KSbLE732BjewNUbbk32i18Jdp6cnlgkEjMJxEhusCVWAfH7macXdMw4a2w1nmBg==
qswxMT5k0GtjdHRkgMfjGCTwNtpLtc8V4cMoIKmYphZDB0re2ZCQW1sqs9QnG8ZZrYdCWDtLfcSt+dWHYXOzws0PRQKd3aMOtlRLTrs7mbMcAzALHxmEQhoyMRk05m0=
B+KQrwaC8asmj0j9a7BN0i/T6ek1PafVUAknuwn05ACpifiY+aB8fOjeuOgLqOHrl43VZAGtCPW+lN9X5gw=
dCwQQWUwacj4uGcFfIifNGjdBeh5ENysqC7Y+Au4AZtX3XXUgV1oJf6k/0fmHA==
xZkTVQ7z3pY8nGvPtk6rl5qu1aXR7BqXyVdctbFlnNeW3Rx2YrQHtBXCjhUYokCUy9QZl2fxLRjh0fCJTugnK+Zw
rGOH9ZAIqf0a1mkkKMqiwJqu1aXR7BqXyVNeu7FlnNeW3Rx2YrQHtBXCjhUYokCUy9QZl2fxLRjh0fCJTugnK+Zw
RXTi9GICGtJ/OL2psMzAoC/T6ek1PafVUAknuwn05EKojeWY+aB8fOjeuOgLqOHrl43VZAGtCPW+lN9X5gw=
21IrvRp4BpkIr9rpES1lRs+B7MOeol3ZmkJBu6s22dGT3h19D/AWoxLRhQUYokCUy9QZnGTxLBjh0fCJTugnK+Zw
DZjJa2YP+7Fb0U45Wsk1gGuNvk3vJs5bxGa6MCCzxx51uFFVE1qV6Z9kvhS9cTfRSHYIUIsQUUg0JQQ8wfXYnV78Ly/mdA==
YplGfwsdZUHq6gdhvZ7HHs6B7MOeol3ZmkJBu6s22dGT3h19D/AWoxLRhQUYokCUy9QZnmXxLBjh0fCJTugnK+Zw
0j6OnmirjARF3jgUs8TD8GuNvk3vJs5bxGa6MCCyxx51uFFVE1qV6Z9kvhS9cTfRSHYIUIsQUUo1JQQ8wfXYnV78Ly/mdA==
YhSG6oTBKryJBF/IPS997YlN5iacSvdz8qJ7e5yHG//y8z9/kmsVaFh6OO8SBL9Wh/vlK6lRxCIT+cjqjkLlISjmcQ==
OLmynL6Yb7r/sFRGWHCjnQYluhlC5P/S5LiduwzP4L89fL3+lRdTlMkj55Lqxo1PG4ugEOwyqz5taC0zcM7R69SnVvorLeZ6
fUVN9y1TTXFpo5orUFQQS0srJ2YQJzstTePHnwdGMeDR/elHb/HfNxEoKcOlmxlygdmcYmYOrJCe1Twwqm6AXFcmlAI46rAMS0xpUEb5PGAhaWABLiAXM+Zo
5/qpz1ZVDgc69dWcHaGTe0srJ2YQJzt5XP/aqk8CFuHqvMATfoL7chAubJrxqh9usL+MMFAWrJCe1Twwqm6AXFcmlAI46rAMS0xpVUf5PGAhaWABLiAXM+Zo
3SaPTc+smtQYoPzTrXar282B7MOeol3ZmkJBu6s22dGT3h19D/AWoxLRhQUYokCUy9QZnWTxKxnh0fCJTugnK+Zw
gF0o8TEXx8AeXFfxqsFebGuNvk3vJs5bxGa6MCCxxx51uFFVE1qV6Z9kvhS9cTfRSHYIUIsQUUk0JQM9wfXYnV78Ly/mdA==
YD66oB+Z8RPpRSgaxsqyTsyB7MOeol3ZmkJBu6s22dGT3h19D/AWoxLRhQUYokCUy9QZmWTxKxnh0fCJTugnK+Zw
53NIDuRSMNHqdSUk8uIqSWuNvk3vJs5bxGa6MCCwxx51uFFVE1qV6Z9kvhS9cTfRSHYIUIsQUU00JQM9wfXYnV78Ly/mdA==
dhJfn3DdebQHWNqBuEvuQA+18HrWcacXznb1fTrm6S87olFVE1qV6Z9kvgeydS3RSHYIUIsQUUs2JQM9wfXYnV78Ly/mdA==
j2wLi2wEzU5HxG7P+EZTMyNmr/MUeTiO7YU56lrqC6Lh6g12tKIDRVWAQV0TUoXRvzxOXH05hwkojpjYC5jBM9Z9s/WBPahFfsQ/J+Z8
wK0klmo+OWYNWKxMNJ/eXc3HzxwJndAxfwOMM0GD7JNrlDeLSh59/MGq+Rub19urutlsCbYW8Lqb3VbmDw==
2XRC3awxUojda5jqZ3JjUw618HrWcacXznb1fTrm6S87olFVE1qV6Z9kvgeydS3RSHYIUIsQUUI3JQM9wfXYnV78Ly/mdA==
p2YZST/uRAcUCwhmIXarI0FzlbUydVuZWgu7qpndn70cZ1+c+f0gca8jvDNxo7xTG3RFBdKpPDzxiukbi7cn62q5/IkGtkB6yz0m5n8=
3SB8Y943BnQg3hsS1Cf8h7Lacwjs7XpA3wefFunCBhaFQwBQf43hm7Q+Ql4qQZH7n02ni9EUUf9Vp2FOYeXk3Jay1CweaUSMWtL4YLca7D7I1sgwi/AR47FFQ93B1Rg93hxvD+ZU
hy0ZQ0pTCIQpZ16jQ1rMHbLacwjs7Xsbih2IHfPTKxazVjURCu6A07g+CxtWUYrq0Q+2hssjQORApDUMaMCwh6Kx1CweaUSMWtL4YLca7D7I1sgwi/AR7LRFQt3B1Rg93hxvD+ZU
OyD70vl7Po+LzDAs6xrK48uB7MOeol3ZmkJBu6s22dGT3h19D/AWoxLRhQUYokCUy9QZlmbxKBnh0fCJTugnK+Zw
6un7/xLYoMjKaShsYczLzmuNvk3vJs5bxGa6MCC3xx51uFFVE1qV6Z9kvhS9cTfRSHYIUIsQUUI2JQA9wfXYnV78Ly/mdA==
qn5bl7lEgGVa9gNESphP/8qB7MOeol3ZmkJBu6s22dGT3h19D/AWoxLRhQUYokCUy9QZnWfxKBnh0fCJTugnK+Zw
qlVjJBPuurumrCI5+523KWuNvk3vJs5bxGa6MCC2xx51uFFVE1qV6Z9kvhS9cTfRSHYIUIsQUUk3JQA9wfXYnV78Ly/mdA==
JnJjdE64TtLYJzY4vuIAbA+v9nrKaaYXznb1fTrm6S87olFVE1qV6Z9kvgeydS3RSHYIUIsQUUo0JQc9wfXYnV78Ly/mdA==
7nkoIdmUmrvh+EPfp63qhmMJpZ4iAfynXcp/cTlla5EPLDOp1ylp7/rzN296C+04kzWERUrk16YPe22bCfAcUeq5ELq2Ys0xIOZ5
4czk7ddRe5vRMOVaARwGmLPacwjs7XtA3wefFunCBhaFQwBQf43ggbI+XkYrQZH7n02ni9EUUf9Vp2FOYeXk2pay1CweaUSMWtL4YLca7D7I1sgwi/AR4rVFR93B1Rg93hxvD+ZU
J/Zb6w6bRlIx2wagB07iGrPacwjs7Xsbih2IHfPTKxazVjURDO6A07g+CxhWUYrq0Q+2hssjQORApDUNcsawm7qw1CweaUSMWtL4YLca7D7I1sgwi/AR7rZFR93B1Rg93hxvD+ZU
+0G8G8XmrjVuAeKmgPmvc5jDzgkOj6MvNwObL1i0qIk/gySQUhR9/MGq+Rub19youtBsCbYW8Lqb3VbmDw==
i9e53BYj1znTfpiuWXDYCkp54LLLC/Z7mR/cWOY+vuZbUf/im6svr+wcBNnj2/DwpmyBjC3CLVtPf3ocBmHdqeHOrGr3NSLmew==
auniOph69ebQUqrHgN4gAnD301S4rCILN4b+rj1qLSe23Z168CsGe+fz/s4YUEFuyr3sKUvLP6/8/FSZM7tgcNaMMczdoh1bP19GWfbAbSlxbnwqJxUy5ms=
kAd1KGQWAcBGFFtYR51TImC1dtpLrYNBt8xra/rX5EwsQg/GyZSSEFwi4MUsT4xfrpwaXDdePJGK8Z2HeW+6sIJBVReWwKAAt1RLTrs7mbMcADAPGxmHQhoyMRk05m0=
mpXi3D7dt2HZkyH65zh2nBs214V2NQrYWl65796blPQAaFWO/uUQeecjqy9olPhJT2NUEMK0LTzxiukbi7cn6Wq7+YkFtkB6yz0m5n8=
D85gMxMu5+uv7R1hcou1qEu062ufJd1RyC+yNGbt6y198FFCD0OirYUwqQWoYSrASHYIUIsQUUk2JQE4wfbYnV78Ly/mdA==
xRm18fBF86/PZEbEL5khQM1G6wucBqo0u/5weZ7BSf/l7yZI1nFBf1pgLOgDBL9Wh/vlK6BTxCcX+cvqjkLlISjmcQ==
9shT7oswCzkAjirkXdBPzSexhRqjqmEJJ5r4ij1qbCb/3pB09XQEYeD0sJhDF1F4y7GvIkvLP6/8/FSZM7tgcNaMMczdoh1bP19DWPbCbSlxbnwqJxUy5ms=
2rMMO8CLVPk+wtiwNVfZLkp54LLLC/Z7mR/cWOY+vuZbUf/im6svr+wcBNnj2/DwpmyBjC3CLVtPf3sZBmLdqeHOrGr3NSLmew==
aIeFrhgJ5LeV6oqCuLbIxnH301S4rCILN4b+rj1qLSe23Z168CsGe+fz/s4YUEFuyr3sKUvLP6/8/FSZM7tgcNaMMczdoh1bP19GW/bCbSlxbnwqJxUy5ms=
4G7sS8TFt3aHSIov1Ez2HGb73k3IpvBGOigKOtYJWklbMJK5sbp3ZCxs4tpeuZKvMiMQZKQgia6C7TQJI/vHr4TMvLlra6gwnnyJrHUyhdunzyr9DnIl6bk+JMoPZQrmUw==
F9Ts2UwPLe319OJ0WgUZQxs214V2NQrYWl65796blPQAaFWO/uUQeecjqy9olPhJT2NUEMK0LTzxiukbi7cp7Wq6+YkFtkB6yz0m5n8=
TLHv9IGAZeQfv3xDOzRAUEu062ufJd1RyC+yNGbt6y198FFCD0OirYUwqQWoYSrASHYIUIsQUUg1JQc4wfbYnV78Ly/mdA==
5hwX9aGtp1MmmZvaGBw12TG8iA2X6+gDfXxJdZBKVB4DeMzk8uRjbzdm6M4M6YL/fmlWLqAgia6C7TQJI/vHr4TMvLlra6gwnnyJrHUyhdunzyn7DnUl6bk+JMoPZQrmUw==
nSryyZPXNWOMVveNPChta81G6wucBqo0u/5weZ7BSf/l7yZI1nFBf1pgLOgDBL9Wh/vlK6BUxCEX+cvqjkLlISjmcQ==
n1+PqlOATmQvEQepYUDA3SexhRqjqmEJJ5r4ij1qbCb/3pB09XQEYeD0sJhDF1F4y7GvIkvLP6/8/FSZM7tgcNaMMczdoh1bP19CWPbEbSlxbnwqJxUy5ms=
IonCXDl3+CdA41+FokOzdUp54LLLC/Z7mR/cWOY+vuZbUf/im6svr+wcBNnj2/DwpmyBjC3CLVtPf3QYBmbdqeHOrGr3NSLmew==
jntTCvf5he91Sh0MhTjCVnH301S4rCILN4b+rj1qLSe23Z168CsGe+fz/s4YUEFuyr3sKUvLP6/8/FSZM7tgcNaMMczdoh1bP19CWvbGbSlxbnwqJxUy5ms=
bQ2hbr/9Cx/rh272E3woXmb73k3IpvBGOigKOtQLWklbMJK5sbp3ZCxs4tpeuZKvMiMQZKQgia6C7TQJI/vHr4TMvLlra6gwnnyJrHUyhdunzyL7DnYl6bk+JMoPZQrmUw==
0oinfHDf28jm6CpSlAkWPBs214V2NQrYWl65796blPQAaFWO/uUQeecjqy9olPhJT2NUEMK0LTzxiukbi7cs7Gq++YkFtkB6yz0m5n8=
662KQhYOuXPfph9Ov4WgbUu062ufJd1RyC+yNGbt6y198FFCD0OirYUwqQWoYSrASHYIUIsQUU8wJQQ4wfbYnV78Ly/mdA==
yaZ1U/Ly00gypdfFifyILs1G6wucBqo0u/5weZ7BSf/l7yZI1nFBf1pgLOgDBL9Wh/vlK6ZUxCIX+cvqjkLlISjmcQ==
mrdwK0Bv6GnPFpLj5+7X2yexhRqjqmEJJ5r4ij1qbCb/3pB09XQEYeD0sJhDF1F4y7GvIkvLP6/8/FSZM7tgcNaMMczdoh1bP19DWPbJbSlxbnwqJxUy5ms=
+smVr+2kG+WPqMl3F90Z/8mB7MOeol3ZmkJBu6s22dGT3h19D/AWoxLRhQUYokCUy9QZmmDxIhzh0vCJTugnK+Zw
hBTkfDwh8Vs7Ia1WEEtdqmuNvk3vJs5bxGa6MCC1xx51uFFVE1qV6Z9kvhS9cTfRSHYIUIsQUU4wJQo4wfbYnV78Ly/mdA==
r4Kbr4ryoD85RFUTrLjhiciB7MOeol3ZmkJBu6s22dGT3h19D/AWoxLRhQUYokCUy9QZn2HxIhzh0vCJTugnK+Zw
RKf7tBc+ffCthDC+gC3SlWuNvk3vJs5bxGa6MCC0xx51uFFVE1qV6Z9kvhS9cTfRSHYIUIsQUUsxJQo4wfbYnV78Ly/mdA==
uTOesYNSSitg14lGwIiSjMeB7MOeol3ZmkJBu6s22dGT3h19D/AWoxLRhQUYokCUy9QZlmHxIhzh0vCJTugnK+Zw
B1DPMxRx9IHEkQ4zt/wEZ2uNvk3vJs5bxGa6MCC7xx51uFFVE1qV6Z9kvhS9cTfRSHYIUIsQUUIxJQo4wfbYnV78Ly/mdA==
yXiv1biPd4cOrUuCsgjyM8aB7MOeol3ZmkJBu6s22dGT3h19D/AWoxLRhQUYokCUy9QZm2TxKx3h0vCJTugnK+Zw
g0d5pwFp1m3bdUjBjTldjGuNvk3vJs5bxGa6MCC6xx51uFFVE1qV6Z9kvhS9cTfRSHYIUIsQUU80JQM5wfbYnV78Ly/mdA==
ojQPUzddjtcJeUmqdcyFZA218HrWcacXznb1fTrm6S87olFVE1qV6Z9kvgeydS3RSHYIUIsQUUs1JQI5wfbYnV78Ly/mdA==
A75vKFFUeAqu0DvFEI4z3UFzlbUydVuZWgu7qpndn70fZ1+c+f0gca8jvDNxo7xTG3RFBdKpPDzxiukbi7cu6Wq4+IkFtkB6yz0m5n8=
sGTR3AFVRVOv0XJHB/1uJQy18HrWcacXznb1fTrm6S87olFVE1qV6Z9kvgeydS3RSHYIUIsQUUk1JQI5wfbYnV78Ly/mdA==
OZ8x9XNHjSQABTsLWA3GjkFzlbUydVuZWgu7qpndn70eZ1+c+f0gca8jvDNxo7xTG3RFBdKpPDzxiukbi7cs6Wq4+IkFtkB6yz0m5n8=
A4Agw2aSgaiHbPD07O8j5w6v9nrKaaYXznb1fTrm6S87olFVE1qV6Z9kvgeydS3RSHYIUIsQUU82JQI5wfbYnV78Ly/mdA==
fUi6ZtH53sFQ0w4+v5lda2MJpZ4iAfynXcp/cTllapEPLDOp1ylp7/rzN296C+04kzWERUrk16YPe22bDPIcVO65E7q2Ys0xIOZ5
Pq1CyH+oo3F2t6oz8ygkOrLacwjs7XpA3wefFunCBhaFQwBQf43im7Q+Ql4qQZH7n02ni9EUUf9Vp2FOYeXk2Jay1CweaUSMWtL4YLca7D7I1sgwi/AR7rBFQtnB1hg93hxvD+ZU
E+UUGoY2GPFbaxp/jo5A1rLacwjs7XlA3wefFunCBhaFQwBQf43im7Q+Ql4qQZH7n02ni9EUUf9Vp2FOYeXk2Zay1CweaUSMWtL4YLca7D7I1sgwi/AR6LFFQtnB1hg93hxvD+ZU
q/7TQnPSNhSdgfxTvFGg27Lacwjs7XpA3wefFunCBhaFQwBQf43jm7Q+Ql4qQZH7n02ni9EUUf9Vp2FOYeXk1pay1CweaUSMWtL4YLca7D7I1sgwi/AR47FFQtnB1hg93hxvD+ZU
o9Lj0lom6kSc9cq1UZYlnbLacwjs7XlA3wefFunCBhaFQwBQf43jm7Q+Ql4qQZH7n02ni9EUUf9Vp2FOYeXk15ay1CweaUSMWtL4YLca7D7I1sgwi/AR7bRFQdnB1hg93hxvD+ZU
v8V1z/eNjr8AoSZovx9/guLzo8be2KrXTirJhc3cz0Xz0hh8TCRJt4rLzEgWJRBcZ6SGi86sid1KqOtJdPJIpjkRWDqUodqDCOLeIxA6snBUHieAaLhQRHTea1pluH2HjYex7Pzb5m5zAeZe
deKsdRaWNvznurO5lmB4SOLzo8be2KvXTirJhc3cz0Xz0hh8TCRJt4rLzEgWJRBcZ6SGi86sid1KqOtJdPJIpjkQWDqUodqDCOLeIxA6snBUHieAaLhQRHTea1plv36HjYex7Pzb5m5zAeZe
dQWNV69k1SASkRrgKxuvkuLzo8be2KvXTirJhc3cz0Xz0hh8TCRJt4rLzEgWJRBcZ6SGi86sid1KqOtJdPJIpjkQWDqUodqDCOLeIxA+u2dTHieAaLhQRHTea1pltH6HjYex7Pzb5m5zAeZe
xLJDfPlRUFNNd8+qhKhwi+Lzo8be2KrXTirJhc3cz0Xz0hh8TCRJt4rLzEgWJRBcZ6SGi86sid1KqOtJdPJIpjkRWDqUodqDCOLeIxA+u2dTHieAaLhQRHTea1plvX+HjYex7Pzb5m5zAeZe
tRoOaL4QIqm56g5IU2bY8ePzo8be2KrXTirJhc3cz0Xz0hh8TCRJt4rLzEgWJRBcZ6SGi86sid1KqOtJdPJIpjkRWDqUodqDCOLeIxA6snBUHieAaLhQRHTea1pltX+HjYex7Pzb5m5zAeZe
ku+crellonCG9aa87iynEuPzo8be2KvXTirJhc3cz0Xz0hh8TCRJt4rLzEgWJRBcZ6SGi86sid1KqOtJdPJIpjkQWDqUodqDCOLeIxA6snBUHieAaLhQRHTea1pluniHjYex7Pzb5m5zAeZe
S0n7jkbT8DsnNLo4UDU+ZByf0mdl2NNI6/zTYZeLrQC/DbhXFpeQNNQOa4rFxLm36lcxvBzrpp7TUeYO
UZqQodGKR8Zs18zGTJKnsJjDzgkOj6MvLQWbM0C1qIk9mSKQTgx8/MGq+Rub19yqut5oCbUW8Lqb3VbmDw==
x/LJjh02RJolyJAVQ7d7dEp54LLLC/Z7mR/cWOY+vuZbUf/iga0vs/QdBNnhwfbwunSAjC3CLVtPf3AbBmbcqeHOrGr3NSLmew==
uAlY3RWBmA03MTvYzX0XKnP301S4rCILN4b+rj1qLSe23Z168CsGe+fz/s4YUEFuyr3sKVHNP7Pk/VSZMaFmcMqUMMzdoh1bP19HXPbGbClxbnwqJxUy5ms=
9yqu7/JbEAbN29RhewBEnxs214V2NQrYWl65796blPQAaFWO/uUQef0lqzNwlfhJTXlSEN6sLDzxiukbi7cm7Gq++IkFtkB6yz0m5n8=
xdfVdWzExaKahEgwI+kBo0u062ufJd1RyC+yNGbt6y196ldCE1ujrYUyswOofTLBSHYIUIsQUUsxJQQ5wfbYnV78Ly/mdA==
UIoeuPKMur3vnzn2X/w8AuPzo8be2KvXTirJhc3cz0Xz0hh8TCRJt4rLzEgWJRBcZ6SGi86sid1KqOtJdPJIpjkQWDqUodqDCOLeIxA+u2dTHieAaLhQRHTea1plvH6Hh4ex7Pzb5m5zAeZe
RS0LXO+nglAm1Me+HkUM0ePzo8be2KrXTirJhc3cz0Xz0hh8TCRJt4rLzEgWJRBcZ6SGi86sid1KqOtJdPJIpjkRWDqUodqDCOLeIxA+u2dTHieAaLhQRHTea1plvn6Hh4ex7Pzb5m5zAeZe
V+0oPz2ue1RirWMtRU7IsOLzo8be2KrXTirJhc3cz0Xz0hh8TCRJt4rLzEgWJRBcZ6SGi86sid1KqOtJdPJIpjkRWDqUodqDCOLeIxA6snBUHieAaLhQRHTea1plu3+Hh4ex7Pzb5m5zAeZe
pMhy3eF2M/+2MZvwgR5jFOLzo8be2KvXTirJhc3cz0Xz0hh8TCRJt4rLzEgWJRBcZ6SGi86sid1KqOtJdPJIpjkQWDqUodqDCOLeIxA6snBUHieAaLhQRHTea1pluHiHh4ex7Pzb5m5zAeZe
DveN6JaJImK6CtcFVZExfTafnKIMG/H1zg0kDmmAjeFuiWZucID5LhKNhMlp3Tez7O1s+dmRPrByxNhsRVKV27fv27hemJRpKZ5UCt8FOuZj
mzLqCBLSeGCPU1d899b13nP301S4rCILN4b+rj1qLSe23Z168CsGe+fz/s4YUEFuyr3sKVHNP7Pk/VSZMaFmcMqUMMzdoh1bP19HWfbIbClxbnwqJxUy5ms=
ln6CW+EG3ZT63EWdf9RyIhs214V2NQrYWl65796blPQAaFWO/uUQef0lqzNwlfhJTXlSEN6sLDzxiukbi7cv6mqw+IkFtkB6yz0m5n8=
C2zcXEzegbBsSQ6tUMt+iku062ufJd1RyC+yNGbt6y196ldCE1ujrYUyswOofTLBSHYIUIsQUUg2JQo5wfbYnV78Ly/mdA==
OaEEqZ361q4Rjgwpxu8YA81G6wucBqo0u/5weZ7BU/nl8z5J1nFDZVxgMPACBL9Wh/vlK6NSxCwW+cvqjkLlISjmcQ==
8hm2QvvHXOI3Zwm00jtHGW6xrkP16mvJ3fMGee5Ra1UUoHggqqQnxh97fbs/sqz8XjmDGuaindFQ5gk=
MMq6ApJG229AxaztA+16fZjDzgkOj6MvLQWbM0C1qIk8mSKQTgx8/MGq+Rub19mrutBoCbUW8Lqb3VbmDw==
8uZ0jt4cubDU2aArcDcJh0p54LLLC/Z7mR/cWOY+vuZbUf/iga0vs/QdBNngwfbwunSAjC3CLVtPf3YcBmjcqeHOrGr3NSLmew==
CpsYcdWKbhiHcfrzp+b0QXP301S4rCILN4b+rj1qLSe23Z168CsGe+fz/s4YUEFuyr3sKVHNP7Pk/VSZMKFmcMqUMMzdoh1bP19AWPbBbylxbnwqJxUy5ms=
Dt2oZbRPpfNd1wuRRUR2NBs214V2NQrYWl65796blPQAaFWO/uUQef0lqzNwlfhJTHlSEN6sLDzxiukbi7cm6Gq5+4kFtkB6yz0m5n8=
kLMsN++o2IvXSwwOQIfgb0u062ufJd1RyC+yNGbt6y196ldCE1ujrYUzswOofTLBSHYIUIsQUUs1JQM6wfbYnV78Ly/mdA==
u3m+jstpCh28PEgj9C/g8M1G6wucBqo0u/5weZ7BU/nl8z5J1nFCZVxgMPACBL9Wh/vlK6NRxCUV+cvqjkLlISjmcQ==
iAzo+zjP/kACVxUE4tH0xW6xrkP16mvJ3fMGee5RalUUoHggqqQnxh97fbs/saz1XTmDGuaindFQ5gk=
n+D8gqK4nVcozlq+5sKGC5jDzgkOj6MvNwObL1i0qIk+gySQUhR9/MGq+Rub19iqutlrCbUW8Lqb3VbmDw==
mPlK0xWvCSn6NSzxEfXaDUp54LLLC/Z7mR/cWOY+vuZbUf/im6svr+wcBNni2/DwpmyBjC3CLVtPf3sbBmHfqeHOrGr3NSLmew==
woXawrA9vuZYV3/ETM/0TnD301S4rCILN4b+rj1qLSe23Z168CsGe+fz/s4YUEFuyr3sKUvLP6/8/FSZMrtgcNaMMczdoh1bP19FXfbBbylxbnwqJxUy5ms=
ginWywCGWHWMpM21kLbOE2C1dtpLrYNBt8xra/rX5EwsQQ/GyZSSEFwi4MUsT4xfrpwaXDdePJGK8Z2HeW+6sIJBVBeWwKAAt1RLTrs7mbMTAzAMGRmHQhoyMRk05m0=
/Tqv8SCs4YrjHmWeCtIs1Bs214V2NQrYWl65796blPQAaFWO/uUQeecjqy9olPhJTmNUEMK0LTzxiukbi7cu7Gq4+4kFtkB6yz0m5n8=
ILLu6kzRkYYANoMJ6XLMrUu062ufJd1RyC+yNGbt6y198FFCD0OirYUxqQWoYSrASHYIUIsQUU0wJQI6wfbYnV78Ly/mdA==
TMQs5MR6WC5F+SGuznTS9M1G6wucBqo0u/5weZ7BSf/l7yZI1nFAf1pgLOgDBL9Wh/vlK6FVxCQV+cvqjkLlISjmcQ==
S/fuuaHmd+3FHtAfhFcUeSexhRqjqmEJJ5r4ij1qbCb/3pB09XQEYeD0sJhDF1F4y7GvIkvLP6/8/FSZMrtgcNaMMczdoh1bP19BWPbDbylxbnwqJxUy5ms=
CnF5vCB9imTzlcOs5Qye20p54LLLC/Z7mR/cWOY+vuZbUf/im6svr+wcBNni2/DwpmyBjC3CLVtPf3UbBmPfqeHOrGr3NSLmew==
bqSioj8+V/SQZ0N51rEaOXH301S4rCILN4b+rj1qLSe23Z168CsGe+fz/s4YUEFuyr3sKUvLP6/8/FSZMrtgcNaMMczdoh1bP19EXPbDbylxbnwqJxUy5ms=
5buXt4wkX+cL3JTn64Rdz2C1dtpLrYNBt8xra/rX5EwsQA/GyZSSEFwi4MU0T4xfrpwaXDdePJGK8Z2HeW+6sIJBVBeWwKAAt1RLTrs7mbMdADAOGRmHQhoyMRk05m0=
N3QttDXaTy+D08q0vhNlw2C1dtpLrYNBt8xra/rX5EwsQA/GyZSSEFwi4MUsT4xfrpwaXDdePJGK8Z2HeW+6sIJBVBeWwKAAt1RLTrs7mbMUAjAOGRmHQhoyMRk05m0=
rdjdxRnSKBTIUjGw0wYlehs214V2NQrYWl65796blPQAaFWO/uUQeecjqy9olPhJTmNUEMK0LTzxiukbi7cp6mq6+4kFtkB6yz0m5n8=
+Pen/5pa4bvnKz/VsACpU0u062ufJd1RyC+yNGbt6y198FFCD0OirYUxqQWoYSrASHYIUIsQUUM2JQA6wfbYnV78Ly/mdA==
GEMkXvb1T5RAIaj5gqnx9s1G6wucBqo0u/5weZ7BSf/l7yZI1nFAf1pgLOgDBL9Wh/vlK6JTxCYV+cvqjkLlISjmcQ==
W/7I4hUTydRfElvLb1nSZSexhRqjqmEJJ5r4ij1qbCb/3pB09XQEYeD0sJhDF1F4y7GvIkvLP6/8/FSZMrtgcNaMMczdoh1bP19LXPbCbylxbnwqJxUy5ms=
PfUQ1zG3D3zZ3pNKd5kW6Yke0D6cSvdz8qJ7e5yHG//y8z9/kmsVaFh6OO8SBL9Wh/vlK6lSxCQU+cvqjkLlISjmcQ==
ZNwK03bASlPxrC8sOAQqDXQzJaatz+3KZfFAZhbIyy1BWZ13dnO79w77eZAvlVgtvrQDHkO7IWNVIih8MNnv0qJS+Sks5nU=
o6aKXNV5fV4KF2NL8jwds4ge0D6cSvdz8qJ7e5yHG//y8z9/kmsVaFh6OO8SBL9Wh/vlK6BTxCQU+cvqjkLlISjmcQ==
AYmSUx+AkN1vDZL7ZokPVHQzJaatz+3KZfFAZhbJyy1BWZ13dnO79w77eZAvlVgtvrQDHkO7IWNcIyh8MNnv0qJS+Sks5nU=
iX65k63EO3eGlvCojiNTGohN5iacSvdz8qJ7e5yHG//y8z9/kmsVaFh6OO8SBL9Wh/vlK6ZUxCcU+cvqjkLlISjmcQ==
tOHJxS3vgfwKTdMWlcVMyAYluhlC5P/S5LiduwzP4b89fL3+lRdTlMkj55Lqxo1PG4ugEOwyqz5tZygzdcnR6NSnVvorLeZ6
t8owFNNEkcCESh7CLAowja+T41S50GZtuou/OjBSUdiW8Ws4ZEN4mG/dDlbwQP8wm57WVkQKM0qz/jQeT46Lnne/H/4VJIeG/3tde1w1zDd8OWNaBiI9ETDmaQ==
HvqX6Wp6yxAzzNJwwONt8q+T41S50GY5q5eiD3gXdtmtsEJsdUJPrSHAHx61Jf8xlYjWVxc8K0qz/jQeT46Lnne/H/4VJIeG/3tde1A1zDd8OWNaBiI9ETDmaQ==
ZhjZ4btTJY+VUTT8piT0ra+T41S50GZtuou/OjBSUdiW8Ws4ZEN4mG/dDlbwQP8wm57WVkQKM0qz/jQeS4ecmXe/H/4VJIeG/3tde1gyzDF8OWNaBiI9ETDmaQ==
2DV+gVpXnYjGc5hxsOC25q+T41S50GY5q5eiD3gXdtmtsEJsdUJPrSHAHx61Jf8xlYjWVxc8K0qz/jQeS4ecmXe/H/4VJIeG/3tde1gyzDF8OWNaBiI9ETDmaQ==
ZAuCfZRlUNSljNdeh/Y3T9GdCXqFxKkpkyZtlW8YRmpTBdi8uArwLEtsqTfGWf9HIYog4a6A11PmCA==
p0yuwnWPHAqsKLvukzl0wg2v9nrKaaYXznb1fTrm6S87olFVE1qV6Z9kvgeydS3RSHYIUIsQUUo3JQc7wfbYnV78Ly/mdA==
ZgydsedHH0fLm9+1ykdBrGMJpZ4iAfynXcp/cTllaZEPLDOp1ylp7/rzN296C+04kzWERUrk16YPe22bCfMcUey5E7q2Ys0xIOZ5
e7OKOc/9eaSA4srUX5zcMSwOrizDEEAWCE/bKkGmFtCY+AHUtNne4FFnAgogkcew4NPcQLOdUo4UUPs4d766noC6V/JPfkimqz7P1pufc/YRNOPeI7sBI/WjSLnQ2c8SwtIZaQzmVQ==
KncbWmnFsdiR9j9RtGyTiSwOrizDEEBNXVXMIVu3O9Cu7TSVw8ivwhR8A0VDnpiwpY3aQLWbcpITdMlrJIr/2sSWVfJPfkimqz7P1pufc/YRNOPeI7sBI/+kSLnQ2c8SwtIZaQzmVQ==
dPrNLxGoizfKQun94ZBL0JjDzgkOj6MvNwObL1i0qIk9gySQUhR9/MGq+Rub19erutxqCbUW8Lqb3VbmDw==
mxpOsO7CuXoR3hnHMzJnr0p54LLLC/Z7mR/cWOY+vuZbUf/im6svr+wcBNnh2/DwpmyBjC3CLVtPf3YdBmTeqeHOrGr3NSLmew==
rhPlqbDwo5iZDhgCXPgRdHD301S4rCILN4b+rj1qLSe23Z168CsGe+fz/s4YUEFuyr3sKUvLP6/8/FSZMbtgcNaMMczdoh1bP19EWPbHbilxbnwqJxUy5ms=
Nli1gpduPfVAGho2kp/9Od74HE0a5DX3U9sZdevCaJzRgYgBZlpu4OSsjIEORSbnzyE/p7mP4CWuAhZ/X0Olyl2kzyEmE83YlRN4075O8CzkVuvS9dDeb1nN8aQsM8YGYwnmVg==
VH7txYPYmgFYvfPVEAZy+hs214V2NQrYWl65796blPQAaFWO/uUQeecjqy9olPhJTWNUEMK0LTzxiukbi7cm6mq/+okFtkB6yz0m5n8=
H+38fm2eG8+J0OR+NBsMl0u062ufJd1RyC+yNGbt6y198FFCD0OirYUyqQWoYSrASHYIUIsQUUk3JQU7wfbYnV78Ly/mdA==
QftyH+paG8burDtuDQHCis1G6wucBqo0u/5weZ7BSf/l7yZI1nFDf1pgLOgDBL9Wh/vlK6VTxCMU+cvqjkLlISjmcQ==
KBNgyeJkND+ZygGN9pVXdSexhRqjqmEJJ5r4ij1qbCb/3pB09XQEYeD0sJhDF1F4y7GvIkvLP6/8/FSZMbtgcNaMMczdoh1bP19LXPbHbilxbnwqJxUy5ms=
jcpuAPzaqOOquyDYGvniSUp54LLLC/Z7mR/cWOY+vuZbUf/im6svr+wcBNnh2/DwpmyBjC3CLVtPf3EZBmbeqeHOrGr3NSLmew==
TGf37MBsrZ8j5W3lioQUMHH301S4rCILN4b+rj1qLSe23Z168CsGe+fz/s4YUEFuyr3sKUvLP6/8/FSZMbtgcNaMMczdoh1bP19HWvbGbilxbnwqJxUy5ms=
gHnHhd8bxJHLEhv0BrTN8xfSBF8x/qAyYtaovICyXpPGy8aoHzI7LuX0vviIcrQd8A/Qh3rMTvTb/lA5fkHpP4Xvxgh28SO/emDMqGOEHxZn+8Xrx9NkYjT5qyouwgVhCOZR
OS3ePFfnJ9vq8OQ/y1XpLxs214V2NQrYWl65796blPQAaFWO/uUQeecjqy9olPhJTWNUEMK0LTzxiukbi7cu7Gq++okFtkB6yz0m5n8=
1P9FRu23ZLmpotOHGRekkku062ufJd1RyC+yNGbt6y198FFCD0OirYUyqQWoYSrASHYIUIsQUUkwJQQ7wfbYnV78Ly/mdA==
r4EEqdIWlhj0B4YVDo0/UM1G6wucBqo0u/5weZ7BSf/l7yZI1nFDf1pgLOgDBL9Wh/vlK6VUxCIU+cvqjkLlISjmcQ==
gp3cYjWJLYdde0GhRWS/cyexhRqjqmEJJ5r4ij1qbCb/3pB09XQEYeD0sJhDF1F4y7GvIkvLP6/8/FSZMbtgcNaMMczdoh1bP19AWPbJbilxbnwqJxUy5ms=
FGS4fQ/d8jRahTmlTzupEIse0D6cSvdz8qJ7e5yHG//y8z9/kmsVaFh6OO8SBL9Wh/vlK6hQxCwU+cvqjkLlISjmcQ==
48Kr5RZtY1NxAoV80QqvdnQzJaatz+3KZfFAZhbKyy1BWZ13dnO79w77eZAvlVgtvrQDHkO7IWNUICh0MNnv0qJS+Sks5nU=
98CChzmOTQAIjConuYUveYoe0D6cSvdz8qJ7e5yHG//y8z9/kmsVaFh6OO8SBL9Wh/vlK6BRxCwU+cvqjkLlISjmcQ==
YixciwQNcnjaaTyaBqo/ZHQzJaatz+3KZfFAZhbLyy1BWZ13dnO79w77eZAvlVgtvrQDHkO7IWNcISh0MNnv0qJS+Sks5nU=
6yKkC0MeGlKHO26hoViyFAyv9nrKaaYXznb1fTrm6S87olFVE1qV6Z9kvgeydS3RSHYIUIsQUU81JQo7wfbYnV78Ly/mdA==
BZlzcT2CaP3QNpc80i3SymMJpZ4iAfynXcp/cTllaJEPLDOp1ylp7/rzN296C+04kzWERUrk16YPe22bDPEcXOy5E7q2Ys0xIOZ5
nyvFx2RN9/SQI74s6obAlSwOrizDEEAWCE/bKkGmFtCY+AHUtNnf4FFnAgogkcew4NPcQLOdUo4UUPs4d766nIC6V/JPfkimqz7P1pufc/YRNOPeI7sBI/miSLTQ2c8SwtIZaQzmVQ==
74QM6wZZJGLBSCeYyOG14CwOrizDEEBNXVXMIVu3O9Cu7TSVwcivwhR8A0VDnpiwpY3aQLWbcpITdMlrJYr/2sSWVfJPfkimqz7P1pufc/YRNOPeI7sBI/SiSLTQ2c8SwtIZaQzmVQ==
KRmOC/v3DchwP/CvFdq/sZjDzgkOj6MvNwObL1i0qIk8gySQUhR9/MGq+Rub19ysutltCbUW8Lqb3VbmDw==
MdStFcM1piycQ+3CBnRBdkp54LLLC/Z7mR/cWOY+vuZbUf/im6svr+wcBNng2/DwpmyBjC3CLVtPf3EdBmHZqeHOrGr3NSLmew==
AjJ3ZTIX5fJjbzHkfc21cUs0Jn5Ebm5jS/TAu2ICIPT//eNQLqfZNws0JYvy9wpohvHTMQ0s6d6P3xpx9S+RGUg9khw46rAMS0xpVkf5OmAhamABLiAXM+Zo
iLPbxtQpf1kf+Zub42IcJzn73k3NvfddPT0JNNUXREtELpOlo/41IS1748karZqvYWNWLqAgia6C7TQJI/vHr4TMvLloa6gwnnyJrHUyhdunzyL8DnAh6bk+JMoPZQrmUw==
b8RHjd1p5JW2jz7mUivcEXD301S4rCILN4b+rj1qLSe23Z168CsGe+fz/s4YUEFuyr3sKUvLP6/8/FSZMLtgcNaMMczdoh1bP19CWfbDaSlxbnwqJxUy5ms=
7+WzeizCVVvhDjUSJj3awN74HE0a5DX3U9sZdevCaJ/Rh4gBZlpu4OSsjIEORSbnzyE/p7mP4CWuAhZ/X0Olyl2kzyEmE83ZlRN4075O8CzkVuvS9dfeb13K8aQsM8YGYwnmVg==
d+VMuTm1c/Sgl/OWXi8PyRs214V2NQrYWl65796blPQAaFWO/uUQeecjqy9olPhJTGNUEMK0LTzxiukbi7co6mq7/YkFtkB6yz0m5n8=
+UPooyabAMMMeLYDZA70yEu062ufJd1RyC+yNGbt6y198FFCD0OirYUzqQWoYSrASHYIUIsQUUo3JQE8wfbYnV78Ly/mdA==
NB7gPJ1/8MESON3FqmHFf81G6wucBqo0u/5weZ7BSf/l7yZI1nFCf1pgLOgDBL9Wh/vlK6BTxCcT+cvqjkLlISjmcQ==
jBwlxFPhtdkULq3xSG32tCexhRqjqmEJJ5r4ij1qbCb/3pB09XQEYeD0sJhDF114y7GvIkvLP6/8/FSZMLtgcNaMMczdoh1bP19HXPbDaSlxbnwqJxUy5ms=
+Cc7BXrXZfe6P4yfl9+jDeXB7u/44JRjWT3d7at4KQibw7nEdJG4kcZjzHbhBiAii8T+ZrUQT53et70VXUcYz6ZK4MDMIqsuTblp49VeUXh0dxYqCz3mag==
K4+xKvdN6y42x2Yw69+C2uXB7u/44JRjWT3d7at4KQibw7nEdJG4kcZjzHbhBiAii8T+ZrUQT53et70VXUcYz6ZK4MDMIqsuTbFo49ReUXh0dxYqCz3mag==
EwVd/oI8h2754KhWcZXc6OXB7u/44JRjWT3d7at4KQibw7nEdJG4kcZjzHbhBiAii8T+ZrUQT53et70VXUcYz6ZK4MDMIqsuTbdv49NeUXh0dxYqCz3mag==
QLo3nqulc1agKd5TpsqRlyexhRqjqmEJJ5r4ij1qbCb/3pB09XQEYeD0sJhDF1F4y7GvIkvLP6/8/FSZMLtgcNaMMczdoh1bP19LWfbEaSlxbnwqJxUy5ms=
WtwgWn0AjGJFrbm4YbF6u0p54LLLC/Z7mR/cWOY+vuZbUf/im6svr+wcBNng2/DwpmyBjC3CLVtPf3EcBmTZqeHOrGr3NSLmew==
cX2WA8mtJ47dzwBZcLH81nH301S4rCILN4b+rj1qLSe23Z168CsGe+fz/s4YUEFuyr3sKUvLP6/8/FSZMLtgcNaMMczdoh1bP19BXfbEaSlxbnwqJxUy5ms=
21L6efoWx5izXF8Lln2LHd74HE0a5DX3U9sZdevCaJ/Rh4gBYVpu4OSsjIEORSbnzyE/p7mP4CWuAhZ/X0Olyl2kzyEmE83ZlRN4075O8CzkVuvS9dLfb1nK8aQsM8YGYwnmVg==
7GCSXOq9F3KfrO4ZlcQVwBs214V2NQrYWl65796blPQAaFWO/uUQeecjqy9olPhJTGNUEMK0LTzxiukbi7cu7Gq//YkFtkB6yz0m5n8=
wRcDf6uLdaGbAAdOkNpwTEu062ufJd1RyC+yNGbt6y198FFCD0OirYUzqQWoYSrASHYIUIsQUUkwJQU8wfbYnV78Ly/mdA==
7XLMm7zRNlNQztZKUCU589Bb6wucBqo0u/5weZ7BSf/l7yZI1nFCf1pgLOgDBL9Wh/vlK6VUxCMT+cvqjkLlISjmcQ==
sW7bS+mQb9k22isV7iUTnM1G6wucBqo0u/5weZ7BSf/l7yZI1nFCf1pgLOgDBL9Wh/vlK6RUxCMT+cvqjkLlISjmcQ==
1Hq2Qobh1+ASMM7GgAacxyexhRqjqmEJJ5r4ij1qbCb/3pB09XQEYeD0sJhDF1F4y7GvIkvLP6/8/FSZMLtgcNaMMczdoh1bP19FXfbHaSlxbnwqJxUy5ms=
wSoE+fWzBg1sgT9gHj9MFI0e0D6cSvdz8qJ7e5yHG//y8z9/kmsVaFh6OO8SBL9Wh/vlK6ZRxC0T+cvqjkLlISjmcQ==
DJcqkO5yOqE0fHhHb2iy5XQzJaatz+3KZfFAZhbMyy1BWZ13dnO79w77eZAvlVgtvrQDHkO7IWNaISh1N9nv0qJS+Sks5nU=
WpZuXez6GJQEP3X/4wbCXIwe0D6cSvdz8qJ7e5yHG//y8z9/kmsVaFh6OO8SBL9Wh/vlK6FSxC0T+cvqjkLlISjmcQ==
ib5/Vo0qNow8tnHrMp5GH3QzJaatz+3KZfFAZhbNyy1BWZ13dnO79w77eZAvlVgtvrQDHkO7IWNdIih1N9nv0qJS+Sks5nU=
bxS7wcFq9uCouQOulmZxfQuv9nrKaaYXznb1fTrm6S87olFVE1qV6Z9kvgeydS3RSHYIUIsQUUk2JQs8wfbYnV78Ly/mdA==
sPcnQmEULrPE/6fenTiSaWMJpZ4iAfynXcp/cTllb5EPLDOp1ylp7/rzN296C+04kzWERUrk16YPe22bCvIcXeu5E7q2Ys0xIOZ5
vOJRyRoB0TGYFhs0MfBY9SwOrizDEEAWCE/bKkGmFtCY+AHUtNnY4FFnAgogkcew4NPcQLOdUo4UUPs4d766moC6V/JPfkimqz7P1pufc/YRNOPeI7sBI/+jSLXX2c8SwtIZaQzmVQ==
HsDbluhmpe/d+zw76j7w0iwOrizDEEBNXVXMIVu3O9Cu7TSVx8ivwhR8A0VDnpiwpY3aQLWbcpITdMlrIor/2sSWVfJPfkimqz7P1pufc/YRNOPeI7sBI/ijSLXX2c8SwtIZaQzmVQ==
MGc7D/2DgaUbsX0cgnlyOpjDzgkOj6MvNwObL1i0qIk7gySQUhR9/MGq+Rub19mqutBtCbUW8Lqb3VbmDw==
rRtZNfsrCwJouOHlZtXO+0p54LLLC/Z7mR/cWOY+vuZbUf/im6svr+wcBNnn2/DwpmyBjC3CLVtPf3UbBmjZqeHOrGr3NSLmew==
riHVfJVgnwjWij/vOJvFU3D301S4rCILN4b+rj1qLSe23Z168CsGe+fz/s4YUEFuyr3sKUvLP6/8/FSZN7tgcNaMMczdoh1bP19LXPbIaSlxbnwqJxUy5ms=
7xsgb3nHC8vDuNNum4is9ryrs5WPCeepieN3WOARVQUPh+nV9n5wPjz3sr+OiWvD3wHVJRib2rDGqQMZbQQZ5o/n6lmVAEFBCOVCdJgCAHTLtNk95BFrOeGyMCnOCGcL5lA=
38/Y0Tw4tmn+mHEuwQun5Rs214V2NQrYWl65796blPQAaFWO/uUQeecjqy9olPhJS2NUEMK0LTzxiukbi7cn6Gq5/IkFtkB6yz0m5n8=
vcbsYZ/9TPGl7RjWYvqB0Eu062ufJd1RyC+yNGbt6y198FFCD0OirYU0qQWoYSrASHYIUIsQUUo1JQM9wfbYnV78Ly/mdA==
viUx5roiPw0b/ijPB1pfHc1G6wucBqo0u/5weZ7BSf/l7yZI1nFFf1pgLOgDBL9Wh/vlK6NRxCUS+cvqjkLlISjmcQ==
v6pVxKCPp7K28L90/k/0ayexhRqjqmEJJ5r4ij1qbCb/3pB09XQEYeD0sJhDF1F4y7GvIkvLP6/8/FSZN7tgcNaMMczdoh1bP19KWvbBaClxbnwqJxUy5ms=
iGNJIkZEOavBl/7Zsnfzakp54LLLC/Z7mR/cWOY+vuZbUf/im6svr+wcBNnn2/DwpmyBjC3CLVtPf3YdBmDYqeHOrGr3NSLmew==
+YIvOAAvLosD/qlL7s9IVXH301S4rCILN4b+rj1qLSe23Z168CsGe+fz/s4YUEFuyr3sKUvLP6/8/FSZN7tgcNaMMczdoh1bP19LWPbDaClxbnwqJxUy5ms=
5XTyC/ddk8YHg1ldcvGva974HE0a5DX3U9sZdevCaJ/RgogBZlpu4OSsjIEORSbnzyE/p7mP4CWuAhZ/X0Olyl2kzyEmE83elRN4075O8CzkVuvS9dTeb13L8aQsM8YGYwnmVg==
FDQ24lQt27p8xbvxzOuKNRs214V2NQrYWl65796blPQAaFWO/uUQeecjqy9olPhJS2NUEMK0LTzxiukbi7cr6mq7/IkFtkB6yz0m5n8=
+wPAd+AHVn/8btAJGm1LCUu062ufJd1RyC+yNGbt6y198FFCD0OirYU0qQWoYSrASHYIUIsQUUw2JQE9wfbYnV78Ly/mdA==
6PyQKlsLXf8Za0crOedDH81G6wucBqo0u/5weZ7BSf/l7yZI1nFFf1pgLOgDBL9Wh/vlK6ZSxCcS+cvqjkLlISjmcQ==
8LqjgzB4zGIBfjJ03Rl/ayexhRqjqmEJJ5r4ij1qbCb/3pB09XQEYeD0sJhDF1F4y7GvIkvLP6/8/FSZN7tgcNaMMczdoh1bP19CXPbDaClxbnwqJxUy5ms=
vARI5VnFRfPIn/GUKEOP9I8e0D6cSvdz8qJ7e5yHG//y8z9/kmsVaFh6OO8SBL9Wh/vlK6NQxCES+cvqjkLlISjmcQ==
USpH/C2P9tCM4zBICRHX43QzJaatz+3KZfFAZhbOyy1BWZ13dnO79w77eZAvlVgtvrQDHkO7IWNfICh5Ntnv0qJS+Sks5nU=
1QvOvZkwijyOdF+Z2C882I4e0D6cSvdz8qJ7e5yHG//y8z9/kmsVaFh6OO8SBL9Wh/vlK6VQxCES+cvqjkLlISjmcQ==
bLSNT0jg8DTZ8UOMkjS1NnQzJaatz+3KZfFAZhbPyy1BWZ13dnO79w77eZAvlVgtvrQDHkO7IWNZICh5Ntnv0qJS+Sks5nU=
ygZvidA0LHsyHN8PBbd3mYEe0D6cSvdz8qJ7e5yHG//y8z9/kmsVaFh6OO8SBL9Wh/vlK6ZQxCES+cvqjkLlISjmcQ==
cGQAy30HAcJ/sDBJ03YvzHQzJaatz+3KZfFAZhbAyy1BWZ13dnO79w77eZAvlVgtvrQDHkO7IWNaICh5Ntnv0qJS+Sks5nU=
WO6i79FoGbnKTPUeG0vBgAu18HrWcacXznb1fTrm6S87olFVE1qV6Z9kvgeydS3RSHYIUIsQUU8wJQc9wfbYnV78Ly/mdA==
/DKz9FY8PL9BU1Eu5Sz1SUFzlbUydVuZWgu7qpndn70ZZ1+c+f0gca8jvDNxo7xTG3RFBdKpPDzxiukbi7cq7Gq9/IkFtkB6yz0m5n8=
zi8c0pI+eFEaMN5MM/HtfQqv9nrKaaYXznb1fTrm6S87olFVE1qV6Z9kvgeydS3RSHYIUIsQUUo0JQY9wfbYnV78Ly/mdA==
/EvC7DKw2x3n83IBaAT3R2MJpZ4iAfynXcp/cTllbpEPLDOp1ylp7/rzN296C+04kzWERUrk16YPe22bCfAcUOq5E7q2Ys0xIOZ5
0IAyGt0mKXxF7kMqhSYyYi0OrizDEEEWCE/bKkGmFtCY+AHUtNnY+ldnHhIhkcew4NPcQLOdUo4UUPs4d766mIC6V/JPfkimqz7P1pufc/YRNOPeI7sBI/mhSLjW2c8SwtIZaQzmVQ==
N6SiSH32kYeQxnzwuXnR5C0OrizDEEIWCE/bKkGmFtCY+AHUtNnY+ldnHhIhkcew4NPcQLOdUo4UUPs4d766loC6V/JPfkimqz7P1pufc/YRNOPeI7sBI/WhSLjW2c8SwtIZaQzmVQ==
/y5qieh673USQEil169bJeLzo8be2KrXTirJhc3cz0Xz0hh8TCRNt4rLzEgWJRBcZ6SGi86sid1KqOtJdPJIpjkXWDqUodqDCOLeIxA6snBUHieAaLhQRHTea1plv36HioOx7Pzb5m5zAeZe
lQJ9J/ctmvnURifSbL4gNSwOrizDEEBNXVXMIVu3O9Cu7TSVxcivwhR8A0VDnpiwpY3aQLWbcpITdMlrI4r/2sSWVfJPfkimqz7P1pufc/YRNOPeI7sBI/qiSLjW2c8SwtIZaQzmVQ==
8WyLFY6JYkX3WcQR+ObLV5jDzgkOj6MvLQWbM0C1qIk7mSKQTgx8/MGq+Rub19qtutBpCbQW8Lqb3VbmDw==
UKyVMBfwo52hV3IRMMU/p0p54LLLC/Z7mR/cWOY+vuZbUf/iga0vs/QdBNnnwfbwunSAjC3CLVtPf3cZBmHcqeDOrGr3NSLmew==
JJ9mAKNeAGlgumTf7SvEH3D301S4rCILN4b+rj1qLSe23Z168CsGe+fz/s4YUEFuyr3sKVHNP7Pk/VSZN6FmcMqUMMzdoh1bP19KW/bBbClwbnwqJxUy5ms=
MIm3GEkksXyie49x8QXUqnH301S4rCILN4b+rj1qLSe23Z168CsGe+fz/s4YUEFuyr3sKVHNP7Pk/VSZN6FmcMqUMMzdoh1bP19CWPbAbClwbnwqJxUy5ms=
Uye3ak25GoJ0SbSaxzS36Eu062ufJd1RyC+yNGbt6y196ldCE1ujrYU0swOofTLBSHYIUIsQUU81JQI5wffYnV78Ly/mdA==
V+386PBWRMO70NUBCn2bo3P301S4rCILN4b+rj1qLSe23Z168CsGe+fz/s4YUEFuyr3sKVHNP7Pk/VSZN6FmcMqUMMzdoh1bP19AWvbAbClwbnwqJxUy5ms=
tNxLkbT6X+O1UjUFMAq7jRs214V2NQrYWl65796blPQAaFWO/uUQef0lqzNwlfhJS3lSEN6sLDzxiukbi7cn6mq4+IkEtkB6yz0m5n8=
nh9NypnEi3Ik55cM6fwCl0u062ufJd1RyC+yNGbt6y196ldCE1ujrYU0swOofTLBSHYIUIsQUUo3JQI5wffYnV78Ly/mdA==
9ntr/gub0NIXH/6v0wy2081G6wucBqo0u/5weZ7BU/nl8z5J1nFFZVxgMPACBL9Wh/vlK6BTxCQW+crqjkLlISjmcQ==
YkX72SHixE3TclxSRDFBHSexhRqjqmEJJ5r4ij1qbCb/3pB09XQEYeD0sJhDF1F4y7GvIlHNP7Pk/VSZN6FmcMqUMMzdoh1bP19LXPbAbClwbnwqJxUy5ms=
XhGKiWHo4nA/WJeZPM7ZpJjDzgkOj6MvNwObL1i0qIk6gySQUhR9/MGq+Rub19etuthoCbQW8Lqb3VbmDw==
WGgCu7TUN8MHh6MN5O04YUp54LLLC/Z7mR/cWOY+vuZbUf/im6svr+wcBNnm2/DwpmyBjC3CLVtPf3MZBmPcqeDOrGr3NSLmew==
zSiQ/3D7ajJL6gR6+HnzgXD301S4rCILN4b+rj1qLSe23Z168CsGe+fz/s4YUEFuyr3sKUvLP6/8/FSZNrtgcNaMMczdoh1bP19CW/bDbClwbnwqJxUy5ms=
KDaPW8diaeF1rWcDq6q0nGb73k3IpvBGOigKOtQKWklYMJK6sbp3ZCxs4tpeuZKvMiMQZKQgia6C7TQJI/vHr4TMvLlua6gwnnyJrHUyhdunzy36DnIk6bg+JMoPZQrmUw==
15IVolzmfHPPb5MGC6yZGBs214V2NQrYWl65796blPQAaFWO/uUQeecjqy9olPhJSmNUEMK0LTzxiukbi7cu62q6+IkEtkB6yz0m5n8=
GGBv2BTDr9zReiHrAkT250u062ufJd1RyC+yNGbt6y198FFCD0OirYU1qQWoYSrASHYIUIsQUU43JQA5wffYnV78Ly/mdA==
UTeqWCrxZY0RK644RB5Su81G6wucBqo0u/5weZ7BSf/l7yZI1nFEf1pgLOgDBL9Wh/vlK6RTxCYW+crqjkLlISjmcQ==
Uvx1ig2hUfpFaXqtsnB2hCexhRqjqmEJJ5r4ij1qbCb/3pB09XQEYeD0sJhDF1F4y7GvIkvLP6/8/FSZNrtgcNaMMczdoh1bP19DXfbCbClwbnwqJxUy5ms=
iYp8U1ts6ghc9uDQAE186kp54LLLC/Z7mR/cWOY+vuZbUf/im6svr+wcBNnm2/DwpmyBjC3CLVtPf3UZBmXcqeDOrGr3NSLmew==
f57WmErdBFKJj+VrKdnnC3H301S4rCILN4b+rj1qLSe23Z168CsGe+fz/s4YUEFuyr3sKUvLP6/8/FSZNrtgcNaMMczdoh1bP19BW/bFbClwbnwqJxUy5ms=
onnJdb005nL4UomvhOJJeS0QqiHREkUMChWLcQHjT4rtvlyNxMjCoA0iVxYB1NqgpIKIVbTPFM8GfKIsf570wdLRdbcBb0KA6mGIx96AaPAPNOPeI7sBI/SkSLnS2c4SwtIZaQzmVQ==
EN7v+6eQ3LvEpcgkccfZfxs214V2NQrYWl65796blPQAaFWO/uUQeecjqy9olPhJSmNUEMK0LTzxiukbi7cs7Wq9+IkEtkB6yz0m5n8=
31EApzA2/NDnXgWLs2gZiEu062ufJd1RyC+yNGbt6y198FFCD0OirYU1qQWoYSrASHYIUIsQUU8xJQc5wffYnV78Ly/mdA==
IHjMd6Lk/cPVdIDG+O7qQs1G6wucBqo0u/5weZ7BSf/l7yZI1nFEf1pgLOgDBL9Wh/vlK6dVxCEW+crqjkLlISjmcQ==
o/AQZaqrecJdtxcyTgLdGSexhRqjqmEJJ5r4ij1qbCb/3pB09XQEYeD0sJhDF1F4y7GvIkvLP6/8/FSZNrtgcNaMMczdoh1bP19KWPbEbClwbnwqJxUy5ms=
Ci0RRlF0qx+7THGp1w2aFS0OrizDEEEWCE/bKkGmFtCY+AHUtNnY+ldnHhIhkcew4NPcQLOdUo4UUPs4d766mIC6V/JPfkimrzfY0Zufc/YRNOPeI7sBI/ijSLXS2c4SwtIZaQzmVQ==
DnEQ/F5fgzeknUvVdFPsXS0OrizDEEIWCE/bKkGmFtCY+AHUtNnY+ldnHhIhkcew4NPcQLOdUo4UUPs4d766loC6V/JPfkimrzfY0Zufc/YRNOPeI7sBI/ijSLXS2c4SwtIZaQzmVQ==
lr9q/OJphc5p9g3bgB+Zq+Lzo8be2KrXTirJhc3cz0Xz0hh8TCRNt4rLzEgWJRBcZ6SGi86sid1KqOtJdPJIpjkXWDqUodqDCOLeIxA+u2dTHieAaLhQRHTea1pluX+Hh4ex7fzb5m5zAeZe
qqhts0AXX9h/1XWgnug8sMnHzxwJndAxfwOMM0GD7JNrlDeLSh59/MGq+Rub19qrutFoCbQW8Lqb3VbmDw==
4l5B5jlgPFtr/PZnH1VYdtbOP2KFxKkpkyZtlW8YRmpTBdi8uArwLEtsqTPHWfNFIYsg4a6A11PmCA==
mt9ZvaxT3adpzjfHWfFyIiwOrizDEEBNXVXMIVu3O9Cu7TSVxcivwhR8A0VDnpiwpY3aQLWbcpITdMlrI4r/2sSWVfJPfkimrzfY0Zufc/YRNOPeI7sBI/ijSLXS2c4SwtIZaQzmVQ==
EaC+srWJ2h0Qh7z3lf3yi8jdyRwVhdExfwOMM0GD7JNrlDeLSh59/MGq+Rub19qrutFoCbQW8Lqb3VbmDw==
YVfdYPfHoFhxYFK1029gWdfOP2KFxKkpkyZtlW8YRmpTBdi8uArwLEtsqTPHWfNFIYsg4a6A11PmCA==
imtwPXxpPJ/g+l3pSbbgutjOP2KFxKkpkyZtlW8YRmpTBdi8uArwLEtsqTPHWfNFIYsg4a6A11PmCA==
IyzZaMAyIvL9ZQE8DlXO/oAe0D6cSvdz8qJ7e5yHG//y8z9/kmsVaFh6OO8SBL9Wh/vlK6dUxC0W+crqjkLlISjmcQ==
CFRtAbVb0HVuLMIQ300vi3QzJaatz+3KZfFAZhbByy1BWZ13dnO79w77eZAvlVgtvrQDHkO7IWNbJCh1Mtnu0qJS+Sks5nU=
hfKjaE9UBc/W1T7D31wHBokd0D6cSvdz8qJ7e5yHG//y8z9/kmsVaFh6OO8SBL9Wh/vlK6hUxC0W+crqjkLlISjmcQ==
hdjwTVL52cyWgi8tsEE7W3QzJaatz+3KZfFAZhbIyC1BWZ13dnO79w77eZAvlVgtvrQDHkO7IWNUJCh1Mtnu0qJS+Sks5nU=
uONIa1YffJlrx3Qve25BO4gd0D6cSvdz8qJ7e5yHG//y8z9/kmsVaFh6OO8SBL9Wh/vlK6NVxC0W+crqjkLlISjmcQ==
cNnMc8BeYa/kv4PLwsqACHQzJaatz+3KZfFAZhbJyC1BWZ13dnO79w77eZAvlVgtvrQDHkO7IWNfJSh1Mtnu0qJS+Sks5nU=
6yk4CFt5Wed6C+rihAoPiwmv9nrKaaYXznb1fTrm6S87olFVE1qV6Z9kvgeydS3RSHYIUIsQUUk2JQM6wffYnV78Ly/mdA==
4+Xk9AW/MAOTNpW1fJhFoGMJpZ4iAfynXcp/cTllbZEPLDOp1ylp7/rzN296C+04kzWERUrk16YPe22bCvIcVe25Erq2Ys0xIOZ5
Rrm3d0OizAulJVkVna10zQiv9nrKaaYXznb1fTrm6S87olFVE1qV6Z9kvgeydS3RSHYIUIsQUUw2JQM6wffYnV78Ly/mdA==
Ezj/3nGwSJJosIptYdOim2MJpZ4iAfynXcp/cTllbJEPLDOp1ylp7/rzN296C+04kzWERUrk16YPe22bD/IcVe25Erq2Ys0xIOZ5
g9ShgoA8+Oqxz0XULoqOCcrdyRwVhdExfwOMM0GD7JNrlDeLSh59/MGq+Rub19ysutlrCbQW8Lqb3VbmDw==
yq5MopGASpVU0Mh4DPCymcvdyRwVhdExfwOMM0GD7JNrlDeLSh59/MGq+Rub19equtprCbQW8Lqb3VbmDw==
f2I8NucZkANS3KUDgHDSj4tN5iacSvdz8qJ7e5yHG//y8z9/kmsVaFh6OO8SBL9Wh/vlK6dTxCYV+crqjkLlISjmcQ==
wU+0BJhciH7x8PYTjEwE2AYluhlC5P/S5LiduwzP4r89fL3+lRdTlMkj55Lqxo1PG4ugEOwyqz5tZi8zdMjR6dSnVvorLeZ6
sSzIlVbsBR4TND+O4upWyK+T41S50GZtuou/OjBRUdiW8Ws4ZEN4mG/dDlbwQP8wm57WX0QKM0qz/jQeT46Lnne/H/4VJIeG/3tde100zDZ9OWJaBiI9ETDmaQ==
ZuuMHmYi5avTusn/tiL1AK+T41S50Gdtuou/OjBRUdiW8Ws4ZEN4mG/dDlbwQP8wm57WV0cKM0qz/jQeT46Lnne/H/4VJIeG/3tde1E0zDZ9OWJaBiI9ETDmaQ==
RG6Dl7s97zrOFFpoSNucJK+T41S50GRtuou/OjBRUdiW8Ws4ZEN4mG/dDlbwQP8wm57WVkcKM0qz/jQeT46Lnne/H/4VJIeG/3tde1s1zDZ9OWJaBiI9ETDmaQ==
i7Z6zK2ENNjsWBDr3CVArEcGtfEKZz6F8ZUyplD6RPbwmTU1+q4ZdxuaQV0TUoXRvzxOT3I9nQkojpjYC5jBNtF9u/KBP6hFfsQ/J+Z8
oc1SXjiJv5cNDDsbiKSQpEcHtfENZz6B8ZUyplD6RP7zmTU1+q4ZdxuaQV0TUoXRvzxOT3I9nQkojpjYC5jBO9R9uvKBP6hFfsQ/J+Z8
N2bDpokm/SNGqu9ZIgmcugyDoZQdfXGRkzMF+pYEMAQYRSvv4YeqYFW909yFH1OM+QuHarodQhPx4wCofLorpt3IzkuugJExpE92wjsl5mI=
hfuODXKDiEWUdJTqYPxqvby1soOfC+K8z7EpJvARGUBxibeT5253KDf3s7Ob7G/ZnmTcc0WYjeqO915UdUdcqJ7tzBzDUVcEF/5EapgCAHTLtNk55RFoP+GzMCnOCGcL5lA=
BJlJDX3oez1fAEmk17Nj5by1soOfC+O8z7EpJvARGUBxibeT5253KDf3s7Ob7G/ZnmTcc0SYje2O91pUdUdcqJ7tzBzDUVcEF/5EapgCAHTLtNk55RFoP+GzMCnOCGcL5lA=
HoMKDNgJ5wsu9jswGKnZCN7mHVsP/TX5EpxEBfreOti3l9ZbdF0rpfmtjJseZDO03g4/tKLHuTrnU0YgHhK0iRjq3isAVpuPg1ZnyLhQ8CzkVuvS9dPdb1zN8aUsM8YGYwnmVg==
NBWpYXGU7WaqnSjlXd714dKdCXqFxKkpkyZtlW8YRmpTBdi8uArwLEtsqTHFWfhHIYsg4a6A11PmCA==
MnIixM4j6Ql9vWAfgAQGAQev9nrKaaYXznb1fTrm6S87olFVE1qV6Z9kvgeydS3RSHYIUIsQUUk2JQA7wffYnV78Ly/mdA==
+8XlvrHBuh62gOc/PKsL+2MJpZ4iAfynXcp/cTllY5EPLDOp1ylp7/rzN296C+04kzWERUrk16YPe22bCvIcVuy5Erq2Ys0xIOZ5
19lBnxdLj9NZLD5g/ejURMXdyRwVhdExfwOMM0GD7JNrlDeLSh59/MGq+Rub19qtut5qCbQW8Lqb3VbmDw==
gSK927kZxp5aqriR+UC6tAq18HrWcacXznb1fTrm6S87olFVE1qV6Z9kvgeydS3RSHYIUIsQUUM2JQs7wffYnV78Ly/mdA==
8K51lDbGOq22nNR3/3HIjUFzlbUydVuZWgu7qpndn70YZ1+c+f0gca8jvDNxo7xTG3RFBdKpPDzxiukbi7cm6mqx+okEtkB6yz0m5n8=
0ooyP7kISXHtUCy/yP3W9Qav9nrKaaYXznb1fTrm6S87olFVE1qV6Z9kvgeydS3RSHYIUIsQUUw3JQs7wffYnV78Ly/mdA==
yPv72wXZ76XZt11HS/Law2MJpZ4iAfynXcp/cTllYpEPLDOp1ylp7/rzN296C+04kzWERUrk16YPe22bD/McXey5Erq2Ys0xIOZ5
XFer2IH6c+IJQaTeGUnsw19Cv01iAHuF0ia31j4ss6NK3zlRnU+r0oM7Ck5qha//16KvhFdbKz8rgDcVXqiEH3WUlcbu24aYxSvEJB5hVHR6iogod9JcZqhuWLgLeIFVUJ37k4Ef6OX+ZH8H5lw=
8gWAA+hPYnsCTWBWrnRkLV9Cv01iAHiF0ia31j4ss6NK3zlRnU+r0oM7Ck5qha//16KvhFdbKz8rgDcVXqiEH3SUlcHu24KYxSvEJB5hVHR6iogod9JcZqhuWLgLeIFWUZ37k4Ef6OX+ZH8H5lw=
0+FqhquR287160X+RGUZg+Lzo8be2KrXTirJhc3cz0Xz0hh8TCRBt4rLzEgWJRBcZ6SGi86sid1KqOtJdPJIpjkWWDqUodqDCOLeIxA6snBUHieAaLhQRHTea1plvXyHhoWx7fzb5m5zAeZe
G6H6gcIR/i+/a+Xp6nVFl7yz5pxai8NtFnQv2kR/hEMCGeQ8mKJyk3dEHaa1m9ZPXCF7YQEBLO+W+MMQhkJ/YEr7qT7fv6YUVk4EbYBmXr+orkLc/HpHPLBMgAg8miuGnWBM6+6hkRHk7/ZiewXmQg==
05z1uM0hAjxOB/Sgc0uBkZjDzgkOj6MvLQWbM0C1qIk6mSKQTgx8/MGq+Rub196rutBqCbQW8Lqb3VbmDw==
HGRXycR3IJQOEjl8b/mdvkp54LLLC/Z7mR/cWOY+vuZbUf/iga0vs/QdBNnmwfbwunSAjC3CLVtPf3UcBmjeqeDOrGr3NSLmew==
lGGlelsuM0wF/h69x28SrHP301S4rCILN4b+rj1qLSe23Z168CsGe+fz/s4YUEFuyr3sKVHNP7Pk/VSZNqFmcMqUMMzdoh1bP19EWPbBaSlwbnwqJxUy5ms=
VhbTC5Gb4fxtTWENv7I3ghs214V2NQrYWl65796blPQAaFWO/uUQef0lqzNwlfhJSnlSEN6sLDzxiukbi7cu6Wq5/YkEtkB6yz0m5n8=
K8opGVzC8mvRU/yu7cieS0u062ufJd1RyC+yNGbt6y196ldCE1ujrYU1swOofTLBSHYIUIsQUU41JQM8wffYnV78Ly/mdA==
ZcanK6vtsucvbOnw3rNZrs1G6wucBqo0u/5weZ7BU/nl8z5J1nFEZVxgMPACBL9Wh/vlK6ZRxCUT+crqjkLlISjmcQ==
nQcIuSBIiMNraN7wq/AlWCexhRqjqmEJJ5r4ij1qbCb/3pB09XQEYeD0sJhDF1F4y7GvIlHNP7Pk/VSZNqFmcMqUMMzdoh1bP19HW/bBaSlwbnwqJxUy5ms=
DdixGIiXdb7eco5Qir+qfJjDzgkOj6MvNwObL1i0qIk2gySQUhR9/MGq+Rub19qsutltCbQW8Lqb3VbmDw==
2P7I1CiqANRjz1ey2v1Fzkp54LLLC/Z7mQjLWOY+vuZbUf/im6svr+wcBNnq2/DwpmyBjC3CLVtPf3AdBmHZqeDOrGr3NSLmew==
TKE6SdJgo2n4KUwU+dVawEp54LLLC/Z7mR/cWOY+vuZbUf/im6svr+wcBNnq2/DwpmyBjC3CLVtPf3IYBmDZqeDOrGr3NSLmew==
TRtz29SAm4IlNkd19lfEzXD301S4rCILN4b+rj1qLSe23Z168CsGe+fz/s4YUEFuyr3sKUvLP6/8/FSZOrtgcNaMMczdoh1bP19EW/bAaSlwbnwqJxUy5ms=
lEsoMrgj3xaTvsQ47HJzpmC1dtpLrYNBt8xra/rX5EwsQg/GyZSSEFwi4MUsT4xfrpwaXDdePJGK8Z2HeW+6sIJBXBeWwKAAt1RLTrs7mbMVBTAMHxmGQhoyMRk05m0=
Qti1ZTupHB2LEUDsYIhiqRs214V2NQrYWl65796blPQAaFWO/uUQeecjqy9olPhJRmNUEMK0LTzxiukbi7cq7Wq4/YkEtkB6yz0m5n8=
1zxppwF21djBuqOs6gKuyku062ufJd1RyC+yNGbt6y198FFCD0OirYU5qQWoYSrASHYIUIsQUU0xJQI8wffYnV78Ly/mdA==
Jh/EU+eamBnLt5QAG+op8M1G6wucBqo0u/5weZ7BSf/l7yZI1nFIf1pgLOgDBL9Wh/vlK6lVxCQT+crqjkLlISjmcQ==
XkjXAwkk7BcehgWgg2VSOCexhRqjqmEJJ5r4ij1qbCb/3pB09XQEYeD0sJhDF1F4y7GvIkvLP6/8/FSZOrtgcNaMMczdoh1bP19KWPbDaSlwbnwqJxUy5ms=
ggwLCccWNDKzu1PugIoiVEp54LLLC/Z7mR/cWOY+vuZbUf/im6svr+wcBNnq2/DwpmyBjC3CLVtPf3UaBmPZqeDOrGr3NSLmew==
JRDB8v3zVEQUTwCh7ncAtHH301S4rCILN4b+rj1qLSe23Z168CsGe+fz/s4YUEFuyr3sKUvLP6/8/FSZOrtgcNaMMczdoh1bP19LW/bDaSlwbnwqJxUy5ms=
TA5LLMKHdCwPjrNcAX/S7y0QqiHREkUMChWLcQHjT4rtvlyNxMjCoA0iVxYB1NqgpIKIVbTPFM8GfKIsf570wdLRdbcBb0KA6mGEx96AaPAPNOPeI7sBI/ygSL7X2c4SwtIZaQzmVQ==
TBw95G2Xy0u9QmVCXPi7bxs214V2NQrYWl65796blPQAaFWO/uUQeecjqy9olPhJRmNUEMK0LTzxiukbi7cq6Gq6/YkEtkB6yz0m5n8=
qFvN/uHfeV+CTepCArudy0u062ufJd1RyC+yNGbt6y198FFCD0OirYU5qQWoYSrASHYIUIsQUUM0JQA8wffYnV78Ly/mdA==
NAU4C6ciBiTqRrtaPuLVbs1G6wucBqo0u/5weZ7BSf/l7yZI1nFIf1pgLOgDBL9Wh/vlK6FRxCYT+crqjkLlISjmcQ==
62xcSOioduGFJ+Xy7wjrrCexhRqjqmEJJ5r4ij1qbCb/3pB09XQEYeD0sJhDF1F4y7GvIkvLP6/8/FSZOrtgcNaMMczdoh1bP19FWvbCaSlwbnwqJxUy5ms=
NDpbY+y+lLRp5ifcz/w3YYsd0D6cSvdz8qJ7e5yHG//y8z9/kmsVaFh6OO8SBL9Wh/vlK6FVxCAT+crqjkLlISjmcQ==
V7nwLgIjEcTD8H069EYgrnQzJaatz+3KZfFAZhbKyC1BWZ13dnO79w77eZAvlVgtvrQDHkO7IWNdJSh4N9nu0qJS+Sks5nU=
EdW5WJuf7pg/ixJKREuN24od0D6cSvdz8qJ7e5yHG//y8z9/kmsVaFh6OO8SBL9Wh/vlK6NVxCAT+crqjkLlISjmcQ==
dhJ1+iMRGUva861llCCibnQzJaatz+3KZfFAZhbLyC1BWZ13dnO79w77eZAvlVgtvrQDHkO7IWNfJSh4N9nu0qJS+Sks5nU=
Tgddo5Bob4ofuOOR/JL5YY0d0D6cSvdz8qJ7e5yHG//y8z9/kmsVaFh6OO8SBL9Wh/vlK6VVxCAT+crqjkLlISjmcQ==
2rpS9myTS6mu20CZvoG7ynQzJaatz+3KZfFAZhbMyC1BWZ13dnO79w77eZAvlVgtvrQDHkO7IWNZJSh4N9nu0qJS+Sks5nU=
KGdG7m0S7jMk57sZgUPFWowd0D6cSvdz8qJ7e5yHG//y8z9/kmsVaFh6OO8SBL9Wh/vlK6dVxCAT+crqjkLlISjmcQ==
FJ4U58Bb/VfrLs23z0Et4nQzJaatz+3KZfFAZhbNyC1BWZ13dnO79w77eZAvlVgtvrQDHkO7IWNbJSh4N9nu0qJS+Sks5nU=
dDWpuX2GDcXyL5oCEO+vegyDoZQefXGRkzMF+pYEMAQYRyvv4YeqYFW909yFH1OM+QuHarodQhPx4wCofLorpt3AzEuhhpExpE92wjsl5mI=
FQZc+vyyYa3VubJDsvyVuh1j1/wnAZ/NEcBvPmd3GLNKYiOr5Gdz7/rzN296C+04gDqAX0rk16YPe22bDPEcU+u5Erq2Ys0xIOZ5
f3OUMRUVGp0xDQwuvNev66+0ly8Fk6emBgFbuvvRaON/Sy33IIr7mzk7yoT9ESNIPYPTCHGHF94i4eK3GY+wfARm6+IVhJ6/+bpxVYxjBtYDOeZm
e01dAzGx2sd2o8/qPPhXAlmdz+ckSUbl5jGpZFUAK3asB8QL7oJHM1j3/2d+c7Pn9ptRoGRaJOcWFJtuyzup08fDQKuPmTaiSnLBOSTmfQ==
oN86bmvNJxZcTCSnyw7wggyAoZQdfXGRkzMF+pYEMAQYQCvv4YeqYFW909yFH1OM+QuHarodQhPx4wCofLorpt3Az0uhhpExpE92wjsl5mI=
LkefW0oKnIPa3F90KFL0UQm18HrWcacXznb1fTrm6S87olFVE1qV6Z9kvgeydS3RSHYIUIsQUUIwJQU8wffYnV78Ly/mdA==
CvPOzDyB9S+pa1fhEI/lj0FzlbUydVuZWgu7qpndn70bZ1+c+f0gca8jvDNxo7xTG3RFBdKpPDzxiukbi7cn7Gq//YkEtkB6yz0m5n8=
TN9rECT0v61kvVhs6tRh/gi18HrWcacXznb1fTrm6S87olFVE1qV6Z9kvgeydS3RSHYIUIsQUUsxJQU8wffYnV78Ly/mdA==
ftSqJp2qZ5CaWnBatezogEFzlbUydVuZWgu7qpndn70aZ1+c+f0gca8jvDNxo7xTG3RFBdKpPDzxiukbi7cu7Wq//YkEtkB6yz0m5n8=
Ds4eaQki+ht/biwE6TCHXxBSeoCJmrj0IPpbKxbCnwNwF4d3dnO79w77eZA8mlw3vrQDHkO7IWNYJSh7N9nu0qJS+Sks5nU=
PUYcYR3377L6yKpbslz11EovmOlMG0c1g4X7Q60BmTGrJkTMz/oNSg2b0xBBn3cGEqot67NX0OS0/mt6pRn5Z0nisQ28u2bOMyHmfg==
yi/DKXDNLnCI125atz2pSL2z5pxai8NtFnQv2kR/hEMCGeQ8mKJ9iXFEAb60m9ZPXCF7YQEBLO+W+MMQhkJ/YEr7qT3fv6YUVk4EbYBmXr+orkLc/HpHPLBMgAg8miuGnWlM6+CmkRHk7/ZiewXmQg==
8c/o+980caDN9iqR3j64Ub2z5pxai8BtFnQv2kR/hEMCGeQ8mKJ9iXFEAb60m9ZPXCF7YQEBLO+W+MMQhkJ/YEv7qT3fv6YUVk4EbYBmXr+orkLc/HpHPLBMgAg8miuGnW1M6+CmkRHk7/ZiewXmQg==
r/OdA/4UQF4iilnwrOpxZ047Lhj+hsTfxepiChnZkP3lL2X1jSMRvJbY49Kp2Yv27AMrcEQDNXwcxkTmNCmfo9aFVbWWjvOwayAO4kd+QLaTXqfmQ1/LpnmUey6rO4mTZUHg6q+ZFuLq8mF5BOZd
wXB4xzmz5Kj++Ut0+AglR72z5pxai8BtFnQv2kR/hEMCGeQ8mKJ8iXFEAb60m9ZPXCF7YQEBLO+W+MMQhkJ/YEn7qT7fv6YUVk4EbYBmXr+orkLc/HpHPLBMgAg8miuGnWxN6+CmkRHk7/ZiewXmQg==
hEyffB1d8N0tSLPFeG0I7eVEncJnCC8ZnXRscmgIYoc5dArykmBPFXJEDAwJVGbUoaHrztL0Z0XoFN+7mIYhfMtvKoDTvvqmpiYFPgJyWZZtsjEP+XKTvFFKyRtrd0dpiv6dieT24PprfQbmXw==
0Ww7J1tpcXnfl2gsFzwx8uVEncJnCC4ZnXRscmgIYoc5dArykmBPFXJEDAwJVGbUoaHrztL0Z0XoFN+7mIYhfMtvK4DTvvqmpiYFPgJyWZZtsjEP+XKTvFFKyRtrd0xqiv6dieT24PprfQbmXw==
lul1q/jYpE8iI8rkCZAsp5jDzgkOj6MvLQWbM0C1qIk5mSKQTgx8/MGq+Rub192tutFtCbQW8Lqb3VbmDw==
fzi5ZQxsyPsN4SJknoZqDkp54LLLC/Z7mR/cWOY+vuZbUf/iga0vs/QdBNnlwfbwunSAjC3CLVtPf3oYBmjZqeDOrGr3NSLmew==
ZbLdGlQtu6vJPrZBseKqNHP301S4rCILN4b+rj1qLSe23Z168CsGe+fz/s4YUEFuyr3sKVHNP7Pk/VSZNaFmcMqUMMzdoh1bP19EWvbIaSlwbnwqJxUy5ms=
6aiAO5YojRDD0aoX9G9e3hs214V2NQrYWl65796blPQAaFWO/uUQef0lqzNwlfhJSXlSEN6sLDzxiukbi7cv62qw/YkEtkB6yz0m5n8=
/EnoqruIxuTzDN0SCgcwJUu062ufJd1RyC+yNGbt6y196ldCE1ujrYU2swOofTLBSHYIUIsQUUg3JQo8wffYnV78Ly/mdA==
UALHNrbqsXV4YoTjDMLlFc1G6wucBqo0u/5weZ7BU/nl8z5J1nFHZVxgMPACBL9Wh/vlK6JTxCwT+crqjkLlISjmcQ==
zLliGgcBeGh8pTxVMWO0MOXB7u/44JRjWT3d7at4KQibw7nEdJG4kcZjzHbhBiAii8T+fLMQU4Xft70QR0EY075L4MDMIqsuTbJo495eUXl0dxYqCz3mag==
Q+0s0E3Qyoql5iIcInlOHSexhRqjqmEJJ5r4ij1qbCb/3pB09XQEYeD0sJhDF1F4y7GvIlHNP7Pk/VSZNaFmcMqUMMzdoh1bP19KXfbIaSlwbnwqJxUy5ms=
XBlEt4nDcrXDigneFSeqBJjDzgkOj6MvLQWbM0C1qIk4mSKQTgx8/MGq+Rub196putlsCbQW8Lqb3VbmDw==
ybYFEMVRsdA0lFyNU+zRw0p54LLLC/Z7mQjLWOY+vuZbUf/iga0vs/QdBNnkwfbwunSAjC3CLVtPf3EaBmHYqeDOrGr3NSLmew==
eAuimGxHS09gSVhTKfRtakp54LLLC/Z7mR/cWOY+vuZbUf/iga0vs/QdBNnkwfbwunSAjC3CLVtPf3saBmHYqeDOrGr3NSLmew==
eaYeGoeKO9QBE4n5PH/q/XP301S4rCILN4b+rj1qLSe23Z168CsGe+fz/s4YUEFuyr3sKVHNP7Pk/VSZNKFmcMqUMMzdoh1bP19FW/bBaClwbnwqJxUy5ms=
QqEjpoFQZfsfYqm9ig/mWRs214V2NQrYWl65796blPQAaFWO/uUQef0lqzNwlfhJSHlSEN6sLDzxiukbi7cu7Gq5/IkEtkB6yz0m5n8=
9CYg4tDPmbhx4rKMoNHbZ0u062ufJd1RyC+yNGbt6y196ldCE1ujrYU3swOofTLBSHYIUIsQUUkwJQM9wffYnV78Ly/mdA==
bvb/PisWXFCjZ4yEecLUmc1G6wucBqo0u/5weZ7BU/nl8z5J1nFGZVxgMPACBL9Wh/vlK6VUxCUS+crqjkLlISjmcQ==
yGx2JMgX3bq8FCJOmap6tCexhRqjqmEJJ5r4ij1qbCb/3pB09XQEYeD0sJhDF1F4y7GvIlHNP7Pk/VSZNKFmcMqUMMzdoh1bP19KXfbBaClwbnwqJxUy5ms=
HvCBVrZMTpH6m+vsp92+RGTG5+QuPvSYRw8wuxWGoF/v2fnd6Ll6aOjeuOgLqOHqlI3SZQGvCPW+lN9X5gw=
kyqnRCxa1bQG2vskokAMZXUMiKpi4y42Xy9eDnbH698PDDzBl2vYz5XySDs/nTHpyI1ybPg60BxLXIkDBQla0aEbwLFu8Dcj5ng=
/BFlbRr+YX9rJmwmS9CJZks0Jn5EbmV/XPncilMFMvO5uOVSKbPOJhEzbIj4uQRnjvDfelc7+N+V4mhr/y2RGUg9khw46rAMS0xpUUb5OmEha2ABLiAXM+Zo
nR8UfWVKCCFCGkQ8wJHPimaG33mUvFmaxatC0LzqOhfSKWaJwYKXEXVIT0/M3vu79nQ36x6s/OGuVFTTyKm+kut8b0HEIVWQzJ13pz33mH/G+iDwrBKrHi2JqFO279HJFMfWGmsN5lo=
nAKggEDbeBdZu9BeeLaORBlF9KVNPGbE/8ptphynAqbsvQxzrqQXPgffUEsVdsCPr2lZTWgpmhgojpjYC5jBN9F9svWBP6hFfsQ/J+Z8
B9F6r/W1yFzqp55h8nxz5FQKcIDdzP7AabhIYlCWlQ05C8JmYHWfslDrLIc+gEgwr7QDHkO7IWNaJSh8Ntnu0qJS+Sks5nU=
wD5EKzyEmdQJ9uCBZgeykAsBZ8FwqiDP4O0eHpOofz0MhdU8FOlHe1VzeDP+7nBMJHbr8jW8Wc8eK/HF7JNG5iMp5nY=
UnJDaYYVwJNClLhIArMWAhxycDBfaCZ9TOXarlMFc/Lwu+hcLOzMPBY0It6j/hRxj/yccVc7+N+V4mhr/y2RGUg9khw46rAMS0xpV0X5OWEha2ABLiAXM+Zo
niJl6fhFoqv9cWBsVH8g6nUMiKpi4y42Xy9eDnbH698PDDzBl2vYz5XySDs/nTHpyI1ybPg60BxLXIkDBglZ0aEbwLFu8Dcj5ng=
6AK738TOHspevug1RYsQSEo0Jn5EbmV/XPncilMFMvO5uOVSKbPOJhEzbIj4uQRnjvDfelc7+N+V4mhr/y2RGUg9khw46rAMS0xpV0D5OWEha2ABLiAXM+Zo
5Yxr+6ZEFOmg5zV1w+gUiko1JmweMz08F6OR/gcFIPDrueJSb7HCclxzKsL8uQRnjvDfelc7+N+V4mhr/y2RGUg9khw46rAMS0xpVUH5OWEha2ABLiAXM+Zo
0FrQSe+HpEgOzTrfOJzKWGaG33mUvFmaxatC0LzqOhfSKmaJwYKXEXVIT0/M3vu79nQ36x6s/OGuVFTTyKm+kut8b0HEIVWQzJ13pz33mH/G+iDwrBKrHi2DrFO079HJFMfWGmsN5lo=
+o42L7/V46qlG8gqznRlEhlF9KVNPGbE/8ptphynAqbsvQxzrqQXPgffUEsVdsCPr2lZTWgpmhgojpjYC5jBNdR9sPWBP6hFfsQ/J+Z8
WDLNWylUQD7wu9c+Fnuht1QKcIDdzP7AabhIYlCWlQ05C8JmYHWfslDrLIc+gEgwr7QDHkO7IWNcISh+Ntnu0qJS+Sks5nU=
LaKIq8AzrQQexLVAURCoAwsBZ8FwqiDP4O0eHpOofz0MhdU8FOlHe1VzeDP+7nBMJHbr8jW2Xc8cK/HF7JNG5iMp5nY=
T16uZ+tokXyV+LEP4XDnFhxycDBfaCZ9TOXarlMFc/Lwu+hcLOzMPBY0It6j/hRxj/yccVc7+N+V4mhr/y2RGUg9khw46rAMS0xpV0f5OGEha2ABLiAXM+Zo
UP209hKhCVj0wkvmoGWC91OXRF879K1DZ9Xj/dWzHNiVmJrud3d+NvXwvLOPeucM+1uagXnXFvDX6xFsWUmhP53zz3o5vzGqcX3PpmKEHxZn+8XrydBkbTL5qiouwgVhCOZR
gp65DRk12hNVnFH0cPxeoC/T6ek1PafVUAknuwn05ACpifiY+aB8fOjeuOgLqOHqlI3bZQGvCPW+lN9X5gw=
Kz1/jpipipwBwe7LETChCo8XuUFLdZTGKnSNMoUd257+dFM+U7sxgwXgeJWmWZ4y0pKJyVzmBQ==
aDb3jSU0MMhCPlIUdVI06bbk32i18Jdp6cnlgkEjMJxEhusCVWwcH7ebcXVMw4a2w1nmBg==
cliBbbA5omlkdt91oI8SZlOXRF879K1DZ9Xj/dWzHNiVmJrud3d+NvXwvLOPeucM+1uagXnXFvDX6xFsWUmhP53zz3o5vzGqcX3PpmKEHxZn+8XrydFkbDL5qiouwgVhCOZR
JeR2ghcBxsqZyogYZkGrey/T6ek1PafVUAknuwn05ACpifiY+aB8fOjeuOgLqOHqlY3aZQGvCPW+lN9X5gw=
zQ8kHoXq8ltWsvdXUkJt97g/uBA+49q8EcoJG6v3jGrKcNyJJHYg+qv9RuYf
efBWS57yp479iU8X7IkUDY8XuUFLdZTGKnSNMoUd257+dFM+U7sxgw7ieJSmWZ4y0pKJyVzmBQ==
cYzs/eYThUGmdd7zNyeJ2bbk32i18Jdp6cnlgkEjMJxEhusCVWceH7abcXVMw4a2w1nmBg==
7JcsIdccwk7/edMAd92KUR+pOzSuibkBcCPp6qFCUUe+xxmmrJtCqB4hOoWmQg1gqM2Ul2t0spHJ8ik1uwTMR0j0M/4zuxFDrmKY1EZZfnJyEikJPOZl
w/fr6dp61cgrqpW0wGRzFiqQgr5PBvfyhwt4H2+KivtkhGg5PImwchuMjpVi2y209N0/qo/ZLbRay85sRVKV27fv2LpemJBpKJ5UCt8FOuZj
