SI/P/2m3Vg5znO1pv8dREIrkcElwxtDpc0dQ1aT1bj628g89IEHrT9F/gM2zGXohrVmkKXZ14DT5CI3Wnn+EnAkaUZvzJ5aLgu6ySUmGaB/TDT7mZw==
ZIh5q46jFFcf76TU4ezdRSGQ4uspL6bHQRlkqxah5AqSyP/I9b52aejeuOgLqOHhl43UYwGqCPW7lN9X5gw=
6FnC7W2AhM4fNKjrsOXzrw+v9nrKaaYXznb1fTrm6S87olFVE1qV6Z9kvgeydS3RSHYIUIsQUUoxJQQ7wfLYnVv8Ly/mdA==
gUKGcTDPEWofYIcYt5occ2MJpZ4iAfynXcp/cTlla5EPLDOp1ylp7/rzN296C+04kzWERUrk16YPe22bCfUcUuy5F7q2Z80xIOZ5
iH+r/umt45eL8xFJGZwIcw6v9nrKaaYXznb1fTrm6S87olFVE1qV6Z9kvgeydS3RSHYIUIsQUU42JQs8wfLYnVv8Ly/mdA==
1A6M51Y+eJmxd976wSwIFWMJpZ4iAfynXcp/cTllapEPLDOp1ylp7/rzN296C+04kzWERUrk16YPe22bDfIcXeu5F7q2Z80xIOZ5
fkYhmSIuizEJUxu7/zxtQs+B7MOeol3ZmkJBu6s22dGT3h19D/AWoxLRhQUYokCUy9QZl2bxIxjh1vCJS+gnK+Zw
PISchWzTLrGkdEWluDCRb2uNvk3vJs5bxGa6MCCzxx51uFFVE1qV6Z9kvhS9cTfRSHYIUIsQUUM2JQs8wfLYnVv8Ly/mdA==
X7vqKQmJudXu7ywyPDw2m86B7MOeol3ZmkJBu6s22dGT3h19D/AWoxLRhQUYokCUy9QZnGfxIxjh1vCJS+gnK+Zw
R+os5vskdPoXLp40Lvm/i2uNvk3vJs5bxGa6MCCyxx51uFFVE1qV6Z9kvhS9cTfRSHYIUIsQUUg3JQs8wfLYnVv8Ly/mdA==
jRkNgUYwbp8JllgOrORRy7Pacwjs7XtA3wefFunCBhaFQwBQf43ggbI+XkYrQZH7n02ni9EUUf9Vp2FOYeXk3pay1CweaUSMWtL4YLca7D7I1sgwi/AR7rRFStzB0hg92xxvD+ZU
+ZqC9si7t9wMsBvh4HOfX7Pacwjs7Xsbih2IHfPTKxazVjURCO6A07g+CxlWUYrq0Q+2hssjQORApDUMcsawm7qw1CweaUSMWtL4YLca7D7I1sgwi/AR7bdFStzB0hg92xxvD+ZU
q8/fMviXL+eFSJLOOMyVIOPzo8be2KvXTirJhc3cz0Xz0hh8TCRJt4rLzEgWJRBcZ6aGi86sid1KqOtJdPJIpjkTQjyUvcKCCOLeIxA6snBUHieAaLhQRHTea1pluXiHhoKx6Pzb425zAeZe
trtZ4qz/j5N4/khME4CJeUp54LLLC/Z7mR/cWOY+vuZbUf//m6svr+wcBNnj2/DwpmyBjC3CLVtPf3IZBmPfqeTOrG/3NSLmew==
pBNpsWodwTA7/wId6Zhy70p54LLLC/Z7mR/cWOY+vuZbUf//m6svr+wcBNnj2/DwpmyBjC3CLVtPf3oZBmPfqeTOrG/3NSLmew==
8PWjsmsjdJ7jg92qyoyjI5jDzgkOj6MvNwObL1i0qIk/gySQUhR9/MGq+Rub19yruttrCbAW8L+b3VbmDw==
yZassgGgMSwf/95rSnSBQEp277LLC/Z7mR/cWOY+vuZbUf/im6svr+wcBNnj2/DwpmyBjC3CLVtPf3sbBmPfqeTOrG/3NSLmew==
12iHtclW4+3op0oHBC6aVkp54LLLC/Z7mR/cWOY+vuZbUf/im6svr+wcBNnj2/DwpmyBjC3CLVtPf3UcBmPfqeTOrG/3NSLmew==
qkaWJMCrKDR3GdXt7r0qV3D301S4rCILN4b+rj1qLSe23Z168CsGe+fz/s4YUEFuyr3sKUvLP6/8/FSZM7tgcNaMMczdoh1bP19AWPbCbyl0bnwvJxUy5ms=
nJKAv4U+KNlmhld4S4wKj7LEdwX+735a3V3PTamHWlfyGUMBC4Pgw+VkGxlLQZrr3l2jh59FHfFIz3JUZs2rjf2QkWIPY2LNBZDpJagB6iDI1sgwi/AR6rZFQNrB0xg92xxvD+ZU
Iye3r4Ku6bR3JUIo0Cj8uBs214V2NQrYWl65796blPQAaFWO/uUQeecjqy9olPhJT2NUEMK0LTzxiukbi7cq6mq6+4kAtkB/yz0m5n8=
M9BZ/axaSTKtW97ozVAYoEu062ufJd1RyC+yNGbt6y198FFCD0OirYUwqQWoYSrASHYIUIsQUUIwJQA6wfPYnVv8Ly/mdA==
pSf6WMZ5a7KAJwT+BTFZ0c1G6wucBqo0u/5weZ7BSf/l7yZI1nFBf1pgLOgDBL9Wh/vlK6NTxCEV+c7qjkflISjmcQ==
SNJ9yyZ1fjZDborm4oMtvCexhRqjqmEJJ5r4ij1qbCb/3pB09XQEYeD0sJhDF1F4y7GvIkvLP6/8/FSZM7tgcNaMMczdoh1bP19CWPbEbyl0bnwvJxUy5ms=
qS2ozODkpsW0Gpxpx7IPR0p54LLLC/Z7mR/cWPU+vuZbUf/im6svr+wcBNnj2/DwpmyBjC3CLVtPf3AbBmTfqeTOrG/3NSLmew==
6rvvIom7ELUH3KEpalW560p277LLC/Z7mR/cWOY+vuZbUf/im6svr+wcBNnj2/DwpmyBjC3CLVtPf3obBmTfqeTOrG/3NSLmew==
ZBONOHHn78nVN7Kwzjd0QImPygYPiaMyNwObL1i0qIk/gySQUhR9/MGq+Rub19usutxrCbAW8L+b3VbmDw==
10DgEvCeLp1DP7YtSBPwPBFMOISbz7nPILYGbF+elAFyUdV3YW+iwErhLYc+gEgwr7QDHkO7IWNcICh7Mdnq0qJX+Sks5nU=
Yzwdi/LqNz0XQa2ciFmlZUs1JnAAJT44C7GZ4RZYYruo/eJXLuHbO195Zc248wpohvHTMQ0s6d6P3xpx9SyRGUg9khw46rAMS0xpUUH5M2Yhb2ABKyAXM+Zo
/9O9f2wInBmWRV51wv5GFBs214V2NQrYWl65796blPQAaFWO/uUQeecjqy9olPhJT2NUEMK0LTzxiukbi7cu6Gqw+4kAtkB/yz0m5n8=
u9UuHbYyahLwjYCc6DARcEu062ufJd1RyC+yNGbt6y198FFCD0OirYUwqQWoYSrASHYIUIsQUUg1JQo6wfPYnVv8Ly/mdA==
qCHyK5a8AqtpHZ+k+nKaBdBb6wucBqo0u/5weZ7BSf/l7yZI1nFBf1pgLOgDBL9Wh/vlK6JRxCwV+c7qjkflISjmcQ==
nXEjSyKSOLQ9g3yClWv9Bs1X+gucBqo0u/5weZ7BSf/l7yZI1nFBf1pgLOgDBL9Wh/vlK6ZRxCwV+c7qjkflISjmcQ==
G3iuHMVvFSIVBZm6/ziWas1G6wucBqo0u/5weZ7BSf/l7yZI1nFBf1pgLOgDBL9Wh/vlK6BSxCwV+c7qjkflISjmcQ==
MukElseZvnnpVQGgYO3gshtVJdsHSN3daXr9R1lvmvBiwfXX9sCAQFfU647bO7nz/YKQxHkZogL6t5HZVOYN
3VKPxRsIqVHDqdw+tspP3JjDzgkOj6MvNwObL1i0qIk+gySQUhR9/MGq+Rub196tutBrCbAW8L+b3VbmDw==
TIct3e2Lc20mFpf/vJxZL0p54LLLC/Z7mR/cWOY+vuZbUf/im6svr+wcBNni2/DwpmyBjC3CLVtPf3QdBmjfqeTOrG/3NSLmew==
+JZRKdr/X1ajncg2yZoEkxFMOISbz7nPILYGbF+elAFyUdV3YW+iwErhLIc+gEgwr7QDHkO7IWNfISh9MNnq0qJX+Sks5nU=
Zk0mawyvdroIcqUKoN/s+ks1JnAAJT44C7Ga4RZYYruo/eJXLuHbO195Zc248wpohvHTMQ0s6d6P3xpx9S2RGUg9khw46rAMS0xpX0b5O2chb2ABKyAXM+Zo
gxzzGQQ9XVHRJOfH9bJJ2hs214V2NQrYWl65796blPQAaFWO/uUQeecjqy9olPhJTmNUEMK0LTzxiukbi7cq62q5+okAtkB/yz0m5n8=
qKhZAZ8l/FEpe853nWFQbku062ufJd1RyC+yNGbt6y198FFCD0OirYUxqQWoYSrASHYIUIsQUUM3JQM7wfPYnVv8Ly/mdA==
YNlTOXBuz5gTxQMkNTVoNM1G6wucBqo0u/5weZ7BSf/l7yZI1nFAf1pgLOgDBL9Wh/vlK6FUxCUU+c7qjkflISjmcQ==
HHFwkCeqqYuWPBiCobltEhtVJdsHSN3daXr9R1lvmvBiwfTX9sCAQFfU647bO7nz8ISQzXgZogL6t5HZVOYN
40WpZVzMw7wwEY1Fn5IlHUp54LLLC/Z7mR/cWOY+vuZbUf/im6svr+wcBNni2/DwpmyBjC3CLVtPf3YdBmHeqeTOrG/3NSLmew==
gqTj+zjGkQ2kDeVJ5JdrNxBMOISbz7nPILYGbF+elAFyUdV3YW+iwErhLIc+gEgwr7QDHkO7IWNfICh8MNnq0qJX+Sks5nU=
ILdfqF2z7JyZ/vwcW3xucd74GVYd/zLsVMAeYOjMaoPPh4gBZF1u7qfv29MORSbnzyE/p7mP4CWuAhZ/X0Olyl2kzyEmE83blRN4075O8CzkVuvS9dHeb17N8aEsM8MGYwnmVg==
Vzq223JQFoOwxpyvhM5e0xs214V2NQrYWl65796blPQAaFWO/uUQeecjqy9olPhJTmNUEMK0LTzxiukbi7cu62q4+okAtkB/yz0m5n8=
ltfy13YvK3mfyAIcO7a7l0u062ufJd1RyC+yNGbt6y198FFCD0OirYUxqQWoYSrASHYIUIsQUU83JQI7wfPYnVv8Ly/mdA==
n5DkEbPexLKuXOGvrp+aZM1G6wucBqo0u/5weZ7BSf/l7yZI1nFAf1pgLOgDBL9Wh/vlK6dTxCQU+c7qjkflISjmcQ==
31Qf4RvTlJ5am9uE1IurMhtVJdsHSN3daXr9R1lvmvBiwfTX9sCAQFfU647bO7nz9YSQzHgZogL6t5HZVOYN
NvaBpwlwn3CJTx79xfrwR8ZQ8VxKeZvbeiXuBctOnLz9dFM+U7sxgwzleJygWZoy0peJyVzmBQ==
1gOD4E25N4sw/Qwvu/l70MZQ8VxKeZvbeiXuBctOnLz9dFM+U7sxgwvleJygWZoy0peJyVzmBQ==
OfxeUSxS2aAI7/EHawwYycsXzH0IaV3+CjB77OWStdvXL7I9PlD2aUxeNI+/xVrmAw==
jjdg2eDNElVqTMa2N0KTkQ8cMZURW9TXaXr9R1lvmvBiwfXX9sCAQFfU647bO7nz84GQzngZogL6t5HZVOYN
gwcR1/dq6Gp6IlW5ZfWBQUGjNvpGb3PooyYXgoO7J6/kDBw5iyuIMP68KSyVcqXbxw+Pe+41Bunc/oRP7yUq5nM=
8V6iJlzab9PNe1+T237LTgXBnfVvEhGyumbkOxxPLz+4QugzvZhNOhm6rWdpb6rQsoEFt2ZAMOAHFJtuyzup08bEQKmImTKiSnfBOSTmfQ==
bpWmUHef497Z7EyIqlUxfm4Fy/sfSgZpnYXrQqkB2Wn5NF/R04gOAg2Mzwl2221SBbs4+65G0OS0/mt6pR/5Z0vlsQm8u2POMyHmfg==
+29uv+kgwCpBaf0m7cNvW83zktLf512ezk5c+vtk2caPxyo5FaQBoQjFghQYokCUy9QZmGHxLBjh1/CJS+gnK+Zw
wUAeJo5fDXLat5iqM8TDg4sBokCNC7JztfZ3Zt3XSf/l7yZI1nFBf1pgLOgDBL9Wh/vlK6dRxCwT+c7qjkflISjmcQ==
kN7FQLDvlXkbaZarHNnc54gBokCNC7JztfZ3Zt3XSf/l7yZI1nFAf1pgLOgDBL9Wh/vlK6lSxCwT+c7qjkflISjmcQ==
JKVp88FogVvcTkkImguiWR5hpoIkA+6zAZ8pMGR1acMNNi+2pTch7+3vLlg+EbgvgiCUWFvk16YPe22bDPMcXOu5Frq2Z80xIOZ5
Gp0EdabhHVD0mEngn6A7fZjDzgkOj6MvNwObL1i0qIk/gySQUhR9/MGq+Rub19+put5sCbAW8L+b3VbmDw==
g76V4hdS0YJlqUWmeYaE3Up54LLLC/Z7mR/cWOY+vuZbUf/im6svr+wcBNnj2/DwpmyBjC3CLVtPf3YbBmbYqeTOrG/3NSLmew==
uVI3LW2zHoM39tyrpv5dT+dandR2Ci4WnS48KShDP8ZOLkym5mBPFDEPSElXKHaL5K/o0dCgZ1/vHsXvrZtyPqQodY7epfD5h2NLLwhUGMkvo3QQ4nSNvFFKyRtrd01qivGcieD24P9rfQbmXw==
Dn45qjzNh9CtNtHQThSmIUhkIGaYwHqMn1KJ9N5F/1ndDXf5+5y2g87J0aTwE1IjfmFGzNHHCbJjjws3lOYSRCM+CGlGocEvje/OGF6RGW+iILQYu2S3Zu97TVutcLyVj7nx+tbnbXEA5lk=
ZiFyvjMlMSVYSQPKtZwhMc1G6wucBqo0u/5weZ7BSf/l7yZI1nFBf1pgLOgDBL9Wh/vlK6dVxCUX+cnqjkflISjmcQ==
/eRuzTmqKyJabvg5QVYYnhocassiqXnBqfwfGYOgLiodhM8BZvNNelVzeDP+7nBMJHbr8jW3XM8eLvHG7JND5iMp5nY=
NQLwZTzpyYlUF/TPohZGCEp54LLLC/Z7mR/cWOY+vuZbUf/im6svr+wcBNnj2/DwpmyBjC3CLVtPf3ccBmDdqePOrG/3NSLmew==
NqTDUWLZghoHt/DbzMbxdkhkIGaYwHqMn1KJ9N5F/1ndDXf5+5y2g87J0aTwE1IjfmFGzNHHCbJjjws3lOYSRCM+CGlGocEvje/OGF6RGW+iILQYu2S3Zu97TVugcbyXj7nx+tbnbXEA5lk=
5nBK3gPub/p9UiWngjKcKM1G6wucBqo0u/5weZ7BSf/l7yZI1nFBf1pgLOgDBL9Wh/vlK6NSxCcX+cnqjkflISjmcQ==
n+gxMu7RKAaE8rVyHkiIShocassiqXnBqfwfGYOgLiodhM8BZvNNelVzeDP+7nBMJHbr8jWyXs8dLvHG7JND5iMp5nY=
vdF9y5EZlNE2sovwJU8slkp54LLLC/Z7mR/cWOY+vuZbUf/im6svr+wcBNnj2/DwpmyBjC3CLVtPf3AcBmPdqePOrG/3NSLmew==
g5ThBz+FW5DQGw/utBJfMUYdq6BfaWvUvsNx40vgDe/i8wJ8pqUbdV3IQUoPS7KVpWhZTWgpmhgojpjYC5jBNtF9sfCBPKhFe8Q/J+Z8
JqgemnUeE7nodoV99KIsWEu062ufJd1RyC+yNGbt6y198FFCD0OirYUwqQWoYSrASHYIUIsQUUIxJQE4wfTYnVv8Ly/mdA==
vtv8MwjTBTeKkoxRjAqUTl1cv1tzAnuK0nznjX5n7uI9hX8F6U+ulNB/UhcJlfGlx6LpwVxdOzgt5TMPH4HKD2KTwpymhdvV3WiBag9rcjUlyJltaMlaeKhuWLgLeIFTVZ3wkIEc6OX7ZH8H5lw=
kzaSRj6gB8ymxS84ZLRb581G6wucBqo0u/5weZ7BSf/l7yZI1nFBf1pgLOgDBL9Wh/vlK6JRxCYX+cnqjkflISjmcQ==
GquoR25cqqkVkWL1djjh3BocassiqXnBqfwfGYOgLiodhM8BZvNNelVzeDP+7nBMJHbr8jWzXc8cLvHG7JND5iMp5nY=
ac3WoBmWgmYYtnDDLbysKVO8/WfSdJFDgWW8O27s52528FFCD0OirYUwqQWoYSrASHYIUIsQUUI2JQA4wfTYnVv8Ly/mdA==
dF+r5neSD7N7YhlghasKs+Psop+Y1KrWS2uexYqMlR+Dk1k9OipI9d6RiRd1K08YdbfMz8+mlY9fqb9jbqEKyX5KVjePq4WiTazPKTZ77TJFWzibbqZQRHTea1plu3+HjIax7vzb425zAeZe
PN57P8W7mJLJratdZUCntkhkIGaYwHqMn1KJ9N5F/1ndDXf5+5y2g87J0aTwE1IjfmFGzNHHCbJjjws3lOYSRCM+CGlGocEvje/OGF6RGW+iILQYu2S3Zu97TVugdbyWj7nx+tbnbXEA5lk=
SoMyvx7ZU4oFKoSa0o6A/s1G6wucBqo0u/5weZ7BSf/l7yZI1nFBf1pgLOgDBL9Wh/vlK6NQxCEX+cnqjkflISjmcQ==
Bwu3jmMeFNuY7UvPIE1M3xocassiqXnBqfwfGYOgLiodhM8BZvNNelVzeDP+7nBMJHbr8jWzXM8bLvHG7JND5iMp5nY=
WoFHmade9/op1LBkCHiqiUp54LLLC/Z7mR/cWOY+vuZbUf/im6svr+wcBNnj2/DwpmyBjC3CLVtPf3oZBmXdqePOrG/3NSLmew==
aiAPcakcKorBFrxUKgES5GNapxpRjKuG4f3a/QaGtrMnV7W2lQBPjf5n/cb915hfBpqgEOwyqz5tYi8zc8rR6tSnU/orLeZ6
4WgYLIOq2p3eQtQZtHCY0ks1JnAAJT44C7GZ4RZYYruo/eJXLuHbO195Zc248wpohvHTMQ0s6d6P3xpx9SyRGUg9khw46rAMS0xpX0D5P2QhaGABKyAXM+Zo
00zbmsTajUXBW91yquuUfUgQKIqTz/SPZvwCbF+elAFyUdV3YW+iwErhLYc+gEgwr7QDHkO7IWNfJSh5M9nt0qJX+Sks5nU=
RQKOKPnIzqvuXhuUcLDcB0u062ufJd1RyC+yNGbt6y198FFCD0OirYUwqQWoYSrASHYIUIsQUU8xJQc4wfTYnVv8Ly/mdA==
Q6ywULwhiZvXY4EIhTwQEM1G6wucBqo0u/5weZ7BSf/l7yZI1nFBf1pgLOgDBL9Wh/vlK6dVxCEX+cnqjkflISjmcQ==
aq6Muu0w9lId7y9xrLnzTxocassiqXnBqfwfGYOgLiodhM8BZvNNelVzeDP+7nBMJHbr8jW9Wc8bLvHG7JND5iMp5nY=
2Lkd2/RziX7uuef4SrkO0R5hpYIkA+2zAZ8qMGR1acMNNi+2pSoh7+3vLlg+EbkvgiCUWFvk16YPe22bCPMcUO+5Ebq2Z80xIOZ5
+UKhx2I4NcBlPfoipGAgeZjDzgkOj6MvNwObL1i0qIk+gySQUhR9/MGq+Rub19etut9pCbcW8L+b3VbmDw==
RDHP8bdlVnnd3ZcjW13Kun03LBu4MX76+0xe3mV4T4Xuf93vze/Yl1ZCwPicyiu2/f6Mm8ByEaIE/7OS21Xmcg==
9o2TMvcFVxi4sjh3kLq5nc1G6wucBqo0u/5weZ7BSf/l7yZI1nFAf1pgLOgDBL9Wh/vlK6JRxCIX+cnqjkflISjmcQ==
5C6FvLmU2++OH+r5JubptRocassiqXnBqfwfGYOgLiodhM8BZvNNe1VzeDP+7nBMJHbr8jWyXc8YLvHG7JND5iMp5nY=
Y323w3JNE7Be2OdqZVpnLn03LBu4MX76+0xe3mV4T4Xuf93vze/Yl1ZCwPicyiu2/fuPm8ByEaIE/7OS21Xmcg==
87EuYTnI1bjycfMV+q1220Ydq6BfaWvUvsNx40vgDe/i8wJ8pqUbdV3IQUoPS7KVpWlZTWgpmhgojpjYC5jBMtF9tPCBPKhFe8Q/J+Z8
LICUQqdXh5dEX6J7YuEnRUu062ufJd1RyC+yNGbt6y198FFCD0OirYUxqQWoYSrASHYIUIsQUU4xJQQ4wfTYnVv8Ly/mdA==
kaZq/c3ZQUqU05q88H/G20tkIGaYwHqMn1KJ9N5F/1ndDXf5+5y2g87J0qTwE1EjfmFGzNHHCbJjjws3lOYSRCM+CGlGocEvje/OGF6RGG+iILQYu2S3Zu97TVuhcrydj7nx+tbnbXEA5lk=
OPbTohhmuNHlYKnpBBT+X81G6wucBqo0u/5weZ7BSf/l7yZI1nFAf1pgLOgDBL9Wh/vlK6BTxC0X+cnqjkflISjmcQ==
k5LoEFLAbGMSy+u+/uo9xRocassiqXnBqfwfGYOgLiodhM8BZvNNe1VzeDP+7nBMJHbr8jWwX88XLvHG7JND5iMp5nY=
7DUwiDg9uPFFBRjstJDc5B5hpoIkA+6zAZ8pMGR1acMNNi+2pSoh7+3vLlg+EbgvgiCUWFvk16YPe22bDfQcXe+5Ebq2Z80xIOZ5
qppLvmH/asqOGRGq5stoagXBnfVvEhGyumbkOxxPLz+4QugzvZhNOhm6rWdpb6rQsoEFt2ZAMOAHFJtuyzup08XFQK+KmTWiSnfBOSTmfQ==
na7A/bHs5/rivvuKo+KBtG4Fy/sfSgZpnYXrQqkB2Wn5NF/R04gOAg2Mzwl2221SBbs4+65G0OS0/mt6pRv5Z03nsQ68u2POMyHmfg==
PriL6NdGokk7q6kWfp6a9kp54LLLC/Z7mR/cWOY+vuZbUf/im6svr+wcBNnj2/DwpmyBjC3CLVtPf3oZBmDfqePOrG/3NSLmew==
ZlmEMbIrOM1dbi2VvG2hDQS+IHWnmr0Udjaz66sRSE2w1Betvs9IohB2dozvHgRhopGFl3FvsqCaoX1nrgD4UF/0M/4zuxFDr2OY3EFZfXJyFykJPOZl
HuMG3013je+C7H7kLPCFvwnHirp4UQC96HT/PQZPMDK4Fq48p95MMVqxrWdpb6rQsoEFt2ZAMOAHFJtuyzup083DQKyJmTWiSnfBOSTmfQ==
PcRLgIt3DIVjxp0QPpJrmGID3LQICRdmz5fwRLMBiim+KlbXz8sFAg2Mzwl2221SBbs4+65G0OS0/mt6pRn5Z07ksQ68u2POMyHmfg==
B1QCO5HMZglAbriR+L1KDAnHirp4UQC96HT/PQZPMDK4Fq48p95MMVqxrWdpb6rQsoEFt2ZAMOAHFJtuyzup08XAQK+JmTWiSnfBOSTmfQ==
AqMBbDDQzZ/HeblQEVsqY0UXfYqPz6fPIOJAY0XYlQoxR9V3YW+iwErhLIc+gEgwr7QDHkO7IWNZISh/Mdnt0qJX+Sks5nU=
suPnPj4PZvvmaEaUZfyxzBocassiqXnBqfwfGYOgMyodhM8BZvNNe1VzeDP+7nBMJHbr8jW1Xs8dLPHG7JND5iMp5nY=
L5N/i3Oom1h56KHP33u5q2TG5+EhNbGGCxghug+70kXl2fnd6Ll6aOjeuOgLqOHnlo3RYgGsCPW7lN9X5gw=
347dAMUFoTzagHlvggMoI82B7MOeol3ZmkJBu6s22dGT3h19D/AWoxLRhQUYokCUy9QZnGbxKR/h0PCJS+gnK+Zw
1eAD6LSye5jTMF9Wtp5ox2uNvk3vJs5bxGa6MCCxxx51uFFVE1qV6Z9kvhS9cTfRSHYIUIsQUUg2JQE7wfTYnVv8Ly/mdA==
HCi+XMOfly8jW7ZMHkSXUsyB7MOeol3ZmkJBu6s22dGT3h19D/AWoxLRhQUYokCUy9QZm2bxKR/h0PCJS+gnK+Zw
2pwiajz7YuA1Ss5ti1nD4GuNvk3vJs5bxGa6MCCwxx51uFFVE1qV6Z9kvhS9cTfRSHYIUIsQUU82JQE7wfTYnVv8Ly/mdA==
pQA8uHtO0lzZCBkzb1VEjw2v9nrKaaYXznb1fTrm6S87olFVE1qV6Z9kvgeydS3RSHYIUIsQUUI3JQE7wfTYnVv8Ly/mdA==
U6+RFLJAoP9135eor35oa2MJpZ4iAfynXcp/cTllaZEPLDOp1ylp7/rzN296C+04kzWERUrk16YPe22bAfMcV+y5Ebq2Z80xIOZ5
5AWs6MFxvEpy2dX7bUnS6Ayv9nrKaaYXznb1fTrm6S87olFVE1qV6Z9kvgeydS3RSHYIUIsQUUswJQE7wfTYnVv8Ly/mdA==
YLPAtl5NtaZ5oaaJ5Wl8amMJpZ4iAfynXcp/cTllaJEPLDOp1ylp7/rzN296C+04kzWERUrk16YPe22bCPQcV+y5Ebq2Z80xIOZ5
aDg7QoQR+y/b99CkTow4WrPacwjs7XtA3wefFunCBhaFQwBQf43igbI+XkYrQZH7n02ni9EUUf9Vp2FOYeXk3Jay1CweaUSMWtL4YLca7D7I1sgwi/AR7LBFQNvB1Bg92xxvD+ZU
RUbV5f/J1e18ueBxCfYkWuPzo8be2KvXTirJhc3cz0Xz0hh8TCRLt4rLzEgWJRBcZ6aGi86sid1KqOtJdPJIpjkRQjyUvcKCCOLeIxA6snBUHieAaLhQRHTea1plv3mHjIWx7vzb425zAeZe
FNsnh9fvZ19KybxhHoqpZLPacwjs7Xsbih2IHfPTKxazVjURCu6A07g+CxlWUYrq0Q+2hssjQORApDUOcsawm7qw1CweaUSMWtL4YLca7D7I1sgwi/AR6rRFR9vB1Bg92xxvD+ZU
VWCJVH1m1BPs0HgC0BdH3pjDzgkOj6MvNwObL1i0qIk9gySQUhR9/MGq+Rub19qoutxqCbcW8L+b3VbmDw==
P/iGj7OHBwhKJ8vn8k9LREp54LLLC/Z7mR/cWOY+vuZbUf/im6svr+wcBNnh2/DwpmyBjC3CLVtPf3AZBmTeqePOrG/3NSLmew==
VRKV7jb+9HdFvVS1lxVk+kcdq6BfaWvUvsNx40vgDe/i8wJ8pqUbdV3IQUoPS7KVpWpZTWgpmhgojpjYC5jBMNZ9tvOBPKhFe8Q/J+Z8
lBNR9wEIUciu6dryH6E9wXWetKmgs5dmNp6UZt4wEzHaH0BIQC6YqqPj2RAaVB7qEvFWb3Zr3JQYWC1OJnWoma9zQy8ARDAp9fMMUDqENdw5+kGb4wfgzHJMwsnfJjjfA20O5lc=
y8qnQMqQgi3/7mMDfgN0p0gQKIqTz/SPZvwCbF+elAFyUdV3YW+iwErhL4c+gEgwr7QDHkO7IWNUJCh4MNnt0qJX+Sks5nU=
CNU2BDs73D+m2FziordBtEul+mufJd1RyC+yNGbt6y198FFCD0OirYUyqQWoYSrASHYIUIsQUUgxJQY7wfTYnVv8Ly/mdA==
YK6KaTaEHSx4k0MFVZ9Fz0u062ufJd1RyC+yNGbt6y198FFCD0OirYUyqQWoYSrASHYIUIsQUU4xJQY7wfTYnVv8Ly/mdA==
7cOWFPPw8h8z6rXjdN9dNc1G6wucBqo0u/5weZ7BSf/l7yZI1nFDf1pgLOgDBL9Wh/vlK6dVxCAU+cnqjkflISjmcQ==
vPaz6SpeYhmn9+PHqYGxoRtVJdsHSN3daXr9R1lvmvBiwffX9sCAQFfU647bO7nz9ICQy3gZpQL6t5HZVOYN
UXccCDGTgkL1BM9Zuxlptkp54LLLC/Z7mR/cWOY+vuZbUf/im6svr+wcBNnh2/DwpmyBjC3CLVtPf3EZBmfeqePOrG/3NSLmew==
MUwT4EEkZYFrEEJEAjdQyEYdq6BfaWvUvsNx40vgDe/i8wJ8pqUbdV3IQUoPS7KVpWpZTWgpmhgojpjYC5jBMdd9tfOBPKhFe8Q/J+Z8
fXDOl2UedaPizEWbJzRNVUs1JnAAJT44C7GZ4RZYYruo/eJXLuHbO195Zc248wpohvHTMQ0s6d6P3xpx9S6RGUg9khw46rAMS0xpX0H5PWchaGABKyAXM+Zo
Y2SSLUDUU3wDnlhT3guVZ0gQKIqTz/SPZvwCbF+elAFyUdV3YW+iwErhL4c+gEgwr7QDHkO7IWNfICh6MNnt0qJX+Sks5nU=
ueeautQq9vM2PWJ2p7zM/ku062ufJd1RyC+yNGbt6y198FFCD0OirYUyqQWoYSrASHYIUIsQUU00JQQ7wfTYnVv8Ly/mdA==
ljv5s0OwTCzDS6e6wBUdcM1G6wucBqo0u/5weZ7BSf/l7yZI1nFDf1pgLOgDBL9Wh/vlK6hQxCIU+cnqjkflISjmcQ==
FL9I+Cw9p1AXCvhfrlQWextVJdsHSN3daXr9R1lvmvBiwffX9sCAQFfU647bO7nz9oGQyngZpQL6t5HZVOYN
l0+MiVFjQBBL3bHAK9Mgs5jDzgkOj6MvNwObL1i0qIk8gySQUhR9/MGq+Rub19yqut5qCbcW8L+b3VbmDw==
9ZR2nttq5M6X3xOwFqkTv0p54LLLC/Z7mR/cWOY+vuZbUf/im6svr+wcBNng2/DwpmyBjC3CLVtPf3QaBmbeqePOrG/3NSLmew==
9PZA+irOZSibQZ5SLQxmEEcdq6BfaWvUvsNx40vgDe/i8wJ8pqUbdV3IQUoPS7KVpWtZTWgpmhgojpjYC5jBNNd9tPOBPKhFe8Q/J+Z8
NqL+N7PFko0dDNnSRYe+QpxO2T0UzjpR4uF6V2bXuMuUDxhQUoS2iophzu/u+0Q0cIjlDm5FQLnXQ7sveHTICZzDxJBy1N18oWrZG3uXeS3aHgoJl1YQPzsdNuZv
gP13esxXqFsTBpefU75prEgQKIqTz/SPZvwCbF+elAFyUdV3YW+iwErhLoc+gEgwr7QDHkO7IWNVJSh6MNnt0qJX+Sks5nU=
2dai+vYdAOm3pVZ0A4xoFEu062ufJd1RyC+yNGbt6y198FFCD0OirYUzqQWoYSrASHYIUIsQUUg0JQs7wfTYnVv8Ly/mdA==
uEe2yVrp3RAp9hiktEyDX81G6wucBqo0u/5weZ7BSf/l7yZI1nFCf1pgLOgDBL9Wh/vlK6NQxC0U+cnqjkflISjmcQ==
7KCOQRgzOqeDMoSEiIi6fBtVJdsHSN3daXr9R1lvmvBiwfbX9sCAQFfU647bO7nz84CQxXgZpQL6t5HZVOYN
N0m9IOEgaSelFEeoWgUKRUp54LLLC/Z7mR/cWOY+vuZbUf/im6svr+wcBNng2/DwpmyBjC3CLVtPf3IZBmneqePOrG/3NSLmew==
pfzkiemWRhrr1eRpWIx+ykYdq6BfaWvUvsNx40vgDe/i8wJ8pqUbdV3IQUoPS7KVpWtZTWgpmhgojpjYC5jBOtV9u/OBPKhFe8Q/J+Z8
KoSPvjjpeKkIz0uOrebCwks1JnAAJT44C7Ga4RZYYruo/eJXLuHbO195Zc248wpohvHTMQ0s6d6P3xpx9S+RGUg9khw46rAMS0xpVUf5M2chaGABKyAXM+Zo
d8ydiLRZ4Es7cBcjm2zW8kgQKIqTz/SPZvwCbF+elAFyUdV3YW+iwErhLoc+gEgwr7QDHkO7IWNbIyh1MNnt0qJX+Sks5nU=
AuPvQw91oJR4qIIN6FxD8Eu062ufJd1RyC+yNGbt6y198FFCD0OirYUzqQWoYSrASHYIUIsQUUkwJQs7wfTYnVv8Ly/mdA==
nLvlcnMwg8Cim+12FvSUTM1G6wucBqo0u/5weZ7BSf/l7yZI1nFCf1pgLOgDBL9Wh/vlK6JUxC0U+cnqjkflISjmcQ==
mkBjhRQC+ApwQX68mWf4cxtVJdsHSN3daXr9R1lvmvBiwfbX9sCAQFfU647bO7nz84SQxXgZpQL6t5HZVOYN
Bj+8/lD6EjNe5rB0GKQr3kp54LLLC/Z7mR/cWOY+vuZbUf/im6svr+wcBNng2/DwpmyBjC3CLVtPf3YdBmneqePOrG/3NSLmew==
OEOCS5tRPB13GjsfCee/rtNmEzADiCvcPCMmFu2xF2HJpUO7whtbEwmQ5sfRlx03IHwGBvtE5FBf2gX7sieq+AZhM2FNHAnuj+/6QbV/cYnIrTLMeJqQ/Es8SaKGqZvwofgA0esQdwPmWA==
go2PUnep10dYF24N6OLIpM1G6wucBqo0u/5weZ7BSf/l7yZI1nFCf1pgLOgDBL9Wh/vlK6ZSxCUT+cnqjkflISjmcQ==
3jtSCAsGjuwgNzKSXI+G8hocassiqXnBqfwfGYOgLiodhM8BZvNNeVVzeDP+7nBMJHbr8jW3X88fKvHG7JND5iMp5nY=
M/pX2qphqgs1CJJ0qYFV60p54LLLC/Z7mR/cWOY+vuZbUf/im6svr+wcBNnh2/DwpmyBjC3CLVtPf3UcBmHZqePOrG/3NSLmew==
gSDMPXtvDAAG/HoUA15eU76rspWOCeO8i+12WOANTgALiejJ93AzY2m09r6b3HTY31KVY1Kf2rDGqQMZbQQZ5o/n6lmVBkFBCOVCdJgCAHTLtNk65RFqOOGwMCnLCGcL5lA=
E+/uZcgOze7+mrYK31JR5c1G6wucBqo0u/5weZ7BSf/l7yZI1nFDf1pgLOgDBL9Wh/vlK6dRxCQT+cnqjkflISjmcQ==
bL6XqofEDXqHrr2199RqGxocassiqXnBqfwfGYOgLiodhM8BZvNNeFVzeDP+7nBMJHbr8jWyXs8eKvHG7JND5iMp5nY=
4TnkqNRkCV/yjN+/J0ztWBBSJtXMweeXLqUeK1GWkx4xWtV3YW+iwErhL4c+gEgwr7QDHkO7IWNZIyh8N9nt0qJX+Sks5nU=
Aow4NIBOmeNKi4A5Pix8MhBSJtXMweeXLqUeK1GWkx4xWtV3YW+iwErhL4c+gEgwr7QDHkO7IWNeJCh8N9nt0qJX+Sks5nU=
cC2V+WKoPXHbEuzYQY4iYxYpoOuXV6s5iFScFLB3v+ZdQv/im6svr+wcBNng2/DwpmyBjC3CLVtPf3IdBmDZqePOrG/3NSLmew==
KrAJXGmTj3gXCPpfccp4S26xrkP16nHP3e8eeO5Ra08SoGQ4q6Qnxh97fbsxsqzyWzmBGuanndFQ5gk=
VNujxwx62wJdeENZ5EpLKW6xrkP193HP3e8eeO5Ra08SoGQ4q6Qnxh97fbs5s6zyWzmBGuanndFQ5gk=
nE5ABcIihZAD7SIPqDH7F5OaBRKbjKk+jz9a0XVOUXlIHdK8uArwLEtsqTPHWfxAIYgg4auA11PmCA==
3QKA3WgPPoqmasCGFzjzoxYpoOuXV6s5iFScFLB3v+ZdQv//m6svr+wcBNnh2/DwpmyBjC3CLVtPf3oaBmjZqePOrG/3NSLmew==
ivZ/oZMSnxocIvRe+tHY0YsBokCNC7JzpvZ3Zt3XSf/l7yZI1nFDf1pgLOgDBL9Wh/vlK6NTxCwT+cnqjkflISjmcQ==
lIsBfYogOtIpz1GzkWw+yYsBokCNC7JztfZ3Zt3XSf/l7yZI1nFDf1pgLOgDBL9Wh/vlK6dTxCwT+cnqjkflISjmcQ==
6v13J4rhglqkeMOAUoZ+4BBSJtXMweeXLqUeK1GWkx4xR9V3YW+iwErhL4c+gEgwr7QDHkO7IWNdJCh0N9nt0qJX+Sks5nU=
199OnjaBgqKzdnsFrMJmLxYpoOuXV6s5iFScFLB3v+ZdQv/im6svr+wcBNng2/DwpmyBjC3CLVtPf3ocBmjZqePOrG/3NSLmew==
wWzcL2mHPUIEMQxFBICnwi1Y1O0/oGV6SXsCSSifrdYOBmzCxnzJzo/POiE1nzHpyI1ybPg60BxLXIkBAQlS0KEYwLFr8Dcj5ng=
0kPy+trmZPqmF1FKMFW5lIgBokCNC7JztfZ3Zt3KSf/l7yZI1nFCf1pgLOgDBL9Wh/vlK6BQxCUS+cnqjkflISjmcQ==
h8qTyDz5Jq0FRqn95BHPshBSJtXMweeXLqUeK1GWkx4xWtV3YW+iwErhLoc+gEgwr7QDHkO7IWNaICh9Ntnt0qJX+Sks5nU=
wAZC7uYVGI2IPFwUQlR/rcuB7MOeol3ZmkJBu6s22dGT3h19D/AWoxLRhQUYokCUy9QZnmfxKBnh0PCJS+gnK+Zw
Yab/Mi6khaoEBlb9m1S3HWuNvk3vJs5bxGa6MCC3xx51uFFVE1qV6Z9kvhS9cTfRSHYIUIsQUUo3JQA9wfTYnVv8Ly/mdA==
9+f5bxFZl/b9UbPWNoCKRLDRP6HjiwizxQtwAwdsU2suxtFMfeI9W1+fKthWhU0pki7cr4fVUuYL
YvrWhFo6Vojyvk5Y/GR9SrPacwjs7XtA3wefFunCBhaFQwBQf43igbI+XkYrQZH7n02ni9EUUf9Vp2FOYeXk3Jay1CweaUSIU8X/YLca7D7I1sgwi/AR4rBFRNjB1Rg92xxvD+ZU
gLsWwcy17qRpcoqcf61bVOPzo8be2KvXTirJhc3cz0Xz0hh8TCRLt4rLzEgWJRBcZ6aGi86sid1KqOtJdPJIpjkRQjyUvcKCCOLeIxA+u2dTHieAaLhQRHTea1pltHiHiIax7/zb425zAeZe
98C+ICaIzN4ditGU9NS5+s/dyRwVhdExfwOMM0GD7JNrlDeLSh59/MGq+Rub19esut5pCbYW8L+b3VbmDw==
na6DFykjs6Rkacvngzqv7w2v9nrKaaYXznb1fTrm6S87olFVE1qV6Z9kvgeydS3RSHYIUIsQUUsxJQQ4wfXYnVv8Ly/mdA==
75oxKPcxDP6hIzpffH/YtWMJpZ4iAfynXcp/cTllaZEPLDOp1ylp7/rzN296C+04kzWERUrk16YPe22bCPUcUu+5ELq2Z80xIOZ5
F4ykBD76CMTAFpltIJVVdrPacwjs7XtA3wefFunCBhaFQwBQf43igbI+XkYrQZH7n02ni9EUUf9Vp2FOYeXk3Jay1CweaUSMWtL4YLca7D7I1sgwi/AR67FFRNjB1Rg92xxvD+ZU
3cJoFWyuG+ZCf1yc5fFqRePzo8be2KvXTirJhc3cz0Xz0hh8TCRLt4rLzEgWJRBcZ6aGi86sid1KqOtJdPJIpjkRQjyUvcKCCOLeIxA6snBUHieAaLhQRHTea1plvXmHiIax7/zb425zAeZe
JXL7zV1yHhE6CM5HVk+cNZjDzgkOj6MvNwObL1i0qIk9gySQUhR9/MGq+Rub19youtFpCbYW8L+b3VbmDw==
+1OsiGQmGzCOeaQ+KUOOq0p54LLLC/Z7mR/cWOY+vuZbUf/im6svr+wcBNnh2/DwpmyBjC3CLVtPf3AZBmndqeLOrG/3NSLmew==
8OpCDf6z4SQsqNevJ9PIrlyC0eU7X0Dl5jOhdRIBNia4Fq48p95MMVqxrWdpb6rQsoEHt2ZAMOAHFJtuyzup08PBQKSLmTSiSnfBOSTmfQ==
OjLj/BbTmcInq0EvflO9wFyC0eU7X0Dl5jOhdRIBNia4Fq48p95MMVqxrWdpb6rQsoEHt2ZAMOAHFJtuyzup08fCQKSLmTSiSnfBOSTmfQ==
ZMylD1D/WAhKw+lSn+XUU81G6wucBqo0u/5weZ7BSf/l7yZI1nFDf1pgLOgDBL9Wh/vlK6BTxCwX+cjqjkflISjmcQ==
Kh848urN1n0i1QXp7D0MBRBSJtXMweeXLqUeK1GWkx4xWtV3YW+iwErhL4c+gEgwr7QDHkO7IWNYIyh0M9ns0qJX+Sks5nU=
G509CL5JIvlUJ5/Az8OcBBBSJtXMweeXLqUeK1GWkx4xWtV3YW+iwErhL4c+gEgwr7QDHkO7IWNfJCh0M9ns0qJX+Sks5nU=
0wMgMV8yBnS65jOMfjkZ+Quv9nrKaaYXznb1fTrm6S87olFVE1qV6Z9kvgeydS3RSHYIUIsQUU41JQs5wfXYnVv8Ly/mdA==
Xgc4pXq9pok/4Qv7ojm0j2MJpZ4iAfynXcp/cTllb5EPLDOp1ylp7/rzN296C+04kzWERUrk16YPe22bDfEcXe65ELq2Z80xIOZ5
NIUZOcmjM3cW/J6Yxre72Aqv9nrKaaYXznb1fTrm6S87olFVE1qV6Z9kvgeydS3RSHYIUIsQUU01JQs5wfXYnVv8Ly/mdA==
fwRvP/ARtMd5crMVzvsjvWMJpZ4iAfynXcp/cTllbpEPLDOp1ylp7/rzN296C+04kzWERUrk16YPe22bDvEcXe65ELq2Z80xIOZ5
pB5fdnlkgJBtN0XKklW/rQmv9nrKaaYXznb1fTrm6S87olFVE1qV6Z9kvgeydS3RSHYIUIsQUUs2JQs5wfXYnVv8Ly/mdA==
wykSIbHxKWRSfx2ZwV7ljWMJpZ4iAfynXcp/cTllbZEPLDOp1ylp7/rzN296C+04kzWERUrk16YPe22bCPIcXe65ELq2Z80xIOZ5
P36D0pUoOAifJGgANk9G8MqB7MOeol3ZmkJBu6s22dGT3h19D/AWoxLRhQUYokCUy9QZlmbxIx3h0fCJS+gnK+Zw
f3wCMGRu6csr1TabsBPH+2uNvk3vJs5bxGa6MCC2xx51uFFVE1qV6Z9kvhS9cTfRSHYIUIsQUUI2JQs5wfXYnVv8Ly/mdA==
pqEYgyv0MbNHZQYKVyqDacmB7MOeol3ZmkJBu6s22dGT3h19D/AWoxLRhQUYokCUy9QZnGfxIx3h0fCJS+gnK+Zw
wA9VrB4KZL7VID99GFKF52uNvk3vJs5bxGa6MCC1xx51uFFVE1qV6Z9kvhS9cTfRSHYIUIsQUUg3JQs5wfXYnVv8Ly/mdA==
uDaGg5kvbODF8v/wS6UvDqYCD28adnpIFq9EEs23yl9dM7QzebPUs0OkbkoOw8RcWTphmwNHTkzSASDJ/uaYX+MtLuZ3
T6bwzVcKhPthTh/l3KhcpacCD28adnpLFq9EEs23yl9dM7QzebPUs0OkbkoOw8RcWTphmwNHRU3SASDJ/uaYX+MtLuZ3
j4evHXtlRkR7FOKH7+pNxLPacwjs7XtA3wefFunCBhaFQwBQf43kgbI+XkYrQZH7n02ni9EUUf9Vp2FOYeXk2pay1CweaUSMWtL4YLca7D7I1sgwi/AR77RFStnB1Rg92xxvD+ZU
beic9+sEYIVq/vKs1YvCAuPzo8be2KrXTirJhc3cz0Xz0hh8TCRNt4rLzEgWJRBcZ6aGi86sid1KqOtJdPJIpjkXQjyUvcKCCOLeIxA6snBUHieAaLhQRHTea1plvn2Hhoex7/zb425zAeZe
fSP0EgZ+DFPyzBaYmKrpi+Pzo8be2KrXTirJhc3cz0Xz0hh8TCROt4rLzEgWJRBcZ6aGi86sid1KqOtJdPJIpjkWQjyUvcKCCOLeIxA6snBUHieAaLhQRHTea1pltX2Hhoex7/zb425zAeZe
4nDv4xL/2v3SNCrpOz4ccLPacwjs7Xsbih2IHfPTKxazVjURDO6A07g+CxhWUYrq0Q+2hssjQORApDULcsawm7qw1CweaUSMWtL4YLca7D7I1sgwi/AR7LZFStnB1Rg92xxvD+ZU
RMyHjrvM7Di0E4NR/TsudZjDzgkOj6MvNwObL1i0qIk7gySQUhR9/MGq+Rub19uputprCbYW8L+b3VbmDw==
scotWmlBgFzRCxnVeBIkJkp54LLLC/Z7mR/cWOY+vuZbUf/im6svr+wcBNnn2/DwpmyBjC3CLVtPf3AaBmLfqeLOrG/3NSLmew==
xyQ0WqlbZc9w1HML8SSVSEcdq6BfaWvUvsNx40vgDe/i8wJ8pqUbdV3IQUoPS7KVpWxZTWgpmhgojpjYC5jBOtZ9sPKBPahFe8Q/J+Z8
8n4m2la/cWp7KlIcfIRWWryrto6NCeepie1zQ+IDShsIh+DR9nAxdGilsr+OiWvD3wHVJRib2rDGqQMZbQQZ5o/n6lmVAEFBCOVCdJgCAHTLtNk25xFoPuGxMCnLCGcL5lA=
LxV1VYAnPAkQHxnsJ1cov0gQKIqTz/SPZvwCbF+elAFyUdV3YW+iwErhKYc+gEgwr7QDHkO7IWNfJCh+Mdns0qJX+Sks5nU=
jPJuOfrcA+EBBRlfrYY/60u062ufJd1RyC+yNGbt6y198FFCD0OirYU0qQWoYSrASHYIUIsQUU8wJQA6wfXYnVv8Ly/mdA==
Qf7X0yCSJVS1z0jLm79vjM1G6wucBqo0u/5weZ7BSf/l7yZI1nFFf1pgLOgDBL9Wh/vlK6dUxCYV+cjqjkflISjmcQ==
Nz4QcYvWsXpERKqlpVAvmxtVJdsHSN3daXr9R1lvmvBiwfHX9sCAQFfU647bO7nz/ISQznkZpAL6t5HZVOYN
uJn9c3kLMWIPigoZ/1TbCEp54LLLC/Z7mR/cWOY+vuZbUf/im6svr+wcBNnn2/DwpmyBjC3CLVtPf3QdBmLfqeLOrG/3NSLmew==
+bLaIMi7rFhdKEn+Ute2/0Ydq6BfaWvUvsNx40vgDe/i8wJ8pqUbdV3IQUoPS7KVpWxZTWgpmhgojpjYC5jBMdR9t/KBPahFe8Q/J+Z8
v5Bzm7VV5WmI64yBaT+fYq+N4kKp0mN4/NnhRCFNAoPu4CQoIBIsjWiPSBfibKYkk76YCRZhEQ/97z44DtHNjzKgBPgLJIeG/3tde14xzDF9OWBaBic9ETDmaQ==
Zr/UJy+dQ1U4vapeAalu6xs214V2NQrYWl65796blPQAaFWO/uUQeecjqy9olPhJS2NUEMK0LTzxiukbi7ct6mq9+4kGtkB/yz0m5n8=
zT3mnvz+8POXAX8yOMMETku062ufJd1RyC+yNGbt6y198FFCD0OirYU0qQWoYSrASHYIUIsQUUw2JQc6wfXYnVv8Ly/mdA==
7j+SBwzRCGxKb+4jDtfcos1G6wucBqo0u/5weZ7BSf/l7yZI1nFFf1pgLOgDBL9Wh/vlK6dSxCEV+cjqjkflISjmcQ==
pJ2FaKrtizdIPQoKz21HFRtVJdsHSN3daXr9R1lvmvBiwfHX9sCAQFfU647bO7nz8IOQyXkZpAL6t5HZVOYN
4Fr0nt2K1xUvBpYa3b3FF5jDzgkOj6MvNwObL1i0qIk6gySQUhR9/MGq+Rub19msut1rCbYW8L+b3VbmDw==
0SxxuV1C+4T33k3k5KY9Q0d04LLLC/Z7mR/cWOY+vuZbUf/im6svr+wcBNnm2/DwpmyBjC3CLVtPf3IdBmXfqeLOrG/3NSLmew==
ypc8P6Z9ukC8ootHE6hF/Ep54LLLC/Z7mR/cWOY+vuZbUf/im6svr+wcBNnm2/DwpmyBjC3CLVtPf3YdBmXfqeLOrG/3NSLmew==
rGf4VY/N2M459mvLKQ56eEcdq6BfaWvUvsNx40vgDe/i8wJ8pqUbdV3IQUoPS7KVpW1ZTWgpmhgojpjYC5jBMtV9tvKBPahFe8Q/J+Z8
FLKpa84cxYGDPM9GbZ1PWa+N4kKp0mN4/NniRCFNAoPu4CQoIBIsjWiPSBfibKYkk76YCRZhEQ/97z44DtHMjzKgBPgLJIeG/3tde1wzzDN9OWBaBic9ETDmaQ==
/b9FL9cXoHpxCsAWD1FUCxs214V2NQrYWl65796blPQAaFWO/uUQeecjqy9olPhJSmNUEMK0LTzxiukbi7cm62q/+4kGtkB/yz0m5n8=
UMHjpm8Fmru7dO7cC4MHaUu062ufJd1RyC+yNGbt6y198FFCD0OirYU1qQWoYSrASHYIUIsQUUgwJQU6wfXYnVv8Ly/mdA==
PYQvleIJZab5v8zQFEN0681G6wucBqo0u/5weZ7BSf/l7yZI1nFEf1pgLOgDBL9Wh/vlK6NUxCMV+cjqjkflISjmcQ==
MT8+Vm89iCb+fMPhwyuwjhtVJdsHSN3daXr9R1lvmvBiwfDX9sCAQFfU647bO7nz/ISQy3kZpAL6t5HZVOYN
zmm5tPrNszVxn6QBC2Lxf0p54LLLC/Z7mR/cWOY+vuZbUf/im6svr+wcBNnm2/DwpmyBjC3CLVtPf3sdBmffqeLOrG/3NSLmew==
QY3zwYECRTcwjI3tRO6p50Ydq6BfaWvUvsNx40vgDe/i8wJ8pqUbdV3IQUoPS7KVpW1ZTWgpmhgojpjYC5jBNtR9tPKBPahFe8Q/J+Z8
V8PBWLKF/GfmdQzSWap9pVcz56MLB/lfh/WaubSliRpyV376vfT4NyYpFhP3XX9jccOw8XZedtu379V+pRhPpa6fXUsNj9i3FqJAWFyqK5a9GA47ABARg0QfMzIbNeZS
HOjyrCmmIAVIhGWl5fYX5xs214V2NQrYWl65796blPQAaFWO/uUQeecjqy9olPhJSmNUEMK0LTzxiukbi7cs6mq++4kGtkB/yz0m5n8=
4do1pvEVtM9CTG8B9JdPnku062ufJd1RyC+yNGbt6y198FFCD0OirYU1qQWoYSrASHYIUIsQUUw2JQQ6wfXYnVv8Ly/mdA==
TS+15l/rbQ+19TdK85Dlds1G6wucBqo0u/5weZ7BSf/l7yZI1nFEf1pgLOgDBL9Wh/vlK6dSxCIV+cjqjkflISjmcQ==
shNXDB8HBawe41RfbHQEUhtVJdsHSN3daXr9R1lvmvBiwfDX9sCAQFfU647bO7nz/YOQynkZpAL6t5HZVOYN
ytw6euV9O2kVHwhUOfHq/5jDzgkOj6MvNwObL1i0qIk5gySQUhR9/MGq+Rub19qtut5rCbYW8L+b3VbmDw==
aDTGf9zEwUas4H/zVRGl90p54LLLC/Z7mR/cWOY+vuZbUf/im6svr+wcBNnl2/DwpmyBjC3CLVtPf3IYBmnfqeLOrG/3NSLmew==
6GRzYpQQ0uXUKwmJIg+5n0cdq6BfaWvUvsNx40vgDe/i8wJ8pqUbdV3IQUoPS7KVpW5ZTWgpmhgojpjYC5jBMtV9u/KBPahFe8Q/J+Z8
9ek+F8BR2w/V3zMFP1CirFcz56MLB/lfh/WaubOliRpyV376vfT4NyYpFhP3XX9jccOw8XZedtu379V+pRhPpa6fXUgNj9i3FqJAWFyqK5a9GQ47DxARg0QfMzIbNeZS
eHOHyY7iQqanphj/nPMq70gQKIqTz/SPZvwCbF+elAFyUdV3YW+iwErhK4c+gEgwr7QDHkO7IWNZIih1Mdns0qJX+Sks5nU=
JUYFYCxJ1USHAOpygT3aPku062ufJd1RyC+yNGbt6y198FFCD0OirYU2qQWoYSrASHYIUIsQUUg3JQs6wfXYnVv8Ly/mdA==
908+/Uahii0MwY7mV5jHpM1G6wucBqo0u/5weZ7BSf/l7yZI1nFHf1pgLOgDBL9Wh/vlK6JTxC0V+cjqjkflISjmcQ==
+yjYsRwHv1ZwkXgz2QqtAxtVJdsHSN3daXr9R1lvmvBiwfPX9sCAQFfU647bO7nz84SQxXkZpAL6t5HZVOYN
FBkHnZ1wgTEKPKwx5N6lQ0p54LLLC/Z7mR/cWOY+vuZbUf/im6svr+wcBNnl2/DwpmyBjC3CLVtPf3AdBmnfqeLOrG/3NSLmew==
NWMvSS1A5fNqMK2S4aAhIEYdq6BfaWvUvsNx40vgDe/i8wJ8pqUbdV3IQUoPS7KVpW5ZTWgpmhgojpjYC5jBMtR9uvKBPahFe8Q/J+Z8
uCVbPKyntcgX0lvybMNWEbyrto6NCeepie1zQ+IDShsMh+DR9nAxdGilsr+OiWvD3wHVJRib2rDGqQMZbQQZ5o/n6lmVAkFBCOVCdJgCAHTLtNk45RFiPuGxMCnLCGcL5lA=
xfignkdye60dvI6r69ZcCRs214V2NQrYWl65796blPQAaFWO/uUQeecjqy9olPhJSWNUEMK0LTzxiukbi7cu6mqw+4kGtkB/yz0m5n8=
zIhT5aFIjcZ1Eu5VcVsqTUu062ufJd1RyC+yNGbt6y198FFCD0OirYU2qQWoYSrASHYIUIsQUU02JQo6wfXYnVv8Ly/mdA==
pIozu2+edly0AJRdYqYdvs1G6wucBqo0u/5weZ7BSf/l7yZI1nFHf1pgLOgDBL9Wh/vlK6ZSxCwV+cjqjkflISjmcQ==
z1O/BoVHiXJFyUO0ITZMrBtVJdsHSN3daXr9R1lvmvBiwfPX9sCAQFfU647bO7nz9YCQzXgZpAL6t5HZVOYN
Pfi4oeOKBBMQBGh/Y2IKjkp54LLLC/Z7mR/cWOY+vuZbUf/im6svr+wcBNnn2/DwpmyBjC3CLVtPf3cZBmHeqeLOrG/3NSLmew==
1sOzS8FqV1QH9ksHR4ywaC8QrjrSEkAIGAuQdB32S5bzuUeH0snCoholRktAhpnkpZfdSq/PR49ANqYsf570wdLRdbcBb0KA6mGJx96AaPAPNOPeI7sBI/SgSL/Q2cwSwtcZaQzmVQ==
h9FhOq/nwektNJ6/r1KOYc1G6wucBqo0u/5weZ7BSf/l7yZI1nFFf1pgLOgDBL9Wh/vlK6VRxCcU+cjqjkflISjmcQ==
0rqroXCX7P2D3h9JJEn9QRtVJdsHSN3daXr9R1lvmvBiwfHX9sCAQFfU647bO7nz8oGQz3gZpAL6t5HZVOYN
9g0YJX+vTR4ktzgPAiCs4kp54LLLC/Z7mR/cWOY+vuZbUf/im6svr+wcBNnm2/DwpmyBjC3CLVtPf3QaBmPeqeLOrG/3NSLmew==
hxtQ13ul8tMLjYM8OrJ26eFanMtpEi4Ynzc4PCpDP8ZOLkym5m5KETIBSFdTKH6N5K/q2NOgZ1/vHsXvrZtyPqQodY7epfD5h2NLLwhUGMkqo3QQ4nSNvFFKyRtrd01tivqaieb24P9rfQbmXw==
ufDvi922V5A9htlTTXxl9s1G6wucBqo0u/5weZ7BSf/l7yZI1nFEf1pgLOgDBL9Wh/vlK6JVxCYU+cjqjkflISjmcQ==
WtUpbfeWOSelR5WwJK1idhtVJdsHSN3daXr9R1lvmvBiwfDX9sCAQFfU647bO7nz84WQzngZpAL6t5HZVOYN
o6qjvmysj/5q7xFNxHj1qUp54LLLC/Z7mR/cWOY+vuZbUf/im6svr+wcBNnl2/DwpmyBjC3CLVtPf3EZBmXeqeLOrG/3NSLmew==
YpzLQLnstucUVEVYjZLal7HEcgHi93pB3UTLWKuJXkzwGUYEC43g3edkGwdJUN7qywi8nJ8WXbcCy3JUZs2rjf2QkWIPY2LNBZbpJagB6iDI1sgwi/AR77dFR9vB1Rg92xxvD+ZU
WWuIgammDBhTh2+sDKorNc1G6wucBqo0u/5weZ7BSf/l7yZI1nFHf1pgLOgDBL9Wh/vlK6JUxCEU+cjqjkflISjmcQ==
JDhXx3T8D34sKCMjJNWXvRtVJdsHSN3daXr9R1lvmvBiwfPX9sCAQFfU647bO7nz8ISQyXgZpAL6t5HZVOYN
v+sbiWS0OvD30KzvvS1A0Ep54LLLC/Z7mR/cWOY+vuZbUf/im6svr+wcBNnm2/DwpmyBjC3CLVtPf3QdBmXeqeLOrG/3NSLmew==
5uX8zmQyLRzPOeZ/HeT3UtNmEzADiCrNLD09FuqtDGHOuVi7xQlLDReQ5sfRlx03IHwGBvtE5FBf2gX7sieq+AZhM2FNHAnuj+/6QbV5cYnIrTLMeJqQ/Es8SaGFqZ73ofkA0esQdwPmWA==
OQPI5O2pFc/MzvipN3p5uEUXfYqPz6fPILYGbF+elAFyUdV3YW+iwErhKIc+gEgwr7QDHkO7IWNdIyh4MNns0qJX+Sks5nU=
UL8PQ0x2sTAjfRBnnbdNMGID3LQICRdmz5fwRLMBiim+KlbXz8sFAg2Mzwl2221XBbs4+65G0OS0/mt6pR//Z0rlsQ+8u2POMyHmfg==
1sww406nOZPneIJE93PPec1G6wucBqo0u/5weZ7BSf/l7yZI1nFEf1pgLOgDBL9Wh/vlK6RTxCAU+cjqjkflISjmcQ==
KYTOeBKEx7loZHo9sN6P0BocassiqXnBqfwfGYOgLiodhM8BZvNNf1VzeDP+7nBMJHbr8jW9X88aLfHH7JND5iMp5nY=
kFHDVVrWCbeMJp2Gkd03kkp54LLLC/Z7mR/cWOY+vuZbUf/im6svr+wcBNnm2/DwpmyBjC3CLVtPf3EbBmbeqeLOrG/3NSLmew==
Dlj7WS5W78JzoYSlKVPT+kYdq6BfaWvUvsNx40vgDe/i8wJ8pqUbdV3IQUoPS7KVpW1ZTWgpmhgojpjYC5jBN9V9uvOBPahFe8Q/J+Z8
8zJODWxT4KTWs8oRRt4YLkp54LLLC/Z7mR/cWOY+vuZbUf/im6svr+wcBNnl2/DwpmyBjC3CLVtPf3IYBmDZqeLOrG/3NSLmew==
nkitlFV9hXKGfp9NklmRREcdq6BfaWvUvsNx40vgDe/i8wJ8pqUbdV3IQUoPS7KVpW5ZTWgpmhgojpjYC5jBNdR9svSBPahFe8Q/J+Z8
f8rbtgUFBk7UyQrmYjvH4lcz56MLB/lfh/WaubOliRpyV376vfT4NyYpFhP3XX9jccOw8XZedtu379V+pRhPpa6fXUgNj9i3FqJAWFyqK5a9Hw07BhYRg0QfMzIbNeZS
uzdEFN9d5S1n5Yi3+hBNwBs214V2NQrYWl65796blPQAaFWO/uUQeecjqy9olPhJSWNUEMK0LTzxiukbi7cv6mq4/YkGtkB/yz0m5n8=
7LzA2LGiiOyjR2dfJBXwLEu062ufJd1RyC+yNGbt6y198FFCD0OirYU2qQWoYSrASHYIUIsQUU02JQI8wfXYnVv8Ly/mdA==
ugqmpZ/QKzthdTiNGKYZds1G6wucBqo0u/5weZ7BSf/l7yZI1nFHf1pgLOgDBL9Wh/vlK6lSxCQT+cjqjkflISjmcQ==
6nh+fHKGUD2SRaTA9u+bZxtVJdsHSN3daXr9R1lvmvBiwfPX9sCAQFfU647bO7nz9IOQzH8ZpAL6t5HZVOYN
Ft/gV5yRZ/mnJqoryIhDsw8cMZURW8LXaXr9R1lvmvBiwfPX9sCAQFfU647bO7nz/YCQz38ZpAL6t5HZVOYN
FGiikrV0yWfTb0EMOTWfYg8cMZURW9TXaXr9R1lvmvBiwfPX9sCAQFfU647bO7nz84GQzn8ZpAL6t5HZVOYN
21A3Ej5Rr/syUZ7H8RkT9UvdgScx1t0RqO7Uf7SLqXGHTvYLIpSQNNQOa4rFzL636FIxvxzro57TUeYO
yXD2i9hxYyEOJhj4saKmZEu062ufJd1RyC+yNGbt6y198FFCD0OirYU1qQWoYSrASHYIUIsQUUo3JQs8wfXYnVv8Ly/mdA==
A5sBgaLj8N9RLN5TlOfhEs1G6wucBqo0u/5weZ7BSf/l7yZI1nFEf1pgLOgDBL9Wh/vlK6JTxC0T+cjqjkflISjmcQ==
VuR0zAU29nPqddO3fH/lcxocassiqXnBqfwfGYOgLiodhM8BZvNNf1VzeDP+7nBMJHbr8jW8X88XKvHH7JND5iMp5nY=
UQPq47RDyOONWjXWN24orJjDzgkOj6MvNwObL1i0qIk7gySQUhR9/MGq+Rub19moutlsCbYW8L+b3VbmDw==
atCu36Wk6PeJlC0E6rMxkhocassiqXnBqfwfGYOgLiodhM8BZvNNflVzeDP+7nBMJHbr8jW0Xc8fK/HH7JND5iMp5nY=
tOapE60gjEcH0v1agv9JdxocassiqXnBqfwfGYOgLiodhM8BZvNNf1VzeDP+7nBMJHbr8jW0Xs8fK/HH7JND5iMp5nY=
hUQdONBeML7B73KNZLReaxocassiqXnBqfwfGYOgLiodhM8BZvNNfFVzeDP+7nBMJHbr8jW9X88eK/HH7JND5iMp5nY=
YGc6y6A46PiJ2prUDiWnkU5GLophpzmZqeweGICgLiodhM8BZvNNfFVzeDP+7nBMJHbr8jW0XM8cK/HH7JND5iMp5nY=
06i1mnMpx8Dfi+JE6djKrxYpoOqIQaU+l0iXHKEwtvhdQv/im6svr+wcBNnl2/DwpmyBjC3CLVtPf3oYBmLYqeLOrG/3NSLmew==
Jykjb24LxEW4PjEq5cxS7WJEuUoZlOnZpu/A5UGIvrQ4FL62lQBPjf5n/cD915hfBpqgEOwyqz5tZi0zdM/R69SnU/orLeZ6
yNg/jhVW2tFZaWPnLsZlZBFNOcvF2eaIMqweK1GWkx4xWtV3YW+iwErhK4c+gEgwr7QDHkO7IWNZIyh+Ntns0qJX+Sks5nU=
8hMltJgxVJXyUmJR9ZAgXGJEuUoZlOnZpu/A5UGIvrQ4FL62lQBPjf5n/cD915hfBpqgEOwyqz5tYSkzdM/R69SnU/orLeZ6
M2J3hxmb99N/A9mSAq3XDWJEuU4ZlOnZpu/A5UGIvrQ4FL62lQBPjf5n/cP915hfBpqgEOwyqz5tYS0zc8/R69SnU/orLeZ6
Kfjq8OMO8yRiq0C5iZdhKmJEuUoZlOnZpu/A5UGIvrQ4FL62lQBPjf5n/cP915hfBpqgEOwyqz5tZi0zc8/R69SnU/orLeZ6
OfeGJK0T+A7tpc5C/6K+ChocassiqXnBqfwfGYOgLiodhM8BZvNNf1VzeDP+7nBMJHbr8jWyWc8bK/HH7JND5iMp5nY=
ts58kP3E+xQs5Zd5BBPWWhocassiqXnBqfwfGYOgLiodhM8BZvNNflVzeDP+7nBMJHbr8jW2Xc8ZK/HH7JND5iMp5nY=
9NP33V08H5KMHLBkarHTWRocassiqXnBqfwfGYOgLiodhM8BZvNNfFVzeDP+7nBMJHbr8jWwWc8ZK/HH7JND5iMp5nY=
dyJPDfiOa2Q8w1vMqWh6gJjDzgkOj6MvNwObL1i0qIk5gySQUhR9/MGq+Rub19aqutBpCbUW8L+b3VbmDw==
jW7tORflH3SU1+RVopF2W05GLophpzmZqeweGICgLiodhM8BZvNNfFVzeDP+7nBMJHbr8jW8X88WLvHE7JND5iMp5nY=
Xxe/pPqdCyDtCVO9kxW6P5jDzgkOj6MvNwObL1i0qIk7gySQUhR9/MGq+Rub19aputpoCbUW8L+b3VbmDw==
J3r+wutRCc260qrBlg+4ikp54LLLC/Z7mR/cWOY+vuZbUf/im6svr+wcBNnn2/DwpmyBjC3CLVtPf3UaBmLcqeHOrG/3NSLmew==
gEvFN+dD7tByj//DVK9Pl+FanMtpEi4Ynzc4PCpDP8ZOLkym5m5KETIBSFdTKH6N5K/q2NOgZ1/vHsXvrZtyPqQodY7epfD5h2NLLwhUGMkro3QQ4nSNvFFKyRtrd0xoiv2YieX24P9rfQbmXw==
uH4185Qg7Kn289tTs1T4dUp54LLLC/Z7mR/cWOY+vuZbUf/im6svr+wcBNnl2/DwpmyBjC3CLVtPf3IZBmXcqeHOrG/3NSLmew==
U2W6Kk7RTTzS2LVL9v0gddNmEzADiCrNLD09FuqtDGHOuVi7xQlLDReQ5sfRlx03IHwGBvtE5FBf2gX7sieq+AZhM2FNHAnuj+/6QbV6cYnIrTLMeJqQ/Es8Sa+GqZ/1ofoA0esQdwPmWA==
ADMPnwgO64TjOyLlxisWj+r3T7+rix+v3Dw0GVZ7QHA2zNFMfeI9W1+fK9lWiUwpkS7cr4fVUuYL
jdG7BhmIDFVaouavbz5N59xb/BycVepzpfd2Zd3KSf/l7yZI1nFEf1pgLOgDBL9Wh/vlK6dRxCwW+cvqjkflISjmcQ==
+zOYriT8p77py2lXHtlwSBocassiqXnBqfwfGYOgLiodhM8BZvNNf1VzeDP+7nBMJHbr8jW2Xs8WL/HE7JND5iMp5nY=
l7sph2dbcNtt3191lfBjDJeXg6jOd3K/t9E39yOHroWJWTcbjkwfGBB65d+ckp+gdndNMrXYEXvwlWvfFPTd+/tIO2Fz69ezha7rF1MOm+1FIuAMjYINWy8/lZumpf+pwQ7M7xd1AuZb
IaO0xN2ePL6vPaG8FRv65C/T6ek1PafVUAknuwn05ACpifiY+aB8fOjeuOgLqOHkl43XYgGuCPW7lN9X5gw=
5CJ6Yghq1Sbeck15JHcD+Y8XuUFLdZTGKnSNMoUd257+dFM+U7sxgwvjeJmhWZ8y0peJyVzmBQ==
dyODiLKXI3d6CygELz+iqbbk32i18Jdp6cnlgkEjMJxEhusCVWIfH7uccXRMw4O2w1nmBg==
HlUPNZuMQ1nuxSAk0QjFkJeXg6jOd3K/t9E39yOHroWJWTcbjkwfGBB65d+ckp+gdndNMrXYEXvwlWvfFPTd+/tIO2Fz69ezha7rF1MOm+1FIuAMjYINWy8/kpympf+pwQ7M7xd1AuZb
50yk5307WoOjxP9MqBTjwS/T6ek1PafVUAknuwn05ACpifiY+aB8fOjeuOgLqOHjkI3XYgGuCPW7lN9X5gw=
6GSEZt5Wq4MeQdDljhRqUmjdBeh5ENysqC7Y+Au4AZNQ3XfSgV5oJfuk/0fmHA==
WQsGx3Lje4C7JbVGvBfhN5qu1aXR7BqXyVdctbFlnNeW3Rx2YrQHtBXCjhUYokCUy9QZn2DxLx7h0vCJS+gnK+Zw
GrkThdtnyT9UOThDSRQc2pqu1aXR7BqXyVNeu7FlnNeW3Rx2YrQHtBXCjhUYokCUy9QZn2DxLx7h0vCJS+gnK+Zw
Ppzf38+qbW9nJYloiN+uoS/T6ek1PafVUAknuwn05EKojeWY+aB8fOjeuOgLqOHjkI3XYgGuCPW7lN9X5gw=
HIQHMy03jtWl3Bza3NBPAs+B7MOeol3ZmkJBu6s22dGT3h19D/AWoxLRhQUYokCUy9QZmGHxIh7h0vCJS+gnK+Zw
z7SBbSYMUaIK/74/wncYvGuNvk3vJs5bxGa6MCCzxx51uFFVE1qV6Z9kvhS9cTfRSHYIUIsQUUwxJQo6wfbYnVv8Ly/mdA==
lErl7/GtwQti1gnd65CMcc6B7MOeol3ZmkJBu6s22dGT3h19D/AWoxLRhQUYokCUy9QZlmHxIh7h0vCJS+gnK+Zw
ysWE7JzRiz+wGmvs5B+D1muNvk3vJs5bxGa6MCCyxx51uFFVE1qV6Z9kvhS9cTfRSHYIUIsQUUIxJQo6wfbYnVv8Ly/mdA==
s4XNbB5VyQq2aDxWAxNsOw+v9nrKaaYXznb1fTrm6S87olFVE1qV6Z9kvgeydS3RSHYIUIsQUUI0JQM7wfbYnVv8Ly/mdA==
bo06JXTDWZMwe97nqkzW2mMJpZ4iAfynXcp/cTlla5EPLDOp1ylp7/rzN296C+04kzWERUrk16YPe22bAfAcVey5E7q2Z80xIOZ5
roMpX1RJDvgi7vojDst3Vg6v9nrKaaYXznb1fTrm6S87olFVE1qV6Z9kvgeydS3RSHYIUIsQUUg1JQM7wfbYnVv8Ly/mdA==
lsAAipOWTjXFn0vBYBqi/GMJpZ4iAfynXcp/cTllapEPLDOp1ylp7/rzN296C+04kzWERUrk16YPe22bC/EcVey5E7q2Z80xIOZ5
+o6nxH9r/fVmyVYvfuK1sLPacwjs7XtA3wefFunCBhaFQwBQf43ggbI+XkYrQZH7n02ni9EUUf9Vp2FOYeXk3pay1CweaUSMWtL4YLca7D7I1sgwi/AR7rZFQ9vB1hg92xxvD+ZU
8u89AHYUqbkUUmJyeMOgz+Pzo8be2KrXTirJhc3cz0Xz0hh8TCRJt4rLzEgWJRBcZ6aGi86sid1KqOtJdPJIpjkTQjyUvcKCCOLeIxA6snBUHieAaLhQRHTea1plvX+Hj4Wx7Pzb425zAeZe
orXK14Fo8VwIZLPQuMnYzbPacwjs7Xsbih2IHfPTKxazVjURCO6A07g+CxhWUYrq0Q+2hssjQORApDUMcsawm7qw1CweaUSMWtL4YLca7D7I1sgwi/AR7bdFQ9vB1hg92xxvD+ZU
kU5zH/WFNN0Xp7jMF1Tksur3T7+rix+v3Dw0GVN7QHA2zNFMfeI9W1+fId1WgE4pkS7cr4fVUuYL
ClIgZwrC4Sg8+HkP3QrLkUp54LLLC/Z7mR/cWOY+vuZbUf/im6svr+wcBNnj2/DwpmyBjC3CLVtPf3UdBmDeqeHOrG/3NSLmew==
Tx0kWtYAruLwjFBscS6Qdkcdq6BfaWvUvsNx40vgDe/i8wJ8pqUbdV3IQUoPS7KVpWhZTWgpmhgojpjYC5jBNNR9sfOBPqhFe8Q/J+Z8
lHzRk2zWXRj0H6NZz+sFk2C1dtpLrYNBt8xucPjX5FMyQx6bisDAEFwi4MUsT4xfrpwaXDdePJGK8Z2HeW+6sIJBVReWwKAAt1RLTrs7mbMWAjAPGBmHQho3MRk05m0=
9x0j6ZgQX79mtQ/f3GT/iRs214V2NQrYWl65796blPQAaFWO/uUQeecjqy9olPhJT2NUEMK0LTzxiukbi7cp6mq7+okFtkB/yz0m5n8=
O7+4rZF/YuOXGzWhvX0mtZjDzgkOj6MvNwObL1i0qIk+gySQUhR9/MGq+Rub19qsuttqCbUW8L+b3VbmDw==
FyzM0P1T+058hWvUJwd6m0p54LLLC/Z7mR/cWOY+vuZbUf/im6svr+wcBNni2/DwpmyBjC3CLVtPf3ocBmPeqeHOrG/3NSLmew==
pcGIQBLDWxlaHndFQyMw5kYdq6BfaWvUvsNx40vgDe/i8wJ8pqUbdV3IQUoPS7KVpWlZTWgpmhgojpjYC5jBNNF9sfOBPqhFe8Q/J+Z8
6xNsTPZoW86Vg2MhbrR74HWetKmgs5dmNp6UZt4wEzHaH0BIQC6YqqPj2RAaVB7qEvFWb3Zr3JQYWC1OJnWoma9zQy8ARDAp9vMMUDqENdw5+kGb4wfiynJKwsndJjjfA20O5lc=
kjQ5VbhAy9+CROhAG9sdGgIv14V2NQrYWl65796blPQAaFWO/uUQeecjqy9olPhJTmNUEMK0LTzxiukbi7cn6mq6+okFtkB/yz0m5n8=
FIpZK79eB8h7TfyMYrWEoUgQKIqTz/SPZvwCbF+elAFyUdV3YW+iwErhLIc+gEgwr7QDHkO7IWNdIyh+MNnv0qJX+Sks5nU=
U220C/LOd2wMV7vGxSUHSEu062ufJd1RyC+yNGbt6y198FFCD0OirYUwqQWoYSrASHYIUIsQUUswJQA7wfbYnVv8Ly/mdA==
u98PThhRY/5hmqRGv6HeZkYdq6BfaWvUvsNx40vgDe/i8wJ8pqUbdV3IQUoPS7KVpWhZTWgpmhgojpjYC5jBO9B9sPOBPqhFe8Q/J+Z8
eGKD4be/F7qOlCLmKihynZxO2T0UzjpR4uF5V2bUuMuXDxhTUoS2iophzu/u+0Q0cIjlDm5FQLnXQ7sveHTICZ/DxJBy1N18oWrZG3uXdyjaHQoJlVYQPzsdNuZv
8Om0cJgoPHX8jYuTtQZSMhs214V2NQrYWl65796blPQAaFWO/uUQeecjqy9olPhJT2NUEMK0LTzxiukbi7ct6Wq9+okFtkB/yz0m5n8=
t7BYBUDIQxUtI7TPh7KcptAPsEfaTK40u/5weZ7BSf/l7yZI1nFAf1pgLOgDBL9Wh/vlK6ZRxCEU+cvqjkflISjmcQ==
bw9b4mhkQwvIFYFTlpuWBEcdq6BfaWvUvsNx40vgDe/i8wJ8pqUbdV3IQUoPS7KVpWlZTWgpmhgojpjYC5jBO9Z9t/OBPqhFe8Q/J+Z8
S2JeTvSg4mC0F3Q1yoaqYpxO2T0UzjpR4uF6V2bUuMuXDxhTUoS2iophzu/u+0Q0cIjlDm5FQLnXQ7sveHTICZ7DxJBy1N18oWrZG3uXfSzaHQoJlVYQPzsdNuZv
jqp80PTb5A60S9KPVF/eNRs214V2NQrYWl65796blPQAaFWO/uUQeecjqy9olPhJTmNUEMK0LTzxiukbi7cr7Gq9+okFtkB/yz0m5n8=
zUHO1artTDmXrZTIAGRdh0u062ufJd1RyC+yNGbt6y198FFCD0OirYUwqQWoYSrASHYIUIsQUU40JQY7wfbYnVv8Ly/mdA==
LG/JqQP6QNqDNaz5ugxFqOdanMhpFC0YnTIpLDRYP8FSNUyh+nVKFiARVklXKH6N5K/q2NOgZ1/vHsXvrZtyPqQodY7epfD5h2NLLwhUGMkvo3QQ4nSNvFFKyRtrd0ZqivyaieX24P9rfQbmXw==
+dpQf51a3TATUNjdTASj7ncaiad75CMxXyVCWzKH6tgGAXOBzXzJzo/POiE1nDHpyI1ybPg60BxLXIkDBwle16EawLFr8Dcj5ng=
OR7eIP5DaeGbkOGACjIXLUu062ufJd1RyC+yNGbt6y198FFCD0OirYUxqQWoYSrASHYIUIsQUU4wJQY7wfbYnVv8Ly/mdA==
WDolicnIbQU/iAzqPkzSBnSesa68rZB9NIKBY8IgCTTGBEVLTiaAq6PhzhELEB//R+5NbyUrmt4cWC1OJnWoma9zQy8ARDAp9vMMUDqENdw5+kGb4wfmyHJPwsndJjjfA20O5lc=
alpelpjco1/tZhWAXhHW8FGo4S7PYpcXgiuyNGbt6y198FFCD0OirYUwqQWoYSrASHYIUIsQUUgxJQU7wfbYnVv8Ly/mdA==
Xtz93UsIDgsT+yZe40kWS2kJheN4/iMxXyVIWzKH6tgGAXOBzXzJzo/POiE1nDHpyI1ybPg60BxLXIkOBAlc16EawLFr8Dcj5ng=
fSi3m3dQVnGsSE1ILK52Gkht/PvWHfAv1hmODqgwse5aXbzpm6svr+wcBNnj2/DwpmyBjC3CLVtPf3UaBmbeqeHOrG/3NSLmew==
dhXniH5thWtUMJsMoyLUF0ht/PvWHfAv1hSODqgwse5aXbzpm6svr+wcBNnj2/DwpmyBjC3CLVtPf3YbBmbeqeHOrG/3NSLmew==
+PfSeIjf3jxfzgCFTUKPRVZ87fvJEeAvyR6ODqgwse5aXbzpm6svr+wcBNnj2/DwpmyBjC3CLVtPf3QbBmbeqeHOrG/3NSLmew==
pKOFt6P3McxG2PqSQGkdO2kJheN4/iMxXyVIWzKH6tgGAXOBzXzJzo/POiE1nDHpyI1ybPg60BxLXIkCAAlc16EawLFr8Dcj5ng=
ENpDIH3HV8eta8UBROpcT81G6wucBqo0u/5weZ7BSf/l7yZI1nFBf1pgLOgDBL9Wh/vlK6hUxCIU+cvqjkflISjmcQ==
L8IKa+fQtnFOsTcxrJYNz0p54LLLC/Z7mR/cWOY+vuZbUf/im6svr+wcBNnj2/DwpmyBjC3CLVtPf3UYBmneqeHOrG/3NSLmew==
4DdYexx0Kxmu7JfJ/r+EEUht/PvWHfAv1h6ODqgwse5aXbzpm6svr+wcBNnj2/DwpmyBjC3CLVtPf3EZBmneqeHOrG/3NSLmew==
C8GWLQFMKPMhEekCd1/tsFGo4S7PYpcXgiuyNGbt6y198FFCD0OirYUwqQWoYSrASHYIUIsQUUM1JQs7wfbYnVv8Ly/mdA==
w1aM3unZyKlUWkioemkDXimMnakJDv3kgEgmH23JnOBpmWZucID5LhKNhMlz2zev9Oxs+duLOLBu3NlsRVKV27fv0rpemZZpKZ5UD98FOuZj
GzVAxaRajZHThxWa5g+2Puz11n1c2vb1WQ8Z56nRcPg3Cz/bFJnq8Q5ylo//E2UaPZTPEUbDDYo14/ijHp6wfARm6+IVhpi/971xVIxjA9YDOeZm
YrRfI0ArmrjQDbcZQ3Xjxc2B7MOeol3ZmkJBu6s22dGT3h19D/AWoxLRhQUYokCUy9QZmmXxKx3h0/CJS+gnK+Zw
aV0K1T/gzb9jnlkggXCbHWuNvk3vJs5bxGa6MCCxxx51uFFVE1qV6Z9kvhS9cTfRSHYIUIsQUU41JQM5wffYnVv8Ly/mdA==
daRtdPFMnV7pFZ0agEnqSMyB7MOeol3ZmkJBu6s22dGT3h19D/AWoxLRhQUYokCUy9QZmWXxKx3h0/CJS+gnK+Zw
7suvab4JukzG+wA6EAfU6muNvk3vJs5bxGa6MCCwxx51uFFVE1qV6Z9kvhS9cTfRSHYIUIsQUU01JQM5wffYnVv8Ly/mdA==
fpqs3vWax+iLyvaFFzd+0Q2v9nrKaaYXznb1fTrm6S87olFVE1qV6Z9kvgeydS3RSHYIUIsQUUk2JQM5wffYnVv8Ly/mdA==
oq0z6yyqtg2Xoh9xPugbZWMJpZ4iAfynXcp/cTllaZEPLDOp1ylp7/rzN296C+04kzWERUrk16YPe22bCvIcVe65Erq2Z80xIOZ5
/rIeNIOEjPNR/rPnMr2U6Qyv9nrKaaYXznb1fTrm6S87olFVE1qV6Z9kvgeydS3RSHYIUIsQUUw2JQM5wffYnVv8Ly/mdA==
MqHsNQlUgQH2LjGR/+lRJGMJpZ4iAfynXcp/cTllaJEPLDOp1ylp7/rzN296C+04kzWERUrk16YPe22bD/IcVe65Erq2Z80xIOZ5
mZ4tke81tolU0NzylZdkJAuv9nrKaaYXznb1fTrm6S87olFVE1qV6Z9kvgeydS3RSHYIUIsQUUI2JQM5wffYnVv8Ly/mdA==
Wx1vNEqJVrMTuAYwEC9eQWMJpZ4iAfynXcp/cTllb5EPLDOp1ylp7/rzN296C+04kzWERUrk16YPe22bAfIcVe65Erq2Z80xIOZ5
pxr41VPwdkNYp/B5SALRILPacwjs7XtA3wefFunCBhaFQwBQf43igbI+XkYrQZH7n02ni9EUUf9Vp2FOYeXk3Jay1CweaUSMWtL4YLca7D7I1sgwi/AR4rZFQdnB1xg92xxvD+ZU
Y0AdeUbgt+EoUlB0Idrc97Pacwjs7XtA3wefFunCBhaFQwBQf43kgbI+XkYrQZH7n02ni9EUUf9Vp2FOYeXk3Zay1CweaUSMWtL4YLca7D7I1sgwi/AR7LdFQdnB1xg92xxvD+ZU
xCeDezPAVw2bqae1ealflVEt5rUeHvtegqzJ8PXu6gtvEyqg+qybNy05VwOoBDMhMde8jzEFYtCs+ZJe4FZer4jeAgwcysesELxAWFyqK5a9HA87AxMRgUQfMzIbNeZS
+KU3VaoR7UZPOckQKvIvT1Et5rUeHvpegqzJ8PXu6gtoEyqg+qybNy05VwKoBDMhMde8jzEEYtCs+ZJe4FZer4jeAgwcysesELxAWFyqK5a9EAg7AxMRgUQfMzIbNeZS
f3L/+avI36Jav6wREsNKoZjDzgkOj6MvNwObL1i0qIk9gySQUhR9/MGq+Rub19+tutxoCbQW8L+b3VbmDw==
n7MavtS246Bk9xPM3HpQQEp54LLLC/Z7mR/cWOY+vuZbUf/im6svr+wcBNnh2/DwpmyBjC3CLVtPf3QdBmTcqeDOrG/3NSLmew==
A5t21oZvUX1C6CQWlVcJo0cdq6BfaWvUvsNx40vgDe/i8wJ8pqUbdV3IQUoPS7KVpWpZTWgpmhgojpjYC5jBMdR9tfGBP6hFe8Q/J+Z8
taHqpNqAYMJLOlFQP5IWMrLEdwX+735a3V3PTamHWlfyGUMBC4Pgw+VkGxlLQZrr3l2jh59FHfFIz3JUZs2rjf2QkWIPY2LNBZLpJagB6iDI1sgwi/AR47VFRdnB1xg92xxvD+ZU
7EtozSiZt2r7YXpo0QBqJBs214V2NQrYWl65796blPQAaFWO/uUQeecjqy9olPhJTWNUEMK0LTzxiukbi7ct6mq/+IkEtkB/yz0m5n8=
ZxI/aYl3JfvOKtqVV8hV8ku062ufJd1RyC+yNGbt6y198FFCD0OirYUyqQWoYSrASHYIUIsQUUI2JQU5wffYnVv8Ly/mdA==
FmLAIuRkhQ6KYn22zQ27oEcdq6RKaWvUvsNx40vgDe/i8wJ8pqUbdV3IQUoPS7KVpWpZTWgpmhgojpjYC5jBMNd9tfGBP6hFe8Q/J+Z8
skpG3IVY9/YXoZuAwMhJA0s1JnAAJT44C7GZ4RZYYruo/eJXLuHbO195Zc248wpohvHTMQ0s6d6P3xpx9S6RGUg9khw46rAMS0xpUkD5PWUha2ABKyAXM+Zo
OjpaJwas4H8tHsj+NnM+5Bs214V2NQrYWl65796blPQAaFWO/uUQeecjqy9olPhJTWNUEMK0LTzxiukbi7cm7Gq/+IkEtkB/yz0m5n8=
pqeloSFwUjeIOGIDDHud70u062ufJd1RyC+yNGbt6y198FFCD0OirYUyqQWoYSrASHYIUIsQUUgxJQU5wffYnVv8Ly/mdA==
auN5+3mJBNj4t1Hq3/V31ZjDzgkOj6MvNwObL1i0qIk8gySQUhR9/MGq+Rub19qqut5oCbQW8L+b3VbmDw==
YlP/qvNyU0eWOziOwdRRvkp54LLLC/Z7mR/cWOY+vuZbUf/im6svr+wcBNng2/DwpmyBjC3CLVtPf3oaBmbcqeDOrG/3NSLmew==
yieUedJKfcRkwARx0vnSYkcdq6RKaWvUvsNx40vgDe/i8wJ8pqUbdV3IQUoPS7KVpWtZTWgpmhgojpjYC5jBN9d9tPGBP6hFe8Q/J+Z8
fqnGGEMM29n8P9qbibz2Cks1JnAAJT44C7Ga4RZYYruo/eJXLuHbO195Zc248wpohvHTMQ0s6d6P3xpx9S+RGUg9khw46rAMS0xpVUD5PGUha2ABKyAXM+Zo
J4EW7kta9309IU3eCs/x4xs214V2NQrYWl65796blPQAaFWO/uUQeecjqy9olPhJTGNUEMK0LTzxiukbi7cq7Gq++IkEtkB/yz0m5n8=
IhKlzlaQdHFYUqYMPeQseGvRwq4SSfHijw4kHnqHgq8iwyAkdID5LhKNhMlz2zev9Oxs+diLOLBu3NlsRVKV27fv2r1elpRpKJ5UD98FOuZj
dgqgI8TBNiGiOVrlCew68Us1JnAAJT44C7Ga4RVYYbur/eJXLuHbO195Zc248wpohvHTMQ0s6d6P3xpx9S+RGUg9khw46rAMS0xpUET5M2Uha2ABKyAXM+Zo
AWQEvFnGhq3wBNg05ZCfqBs214V2NQrYWl65796blPQAaFWO/uUQeecjqy9olPhJTGNUEMK0LTzxiukbi7cn6Gqx+IkEtkB/yz0m5n8=
MAA47/knZjlj11tws85DrUu062ufJd1RyC+yNGbt6y198FFCD0OirYUzqQWoYSrASHYIUIsQUUo2JQs5wffYnVv8Ly/mdA==
wNFPjREe4yHHtI0s5OnmL5jDzgkOj6MvNwObL1i0qIk7gySQUhR9/MGq+Rub19iqutFoCbQW8L+b3VbmDw==
y6kZohJB9UUofdJm5XokM0p54LLLC/Z7mR/cWOY+vuZbUf/im6svr+wcBNnn2/DwpmyBjC3CLVtPf3EbBmncqeDOrG/3NSLmew==
GqrJ8Z6xCovl6TOZ8R7drUYdq6RKaWvUvsNx40vgDe/i8wJ8pqUbdV3IQUoPS7KVpWxZTWgpmhgojpjYC5jBOtd9u/GBP6hFe8Q/J+Z8
l+fv/Csy6/87ORdTQCd5oEs1JnAAJT44C7GZ4RVYYbur/eJXLuHbO195Zc248wpohvHTMQ0s6d6P3xpx9SiRGUg9khw46rAMS0xpXkD5M2Uha2ABKyAXM+Zo
SO9QoZ4ogFz3NilA+cGcJxs214V2NQrYWl65796blPQAaFWO/uUQeecjqy9olPhJS2NUEMK0LTzxiukbi7cs7Wqx+IkEtkB/yz0m5n8=
opeQrAEKS6adiaf/g9MmCku062ufJd1RyC+yNGbt6y198FFCD0OirYU0qQWoYSrASHYIUIsQUUMxJQs5wffYnVv8Ly/mdA==
gmk7ZFeblflVhQAy3egIuUcdq6BfaWvUvsNx40vgDe/i8wJ8pqUbdV3IQUoPS7KVpWxZTWgpmhgojpjYC5jBOtV9uvGBP6hFe8Q/J+Z8
5FteL8mCJuZkfNkQNB+iHHWetKmgs5dmNp6UZt4wEzHaH0BIQC6YqqPj2RAaVB7qEvFWb3Zr3JQYWC1OJnWoma9zQy8ARDAp8/MMUDqENdw5+kGb4wfuynJAwMncJjjfA20O5lc=
QnIDozM/fgxcHSd5N/Zcnhs214V2NQrYWl65796blPQAaFWO/uUQeecjqy9olPhJS2NUEMK0LTzxiukbi7cu62qw+IkEtkB/yz0m5n8=
v50n40qe5RNUyWP7/IVhvku062ufJd1RyC+yNGbt6y198FFCD0OirYU0qQWoYSrASHYIUIsQUU83JQo5wffYnVv8Ly/mdA==
eTb+cCrNuH+KfEYO1EYutEcdq6RKaWvUvsNx40vgDe/i8wJ8pqUbdV3IQUoPS7KVpWpZTWgpmhgojpjYC5jBN9B9s/KBP6hFe8Q/J+Z8
kG+p5NU8Wh+vgX3fSh8Cub6rspWOCeO8i+12WOANSxUJh+jJ93AzbTzxo7SdiWvD3wHVJRib2rDGqQMZbQQZ5o/n6lmVBkFBCOVCdJgCAHTLtNk65RFqPuGzMCnLCGcL5lA=
qRP4iTArPqp4L93pGnQ3YEcdq6RKaWvUvsNx40vgDe/i8wJ8pqUbdV3IQUoPS7KVpWtZTWgpmhgojpjYC5jBNtd9svKBP6hFe8Q/J+Z8
idpWCqCznHqAghZmFWYd2F5cv1tzAnuK0nznjX5n7uI9hX8F6U+ulNB/URcJlfKlx6LpwVxdOzgt5TMPH82NSSiXwpymhdvV3WiBag9rcjUly5ltaMlaeKhuWLgLeIFTVp3xkoEf6OX7ZH8H5lw=
DQu5xES8/jnT1G4So2+QWUYdq6RKaWvUvsNx40vgDe/i8wJ8pqUbdV3IQUoPS7KVpWtZTWgpmhgojpjYC5jBMNB9sfKBP6hFe8Q/J+Z8
XWktbDiibvzvezh6fqYMQuRantR1Ci0WnS48KShDP8ZOLkym5mBPCjAQVkFQN2iJ7LD4hJb1bVm6Ad7v/ts0dKAodY7epfD5h2NLLwhUGMkso3QQ4nSNvFFKyRtrd01oivqbieT24P9rfQbmXw==
OTo0uUKukuSx6oz1Mkc5PwnHirp4UQC96HT/PQZPMDK4Fq48p95MMVqxrWdpb6rQsoEGt2ZAMOAHFJtuyzup08HBQK6JmTaiSnfBOSTmfQ==
5z1G4Fmr0xlgLgXZ1OekSkYdq6RKaWvUvsNx40vgDe/i8wJ8pqUbdV3IQUoPS7KVpWxZTWgpmhgojpjYC5jBNtd9sPKBP6hFe8Q/J+Z8
TKmC1G2pl1RgJSIiNdczmb6rsZWNCeC8i+12WOANSxUJh+jJ93AzbTzxo7SdiWvD3wHVJRib2rDGqQMZbQQZ5o/n6lmVAEFBCOVCdJgCAHTLtNk95BFvPuGzMCnLCGcL5lA=
fV17ngrsbu5SDkchDk44RUcdq6RKaWvUvsNx40vgDe/i8wJ8pqUbdV3IQUoPS7KVpWpZTWgpmhgojpjYC5jBNdV9tfKBP6hFe8Q/J+Z8
t2lPHJZcFLuM7mdxrUP6S1ATKIuYz/SPZvwCbF+elAFyUdV3YW+iwErhL4c+gEgwr7QDHkO7IWNdIih7Mdnu0qJX+Sks5nU=
zwW0jBMqDL0//ma10hYwXUcdq6RKaWvUvsNx40vgDe/i8wJ8pqUbdV3IQUoPS7KVpWtZTWgpmhgojpjYC5jBNdd9tfKBP6hFe8Q/J+Z8
z3tx12FuV42sfPCiJDef2RENP4d572CF7uIWH5/jJSodhM8BZvNNeVVzeDP+7nBMJHbr8jWyWM8ZLPHF7JND5iMp5nY=
o27g9CtMlc3BOgQUpxxYj+IxL28bZ3pefJgNTsa1yBkPM6MvYISQqRSzbFAaxNVcWTphmwNHQE3SDyPJ/OaYX+MtLuZ3
L65nz7Vig8vjmJqBrz4AtVRx3ZIiJQHKHEOyu5Pb0r4EaFWO/uUQeecjqy9olPhJTGNUEMK0LTzxiukbi7cm6Wq++4kEtkB/yz0m5n8=
hqqliMjgzwimRL9LDaMO2DZYmfsfSgZpnYXrQqkBiim+KlbXz8sFAg2Mzwl2221RBbs4+65G0OS0/mt6pRv+Z0jksQ28u2POMyHmfg==
WT1P7yGcrOLlE3K5d9bpPkYdq6RKaWvUvsNx40vgDe/i8wJ8pqUbdV3IQUoPS7KVpWtZTWgpmhgojpjYC5jBNNd9tPKBP6hFe8Q/J+Z8
DwSaTS+eYKv+Kky9TDAh4iIF51tZyf/LobuQ+QaGtrMnV7W2lQBPjf5n/cX915hfBpqgEOwyqz5tYCgzcMjR6dSnU/orLeZ6
Ihc1SHA1pu7YrZU/OE90y0u062ufJd1RyC+yNGbt6y198FFCD0OirYUzqQWoYSrASHYIUIsQUUwwJQQ6wffYnVv8Ly/mdA==
IGd4B0tNmhZnDBly8EGXR0Ydq6RKaWvUvsNx40vgDe/i8wJ8pqUbdV3IQUoPS7KVpWxZTWgpmhgojpjYC5jBNtR9u/KBP6hFe8Q/J+Z8
disn3agYLr5zr6qBuMMQ3iIF51tayf/LobuQ+QaGtrMnV7W2lQBPjf5n/cL915hfBpqgEOwyqz5tYy0zf8jR6dSnU/orLeZ6
klGqFajfZeyABO2SJm1W9CIF51tZyf/LobuQ+QaGtrMnV7W2lQBPjf5n/cL915hfBpqgEOwyqz5tZi0zf8jR6dSnU/orLeZ6
LqZx3RQo7rpxstSoZVEIg4n+cBwt1oy+KR8Zgb3/YjjizktvZgvsVKg4nc62FXhZ/1OzL3Bk4GmjE5zQimSFnAkaUZvzJ5eIguCzSUyGaB/TDT7mZw==
3jXwg1A1JDT9gFvKxobzsB9+pMlnE6jzWI84NzIsdoQDPiip5iEh7+3vLlg+EbsvgiCUWFvk16YPe22bAfQcXO25Erq2Z80xIOZ5
rnmBVFRWjYOl5DYcB30OrlSBzvViBRS9v2f+NBdPfH/+XKo8p95MMVqxrWdpb6rQsoEHt2ZAMOAHFJtuyzup08HFQKSJmTaiSnfBOSTmfQ==
C1PLX1Ria7gG7I6Od+fRUfbJ6EJKcsuYknAu3Newy2HqD8CnioweVEt+4NnOATkf9e82KCYxk9/K4FwIs0RvNnf71Qv0kbSFpHlail4H1QE45mE=
/wB2GihOq+Rx+D+a5LNL/nD30xG/6SkaM4j4jj13JWHh15ZotjYHL6qzuIQcUEFuyr3sKUvLP6/8/FSZMbtgcNaMMczdoh1bP19HXPbBbilwbnwvJxUy5ms=
3Iqr6eElz0WmT+21HQVZlvbW6B8LY4WShTErk9SghGLtD8CnioweVEt+4NnOATkf9e82KCYxk9/K4FwIs0RvNnf71Qv1lLSHpHlail4H1QE45mE=
0A82tKydjeXflZj+Vi+uFlSBzvViBRS9v2f+NBdPfH/+XKo8p95MMVqxrWdpb6rQsoEHt2ZAMOAHFJtuyzup08HDQK6ImTaiSnfBOSTmfQ==
F62QGxvuRP/HgL3DYqMs+PbJ6EJKcsuYknAu3Newy2HqD8CnioweVEt+4NnOATkf9e82KCYxk9/K4FwIs0RvNnf71Qv2k7SGpHlail4H1QE45mE=
HnCA4/n00GmbiyRj9p2g9/bW6B8LY4WShTErk9SghGLtD8CnioweVEt+4NnOATkf9e82KCYxk9/K4FwIs0RvNnf71Qv3lLSGpHlail4H1QE45mE=
bq3ERN0uGSQ2Zpea+MSgfXD30xG/6SkaM4j4jj13JWHh15ZotjYHL6qzuIQcUEFuyr3sKUvLP6/8/FSZMbtgcNaMMczdoh1bP19HXfbCbilwbnwvJxUy5ms=
3/f/o1guKYhnIQwBKqty4Ecdq6RKaWvUvsNx40vgDe/i8wJ8pqUbdV3IQUoPS7KVpWtZTWgpmhgojpjYC5jBNtV9t/OBP6hFe8Q/J+Z8
2/q5KUyZaKFh4IB/zLFOaVSBzvViBRS9v2f+NBdPfH/+XKo8p95MMVqxrWdpb6rQsoEGt2ZAMOAHFJtuyzup08XCQKmImTaiSnfBOSTmfQ==
CSwieytzHPsLxbq7T39KjfbJ6EJKcsuYknAu3Newy2HqD8CnioweVEt+4NnOATkf9e82KCYxkt/K4FwIs0RvNnf71Qvxk7SBpHlail4H1QE45mE=
rQ7VQ0JIXcpJix0iynpJJR5+pMlnE6jzWI84NzIsdoQDPiip5iEh7+3vLlg+EbovgiCUWFvk16YPe22bD/McUey5Erq2Z80xIOZ5
Oa4JOEOaJEuTPBtJl8fZCfbJ6EJKcsuYknAu3Newy2HqD8CnioweVEt+4NnOATkf9e82KCYxkt/K4FwIs0RvNnf71QvylLSBpHlail4H1QE45mE=
U0SinBIbJ1SOnLNW9M+geWvRwq4SSfHijw4kHnqHgq8iwyAkdID5LhKNhMlz2zev9Oxs+diLOLBu3NlsRVKV27fv0r1elZZpKJ5UD98FOuZj
MNGN5AcMHAMf0mfwoIoYn1SBzvViBRS9v2f+NBdPfH/+XKo8p95MMVqxrWdpb6rQsoEGt2ZAMOAHFJtuyzup08DAQKiImTaiSnfBOSTmfQ==
pcxeBGnLaExBdcMP1hOgfku062ufJd1RyC+yNGbt6y198FFCD0OirYUzqQWoYSrASHYIUIsQUU00JQY7wffYnVv8Ly/mdA==
VqCVfuQ9E96bCfH2LWVzoUYdq6RKaWvUvsNx40vgDe/i8wJ8pqUbdV3IQUoPS7KVpWtZTWgpmhgojpjYC5jBMdV9tvOBP6hFe8Q/J+Z8
JGHBOCws0du5/NzMxMZ9PvbJ6EJKcsuYknAu3Newy2HqD8CnioweVEt+4NnOATkf9e82KCYxkt/K4FwIs0RvNnf71Qv5kbSApHlail4H1QE45mE=
W+PPHvUkKhXhNy7b7t01xku062ufJd1RyC+yNGbt6y198FFCD0OirYUzqQWoYSrASHYIUIsQUUw2JQY7wffYnVv8Ly/mdA==
hYCF1ngz8y1xsWadXjYxl0cdq6RKaWvUvsNx40vgDe/i8wJ8pqUbdV3IQUoPS7KVpWtZTWgpmhgojpjYC5jBMNd9tvOBP6hFe8Q/J+Z8
ex0ZUPiLZWYG9NsieEDedgmpiA81H4O4rXREAMwWV7nf8fV12Cu6IEY5o+ktVPnWj9cKCdX34dGIdSLEWFIghMvE+emnoY6vYSOQWQvYBzvmYA==
Tku/1KRPl0QkjxOidXD8kvbJ6EJKcsuYknAu3Newy2HqD8CnioweVEt+4NnOATkf9e82KCYxkt/K4FwIs0RvNnf71QvylLSApHlail4H1QE45mE=
wFRcB2NbE2Pe5ZbmakyAN0u062ufJd1RyC+yNGbt6y198FFCD0OirYUyqQWoYSrASHYIUIsQUU8xJQY7wffYnVv8Ly/mdA==
DNf8whqbLhWCmPxmZ9lPxGJapx5EjKuG4f3a/QaGtrMnV7W2lQBPjf5n/cT915hfBpqgEOwyqz5tYCwzccnR6dSnU/orLeZ6
pWhoMFfKzpXyaaysWdHwf1SBzvViBRS9v2f+NBdPfH/+XKo8p95MMVqxrWdpb6rQsoEHt2ZAMOAHFJtuyzup08PAQKuImTaiSnfBOSTmfQ==
BbfNJzvJGwXF6Puo+2QVuPbJ6EJKcsuYknAu3Newy2HqD8CnioweVEt+4NnOATkf9e82KCYxk9/K4FwIs0RvNnf71QvwkbSDpHlail4H1QE45mE=
DG93UuPPcUevs+EN0ri0/6OauRwKJp+TjzErk9SghGLtD8CnioweVEt+4NnOATkf9e82KCYxk9/K4FwIs0RvNnf71Qv5kbSDpHlail4H1QE45mE=
NTCFsVP7e6cOpj+EWlZPG3D30xG/6SkaM4j4jj13JWHh15ZotjYHL6qzuIQcUEFuyr3sKUvLP6/8/FSZMbtgcNaMMczdoh1bP19LW/bHbilwbnwvJxUy5ms=
k9lz/+wzGZlOJP9lXYUGS/bW6B8LY4WShTErk9SghGLtD8CnioweVEt+4NnOATkf9e82KCYxk9/K4FwIs0RvNnf71Qv3lLSDpHlail4H1QE45mE=
jC7j6tCzaO0JdlkxYwwNGEu062ufJd1RyC+yNGbt6y198FFCD0OirYU0qQWoYSrASHYIUIsQUU80JQQ7wffYnVv8Ly/mdA==
PoiHmPoIrcIpIV71erEZOjZYmfsfSgZpnYXrQqkBiim+KlbXz8sFAg2Mzwl2221WBbs4+65G0OS0/mt6pRX8Z0jlsQ28u2POMyHmfg==
Yw+q+r28yLjdQ49tfQWl40Ydq6RKaWvUvsNx40vgDe/i8wJ8pqUbdV3IQUoPS7KVpWxZTWgpmhgojpjYC5jBNdV9tPOBP6hFe8Q/J+Z8
KmQlWz5dga0ZauMgcUGVvFSBzvViBRS9v2f+NBdPfH/+XKo8p95MMVqxrWdpb6rQsoEBt2ZAMOAHFJtuyzup08PCQKqImTaiSnfBOSTmfQ==
QnM2cvopCcHThsB32dbTMfbJ6EJKcsuYknAu3Newy2HqD8CnioweVEt+4NnOATkf9e82KCYxld/K4FwIs0RvNnf71Qvwk7SCpHlail4H1QE45mE=
kMQXaJ6uS4n2QnCdGkzPi0u062ufJd1RyC+yNGbt6y198FFCD0OirYU0qQWoYSrASHYIUIsQUU0wJQQ7wffYnVv8Ly/mdA==
96PeVY2ulPuSIrUx7iWDA81G6wucBqo0u/5weZ7BSf/l7yZI1nFFf1pgLOgDBL9Wh/vlK6lUxCIU+crqjkflISjmcQ==
s5ghT18J6q/Ar3kXBYe1Mgi2iBdrT8qvvEYWGN0cV7aQoKh93mX9Pk8/v6omVPnWj9cKCdXw4dGIdSLEWFIghMvE+eukoYOvYSOQWQvYBzvmYA==
ZJpgBywT+Nw7so4kIp0Ro1O8/WfSdJFDgWW8O27s52528FFCD0OirYU0qQWoYSrASHYIUIsQUUo2JQs7wffYnVv8Ly/mdA==
NB2ae6aHBsWHUcgZbjWP60Ydq6RKaWvUvsNx40vgDe/i8wJ8pqUbdV3IQUoPS7KVpWxZTWgpmhgojpjYC5jBOtZ9u/OBP6hFe8Q/J+Z8
D/0KqgfIUjzG0v7IVBg27/bJ6EJKcsuYknAu3Newy2HqD8CnioweVEt+4NnOATkf9e82KCYxld/K4FwIs0RvNnf71QvwlLSNpHlail4H1QE45mE=
Gv3SdQDkneXuPuxpSjbkqku062ufJd1RyC+yNGbt6y198FFCD0OirYUyqQWoYSrASHYIUIsQUUw2JQE8wffYnVv8Ly/mdA==
bizRTU2S41pUkb2Zl87ugs1G6wucBqo0u/5weZ7BSf/l7yZI1nFDf1pgLOgDBL9Wh/vlK6ZSxCcT+crqjkflISjmcQ==
pCBD2ratYrO1AEQwFOpJtX03LBu4MX76+0xe3mV4T4Xuf93sze/Yl1ZCwPicyiu2/fqPm8V2EaEE/7OS21Xmcg==
/BXmmdE8UpDhqOrpT6SVIk+0s3nQbocXgiuyNGbt6y198FFCD0OirYUyqQWoYSrASHYIUIsQUUswJQE8wffYnVv8Ly/mdA==
MxGeTpv69vMbHl0R6J8oEmID3LQICRdmz5fwRLMBiim+KlbXz8sFAg2Mzwl2221QBbs4+65G0OS0/mt6pRv4Z03isQ28u2POMyHmfg==
EWWqKYUqkZmqeG+XkU7atAnHirp4UQC96HT/PQZPMDK4Fq48p95MMVqxrWdpb6rQsoEHt2ZAMOAHFJtuyzup08DFQK+PmTaiSnfBOSTmfQ==
gUzkjyohYcxGw/ca/g9z/yTwNtpItc8V4cMoIKmYphZDB0re2ZCQW1sqs9QnG8ZZrYdCWDtLfcSt+dWHYXOzws0PRQKd3aMOtlRLTrs7mbMXBTAPHhmGQho3MRk05m0=
lKv6rSg2YeIB/aby7YTAXy/T6ek1PafVUAknuwn05ACpifiY+aB8fOjeuOgLqOHgkY3RZQGvCPW7lN9X5gw=
vybfQ7pcEdr3kSR5Aym9DY8XuUFLdZTGKnSNMoUd257+dFM+U7sxgw/leJ+mWZ4y0peJyVzmBQ==
4kTU8mH2SmO8ldzztPd9/bbk32i18Jdp6cnlgkEjMJxEhusCVWYZH72bcXVMw4O2w1nmBg==
LYUZsAPBbGV6WzekKn2adcuB7MOeol3ZmkJBu6s22dGT3h19D/AWoxLRhQUYokCUy9QZnWfxLBjh3PCJS+gnK+Zw
yOavsDtrCljaPMBJOb6znWuNvk3vJs5bxGa6MCC3xx51uFFVE1qV6Z9kvhS9cTfRSHYIUIsQUUk3JQQ8wfjYnVv8Ly/mdA==
LRyYWFqUQcYeb6leoN9PfsqB7MOeol3ZmkJBu6s22dGT3h19D/AWoxLRhQUYokCUy9QZn2DxLBjh3PCJS+gnK+Zw
HsZnBGDVuVbLmwWcgB698WuNvk3vJs5bxGa6MCC2xx51uFFVE1qV6Z9kvhS9cTfRSHYIUIsQUUswJQQ8wfjYnVv8Ly/mdA==
U+IL9mpgsCC17potlQJBXQqv9nrKaaYXznb1fTrm6S87olFVE1qV6Z9kvgeydS3RSHYIUIsQUU0wJQQ8wfjYnVv8Ly/mdA==
q9afe/WtIPXYBQ8kwNlGHGMJpZ4iAfynXcp/cTllbpEPLDOp1ylp7/rzN296C+04kzWERUrk16YPe22bDvQcUuu5Hbq2Z80xIOZ5
qwYanx5i3TIWOm1RnDodEQmv9nrKaaYXznb1fTrm6S87olFVE1qV6Z9kvgeydS3RSHYIUIsQUUMwJQQ8wfjYnVv8Ly/mdA==
HGTD4AgAQo+4DnBjraZNzWMJpZ4iAfynXcp/cTllbZEPLDOp1ylp7/rzN296C+04kzWERUrk16YPe22bAPQcUuu5Hbq2Z80xIOZ5
MZzjumwSN2FYAtiXxHpIawiv9nrKaaYXznb1fTrm6S87olFVE1qV6Z9kvgeydS3RSHYIUIsQUU80JQs8wfjYnVv8Ly/mdA==
fuVE/xZtZyZ1LX9LOIsk82MJpZ4iAfynXcp/cTllbJEPLDOp1ylp7/rzN296C+04kzWERUrk16YPe22bDPAcXeu5Hbq2Z80xIOZ5
B6Pp2Z3605Q5aU5LU5gEo7Pacwjs7XtA3wefFunCBhaFQwBQf43lgbI+XkYrQZH7n02ni9EUUf9Vp2FOYeXk2pay1CweaUSMWtL4YLca7D7I1sgwi/AR77VFS9zB2Bg92xxvD+ZU
mdgfIvGtqifodZbmleGoA7Pacwjs7Xsbih2IHfPTKxazVjURDO6A07g+CxlWUYrq0Q+2hssjQORApDUKcsawm7qw1CweaUSMWtL4YLca7D7I1sgwi/AR6LZFS9zB2Bg92xxvD+ZU
ZrB7+QnT5Hx9lfWFyFBcZFEt5rUeHvtegqzJ8PXu6gtqEyqg+qybNy05VwOoBDMhMde8jzECYtCs+ZJe4FZer4jeAgwcysesELxAWFyqK5a9EA07DhYRjkQfMzIbNeZS
g8G/ALsZiDHcLI4dyTuJC1Et5rUeHvtegqzJ8PXu6gtrEyqg+qybNy05VwKoBDMhMde8jzEBYtCs+ZJe4FZer4jeAgwcysesELxAWFyqK5a9Hw47DhYRjkQfMzIbNeZS
JfiT6vw1rqlhoHZct5uk25jDzgkOj6MvNwObL1i0qIk6gySQUhR9/MGq+Rub19ytuthsCbsW8L+b3VbmDw==
ko2yTlNYS+fmoGkCsvNu0Up54LLLC/Z7mR/cWOY+vuZbUf/im6svr+wcBNnm2/DwpmyBjC3CLVtPf3odBmDYqe/OrG/3NSLmew==
WGyyplwF2x71Vj0+kyUjEkcdq6BfaWvUvsNx40vgDe/i8wJ8pqUbdV3IQUoPS7KVpW1ZTWgpmhgojpjYC5jBOtF9sfWBMKhFe8Q/J+Z8
3TiqM9IHJHVedcoWLVRBu7LEdwX+735a3V3PTamHWlfyGUMBC4Pgw+VkGxlLQZrr3l2jh59FHfFIz3JUZs2rjf2QkWIPY2LNBZXpJagB6iDI1sgwi/AR6LVFQN3B2Bg92xxvD+ZU
fx7dmOPS/fhZnpRjUXE7nku062ufJd1RyC+yNGbt6y198FFCD0OirYU1qQWoYSrASHYIUIsQUUI2JQA9wfjYnVv8Ly/mdA==
mGZhW9gba8u+rf0vx1tQM0cdq6RKaWvUvsNx40vgDe/i8wJ8pqUbdV3IQUoPS7KVpW1ZTWgpmhgojpjYC5jBNdd9sPWBMKhFe8Q/J+Z8
edmyhsmMiowCHu0dnXIzTNz4HU0e/zb5VsAbe+rCbZjNl4kBZENv7qX/jIcfTjXnzyE/p7mP4CWuAhZ/X0Olyl2kzyEmE83flRN4075O8CzkVuvS9dzcb1vL8aosM8MGYwnmVg==
LCuK9fMUBmenVV2wDva5n0cdq6RKaWvUvsNx40vgDe/i8wJ8pqUbdV3IQUoPS7KVpW1ZTWgpmhgojpjYC5jBNdd9t/WBMKhFe8Q/J+Z8
fh8MWReShTqkw7ADIWa3TC8QrjrSEkEZCBWOagPtS5HvrEKbwtfcvAYzEhEH3trksIqISrPPFM8GfKIsf570wdLRdbcBb0KA6mGIx96AaPAPNOPeI7sBI/mkSLnW2cESwtcZaQzmVQ==
Y/nT1vAZxwdFisMmR7vA12ID3LQICRBgh5O/Q6QBiim+KlbXz8sFAg2Mzwl2221XBbs4+65G0OS0/mt6pRj5Z0vjsQK8u2POMyHmfg==
VvPDUSUXopMxb/5s0JyxswnHirp4UQC96HT/PQZPMDK4Fq48p95MMVqxrWdpb6rQsoEAt2ZAMOAHFJtuyzup08XAQKiOmTmiSnfBOSTmfQ==
Y1DBJ/eS3w37cSmw6vKpP0cdq6RKaWvUvsNx40vgDe/i8wJ8pqUbdV3IQUoPS7KVpW1ZTWgpmhgojpjYC5jBMNZ9tvWBMKhFe8Q/J+Z8
5ZyNMyqoN+47eWonsWQsLNz4HU0e/zb5VsAbe+rCbZjNl4gBZkNt7qX/jIcfTjXnzyE/p7mP4CWuAhZ/X0Olyl2kzyEmE83flRN4075O8CzkVuvS9dPYb1nL8aosM8MGYwnmVg==
GtRorLhcIkA3tA5saIaXZGT7303JpvRTOCYLOtQXQUxYPpKloec0L2wo488LpomvYWNWLqAgia6C7TQJI/vHr4TMvLlua6gwnnyJrHUyhdunzyP4DnYg6bc+JM8PZQrmUw==
Nc5taOs7BKOLow6veeUYxwnHirp4UQC96HT/PQZPMDK4Fq48p95MMVqxrWdpb6rQsoEAt2ZAMOAHFJtuyzup08HDQKqOmTmiSnfBOSTmfQ==
KYCbotNv0QX4JjnAKvY3Vs1G6wucBqo0u/5weZ7BSf/l7yZI1nFEf1pgLOgDBL9Wh/vlK6ZTxCIS+cXqjkflISjmcQ==
u0Yy6dcrP/s7eIOca7PTgxocassiqXnBqfwfGYOgLiodhM8BZvNNf1VzeDP+7nBMJHbr8jW1WM8YK/HK7JND5iMp5nY=
SVnZ7PvEKKJ+tnt6NKxZW0p54LLLC/Z7mR/cWOY+vuZbUf/im6svr+wcBNnm2/DwpmyBjC3CLVtPf3AZBmnYqe/OrG/3NSLmew==
DNnEy8BczrtrIfQEuRsjekcdq6RKaWvUvsNx40vgDe/i8wJ8pqUbdV3IQUoPS7KVpW1ZTWgpmhgojpjYC5jBO9V9u/WBMKhFe8Q/J+Z8
Gr6JzQoESObMScEi4zT2vdz4HU0e/zb5VsAbe+rCbZjNl4kBZENv7qX/jIcfTjXnzyE/p7mP4CWuAhZ/X0Olyl2kzyEmE83flRN4075O8CzkVuvS9dXZb1fL8aosM8MGYwnmVg==
f8xFsJQDLtIuurOuWYaCoBcbP8s+qSqB7uIWH5/jJSodhM8BZvNNf1VzeDP+7nBMJHbr8jWwWc8XK/HK7JND5iMp5nY=
JcFZEnjV1yZqEvRthkGtpkcdq6RKaWvUvsNx40vgDe/i8wJ8pqUbdV3IQUoPS7KVpW1ZTWgpmhgojpjYC5jBN9V9uvWBMKhFe8Q/J+Z8
q8qihuNi8R5lPdwebqHGs+dandR2Ci4WnS48KShDP8ZOLkym5mBPCjAQVkFQN2iJ7LD4hJb1bVm6Ad7v/ts0dKAodY7epfD5h2NLLwhUGMkqo3QQ4nSNvFFKyRtrd0xrivCciev24P9rfQbmXw==
t2xa6uWtmVpc4hxgS/+lbHcaiad75CMxXyVCWzKH6tgGAXOBzXzJzo/POiE1mTHpyI1ybPg60BxLXIkGAAlS0aEUwLFr8Dcj5ng=
l8e0H6lIcGWrZmDZgIHdvpjDzgkOj6MvNwObL1i0qIk5gySQUhR9/MGq+Rub196tutBsCbsW8L+b3VbmDw==
2ouQyNmPv3r1c+RZpga+Lkp54LLLC/Z7mR/cWOY+vuZbUf/im6svr+wcBNnl2/DwpmyBjC3CLVtPf3EYBmHdqe7OrG/3NSLmew==
qKt2WUO6eZFnso9l+znNdrPacwjs7XtA3wefFunCBhaFQwBQf43lgbI+XkYrQZH7n02ni9EUUf9Vp2FOYeXk2pay1CweaUSIU8X/YLca7D7I1sgwi/AR4rVFQ9jB2Rg92xxvD+ZU
ZiNeNTDBCr7D2StfiKEFhFEt5rUeHvtegqzJ8PXu6gtqEyqg+qybNy05VwOoBDMhMde8jzECYtCs+ZJe4FZer4jaCxsbysesELxAWFyqK5a9EA07BxIRj0QfMzIbNeZS
7ocDhuysCaAFMwozU6sRYcjdyRwVhdExfwOMM0GD7JNrlDeLSh59/MGq+Rub19eputlpCboW8L+b3VbmDw==
dq5cd+iKcMmshsaqjyDNMLDRP6HjiwizxQtwAwdsU2suxtFMfeI9W1+fK9lWgU0pni7cr4fVUuYL
JdS3G3Lpfb+BSBaxzkqpELPacwjs7Xsbih2IHfPTKxazVjURDO6A07g+CxlWUYrq0Q+2hssjQORApDUKcsawm7qw1CweaUSIU8X/YLca7D7I1sgwi/AR4rVFQ9jB2Rg92xxvD+ZU
FD1XCdgaLgR++yQaiaXDg7HRP6HjiwizxQtwAwdsU2suxtFMfeI9W1+fK9lWgU0pni7cr4fVUuYL
nWgnLOs1kJetWB1wsdF1zVEt5rUeHvtegqzJ8PXu6gtrEyqg+qybNy05VwKoBDMhMde8jzEBYtCs+ZJe4FZer4jaCxsbysesELxAWFyqK5a9EA07BxIRj0QfMzIbNeZS
MDSAuJ6EGV+0r7YJQWbIZcvdyRwVhdExfwOMM0GD7JNrlDeLSh59/MGq+Rub19eputlpCboW8L+b3VbmDw==
vuS5nNqEb1EqEMFO1JjCzcrdyRwVhdExfwOMM0GD7JNrlDeLSh59/MGq+Rub19eputlpCboW8L+b3VbmDw==
kPj2zsK7vqHlF2bEzCRotMmB7MOeol3ZmkJBu6s22dGT3h19D/AWoxLRhQUYokCUy9QZm2bxKxzh3fCJS+gnK+Zw
Yvn39sZRDz+RaInJm1QefGuNvk3vJs5bxGa6MCC1xx51uFFVE1qV6Z9kvhS9cTfRSHYIUIsQUU82JQM4wfnYnVv8Ly/mdA==
eNlEOjSOxA3ybZ3EvEW+eciB7MOeol3ZmkJBu6s22dGT3h19D/AWoxLRhQUYokCUy9QZlmbxKxzh3fCJS+gnK+Zw
VSH3m0waoqjqcVlBKB6Fd2uNvk3vJs5bxGa6MCC0xx51uFFVE1qV6Z9kvhS9cTfRSHYIUIsQUUI2JQM4wfnYnVv8Ly/mdA==
+UPARVR80TKGKPrw/BwxeQev9nrKaaYXznb1fTrm6S87olFVE1qV6Z9kvgeydS3RSHYIUIsQUU43JQM4wfnYnVv8Ly/mdA==
dU7z06vMvA4X0nbNxmReRWMJpZ4iAfynXcp/cTllY5EPLDOp1ylp7/rzN296C+04kzWERUrk16YPe22bDfMcVe+5HLq2Z80xIOZ5
JFuuy2le1aJO9MuNvf0nuAav9nrKaaYXznb1fTrm6S87olFVE1qV6Z9kvgeydS3RSHYIUIsQUU03JQM4wfnYnVv8Ly/mdA==
rzEo0nDQg9cXYH1gIz2mNmMJpZ4iAfynXcp/cTllYpEPLDOp1ylp7/rzN296C+04kzWERUrk16YPe22bDvMcVe+5HLq2Z80xIOZ5
VvsRhUoP5dKYFbq4znVGbRBSeoCJmrj0IPpbKxbCnwNwF4d3dnO79w77eZA8mlw3vrQDHkO7IWNUIyh9M9ng0qJX+Sks5nU=
N2m4Yv3rf5krYai5OmlLQ0ovmOlMG0c1g4X7Q60BmTGrJkTMz/oNSg2b0xBBn3cGEqot67NX0OS0/mt6pRX/Z0/msQO8u2POMyHmfg==
v5Fzmv11rJsmhZ6hFn/6h7Pacwjs7XtA3wefFunCBhaFQwBQf43ogbI+XkYrQZH7n02ni9EUUf9Vp2FOYeXk2Jay1CweaUSMWtL4YLca7D7I1sgwi/AR47BFQ9jB2Rg92xxvD+ZU
J9F1mMz0Y2wkokWbL4qj8SwOrizDEEAWCE/bKkGmFtCY+AHUtNnco0Z2AxAd44irtMOYUbiBRYMIYco/ZZncjoa6V/JPfkimqz7P1pufc/YRNOPeI7sBI/ilSL3T2cASwtcZaQzmVQ==
o9V/DQEKtQvZM8VFmx4SPFEt5rUeHvtegqzJ8PXu6gtlEyqg+qybNy05VwOoBDMhMde8jzEPYtCs+ZJe4FZer4jeAgwcysesELxAWFyqK5a9Gw87BhIRj0QfMzIbNeZS
0rmxTvk0NafZfv6m2sCIX2Dl31vYpPVcOGRafZZcJ1laL9Du5bxrU35n8ptP5svjcGMEaNpn2bqJ9iJOA76Jvo7q/eYpeu0vhXqXrHUyhdunzyr8DnAl6bY+JM8PZQrmUw==
gILSZphEzEyXQ6oMWIlYkJjDzgkOj6MvNwObL1i0qIk3gySQUhR9/MGq+Rub196putppCboW8L+b3VbmDw==
jLsAbg/VEdocQsxiUccNJUp54LLLC/Z7mR/cWOY+vuZbUf/im6svr+wcBNnr2/DwpmyBjC3CLVtPf3YZBmLdqe7OrG/3NSLmew==
Spx8qNGdgGi/kqHZGQ0o00cdq6BfaWvUvsNx40vgDe/i8wJ8pqUbdV3IQUoPS7KVpWBZTWgpmhgojpjYC5jBMNZ9sPCBMahFe8Q/J+Z8
/67wxc7gH6D6ob3CknLGcrLEdwX+735a3V3PTamHWlfyGUMBC4Pgw+VkGxlLQZrr3l2jh59FHfFIz3JUZs2rjf2QkWIPY2LNBZjpJagB6iDI1sgwi/AR67BFQNjB2Rg92xxvD+ZU
ifYLDvPDuHxFX4biIxuMkRs214V2NQrYWl65796blPQAaFWO/uUQeecjqy9olPhJR2NUEMK0LTzxiukbi7cr7Gq6+YkKtkB/yz0m5n8=
dc8E78zlqIEmoBQMBI+8/0u062ufJd1RyC+yNGbt6y198FFCD0OirYU4qQWoYSrASHYIUIsQUUoxJQA4wfnYnVv8Ly/mdA==
LUDOrR0RMkVeuWxlXJ3Yukcdq6RKaWvUvsNx40vgDe/i8wJ8pqUbdV3IQUoPS7KVpWBZTWgpmhgojpjYC5jBNNF9sPCBMahFe8Q/J+Z8
0Pa2HCqLEgwN+WStSqwXl0s1JnAAJT44C7GZ4RZYYruo/eJXLuHbO195Zc248wpohvHTMQ0s6d6P3xpx9SSRGUg9khw46rAMS0xpVkX5P2QhZWABKyAXM+Zo
hx2+2QH49mlgLshq945F+hs214V2NQrYWl65796blPQAaFWO/uUQeecjqy9olPhJR2NUEMK0LTzxiukbi7co6Wq9+YkKtkB/yz0m5n8=
5W3hThR8vYKd9cmLSlzmRJjDzgkOj6MvNwObL1i0qIk2gySQUhR9/MGq+Rub19+rut1pCboW8L+b3VbmDw==
4GuDP/ggNvo53uOkLSfav0p54LLLC/Z7mR/cWOY+vuZbUf/im6svr+wcBNnq2/DwpmyBjC3CLVtPf3YbBmXdqe7OrG/3NSLmew==
Ju8kTqvIrOVHUJx+Dv7Qu13icnvy1+lHNnP1q/MfCQqhgxyhrM9XrxB2dozvHgRhopGFl3FvsqCaoXRnrgD4UF/0M/4zuxFDrmSY2UNZcHJyFykJPOZl
qSY4XeN4TjUjr/iVcosJIkcdq6RKaWvUvsNx40vgDe/i8wJ8pqUbdV3IQUoPS7KVpWFZTWgpmhgojpjYC5jBNtF9t/CBMahFe8Q/J+Z8
RIAE0NFz8E5KAY/BhT2Deks1JnAAJT44C7Ga4RZYYruo/eJXLuHbO195Zc248wpohvHTMQ0s6d6P3xpx9SWRGUg9khw46rAMS0xpX0H5P2QhZWABKyAXM+Zo
wMO6gB1QLB80G+SteQjRexs214V2NQrYWl65796blPQAaFWO/uUQeecjqy9olPhJRmNUEMK0LTzxiukbi7ct6Gq8+YkKtkB/yz0m5n8=
wV0papbuG1IiSVdb5QyV60u062ufJd1RyC+yNGbt6y198FFCD0OirYU5qQWoYSrASHYIUIsQUU00JQY4wfnYnVv8Ly/mdA==
b1OSmI6eZu9sNFdpzHQbLkYdq6RKaWvUvsNx40vgDe/i8wJ8pqUbdV3IQUoPS7KVpWFZTWgpmhgojpjYC5jBN9V9tvCBMahFe8Q/J+Z8
TzY4Ij2V7f4C73aeHviUaks1JnAAJT44C7Ga4RVYYbur/eJXLuHbO195Zc248wpohvHTMQ0s6d6P3xpx9SWRGUg9khw46rAMS0xpV0b5PmQhZWABKyAXM+Zo
8q+3QvtXTAO0WMIszQtoghs214V2NQrYWl65796blPQAaFWO/uUQeecjqy9olPhJRmNUEMK0LTzxiukbi7co6mq8+YkKtkB/yz0m5n8=
ZG6CIM+FP9EAhjv7uKGb5mTG5+QuPvSYRw8wuxWGoF/v2fnd6Ll6aOjeuOgLqOHkl43WYAGhCPW7lN9X5gw=
G04TOQJyCnA1meYgp4EaxXUMiKpi4y42Xy9eDnfH698PDDzBl2vYz5XySDs/nTHpyI1ybPg60BxLXIkFAAle1KEVwLFr8Dcj5ng=
Dt3BRHScxgxCD1bcLzT1SHUMiKpi4y42Xy9eDnbH698PDDzBl2vYz5XySDs/nTHpyI1ybPg60BxLXIkPAAle1KEVwLFr8Dcj5ng=
IxRd+BkZsYSxg3EzQ5zrflycz7B5URW3qWXiMAEBNna7HOAyqNZNPRHrunZodZeiqIsEt2ZAMOAHFJtuyzup08PFQKiLmTiiSnfBOSTmfQ==
MYuP6r3uAQIP/8kWB1DFaa+N4kKp0mN4/NnhRCJNAYPs8WAoJVN8lCGMQljtKOwqnLaZBV07Bh789QNKFNvIjzKgBPgLJIeG/3tde1owzDN/OWxaBic9ETDmaQ==
OSQubhK3OEkgAiC/zsHFPBlF9KVNPGbE/8ptphynAqbsvQxzrqQXPgffUEsVdsCPr2lZTWgpmhgojpjYC5jBNNR9tfCBMahFe8Q/J+Z8
G/XkNpf/5VzOKFu1RE04hVQKcIDdzP7AabhIYlCWlQ05C8JmYHWfslDrLIc+gEgwr7QDHkO7IWNUICh7M9ng0qJX+Sks5nU=
2KKyB+Tbd9kWw5ZbYgsLZkN7773UHOdh0FqNBOY+vuZbUfezjLoutdFuHtPi2/DwpmyBjC3CLVtPf3UZBmfdqe7OrG/3NSLmew==
XrCowqG5pa+VM/V8gFRoEVycz7RsURW3qWXiMAEBNna7HOAyqNZNPRHrunZodZeiqIsEt2ZAMOAHFJtuyzup083CQKuLmTiiSnfBOSTmfQ==
L2EiIQ1QumjvJcjkY2+RmbLEdwX+735a3V3PTamHWlfyGUMAF5Xmwvl4EhhZBZrunw26zpxPUv4MhXxbbsynxqeHgGMVXhDXD5HpJagB6iDI1sgwi/AR4rdFRdjB2Rg92xxvD+ZU
lAsMny+R1fGCozotdVCSghlF9KVNPGbE/8ptphynAqbsvQxzrqQXPgffUEsVdsCPr2lZTWgpmhgojpjYC5jBMNB9tfCBMahFe8Q/J+Z8
8o6Ach4Q+I5l64Gepbt4yku062ufJd1RyC+yNGbt6y198FFCD0OirYU4qQWoYSrASHYIUIsQUUoxJQU4wfnYnVv8Ly/mdA==
hUEYXtc9tTWsk+OJKJs7D0cdq6RKaWvUvsNx40vgDe/i8wJ8pqUbdV3IQUoPS7KVpWBZTWgpmhgojpjYC5jBMNR9tPCBMahFe8Q/J+Z8
P5kzpUfMNHyBllTuM8BQ39z4HU0e/zb5VsAbe+rCbZjNl4kBZENv7qX/jIcfTjXnzyE/p7mP4CWuAhZ/X0Olyl2kzyEmE83SlRN4075O8CzkVuvS9dzdb1jO8assM8MGYwnmVg==
4ho6gPNZNQ0j//JCjan7ngnHirp4UQC96HT/PQZPMDK4Fq48p95MMVqxrWdpb6rQsoENt2ZAMOAHFJtuyzup08HCQKqLmTiiSnfBOSTmfQ==
xvjzN06/nZaOysJL6UEuMUcdq6RKaWvUvsNx40vgDe/i8wJ8pqUbdV3IQUoPS7KVpWBZTWgpmhgojpjYC5jBO9d9tPCBMahFe8Q/J+Z8
azoKaDwne0EbkV8dlXTZ5udandR2Ci4WnS48KShDP8ZOLkym5mBPCjAQVkFQN2iJ7LD4hJb1bVm6Ad7v/ts0dKAodY7epfD5h2NLLwhUGMkno3QQ4nSNvFFKyRtrd0ltiv6Zier24P9rfQbmXw==
b7Vq1rvyXnVs9eDn9i4CjQnHirp4UQC96HT/PQZPMDK4Fq48p95MMVqxrWdpb6rQsoENt2ZAMOAHFJtuyzup08bAQKWLmTiiSnfBOSTmfQ==
S2xv/TJzHK7sLgsoY168VUu062ufJd1RyC+yNGbt6y198FFCD0OirYU5qQWoYSrASHYIUIsQUUs1JQs4wfnYnVv8Ly/mdA==
tcoRGGsJGIDPeIYSB2O8mkcdq6RKaWvUvsNx40vgDe/i8wJ8pqUbdV3IQUoPS7KVpWFZTWgpmhgojpjYC5jBNdV9u/CBMahFe8Q/J+Z8
Eyl+CO67bJVR/SlY7ITi3l5cv1tzAnuK0nznjX5n7uI9hX8F6U+ulNB/URcJlfKlx6LpwVxdOzgt5TMPH82NSSiXwpymhdvV3WiBag9rcjUlwZltaMlaeKhuWLgLeIFbVp37kIER6OX7ZH8H5lw=
DVU3Wxi9XvRDWqV4wAnJuUYdq6RKaWvUvsNx40vgDe/i8wJ8pqUbdV3IQUoPS7KVpWFZTWgpmhgojpjYC5jBM9F9u/CBMahFe8Q/J+Z8
IoV6SBQrCAA4djYFIZQWAuRantR1Ci0WnS48KShDP8ZOLkym5mBPCjAQVkFQN2iJ7LD4hJb1bVm6Ad7v/ts0dKAodY7epfD5h2NLLwhUGMkmo3QQ4nSNvFFKyRtrd0xoivCZier24P9rfQbmXw==
a0YiTiS3loynELFbdzPMqQnHirp4UQC96HT/PQZPMDK4Fq48p95MMVqxrWdpb6rQsoEMt2ZAMOAHFJtuyzup08PAQKSLmTiiSnfBOSTmfQ==
PTIKs2I+Cqpno15KKwKs9v0vf2xcZDNQMpYCRse5g0MYIqI1XfaKoxazbFAaxNVcWTphmwNHR0rSACHJ8uaYX+MtLuZ3
oQfTDdLTkcqmisHd5wl5ulQKcIDdzP7AabhIYlCWlQ05C8JmYHWfslDrLIc+gEgwr7QDHkO7IWNeIih0M9ng0qJX+Sks5nU=
tXDAtoq+XFnG0B60X7E2kFycz7B5URW3qWXiMAEBNna7HOAyqNZNPRHrunZodZeiqIsEt2ZAMOAHFJtuyzup08TDQKSLmTiiSnfBOSTmfQ==
QQeAng7oergaqfdsL+W+e3ees7Kgs5BzNJ6Rfdw+EjHaEUBXXjietbzxhVVPXwirQugfbHwk09BSViJGJ3njw7hiQjU9Nioj9vMMUDqENdw5+kGb4wfgzHJAwcnSJjjfA20O5lc=
bOBna3P5CoN4zm8u8VL1Ilycz7B5URW3qWXiMAEBNna7HOAyqNZNPRHrunZodZeiqIsEt2ZAMOAHFJtuyzup08TFQKSLmTiiSnfBOSTmfQ==
t1XYfvhJyrtf/4vfqnV6XkwlLQ7shMfQxbAyUVmSzbySdSOh+SMW+sWcuIvKydas/ANtNU8FJXsao0D8dUyW8JGYAPLI1q39cWtatgh1d+LIC+T3BkDQoGeUey6rO4mTZ0Dg7aqZGOLq92F5BOZd
V4rqVLHfAw1Twnsvcr2yjUcdq6RKaWvUvsNx40vgDe/i8wJ8pqUbdV3IQUoPS7KVpWBZTWgpmhgojpjYC5jBNNd9sfGBMahFe8Q/J+Z8
qh9uKBSi0uRmsoYUVCbgHy8QrjrSEkEZCBWOagPtS5HvrEKbwtfcvAYzEhEH3trksIqISrPPFM8GfKIsf570wdLRdbcBb0KA6mGFx96AaPAPNOPeI7sBI/ugSL7S2cASwtcZaQzmVQ==
vO/DO+vPwUQCx7U9reiDzgnHirp4UQC96HT/PQZPMDK4Fq48p95MMVqxrWdpb6rQsoENt2ZAMOAHFJtuyzup08zAQK6KmTiiSnfBOSTmfQ==
bA4a6XnKIZKtvw1FLqZntEcdq6RKaWvUvsNx40vgDe/i8wJ8pqUbdV3IQUoPS7KVpWBZTWgpmhgojpjYC5jBNdV9sPGBMahFe8Q/J+Z8
NYpImGZdOQxLped/uazD7r6rspWOCeO8i+12WOANSxUJh+jJ93AzbTzxo7SdiWvD3wHVJRib2rDGqQMZbQQZ5o/n6lmVDEFBCOVCdJgCAHTLtNk/5xFoPeG9MCnLCGcL5lA=
946gEdCwnEQvh16ctw/ppwnHirp4UQC96HT/PQZPMDK4Fq48p95MMVqxrWdpb6rQsoENt2ZAMOAHFJtuyzup08PDQK6KmTiiSnfBOSTmfQ==
2i1C4NvcCwxXpDGyWhcpyFycz7B5URW3qWXiMAEBNna7HOAyqNZNPRHrunZodZeiqIsEt2ZAMOAHFJtuyzup08DFQK6KmTiiSnfBOSTmfQ==
HQw9vock+wEyN35ablusYmSG2GKUvF6Px6tHy77kPgzQOHifx52JDX1ZCkjK1Pv/4nw39Bms/OGuVFTTyKm+kut8b0HEIVWQzJ13pz33mH/G+iDwrBKrHi2JrVOz69HHFMfTGmsN5lo=
me4cbu2qURxCQrsYS5w4lFnF+stdcznOgmpYq9QEMBQYVjDL2MH+alv0z5mUCVWovFWXP60fWAf28gCofLorpt3Lzkujg5E/pE9zwjsl5mI=
/qSAM7vt5kEpkwj8yA7HYVycz7B5URW3qWXiMAEBNna7HOAyqNZNPRHrunZodZeiqIsEt2ZAMOAHFJtuyzup08XDQKmKmTiiSnfBOSTmfQ==
b/wM0qeMbDWSN1/f9OmDYBXSBl825aA8Z82qsoGyXp3G19i0GC0rffPlufOeM+QEuQzayHWIBPrU9lE1NRv+LoT1+3ps+yC/emDMqGOEHxZn+8Xrw9RkYTb5pCouxwVhCOZR
lmgbwPHduMIhZXh1VtYN7FnF+stdcznOgmpYq9QEMBQYVjDL2MH+alv0z5mUCVWovFWXP60fWAf28gCofLorpt3PyEujg5E/pE9zwjsl5mI=
2I1emT2j2GLBbxxS3EDPF0cdq6RKaWvUvsNx40vgDe/i8wJ8pqUbdV3IQUoPS7KVpWBZTWgpmhgojpjYC5jBMtR9tfGBMahFe8Q/J+Z8
ptJgxQgrMO62IUkXac2PiCIF51tZyf/LobuQ+QaGtrMnV7W2lQBPjf5n/c7915hfBpqgEOwyqz5taCwzccvR59SnU/orLeZ6
yCEpU5j9QtlzGAD/ikvRdlSBzvV+GRS9v2D+NBdPfH/+XKo8p95MMVqxrWdpb6rQsoENt2ZAMOAHFJtuyzup08LDQKuKmTiiSnfBOSTmfQ==
FhHvqOfi81OV9Ixnr+qgBFSBzvViBRS9v2f+NBdPfH/+XKo8p95MMVqxrWdpb6rQsoENt2ZAMOAHFJtuyzup08HEQKuKmTiiSnfBOSTmfQ==
r+PfuyXTco4Sq3DONZe8Z/bJ6EJKcsuYknAu3Newy2HqD8CnioweVEt+4NnOATkf9e82KCYxmd/K4FwIs0RvNnf71Qv3lbSDpnlUil4H1QE45mE=
AXlgfhL6ElQrx7d+Ng+5Iku062ufJd1RyC+yNGbt6y198FFCD0OirYU4qQWoYSrASHYIUIsQUUo1JQQ5wfnYnVv8Ly/mdA==
V6/kc6PcyuueUdaoZLmn0zAoI2RKvdWgdnw53I2fN38IYpttn3lwR0Kb0sTmXUtdvaBxUg9Tgv1FSAm1KJFKcIgm6ECLADGddZXkSUFJeG0bLA8/5mQ=
0VvJRkbjmq7gIxAzFu9rM13jcjCx2a8AYT+r6rBFV0ew1Betvs9IohB2dozvHgRhopGFl3FvsqCaoXVnrgD4UF/0M/4zuxFDrGSY2kJZcHJyFykJPOZl
T2ApHgbmU0TltsfTYaR/KrKHuOTko8phSSXD461/ZwCRhaDEf8//l8stmi2mFjYjh4f1ZrUQT53et70eXUcYz6ZK4MDMIqsuTbBp49BbUXd0dxMqCz3mag==
3fZRjDsqDC8C//X28IiVD7KHuOTko8phSSXD461/ZwCRhaDEf8//l8wtmi2mFjYjh4f1ZrUQT53et70eXUcYz6ZK4MDMIqsuTbBs499bUXd0dxMqCz3mag==
3/wJ1BTW5vnugYRj5yUAs0cdq6RKaWvUvsNx40vgDe/i8wJ8pqUbdV3IQUoPS7KVpWFZTWgpmhgojpjYC5jBO9V9u/GBMahFe8Q/J+Z8
sy5PlxXrZ221D1eVz0tgNCIF51tZyf/LobuQ+QaGtrMnV7W2lQBPjf5n/c/915hfBpqgEOwyqz5taC8zf8vR59SnU/orLeZ6
efaEy7s7TEU49wVhcBBUUlyz8myfJd1RyC+yNGbt6y198FFCD0OirYU5qQWoYSrASHYIUIsQUUswJQs5wfnYnVv8Ly/mdA==
+rtADMgA4Ekuuo8t0CJy9VSBzvViBRS9v2f+NBdPfH/+XKo8p95MMVqxrWdpb6rQsoEMt2ZAMOAHFJtuyzup083EQKWKmTiiSnfBOSTmfQ==
KM+EV8H0A5kbBVr9nQCAePbJ6EJKcsuYknAu3Newy2HqD8CnioweVEt+4NnOATkf9e82KCYxmN/K4FwIs0RvNnf71QvykLSMpnlUil4H1QE45mE=
7zUUNkTk4hpp90a8zpHxGku062ufJd1RyC+yNGbt6y198FFCD0OirYU5qQWoYSrASHYIUIsQUUs1JQo5wfnYnVv8Ly/mdA==
md7TilGC9QTeAdFYWnkCtzAoI2RKvdWgdnw53J+fN38IYpttn3lwR0Kb0sTmXUtdvaBxUg9Tgv1FSQm1KJFKcIgm6ECLADGfdpXqSUFJeG0bLA8/5mQ=
aCgjEM0atjJ6Bnf6wDHV5jAoI2RKvdWgdnw53I2fN38IYpttn3lwR0Kb0sTmXUtdvaBxUg9Tgv1FSQm1KJFKcIgm6ECLADGYd5XqSUFJeG0bLA8/5mQ=
h246SdLayYitABBka+K6nbKHuOTko8phSSXD461/ZwCRhaDEf8//l8wtmi2mFjYjh4f1ZrUQT53et70fXUcYz6ZK4MDMIqsuTblp495bUXd0dxMqCz3mag==
BHsAamNt6jET55WFkc5vm0cdq6RKaWvUvsNx40vgDe/i8wJ8pqUbdV3IQUoPS7KVpWFZTWgpmhgojpjYC5jBO9V9svKBMahFe8Q/J+Z8
crU4aSw/PX2Rz4qViOvJXvbJ6EJKcsuYknAu3Newy2HqD8CnioweVEt+4NnOATkf9e82KCYxmN/K4FwIs0RvNnf71Qv1krSEpXlUil4H1QE45mE=
hJrX5YZvl5npjwfVKXxKGku062ufJd1RyC+yNGbt6y198FFCD0OirYU5qQWoYSrASHYIUIsQUU43JQI6wfnYnVv8Ly/mdA==
WO4RSctYEM928qYOEXqX2UYdq6RKaWvUvsNx40vgDe/i8wJ8pqUbdV3IQUoPS7KVpWFZTWgpmhgojpjYC5jBM9B9svKBMahFe8Q/J+Z8
8vPx1PUQQpvWpCc2EDD/NiIF51tZyf/LobuQ+QaGtrMnV7W2lQBPjf5n/c/915hfBpqgEOwyqz5tYygzdsjR59SnU/orLeZ6
QxgDylhCnr7Na86UYv5Yg1SBzvViBRS9v2f+NBdPfH/+XKo8p95MMVqxrWdpb6rQsoEMt2ZAMOAHFJtuyzup08bFQKyJmTiiSnfBOSTmfQ==
H7xTu71P60z/u7iTRJHTfPbJ6EJKcsuYknAu3Newy2HqD8CnioweVEt+4NnOATkf9e82KCYxmN/K4FwIs0RvNnf71QvxkLSHpXlUil4H1QE45mE=
5kcD4QBeOSSzlkcxRSC4Oku062ufJd1RyC+yNGbt6y198FFCD0OirYU5qQWoYSrASHYIUIsQUUo3JQE6wfnYnVv8Ly/mdA==
7+llE1UbU+aUEkH6v0mpsjAoI2RKvdWgdnw53I2fN38IYpttn3lwR0Kb0sTmXUtdvaBxUg9Tgv1FSQm1KJFKcIgm6ECLADGacJXhSkFJeG0bLA8/5mQ=
XBFA8rglwQUZvcVfUIEqpbOHuOTko8phSSXD461/ZwCRhaDEf8//l8wtmi2mFjYjh4f1ZrUQT53et70fXUcYz6ZK4MDMIqsuTbBs49RYUXd0dxMqCz3mag==
HIpe6w0e48zXwnl6n8KjRVycz7B5URW3qWXiMAEBNna7HOAyqNZNPRHrunZodZeiqIsEt2ZAMOAHFJtuyzup08DCQK6JmTiiSnfBOSTmfQ==
igPdQQmbf1Ge7ZDf8HuMeVZo/vvIHLMskBzHAOY+vuZbUfezjLoutdFuHtPi2/DwpmyBjC3CLVtPf3QaBmLfqe7OrG/3NSLmew==
aE0DMXW0bXpGBBSrvAiV0gSDvoRHJy3O1XlZosUEfFleHDTL2MH+alv0z5mUCVWovFWXP60fWAf28gCofLorpt3Az0ukgJE/pE9zwjsl5mI=
m/X3AyuMRmpjNWdVewHEdK+3iScGjL/1Q04bo6GSaPs8WDydFtDkvwB9no7zWD8NLJXVLDTZB4s14/ijHp6wfARm6+IVgZi//LxxW4xjA9YDOeZm
NHmQiMtWqNBcITBI8q4791QKcIDdzP7AabhIYlCWlQ05C8JmYHWfslDrLIc+gEgwr7QDHkO7IWNaJSh+Mdng0qJX+Sks5nU=
AOJIbaEy9cYhpZs82Ne9zV3jcjCx2bkRZTW14LZfUQTnzBC27YBD5hN8OILgFgVt6cuShnB1j9KAq3xnrgD4UF/0M/4zuxFDpGCY2UFZcHJyFykJPOZl
M+MhPalChnTwoQ3g2kHWI3D30xG/6T8LN4LmhDttIi71mIl0/ipDYO26/cRWXk5my7Gnc1zaPrXBjk6TMrtgcNaMMczdoh1bP19AWvbFbyl+bnwvJxUy5ms=
MxeKnCp8MFINlBkDX5uI+Q2sihk3H43l7yQYWZZIG72Ru6wzki+6IEY5o+ktVPnWj9cKCdX84dGIdSLEWFIghMvE+e+goY2uYS2QWQvYBzvmYA==
VrV6z7Wto61pUhxhgomZ781G6wucBqo0u/5weZ7BSf/l7yZI1nFJf1pgLOgDBL9Wh/vlK6ZUxCMV+cTqjkflISjmcQ==
DNWRGQZbU+Bzs/lcTP/i4y1Y1O0/oGV6SXsCSSifrdYOBmzCxnzJzo/POiE1lDHpyI1ybPg60BxLXIkCAQld1qEVwLFr8Dcj5ng=
xq+Wr8OPmkJzAjTrQp2WHSTwNtpItc8V4cMoIKmYphZDB0re2ZCQW1sqs9QnG8ZZrYdCWDtLfcSt+dWHYXOzws0PRQKd3aMOtlRLTrs7mbMRATAKGRmIQho3MRk05m0=
ldpfq3yDMj7L9GfMoVIzVS/T6ek1PafVUAknuwn05ACpifiY+aB8fOjeuOgLqOHmlY3UYgGhCPW7lN9X5gw=
BU7CUZCEGm8gU4TbxZY+dyTwNtpItc8V4cMoIKmYphZDB0re2ZCQW1sqs9QnG8ZZrYdCWDtLfcSt+dWHYXOzws0PRQKd3aMOtlRLTrs7mbMdATAKGRmIQho3MRk05m0=
jsFS2+UPGqPYLAyIn3e+NC/T6ek1PafVUAknuwn05ACpifiY+aB8fOjeuOgLqOHqlY3UYgGhCPW7lN9X5gw=
pfwNzizbh7lYsAYVesVm4Lg/uBA+49q8EcoJG6v3jGrKftuJKnYg/6v9RuYf
F/KvDjpGYzdLccfo3aN/zI8XuUFLdZTGKnSNMoUd257+dFM+U7sxgw7ieJqhWZAy0peJyVzmBQ==
RT1+pl/ozN57UMN9ytNDIbbk32i18Jdp6cnlgkEjMJxEhusCVWceH7iccXtMw4O2w1nmBg==
hCNc+piDjAucwm01IxGFlR+pOzSuibkBcCPp6qFCUUe+xxmmrJtCqB4hOoWmQg1gqM2Ul2t0spHJ8ik1uwTMR0j0M/4zuxFDrmKY2kFZcHJyFykJPOZl
iCquNRkNvoqaGL+a3lLFNCqQgr5PBvfyhwt4H2+KivtkhGg5PImwchuMjpVi2y209N0/qo/ZLbRay85sRVKV27fv2LpelpdpJp5UD98FOuZj
