wZNAUWGX8QrmySRYSCWgcYrkcElwxtDpc0dQ1aT1bj628g89IEHrT9F/gM2zGXohrVmkKXZ14DT5CI3Wnn+EnAkaUZvzJ5OIguiySUuGaB3TDT7mZw==
jOebTSsIzl//iQ0IhXmbLCGQ4uspL6bHQRlkqxah5AqSyP/I9b52aejeuOgLqOHklI3SYwGoCPW5lN9X5gw=
pvAvaEmYNRHQnsk/EL0JIg+v9nrKaaYXznb1fTrm6S87olFVE1qV6Z9kvgeydS3RSHYIUIsQUUgwJQE4wfHYnVn8Ly/mdA==
HUVI4pJES4jDbUe2RDJ4ymMJpZ4iAfynXcp/cTlla5EPLDOp1ylp7/rzN296C+04kzWERUrk16YPe22bC/QcV++5FLq2Zc0xIOZ5
i9rrxl83v4oz31LQMRmLps+B7MOeol3ZmkJBu6s22dGT3h19D/AWoxLRhQUYokCUy9QZmWDxKRzh1fCJSegnK+Zw
TB6alAGtBlsmCSvV+SgnQ2uNvk3vJs5bxGa6MCCzxx51uFFVE1qV6Z9kvhS9cTfRSHYIUIsQUU0wJQE4wfHYnVn8Ly/mdA==
Gja+Cn9Nj6aRMOb14Xm1T1X8c23i1bkeayCp6oERCFb11w2qn89IshBnbNmmKzgu8fqn0j9+uIbb/j926x/jVkH0M/4zuxFDqGWY30NZeHJyFSkJPOZl
dCLb5/3vwt4eGq9ZSlDw3bPacwjs7XtA3wefFunCBhaFQwBQf43ggbI+XkYrQZH7n02ni9EUUf9Vp2FOYeXk3pay1CweaUSMWtL4YLca7D7I1sgwi/AR67RFQNjB0Rg92RxvD+ZU
I1H0W+M0cu3U179ni1lVz+r3T7+rix+v3Dw0GVN7QHA2zNFMfeI9W1+fK91Wgk0pli7crYfVUuYL
tz1ZqNj7jubX/18UYoUTp24Fy/sfSgZpnYXrQqkB2Wn5NF/R04gOAg2Mzwl2221SBbs4+65G0OS0/mt6pRj8Z0vmsQu8u2HOMyHmfg==
BGRW9NSoHTLU8Gjxiz3Apkp54LLLC/Z7mR/cWOY+vuZbUf/im6svr+wcBNnj2/DwpmyBjC3CLVtPf3sZBmXdqebOrG33NSLmew==
9yM5aXZzGpAZVGEgKgKUHUcdq6BfaWvUvsNx40vgDe/i8wJ8pqUbdV3IQUoPS7KVpWhZTWgpmhgojpjYC5jBM9Z9t/CBOahFecQ/J+Z8
9N+l/SgBjJkFQl2cOg42EXWetKmgs5dmNp6UZt4wEzHaH0BIQC6YqqPj2RAaVB7qEvFWb3Zr3JQYWC1OJnWoma9zQy8ARDAp9/MMUDqENdw5+kGb4wfkzHJNwcnaJjjdA20O5lc=
m5drMs+NYJsEYvZd2hW5exs214V2NQrYWl65796blPQAaFWO/uUQeecjqy9olPhJT2NUEMK0LTzxiukbi7co7Gq9+YkCtkB9yz0m5n8=
EPVW7XSXvD7I7opscjv0pEu062ufJd1RyC+yNGbt6y198FFCD0OirYUwqQWoYSrASHYIUIsQUU8xJQc4wfHYnVn8Ly/mdA==
LE4LguU+9Vb8Zec7FTt6W9Bb6wucBqo0u/5weZ7BSf/l7yZI1nFBf1pgLOgDBL9Wh/vlK6ZVxCEX+czqjkXlISjmcQ==
YLDq7P1Ex7XN0Evcpq83GM1G6wucBqo0u/5weZ7BSf/l7yZI1nFBf1pgLOgDBL9Wh/vlK6BQxCAX+czqjkXlISjmcQ==
ifpBIXx4qbbjSP4AHt6xwE9q7PvDGvJpyx/aQ+h3r+dcQf/im6svr+wcBNnj2/DwpmyBjC3CLVtPf3UZBmTdqebOrG33NSLmew==
o+pPhSfQByWZPYzqgCGHa09q7PvDGvJpyx/aQ+h3qedcQf/im6svr+wcBNnj2/DwpmyBjC3CLVtPf3MaBmTdqebOrG33NSLmew==
+PpI35aEEJgSc7hYw6OVZE9q7PvDGvJpyx/aQ+h3r+dcQf/im6svr+wcBNnj2/DwpmyBjC3CLVtPf3caBmTdqebOrG33NSLmew==
54Wnmnx2dwqlBhh+8vs6nm4Fy/sfSgZpnYXrQqkB2Wn5NF/R04gOAg2Mzwl2221SBbs4+65G0OS0/mt6pRj/Z0rmsQu8u2HOMyHmfg==
F70qjzyJnL7SYYNFfMm/8QYAJdsJV9rNaXr9R1lvmvBiwfXX9sCAQFfU647bO7nz8IGQy3sZoAL6tZHZVOYN
EzGZkJyrxDoiKVXLDkh2zkp54LLLC/Z7mR/cWOY+vuZbUf/im6svr+wcBNnj2/DwpmyBjC3CLVtPf3IaBmfdqebOrG33NSLmew==
cr69ADF1xc0S8oxDxeBBzf7iy3BfnfviWFga8KuBJ/IzGn7aFZnq8Q5ylo//E2UaPZTPEUbDDYo14/ijHp6wfARm6+IVgJ+/+b5xU4xjAdYDOeZm
xdnNPzr0lH2swWikTUhuCXcYlON4/iMxXyVIWzKH6tgGAXOBzXzJzo/POiE1nDHpyI1ybPg60BxLXIkPBwld1KEdwLFp8Dcj5ng=
wZKB1KHa1iJULgod7No0+c1G6wucBqo0u/5weZ7BSf/l7yZI1nFBf1pgLOgDBL9Wh/vlK6ZUxCMX+czqjkXlISjmcQ==
utj8RsYNFrR/qgiuxNARW26xrkP16nHP3e8eeO5RaU8SoGQ4q6Qnxh97fbs5tazzXzmEGualndFQ5gk=
cuZWwjb2RR3dYtztu40wPpjDzgkOj6MvNwObL1i0qIk/gySQUhR9/MGq+Rub19utut9pCbIW8L2b3VbmDw==
fELRVoe9D+r8g4ZskhdQ/m6xrkP16nHP3e8eeO5RaU8SoGQ4q6Qnxh97fbs5sazyXzmEGualndFQ5gk=
LYbiBIpIj55DVxoZV75sTJjDzgkOj6MvNwObL1i0qIk/gySQUhR9/MGq+Rub192put5pCbIW8L2b3VbmDw==
IoYW9shnvwUWTlSQngAOnEp54LLLC/Z7mR/cWOY+vuZbUf/im6svr+wcBNnj2/DwpmyBjC3CLVtPf3UcBmbdqebOrG33NSLmew==
4xbctoOcNYrHLasbjQWyyz6MnbwSGvXxzg06GW+Hjq9uhGZucID5LhKNhMlz2zev9Oxs+duLOLBu3NlsRVKV27fv2r1elpVpLp5UDd8FOuZj
ILt2L0C1ko8sGz+TlUFUHncYlON4/iMxXyVIWzKH6tgGAXOBzXzJzo/POiE1nDHpyI1ybPg60BxLXIkOAQlc1KEdwLFp8Dcj5ng=
gu2+m/5NpduilzEt+cz5fHcYlON4/iMxXyVIWzKH6tgGAXOBzXzJzo/POiE1nDHpyI1ybPg60BxLXIkPBAlT1KEdwLFp8Dcj5ng=
58NKm6fqnw0TarYYerJf2lj8ylhsDte4q3ZTGI8cV7ievLkzki+6IEY5o+ktVPnWj9cKCdX04dGIdSLEWFIghMvE+eenoYOsYSWQWQnYBzvmYA==
QabQLdoDriA1gdYrYvg3OHcYlON4/iMxXyVIWzKH6tgGAXOBzXzJzo/POiE1nDHpyI1ybPg60BxLXIkEAAlT1KEdwLFp8Dcj5ng=
K91Dq3krNQIQIDKt9RqXSik/xqZi8CU2DCVEWzKH6tgGAXOBzXzJzo/POiE1nDHpyI1ybPg60BxLXIkCBQlZ1aEdwLFp8Dcj5ng=
cGEaAVcl5kSE5ZdGKmFeTVGo4S7IaZxEgW2xfSOq4ycz7FtVUhyirYUwqQWoYSrASHYIUIsQUUs2JQE5wfHYnVn8Ly/mdA==
bdYRL499ddbfY0LGVDUjs2IntxRDjO+a7amMuzPP6rglVfPklRdTlMkj55Lq1YJLAYugEOwyqz5tYSgzdcvR79SnUforLeZ6
W5hllFLl5WMFNTGpHsGwaDJqB1AvSAwoaZKAyLzaK8YdqU4rY+CRV2Qv8aL7ReYC
uzLMM0Rlz7IWx9cmVZjUl3QkNxW8JXXhuAkP2WdlXITTPMf9j9iM2AlCwPicyiu2/fyPm8NwEacE/7GS21Xmcg==
kNiAjbwzJlFAedFVgcrqd8vijMOFrwvZxUlFtuU1ldWTzhZ2TLxDllyK3RQYokCUy9QZnmDxLx7h1fCJSegnK+Zw
2XNDVH7Ua7h6C1SuAfrMlcvi08OIogvZxUlFtuU1ldWTzhZ2TLxDllyK3RQYokCUy9QZlmDxLx7h1fCJSegnK+Zw
3cuvUPq0+LP9CIEIm/8gqMvijMOIogvZxUlFtuU1ldWTzhZ2TLxDllyK3RQYokCUy9QZnGHxLx7h1fCJSegnK+Zw
Qd+l/UWJqVG2HZSgBw+UJnYsPhO9dzO8/QIUwC1rU4zSMIT2j9iM2AlCwPicyiu2/f2Jm8NwEacE/7GS21Xmcg==
vORN6SwDbK5a5kCu+zZMAkl7/bLFWfd91g3dXuAn+KsdV7GoheM8s+UgS4D7mcek6TOBjC3CLVtPf3EZBmTfqebOrG33NSLmew==
yh8oMKqWLUlLKDa8hhsLrXYsPhO9dzO8/QIUwC1rU4zSMIT2j9iM2AlCwPicyiu2/fyOm8JwEacE/7GS21Xmcg==
XhHU4iqOQ4OUqYtiQ5Zy9BwcL55eG5vbJzDjD0pzk8wtmO2VwZTPH1fU647bO7nz8oKQyHkZoAL6tZHZVOYN
cfUASmwwVaxqLmsiRmJ+gY0aoUCMFK1r5KkwJMTYT///9ixu1nUyXR8uacQBBL9Wh/vlK6BSxCMV+czqjkXlISjmcQ==
/G7Mul/NVtbT4JQzlkegtg0bqzVxFF9/p5Q7rus7yROnQiBq6ZlQYir1oflE5h0=
XIAaR62VOCyyrJd8Ky+VGHsHJuYNs/gO3+6Lony+1RAIRihgiyBxf/d1pKpBYTjNmYzPX+YE
pmfKqLmnmac0gDbjaBjYxzJqB1AvSAwoaZKAyLzaK8Ydr08rYOCRV2Qv8aL7ReYC
xeUQAzQaE5Ae0TRQAzQb4XsHJuYNs/gO3/OLony+1RAIRihgiyBxe/d1q6pBYTjNmYzPX+YE
PFMMBvxLD1ZgkCrdlI/hTR5A+eFcKm/RrcB36FauFKbhrQp9s+sbclWZDVkTQo7a/HAbejxmxRgojpjYC5jBMNd9svOBOahFecQ/J+Z8
G0s6VlcKV5PTw4GkdAlsD9Bd8U7ZRuI1oP1qeJTJS/Ox7SZyhWtSPW00Y7cDBL9Wh/vlK6BSxCcU+czqjkXlISjmcQ==
doceUp9AABdYRAqaDYtpo9m0MhY11pqpMgYD0qvgKj+rwEo9KkmqWOg+mtq9CW5Rrh+gM3lYrzC/UauExTuFnAkaUZvzJ56LguqySUqGaB3TDT7mZw==
3chyyLg9O5gss6DDarlKosvijMOIogvZxUlFtuU1ldWTzhZ2TLxDllyK3RQYokCUy9QZl2DxKB/h1fCJSegnK+Zw
D7XXLK62HZLMd6kjaibUgFO88GHTJppexm25fSOq4SA87hlRE0qe4two6zL8LnXASHYIUIsQUU82JQc7wfHYnVn8Ly/mdA==
AqbJKb2KfVFUCagsHGLob1Go4S7IaZxEgW2xfSOq4SA87hlRE0qe4two6zL8LnXASHYIUIsQUUM2JQc7wfHYnVn8Ly/mdA==
qwCih3xDoPfIAhml40k4TY4xYKxPB+MG3Bo9ZNjyYKTL5DlLJQFOj2FFUDmJuMdb5gA=
o1r54dEzYXz4oDzuTYaTwf3s2H+65pckt/SszAE+MJxEhusCVW0fH7qdcXNMw4G2w1nmBg==
jtB09HI6k9m+xcP1CVwA6BwcL55eG5vbJzDjD0pzk8wtmO2VwZTPH1fU647bO7nz84SQzn8ZoAL6tZHZVOYN
HXiAgPno8ykzdF3CV9VB0ihlNxOyd3X78QBdjylrU4zSMIT2j9iM2AlCwPicyiu2/fmJm8R2EacE/7GS21Xmcg==
aFplvQAm99AcVqhDjsuvz04Ma8WZnbjRc+ZOexbb0wt/EMs/cnOr/AW4NcUJ1Advr7QDHkO7IWNYJSh+N9no0qJV+Sks5nU=
jEkfmZhSdySraNd56WLDrnYsPhO9dzO8/QIUwC1rU4zSMIT2j9iM2AlCwPicyiu2/f+Jm8R2EacE/7GS21Xmcg==
Oo9ivv7ligx0RU5levKFxY4xYKxPB+MG3Bo9ZNjyYKTL5DlNJAFPiGFFUDmJuMdb5gA=
IzGjLF7vp0QEAmhgB+GMpzJqB1AvSAwoaZKAyLzaK8Ydr08rY+aRV2Qv8aL7ReYC
zq01LepTzPsDIzfVvcvj3BwcL55eG5vbJzDjD0pzk8wtmO2VwZTPH1fU647bO7nz84CQy38ZoAL6tZHZVOYN
AIHriy2UGJDH3P4gNDhnqpSWBFeF3eUtkzZmnixUE04cUo28uArwLEtsqTHEWf1AIY0g4amA11PmCA==
S9iDaPXeifAn5IXWPFSufo4xYKxPB+MG3Bo9ZNjyYKTL5DlHJAFNiGFFUDmJuMdb5gA=
sF2hmwumtVBkQikBfwdef44xYKxPGuMG3Bo9ZNjyYKTL5DlLJQFNiGFFUDmJuMdb5gA=
tDPDTz8CEkOZJxwIh5CUQDJqB1AvSAwoaZKAyLzaK8YdoU4rYeaRV2Qv8aL7ReYC
1W05O4a8WtWgv+rdG57srHQkNxW8JXXhuAkP2WdlXITTPMf9j9iM2AlCwPicyiu2/f6Pm8F2EacE/7GS21Xmcg==
kzZ32pBJkfH3V78YU66vVALcnPVuAx+ju3DxJVUBMDW4UOo6oMpHLUy5/Ct6c6Ps/dgd9VEUf78HFJtuyzup08LEQKuPmTCiSnXBOSTmfQ==
zWAa2MRXGVBAGgn8syhADShlNxOyd3X78QBdjylrU4zSMIT2j9iM2AlCwPicyiu2/fyJm8F2EacE/7GS21Xmcg==
XNNkFzHkWX6SuYiNhTmBp1O88GHTJppexm25fSOq4SA87hlRE0qe4two6zL8LnXASHYIUIsQUU01JQQ8wfHYnVn8Ly/mdA==
l/0Du0ScNoviI7tMQvTn6xwcL55eG5vbJzDjD0pzk8wtmO2VwZTPH1fU647bO7nz/IGQyn8ZoAL6tZHZVOYN
ZXuMdrhlKtxswWfD/KrN65SWBFeF3eUtkzZmnixUE04cUo28uArwLEtsqTbGWfxAIY0g4amA11PmCA==
Nbz2sgw1FnHa85t894CUwY4xYKxPB+MG3Bo9ZNjyYKTL5DlMJgFMiGFFUDmJuMdb5gA=
cH/FqSZ7rZtfj6clWr97yo4xYKxPB+MG3Bo9ZNjyYKTL5DlKIQFKiWFFUDmJuMdb5gA=
dIX7nu3+YCqttWL5S/lvvzJqB1AvSAwoaZKAyLzaK8YdqU0rZeeRV2Qv8aL7ReYC
+72TsCwU1DhqiCDJsT25jo4xYKxPGuMG3Bo9ZNjyYKTL5DlPJgFJiWFFUDmJuMdb5gA=
hxAJ47qApEhhlK76Jj8fozJqB1AvSAwoaZKAyLzaK8Ydr04rZeeRV2Qv8aL7ReYC
o5sXIkAVze3U+xjyDe/dvHsHJuYNs/gO3/OLony+1RAIRihgiyBxf/d1oa1BYTjNmYzPX+YE
tVmVA42gyCMoUxEgJfUFQDJqB1AvSAwoaZKAyLzaK8Ydr0grZuORVGQv8aL7ReYC
t65Rqyw53KKOjkQonx/ZPXQkNxW8JXXhuAkP2WdlXITTPMf9j9iM2AlCwPicyiu2/f2Mm8VzEaQE/7GS21Xmcg==
pCQeFGjb1dgZnBQMj47rzRAxKICQjrmLbvxOZlmc2h54WYQ7cnOr/AW4NcUJ1Advr7QDHkO7IWNdISh/Mtnr0qJV+Sks5nU=
zWIQAKdQkL1qCGKHm0tW8hQyysFnNAPZH1+yqN3Ll/YNYEiY6fgQcbZvuDNhqLcQVyFjRI3rLTzxiukbi7cs6mq7+IkBtkB9yz0m5n8=
3NX11aWBgNhvGGItqYOi2hcbbIQg4Cnf5uMDUZ/kLXtRl9MIWrwUYhdELHyh7nBMJHbr8jWwX88cL/HA7JNB5iMp5nY=
0fr+6kh7/npix7OJQs9SzQ39/WHWdYZS1yK9LnOj9Cd1oR1RE0qe4two6zL8LnXASHYIUIsQUU4xJQA5wfLYnVn8Ly/mdA==
0YDKP3WrKEUICSVUUXnkdRcbbIQg4Cnf5uMDUZ/kLXtRl9MIWrwUYhdELHyh7nBMJHbr8jW3XM8bL/HA7JNB5iMp5nY=
MdD0zYjAUYGuPugI/9LUzRcbbIQg4Cnf5uMDUZ/kLXtRl9MIWrwUYhdELHyh7nBMJHbr8jWzWc8aL/HA7JNB5iMp5nY=
cMUL+p3qVZstFiceEh7SOMvijMOIogvZxUlFtuU1ldWTzhZ2TLxDllyK3RQYokCUy9QZlmbxKh7h1vCJSegnK+Zw
YOAtDLuFMmvcq0ebRg94PVO88GHTJppexm25fSOq4SA87hlRE0qe4two6zL8LnXASHYIUIsQUU83JQI6wfLYnVn8Ly/mdA==
gdoXOw94N+GCJ5j8MnM+xAX/JKMZNi7w+nMZk8jvc7L4LRw9+AnNfruQKyyVcqXbxw+Ofe4wB+nd/oRN7yUq5nM=
86KODQLqUIggMLSx3s6nuDJqB1AvSAwoaZKAyLzaK8Ydqk8rZeCRVGQv8aL7ReYC
HJY/HagzwQhMmViNrdu/M44xYKxPB+MG3Bo9ZNjyYKTL5DlMIAFJjmFGUDmJuMdb5gA=
cafokPXVKoYuwJfxteGg8hwcL55eG5vbJzDjD0pzk8wtmO2VwZTPH1fU647bO7nz/ISQz3kZowL6tZHZVOYN
KIoUoYpivQRM2daCNsD1hpSWBFeF3eUtkzZmnixUE04cUo28uArwLEtsqTbBWflGIY4g4amA11PmCA==
yvmZY7GA4Il8Zt2QHD4SC2ZSJuYDrP8e3/OLony+1RAIRihgiyBxf/F1oapBYjjNmYzPX+YE
5CEcwczPbjGlZQvX8Lh1hY4xYKxPGuMG3Bo9ZNjyYKTL5DlIJQFOjmFGUDmJuMdb5gA=
djLdVTQv+ASzRGxEwCpmInQkNxW8JXXhuAkP2WdlXITTPMf9j9iM2AlCwPicyiu2/fuIm8JwEaQE/7GS21Xmcg==
V/BvZo2+rSjmesYk8AwRBsvijMOIogvZxUlFtuU1ldWTzhZ2TLxDllyK3RQYokCUy9QZnWHxLh7h1vCJSegnK+Zw
rPwemNNc48fsygTetH6YHx9B6OFNPH7ZtoV39FD+F6GgqBE14+IReBzWCVkTQo7a/HAbejxmxRgojpjYC5jBN9R9tfKBOqhFecQ/J+Z8
F3NsbhP/LfxPH75aTrR/t2ZApVUHnfHQvuzX5lje8LMnV7313VRSkd9n+bXfktYaKpigEOwyqz5tZy8zccjR7NSnUforLeZ6
iXyegMa2TTyczSRAMscLei6bnKcEHbT1mxg4Ei6dmeBxmSgsK5Owa1WHiYhtkySz/dAjoMPJD+Qhg9lsRVKV27fv2rlemZdpLZ5UDd8FOuZj
mRlYfqKEbe1aST+yGouy4Y4xYKxPGuMG3Bo9ZNjyYKTL5DlLJgFDjmFGUDmJuMdb5gA=
QQPkV/jXTLuwdEDFQ98RC44xYKxPGuMG3Bo9ZNjyYKTL5DlJJwFDjmFGUDmJuMdb5gA=
2CYc3x3ew6ufbcTYfUeByxwcL55eG5vbJzDjD0pzk8wtmO2VwZTPH1fU647bO7nz8IOQxHkZowL6tZHZVOYN
2ajpJaA6m5RMD1IIBBaMu13C/YRKJyjVx3NSpIddOhsYGm3cyNXzJVeynd/JG1Oc8gDEJu8oDEip8gCofLorpt3PyEuugJE0pE9xwjsl5mI=
ims4/zqOLiTSUy905LYFNsvijMOIogvZxUlFtuU1ldWTzhZ2TLxDllyK3RQYokCUy9QZnmXxKx/h1vCJSegnK+Zw
L591Pke8YpOnL6vxFtXloh9B6OFNPH7ZtoV39FD+F6GgqBE14+IReBzWCVkTQo7a/HAbejxmxRgojpjYC5jBNNV9s/OBOqhFecQ/J+Z8
D9VhPfI9MhMffneGO8x12jKNgesVHOTvh0giCWGZmOFgmDJtNomwa1WHiYhtkySz/dAjoMPJD+Qhg9lsRVKV27fv0rlekZZpLZ5UDd8FOuZj
cExfs0ydNTZY9RaG1Tm5wTuNgOsEE/3unA0sW3eMgK9unjY0K4Swa1WHiYhtkySz/dAjoMPJD+Qhg9lsRVKV27fv0rxekZZpLZ5UDd8FOuZj
pm/V4GaZHavuYTpbknVrqBQ44LTPCuFqz1rGXvJ3qOEUXbHhyuc8s+UgS4D7mcek6TOBjC3CLVtPf3odBmDeqeXOrG33NSLmew==
FVX4Pmb0r8HLUxQqi0BpbhcbbIQg4Cnf5uMDUZ/kLXtRl9MIWrwUYhdELHyh7nBMJHbr8jWyXM8dLfHA7JNB5iMp5nY=
C6Den8at9uju312lmTTekyk/xqZi8CVvESNNFn7KrcEJT3OMxS2F3ZPGBm5shHPenMItbPg60BxLXIkCBAlY16EewLFp8Dcj5ng=
JA7KU02US5Mvnxtn5r7GISTwNtpOtc8V4cMoIKmYphZDB0re2ZCQW1sqs9QnG8ZZrYdCWDtLfcSt+dWHYXOzws0PRQKd3aMOtlRLTrs7mbMQBDAMHxmDQho1MRk05m0=
CkvPFF4uA7EeQqH211SNuy/T6ek1PafVUAknuwn05ACpifiY+aB8fOjeuOgLqOHnkI3SZAGqCPW5lN9X5gw=
Xdto1lyT5T3i9jfVKnWdA48XuUFLdZTGKnSNMoUd257+dFM+U7sxgwjkeJynWZsy0pWJyVzmBQ==
dPaRuaOu//luQjBvAvaDwLbk32i18Jdp6cnlgkEjMJxEhusCVWEYH76acXBMw4G2w1nmBg==
mNe/UV3F9JCnVYoscNiy4CTwNtpOtc8V4cMoIKmYphZDB0re2ZCQW1sqs9QnG8ZZrYdCWDtLfcSt+dWHYXOzws0PRQKd3aMOtlRLTrs7mbMcAjAOHxmDQho1MRk05m0=
6wQf/iGskm7wr4wcw1fL4i/T6ek1PafVUAknuwn05ACpifiY+aB8fOjeuOgLqOHrlo3QZAGqCPW5lN9X5gw=
2352hmErfBwpt3isyZIgVGjdBeh5ENysqC7Y+Au4AZtW3XDUgVpoJfmk/0fmHA==
d4w2p9/oY9I+M6A0UUooAZqu1aXR7BqXyVdctbFlnNeW3Rx2YrQHtBXCjhUYokCUy9QZl2bxKBjh1vCJSegnK+Zw
+vrkHESbu/7rB0yXQ9YsR5qu1aXR7BqXyVNeu7FlnNeW3Rx2YrQHtBXCjhUYokCUy9QZl2bxKBjh1vCJSegnK+Zw
jnIDv+3Gm7CuvdgzxMxyzy/T6ek1PafVUAknuwn05EKojeWY+aB8fOjeuOgLqOHrlo3QZAGqCPW5lN9X5gw=
ERMbrQgx+ASeZaZpqIrHrPaBMh7z/hRQ0EylTa3eDwbvRRZSWN+krKMvQEoYEdHs1g6yjMsPG/JTl3ZYc4z+qvXYkXoTahCCS4D8LrUC5CHI1sgwi/AR6rBFQNzB0hg92RxvD+ZU
hVFOacadbOJfepvSPue+li/T6ek1PafVUAknuwn05ACpifiY+aB8fOjeuOgLqOHikI3QZAGqCPW5lN9X5gw=
3PuCCuH+09+cvDde9scXLY8XuUFLdZTGKnSNMoUd257+dFM+U7sxgw3keJ6nWZsy0pWJyVzmBQ==
IKfX0c+Jte+rnSpGnmMlG7bk32i18Jdp6cnlgkEjMJxEhusCVWQYH7yacXBMw4G2w1nmBg==
UZvp14PRIsF/yoMclD77hs+B7MOeol3ZmkJBu6s22dGT3h19D/AWoxLRhQUYokCUy9QZmmTxLxjh1vCJSegnK+Zw
FRZnBjhMLSpwmOjcDDihM2uNvk3vJs5bxGa6MCCzxx51uFFVE1qV6Z9kvhS9cTfRSHYIUIsQUU40JQc8wfLYnVn8Ly/mdA==
jreRy5Ab8nX/EKuNCIsoCg+18HrWcacXznb1fTrm6S87olFVE1qV6Z9kvgeydS3RSHYIUIsQUUg1JQc8wfLYnVn8Ly/mdA==
wNV3LWF6bHTpDk10qmhN4yNmr/MUeTiO7YU56lrqC6Lh6g12tKIDRVWAQV0TUoXRvzxOXH05hwkojpjYC5jBMNV9t/SBOqhFecQ/J+Z8
ln2LtyW5Eakb/T5/Yd3Klw+v9nrKaaYXznb1fTrm6S87olFVE1qV6Z9kvgeydS3RSHYIUIsQUUI1JQc8wfLYnVn8Ly/mdA==
askefqH9f9fB/FsjHLR++WMJpZ4iAfynXcp/cTlla5EPLDOp1ylp7/rzN296C+04kzWERUrk16YPe22bAfEcUeu5F7q2Zc0xIOZ5
ws6LQZoRIz8i4fYTV46kvQ6v9nrKaaYXznb1fTrm6S87olFVE1qV6Z9kvgeydS3RSHYIUIsQUUs2JQc8wfLYnVn8Ly/mdA==
fKxo1FLNtn3kwe8dwaUpX2MJpZ4iAfynXcp/cTllapEPLDOp1ylp7/rzN296C+04kzWERUrk16YPe22bCPIcUeu5F7q2Zc0xIOZ5
os2YHdShW3KGNI94D+2sRQ2v9nrKaaYXznb1fTrm6S87olFVE1qV6Z9kvgeydS3RSHYIUIsQUUw2JQc8wfLYnVn8Ly/mdA==
UqGz84dO+yAFLTrDY2Mz3GMJpZ4iAfynXcp/cTllaZEPLDOp1ylp7/rzN296C+04kzWERUrk16YPe22bD/IcUeu5F7q2Zc0xIOZ5
/HnSKVnrMWMYr1QqcrJXMbLacwjs7XpA3wefFunCBhaFQwBQf43gm7Q+Ql4qQZH7n02ni9EUUf9Vp2FOYeXk3pay1CweaUSMWtL4YLca7D7I1sgwi/AR6rFFR9zB0hg92RxvD+ZU
l5OV/8hBPJoC72RhpVz+s+Lzo8be2KrXTirJhc3cz0Xz0hh8TCRIt4rLzEgWJRBcZ6WGi86sid1KqOtJdPJIpjkTWDqUodqDCOLeIxA6snBUHieAaLhQRHTea1pltXmHi4Kx6Pzb4W5zAeZe
uHuCfGZpKjTo2rIlO44qMeLzo8be2KrXTirJhc3cz0Xz0hh8TCRJt4rLzEgWJRBcZ6SGi86sid1KqOtJdPJIpjkTWDqUodqDCOLeIxA6snBUHieAaLhQRHTea1plunyHioKx6Pzb4W5zAeZe
X78nGeMyBM2VEjx3W7i8D+Lzo8be2KrXTirJhc3cz0Xz0hh8TCRKt4rLzEgWJRBcZ6OGi86sid1KqOtJdPJIpjkTWDqUodqDCOLeIxA6snBUHieAaLhQRHTea1pluH2HioKx6Pzb4W5zAeZe
xTz302JuKs/WrmXnSn7U3eLzo8be2KrXTirJhc3cz0Xz0hh8TCRIt4rLzEgWJRBcZ6WGi86sid1KqOtJdPJIpjkTWDqUodqDCOLeIxA+u2dTHieAaLhQRHTea1plv3yHiYKx6Pzb4W5zAeZe
RPAEwWdV2YBQQBdajSlHVOLzo8be2KrXTirJhc3cz0Xz0hh8TCRJt4rLzEgWJRBcZ6SGi86sid1KqOtJdPJIpjkTWDqUodqDCOLeIxA+u2dTHieAaLhQRHTea1pluHyHiYKx6Pzb4W5zAeZe
h/IqA5uOkUQ+B7EFpBZi2+Lzo8be2KrXTirJhc3cz0Xz0hh8TCRKt4rLzEgWJRBcZ6OGi86sid1KqOtJdPJIpjkTWDqUodqDCOLeIxA+u2dTHieAaLhQRHTea1plunyHiYKx6Pzb4W5zAeZe
ApWBOJpFI252cli1BcH8vuPzo8be2KrXTirJhc3cz0Xz0hh8TCRIt4rLzEgWJRBcZ6WGi86sid1KqOtJdPJIpjkTWDqUodqDCOLeIxA6snBUHieAaLhQRHTea1pluX2HiYKx6Pzb4W5zAeZe
+2TUxXQI4PxGaSQpVoCD8+Pzo8be2KrXTirJhc3cz0Xz0hh8TCRJt4rLzEgWJRBcZ6SGi86sid1KqOtJdPJIpjkTWDqUodqDCOLeIxA6snBUHieAaLhQRHTea1plv36HiYKx6Pzb4W5zAeZe
r8+D2OJb7mD6FFAdhBy1v+Pzo8be2KrXTirJhc3cz0Xz0hh8TCRKt4rLzEgWJRBcZ6OGi86sid1KqOtJdPJIpjkTWDqUodqDCOLeIxA6snBUHieAaLhQRHTea1plvX+HiYKx6Pzb4W5zAeZe
TFmcrbiXP3wlnpGywtUppPaBMh7z/hRQ0EylTa3eDwbvRRZSWN+krKMvQEoYEdHs1g6yjMsPG/JTl3ZYc4z+qvXYkXoTahCCS4D8LrUC5CHI1sgwi/AR6rRFS9zB0hg92RxvD+ZU
mQhoZI3llWAFNXni20+XDi/T6ek1PafVUAknuwn05ACpifiY+aB8fOjeuOgLqOHjlI3bZAGqCPW5lN9X5gw=
1CQmNeNIRPy/fMtxHO/gevaBMh7z/hRQ0EylTa3eDwbvRRZSWN+krKMvQEoYEdHs1g6yjMsPG/JTl3ZYc4z+qvXYkXoTahCCS4D8LrUC5CHI1sgwi/AR7LRFS9zB0hg92RxvD+ZU
AWKimGtGrUQOD1tO0nXVmi/T6ek1PafVUAknuwn05ACpifiY+aB8fOjeuOgLqOHklI3bZAGqCPW5lN9X5gw=
8R3Qhdag9gEOdXM8l6pNddgLmT0c1XYFtO46HDWH5I/6VU0KEYGixMl41K6vpktyOJ35C2VZDKvhBvU/e0+OE8jfyIpiy8B8oWrZG3uXeinaEQ0JkVYQPTsdNuZv
T1rewvSRnKg+5kQqLimSB8+B7MOeol3ZmkJBu6s22dGT3h19D/AWoxLRhQUYokCUy9QZm2XxIxjh1vCJSegnK+Zw
TVjI1UyHIDyzpz3w6uNvGc6B7MOeol3ZmkJBu6s22dGT3h19D/AWoxLRhQUYokCUy9QZm2XxIxjh1vCJSegnK+Zw
noASyFX/GzQmYO6HNO262g+18HrWcacXznb1fTrm6S87olFVE1qV6Z9kvgeydS3RSHYIUIsQUU81JQs8wfLYnVn8Ly/mdA==
S+RpmzVPyic87OQAVehric2B7MOeol3ZmkJBu6s22dGT3h19D/AWoxLRhQUYokCUy9QZm2XxIxjh1vCJSegnK+Zw
u2TtK7MWK1r5juzCvCsBwcyB7MOeol3ZmkJBu6s22dGT3h19D/AWoxLRhQUYokCUy9QZm2XxIxjh1vCJSegnK+Zw
U+FeSZbUbhFzr+N0sWO4ksuB7MOeol3ZmkJBu6s22dGT3h19D/AWoxLRhQUYokCUy9QZm2XxIxjh1vCJSegnK+Zw
i0tfW6wBTL06mifO5amqA8qB7MOeol3ZmkJBu6s22dGT3h19D/AWoxLRhQUYokCUy9QZm2XxIxjh1vCJSegnK+Zw
aMP6GVfjl2YDANJSOVTZDZqu1aXR7BqXyVNeu7FlnNeW3Rx2YrQHtBXCjhUYokCUy9QZm2XxIxjh1vCJSegnK+Zw
eWcVdRvQQ4zjt2yBg7TBdZqu1aXR7BqXyVdctbFlnNeW3Rx2YrQHtBXCjhUYokCUy9QZm2XxIxjh1vCJSegnK+Zw
YX20Cxuu7T5BcSmJ5+0lebLacwjs7XpA3wefFunCBhaFQwBQf43gm7Q+Ql4qQZH7n02ni9EUUf9Vp2FOYeXk3pay1CweaUSIU8X/YLca7D7I1sgwi/AR77VFS9zB0hg92RxvD+ZU
m3Mw0mFRXUTn8sBK7MB5HePzo8be2KrXTirJhc3cz0Xz0hh8TCRIt4rLzEgWJRBcZ6WGi86sid1KqOtJdPJIpjkTWDqUodqDCOLeIxA+u2dTHieAaLhQRHTea1pluX2Hh4Kx6Pzb4W5zAeZe
+WgruzOU546geD44ZQaAWOPzo8be2KrXTirJhc3cz0Xz0hh8TCRJt4rLzEgWJRBcZ6SGi86sid1KqOtJdPJIpjkTWDqUodqDCOLeIxA+u2dTHieAaLhQRHTea1pluX2Hh4Kx6Pzb4W5zAeZe
OGaCld4mYwFhYNVPhtxGQePzo8be2KrXTirJhc3cz0Xz0hh8TCRKt4rLzEgWJRBcZ6OGi86sid1KqOtJdPJIpjkTWDqUodqDCOLeIxA+u2dTHieAaLhQRHTea1pluX2Hh4Kx6Pzb4W5zAeZe
5CsyjO3xi3DavB2+jSuK1EYMO5cLXsHNLDrsV146kccsnrXKs9GZRkPU647bO7nz8IGQxX8ZowL6tZHZVOYN
Gya/tdGtQHhvUK11Ywvb/48XuUFLdZTGKnSNMoUd257+dFM+U7sxgwjheJWnWZsy0pWJyVzmBQ==
fkDVrJduXo+bwbLTHNnD5Lbk32i18Jdp6cnlgkEjMJxEhusCVWEdH7eacXBMw4G2w1nmBg==
IN6vP0JITBe3ZTmoyWKXRSTwNtpDts8V4cMoIKmYphZDB0re2ZCQW1sqs9QnG8ZZrYdCWDtLfcSt+dWHYXOzws0PRQKd3aMOtlRLTrs7mbMVAjAFHxmDQho1MRk05m0=
OHCiuUe0qz2hVbtHLS/9pC/T6ek1PafVUAknuwn05ACpifiY+aB8fOjeuOgLqOHilo3bZAGqCPW5lN9X5gw=
9+Z7VnVxDw8ZwYshvQYIjtgLmT0d1XYFtO46HDWH5I/6VU0KEYGixMl41K6vpktyOJ35C2VZDKvhBvU/e0+OE8jfyIpiy8B8oWrZG3uXfCraEQ0JkVYQPTsdNuZv
ZfIJNJcVf2MKQ1Wr6lLtXc+B7MOeol3ZmkJBu6s22dGT3h19D/AWoxLRhQUYokCUy9QZnWbxIxjh1vCJSegnK+Zw
gDhV/M9eNR+sn/GN24q9zM6B7MOeol3ZmkJBu6s22dGT3h19D/AWoxLRhQUYokCUy9QZnWbxIxjh1vCJSegnK+Zw
r79Ks1rUrDEhFfcktY+rCc2B7MOeol3ZmkJBu6s22dGT3h19D/AWoxLRhQUYokCUy9QZnWbxIxjh1vCJSegnK+Zw
U0vWPn9o/YlTZXZAG4F3mMyB7MOeol3ZmkJBu6s22dGT3h19D/AWoxLRhQUYokCUy9QZnWbxIxjh1vCJSegnK+Zw
EXUGwfKy1YJxYzKE5tew7YlN5iacSvdz8qJ7e5yHG//y8z9/kmsVaFh6OO8SBL9Wh/vlK6JSxC0T+c/qjkXlISjmcQ==
vfgEhnn6RAHzgXQLUYO4GMuB7MOeol3ZmkJBu6s22dGT3h19D/AWoxLRhQUYokCUy9QZnWbxIxjh1vCJSegnK+Zw
wcNWzFlRBkICn9G4Y0kHAMqB7MOeol3ZmkJBu6s22dGT3h19D/AWoxLRhQUYokCUy9QZnWbxIxjh1vCJSegnK+Zw
Qn1JsHyzWCzQn25Ego/b18mB7MOeol3ZmkJBu6s22dGT3h19D/AWoxLRhQUYokCUy9QZnWbxIxjh1vCJSegnK+Zw
JzYPOXqRsH14IskDcUyiyciB7MOeol3ZmkJBu6s22dGT3h19D/AWoxLRhQUYokCUy9QZnWbxIxjh1vCJSegnK+Zw
ZhOzIq3lMpUosKP5Op448Q+18HrWcacXznb1fTrm6S87olFVE1qV6Z9kvgeydS3RSHYIUIsQUUk2JQs8wfLYnVn8Ly/mdA==
kFmzOurN9MyPMnXEuF9/OZqu1aXR7BqXyVNeu7FlnNeW3Rx2YrQHtBXCjhUYokCUy9QZnWbxIxjh1vCJSegnK+Zw
YeCDyg7rfbK9roFL9m1UDpqu1aXR7BqXyVdctbFlnNeW3Rx2YrQHtBXCjhUYokCUy9QZnWbxIxjh1vCJSegnK+Zw
F2NWr0QNs2pMUQ+4otkmQLLacwjs7XpA3wefFunCBhaFQwBQf43gm7Q+Ql4qQZH7n02ni9EUUf9Vp2FOYeXk3pay1CweaUSIU8X/YLca7D7I1sgwi/AR6bZFS9zB0hg92RxvD+ZU
bDR2SAIf544cpFem8vQ1VbLacwjs7XlA3wefFunCBhaFQwBQf43gm7Q+Ql4qQZH7n02ni9EUUf9Vp2FOYeXk35ay1CweaUSIU8X/YLca7D7I1sgwi/AR6bZFS9zB0hg92RxvD+ZU
t3viqWs2Ek1z1ltgZBn3GVYt5rUeHvsF167a/O///F8vAAn0vICZNy05VwPzUTEyPc2tmWVEcfP4vr5c4FZer4jaCxsbysesELxAWFyqK5a9Gw47DxYRhEQfMTIbNeZS
hH1U/1ltiZYeYMvFTN7k81Yt5rUeHvsF167a/O///F8vAAn0uoCZNy05VwPzUTEyPc2tmWVEcfP4uL5c4FZer4jaCxsbysesELxAWFyqK5a9Gw47DxYRhEQfMTIbNeZS
DsyfKfjO7MyU2wUXH/51FkYMO5cLXsHNLDrsV146kccsnrXKs9GZRkPU647bO7nz9oKQxX8ZowL6tZHZVOYN
+k5zybGwH0m9bAUtt65EqI8XuUFLdZTGKnSNMoUd257+dFM+U7sxgw7ieJWnWZsy0pWJyVzmBQ==
GJQMUyTF6dSX/axYmeEdI7bk32i18Jdp6cnlgkEjMJxEhusCVWceH7eacXBMw4G2w1nmBg==
snfwhahlR1mBF3Y+gBqW3CTwNtpCts8V4cMoIKmYphZDB0re2ZCQW1sqs9QnG8ZZrYdCWDtLfcSt+dWHYXOzws0PRQKd3aMOtlRLTrs7mbMTAjAFHxmDQho1MRk05m0=
9Tjrvuual3Y0hNKtr3ybEC/T6ek1PafVUAknuwn05ACpifiY+aB8fOjeuOgLqOHklo3bZAGqCPW5lN9X5gw=
szYE8+z2Ci+yGJTxYZ7+L9gLmT0U1nYFtO46HDWH5I/6VU0KEYGixMl41K6vpktyOJ35C2VZDKvhBvU/e0+OE8jfyIpiy8B8oWrZG3uXdiraEQ0JkVYQPTsdNuZv
LVMvrapO/d0NkQ8X/oqUhc+B7MOeol3ZmkJBu6s22dGT3h19D/AWoxLRhQUYokCUy9QZl2bxIxjh1vCJSegnK+Zw
Pm10P03klO7uwwgAMSYLn86B7MOeol3ZmkJBu6s22dGT3h19D/AWoxLRhQUYokCUy9QZl2bxIxjh1vCJSegnK+Zw
rv7NpwD7IQ+m5bwayY77X82B7MOeol3ZmkJBu6s22dGT3h19D/AWoxLRhQUYokCUy9QZl2bxIxjh1vCJSegnK+Zw
i/mX13vNY/ijKJVAhopykg+18HrWcacXznb1fTrm6S87olFVE1qV6Z9kvgeydS3RSHYIUIsQUUM2JQs8wfLYnVn8Ly/mdA==
G74LyC1hlp7rgZ7/xmbTZQ+v9nrKaaYXznb1fTrm6S87olFVE1qV6Z9kvgeydS3RSHYIUIsQUUM2JQs8wfLYnVn8Ly/mdA==
bDyLr6bxpBuehKuri3sWs5qu1aXR7BqXyVNeu7FlnNeW3Rx2YrQHtBXCjhUYokCUy9QZl2bxIxjh1vCJSegnK+Zw
1hJo81lHOdISQRrOHjgOmZqu1aXR7BqXyVdctbFlnNeW3Rx2YrQHtBXCjhUYokCUy9QZl2bxIxjh1vCJSegnK+Zw
eoeJOjxMvhrO96uZ0FCqp0srJ2YQJzstTePHnwdGMeDR/elHb/HfNxEoKcOlmxlygdmcYmYOrJCe1Tw0o3mHXFcmlAI46rAMS0xpX0b5M2AhbmABKSAXM+Zo
Pm0ObL/fiXfaniloTu9dMEsrJ2YQJzt5XP/aqk8CFuHqvMATfoL7chAubJrxqh9usL+MMFAWrJCe1Tw0o3mHXFcmlAI46rAMS0xpX0b5M2AhbmABKSAXM+Zo
3Tx60lBnB7aYqre/DE1960srJ2YQJzt5XP/aqk8CFuHqvMATfYL7chAubJjxqh9usL+MMFAWrJCe1Tw0o3mHXFcmlAI46rAMS0xpX0b5M2AhbmABKSAXM+Zo
MEYWHR6uusLpMxXAwj0ADEsrJ2YQJzt5XP/aqk8CFuHqvMATfIL7chAubJnxqh9usL+MMFAWrJCe1Tw0o3mHXFcmlAI46rAMS0xpX0b5M2AhbmABKSAXM+Zo
0AQ2ybqr/qP7oKPS1xtgTbLacwjs7Xsbih2IHfPTKxazVjURDe6A07g+CxtWUYrq0Q+2hssjQORApDUNaMCwh6Kx1CweaUSIU8X/YLca7D7I1sgwi/AR47ZFS9zB0hg92RxvD+ZU
8YN1F8AYdqOv/KzLPEnPjbLacwjs7Xsbih2IHfPTKxazVjURDO6A07g+CxhWUYrq0Q+2hssjQORApDUNaMCwh6Kx1CweaUSIU8X/YLca7D7I1sgwi/AR47ZFS9zB0hg92RxvD+ZU
Fm9JfhY6QjBk/3OF2wcyjrLacwjs7Xsbih2IHfPTKxazVjURD+6A07g+CxpWUYrq0Q+2hssjQORApDUNaMCwh6Kx1CweaUSIU8X/YLca7D7I1sgwi/AR47ZFS9zB0hg92RxvD+ZU
5cWeW1Gvps2Eu/1pxFF4I7Lacwjs7Xsbih2IHfPTKxazVjURDu6A07g+Cx1WUYrq0Q+2hssjQORApDUNaMCwh6Kx1CweaUSIU8X/YLca7D7I1sgwi/AR47ZFS9zB0hg92RxvD+ZU
X+vbULXWXyGExCpAse0hCUYMO5cLXsHNLDrsV146kccsnrXKs9GZRkPU647bO7nz/IKQxX8ZowL6tZHZVOYN
NaHovOmXTP9WIEc/ZbCx7I8XuUFLdZTGKnSNMoUd257+dFM+U7sxgwTieJWnWZsy0pWJyVzmBQ==
5VFMhjANgrieG6bkrA5pe7bk32i18Jdp6cnlgkEjMJxEhusCVW0eH7eacXBMw4G2w1nmBg==
RXpnjuLaSJK0x5JG0ChoFCTwNtpLtc8V4cMoIKmYphZDB0re2ZCQW1sqs9QnG8ZZrYdCWDtLfcSt+dWHYXOzws0PRQKd3aMOtlRLTrs7mbMVBTAFHxmDQho1MRk05m0=
RrIsSFrbg699q4wjOlcJfC/T6ek1PafVUAknuwn05ACpifiY+aB8fOjeuOgLqOHikY3bZAGqCPW5lN9X5gw=
QFx6u5tuvIvkccsg3HrbgCK+nk3Ht/osOD5CdYAWBhwJf9D/zr1haj1p9pQdoIjuc34fIuw1lauJ8XgbFb6Jv4f3+qM8d6QqjmOUrHUyhdunzy/9Dnkh6b0+JM0PZQrmUw==
c5mu/Jnsud0PDI+RsOit9M+B7MOeol3ZmkJBu6s22dGT3h19D/AWoxLRhQUYokCUy9QZmmHxIxjh1vCJSegnK+Zw
EVB/KXYYRqsNwfVY546R3M6B7MOeol3ZmkJBu6s22dGT3h19D/AWoxLRhQUYokCUy9QZmmHxIxjh1vCJSegnK+Zw
RMLlzw9jPxeZDAp0GRTuqolN5iacSvdz8qJ7e5yHG//y8z9/kmsVaFh6OO8SBL9Wh/vlK6VVxC0T+c/qjkXlISjmcQ==
29JmGiQYQjejKqlg86A4o82B7MOeol3ZmkJBu6s22dGT3h19D/AWoxLRhQUYokCUy9QZmmHxIxjh1vCJSegnK+Zw
z3qtJLmfejXP1WdYINcxz8yB7MOeol3ZmkJBu6s22dGT3h19D/AWoxLRhQUYokCUy9QZmmHxIxjh1vCJSegnK+Zw
T5bZRCtI/25L2BhQ77YE/A618HrWcacXznb1fTrm6S87olFVE1qV6Z9kvgeydS3RSHYIUIsQUU4xJQs8wfLYnVn8Ly/mdA==
H9eZl/5SnzlO4dtAkctI2MuB7MOeol3ZmkJBu6s22dGT3h19D/AWoxLRhQUYokCUy9QZmmHxIxjh1vCJSegnK+Zw
IsMwvRD/edjprY4BGtrjasqB7MOeol3ZmkJBu6s22dGT3h19D/AWoxLRhQUYokCUy9QZmmHxIxjh1vCJSegnK+Zw
aQ6gOAAxh5jK6LOcsp0f6w+v9nrKaaYXznb1fTrm6S87olFVE1qV6Z9kvgeydS3RSHYIUIsQUU4xJQs8wfLYnVn8Ly/mdA==
pCt2QSB3TAPNvXydx6hYA8mB7MOeol3ZmkJBu6s22dGT3h19D/AWoxLRhQUYokCUy9QZmmHxIxjh1vCJSegnK+Zw
jgb5+eanmVPsXmRcH2R9yMiB7MOeol3ZmkJBu6s22dGT3h19D/AWoxLRhQUYokCUy9QZmmHxIxjh1vCJSegnK+Zw
O6C9v1K8zAvDvWOrKwwlJceB7MOeol3ZmkJBu6s22dGT3h19D/AWoxLRhQUYokCUy9QZmmHxIxjh1vCJSegnK+Zw
zvmAjMenyRAprY9D9jIRZ8aB7MOeol3ZmkJBu6s22dGT3h19D/AWoxLRhQUYokCUy9QZmmHxIxjh1vCJSegnK+Zw
14ySmHRT5xielN0L2ibB6w218HrWcacXznb1fTrm6S87olFVE1qV6Z9kvgeydS3RSHYIUIsQUU4xJQs8wfLYnVn8Ly/mdA==
I6LQadDSwtfOcSOjaCookAy18HrWcacXznb1fTrm6S87olFVE1qV6Z9kvgeydS3RSHYIUIsQUU4xJQs8wfLYnVn8Ly/mdA==
wwE/T+ri2rgNVAUflGonGw6v9nrKaaYXznb1fTrm6S87olFVE1qV6Z9kvgeydS3RSHYIUIsQUU4xJQs8wfLYnVn8Ly/mdA==
b9aVIiwRl/0RQoS5ZGDIMIke0D6cSvdz8qJ7e5yHG//y8z9/kmsVaFh6OO8SBL9Wh/vlK6VVxC0T+c/qjkXlISjmcQ==
yXU0eNn/vZQpu8eZ6NUJxIge0D6cSvdz8qJ7e5yHG//y8z9/kmsVaFh6OO8SBL9Wh/vlK6VVxC0T+c/qjkXlISjmcQ==
PAXKRoKe1phqrdN2zOu+3w2v9nrKaaYXznb1fTrm6S87olFVE1qV6Z9kvgeydS3RSHYIUIsQUU4xJQs8wfLYnVn8Ly/mdA==
WrfPSXuoEMjJjSVN+vz5HYse0D6cSvdz8qJ7e5yHG//y8z9/kmsVaFh6OO8SBL9Wh/vlK6VVxC0T+c/qjkXlISjmcQ==
US4lIdfhVF4jlvape6Ivo4oe0D6cSvdz8qJ7e5yHG//y8z9/kmsVaFh6OO8SBL9Wh/vlK6VVxC0T+c/qjkXlISjmcQ==
JB/Xhx646tmaqqRqFe7mtgyv9nrKaaYXznb1fTrm6S87olFVE1qV6Z9kvgeydS3RSHYIUIsQUU4xJQs8wfLYnVn8Ly/mdA==
sRdt0HJ9RrDV+D+b+YsGpY0e0D6cSvdz8qJ7e5yHG//y8z9/kmsVaFh6OO8SBL9Wh/vlK6VVxC0T+c/qjkXlISjmcQ==
j63AhpRgN/fEfrCEHod3towe0D6cSvdz8qJ7e5yHG//y8z9/kmsVaFh6OO8SBL9Wh/vlK6VVxC0T+c/qjkXlISjmcQ==
XWFoCAxpYIICMfU8btOFwAuv9nrKaaYXznb1fTrm6S87olFVE1qV6Z9kvgeydS3RSHYIUIsQUU4xJQs8wfLYnVn8Ly/mdA==
fU+vgr4Aqs+s0oQRecM0YylZyPM8v3twUXodW37arZFaCnGDiy7J2ZPWDWUvyCbr0pl1ffg60BxLXIkCAQlT0KEewLFp8Dcj5ng=
o+4TNUOXaJod7MdrsEPSzjdFh+tIB1853s6tFfEBxnT5YwrczclDUA2b0xBBn3cGErki76lX0OS0/mt6pRj5Z0fisQi8u2HOMyHmfg==
UZP+H/chcVUQR4Gtw7AD7ylYyPM7v3t0UXodW37arZFaCnGDiy7J2ZPWDWUvyCbr0pl1ffg60BxLXIkCAQlT0KEewLFp8Dcj5ng=
Jpp0/zQPJxabFK7ohkXRmwq18HrWcacXznb1fTrm6S87olFVE1qV6Z9kvgeydS3RSHYIUIsQUU4xJQs8wfLYnVn8Ly/mdA==
Bw4H0HKTZt219UgGPTKrAQav9nrKaaYXznb1fTrm6S87olFVE1qV6Z9kvgeydS3RSHYIUIsQUU4xJQs8wfLYnVn8Ly/mdA==
+WhbPnzPGnqx4t5Ta/5aqzdFh+tLB1853s6tFfEBxnT5YwrczclDUA2b0xBBn3cGErki76lX0OS0/mt6pRj5Z0fisQi8u2HOMyHmfg==
6i0OiUbXYSGjh0hFn/gGTzdEh+tLB1853s6tFfEBxnT5YwrczclDUA2b0xBBn3cGErki76lX0OS0/mt6pRj5Z0fisQi8u2HOMyHmfg==
EoF/LAhdmd+G9OOykFkaMht/pJ46C+qsH50iL3QqL8NKYiOr5Gdz7/rzN296C+04gDqAX0rk16YPe22bDfUcXeu5F7q2Zc0xIOZ5
UI5YhvrMVzZJWGMc3slcWTdGh+tIB1853s6tFfEBxnT5YwrczclDUA2b0xBBn3cGErki76lX0OS0/mt6pRj5Z0fisQi8u2HOMyHmfg==
BP29mEbjLXkJ4Q38QS1NiAm18HrWcacXznb1fTrm6S87olFVE1qV6Z9kvgeydS3RSHYIUIsQUU4xJQs8wfLYnVn8Ly/mdA==
SnYi8Kl2gF6TQgQCn6S+oAi18HrWcacXznb1fTrm6S87olFVE1qV6Z9kvgeydS3RSHYIUIsQUU4xJQs8wfLYnVn8Ly/mdA==
9Egt1CUwPg4fNeQBb9DUWRBSeoCJmrj0IPpbKxbCnwNwF4d3dnO79w77eZA8mlw3vrQDHkO7IWNZJSh1N9nr0qJV+Sks5nU=
UKXsyWEjtD3AmrRsYSiqPZqu1aXR7BqXyVNeu7FlnNeW3Rx2YrQHtBXCjhUYokCUy9QZmmHxIxjh1vCJSegnK+Zw
S45SORHfmZ4B4ljFD0dy7Zqu1aXR7BqXyVdctbFlnNeW3Rx2YrQHtBXCjhUYokCUy9QZmmHxIxjh1vCJSegnK+Zw
MmeAqhYk/c1o3/h/qu0KzrLacwjs7XpA3wefFunCBhaFQwBQf43gm7Q+Ql4qQZH7n02ni9EUUf9Vp2FOYeXk3pay1CweaUSIU8X/YLca7D7I1sgwi/AR7rFFS9zB0hg92RxvD+ZU
JOWLzNcUcRVMlxaeHRsxF7Lacwjs7Xsbih2IHfPTKxazVjURCO6A07g+CxtWUYrq0Q+2hssjQORApDUNaMCwh6Kx1CweaUSIU8X/YLca7D7I1sgwi/AR7rFFS9zB0hg92RxvD+ZU
UM+6X60MbJoRffRl3J/e6rPacwjs7Xsbih2IHfPTKxazVjURC+6A07g+CxhWUYrq0Q+2hssjQORApDUNcsawm7qw1CweaUSIU8X/YLca7D7I1sgwi/AR7rFFS9zB0hg92RxvD+ZU
mTp9rdpHQGY6FonxrQFqheLzo8be2KrXTirJhc3cz0Xz0hh8TCRIt4rLzEgWJRBcZ6SGi86sid1KqOtJdPJIpjkTWDqUodqDCOLeIxA+u2dTHieAaLhQRHTea1pluHmHh4Kx6Pzb4W5zAeZe
/zRXt73C3saLofG6gVIJTkYMO5cLXsHNLDrsV146kccsnrXKs9GZRkPU647bO7nz8YWQxX8ZowL6tZHZVOYN
/thMemSUTECFaETkhjRbXY8XuUFLdZTGKnSNMoUd257+dFM+U7sxgwnleJWnWZsy0pWJyVzmBQ==
xYa6Sc0YmetN8F7V0e9rPbbk32i18Jdp6cnlgkEjMJxEhusCVWAZH7eacXBMw4G2w1nmBg==
mtNr30PKgXTVUuCoYGXhzlOXRF879K1DZ9Xj/dWzHNiVmJrud3d+NvXwvLOPeucM+1uagXnXFvDX6xFsWUmhP53zz3o5vzGqcX3PpmKEHxZn+8Xrx9JkbDP5ryouxQVhCOZR
ytxruDVhMi/KrKLSCNB8TC/T6ek1PafVUAknuwn05ACpifiY+aB8fOjeuOgLqOHklo3aZAGqCPW5lN9X5gw=
PIIs91imazGWzU5HmcQH0Zq9XE0Q7ljmWdF0YOyVOcnQxdxMNR8rn+O6gpALUWik1jt+5uSApm27HhN0Qw+3/Bjq3yIdVdeNiR9iw6FT8CzkVuvS9d3eb1bK8aAsM8EGYwnmVg==
8Zxz1wjV2PwE0svBduI+dc+B7MOeol3ZmkJBu6s22dGT3h19D/AWoxLRhQUYokCUy9QZl2bxIhjh1vCJSegnK+Zw
+LUz4IkLH3Ao7kyritcjEA+18HrWcacXznb1fTrm6S87olFVE1qV6Z9kvgeydS3RSHYIUIsQUUM2JQo8wfLYnVn8Ly/mdA==
riZSt/x/fGncZS48nkgyGQ+v9nrKaaYXznb1fTrm6S87olFVE1qV6Z9kvgeydS3RSHYIUIsQUUM2JQo8wfLYnVn8Ly/mdA==
1AmV0m64k1IdZcZCQkW+tw6v9nrKaaYXznb1fTrm6S87olFVE1qV6Z9kvgeydS3RSHYIUIsQUUM2JQo8wfLYnVn8Ly/mdA==
xI+QKNTTI924rryIU5kDmQ2v9nrKaaYXznb1fTrm6S87olFVE1qV6Z9kvgeydS3RSHYIUIsQUUM2JQo8wfLYnVn8Ly/mdA==
SEIjmDM7LmB/ms0BLUlGTpqu1aXR7BqXyVNeu7FlnNeW3Rx2YrQHtBXCjhUYokCUy9QZl2bxIhjh1vCJSegnK+Zw
3NWospeic/TZuaRx5M3AZJqu1aXR7BqXyVdctbFlnNeW3Rx2YrQHtBXCjhUYokCUy9QZl2bxIhjh1vCJSegnK+Zw
GU19MXRwernGgRg/szIT/UsrJ2YQJzstTePHnwdGMeDR/elHb/HfNxEoKcOlmxlygdmcYmYOrJCe1Tw0o3mHXFcmlAI46rAMS0xpX0b5MmAhbmABKSAXM+Zo
3A7qUrs3qBKMC8AcAuHGc0srJ2YQJzt5XP/aqk8CFuHqvMATfoL7chAubJrxqh9usL+MMFAWrJCe1Tw0o3mHXFcmlAI46rAMS0xpX0b5MmAhbmABKSAXM+Zo
AkIrn74n9uJ5C/UuwzMZ57Lacwjs7XpA3wefFunCBhaFQwBQf43hm7Q+Ql4qQZH7n02ni9EUUf9Vp2FOYeXk3Jay1CweaUSIU8X/YLca7D7I1sgwi/AR47ZFStzB0hg92RxvD+ZU
5z8vUdQWAmvtVmHJqLT9i7Lacwjs7Xsbih2IHfPTKxazVjURCu6A07g+CxtWUYrq0Q+2hssjQORApDUMaMCwh6Kx1CweaUSIU8X/YLca7D7I1sgwi/AR47ZFStzB0hg92RxvD+ZU
jzt7hXEIkEpFlLpKeNvfOLPacwjs7XtA3wefFunCBhaFQwBQf43ggbI+XkYrQZH7n02ni9EUUf9Vp2FOYeXk2pay1CweaUSIU8X/YLca7D7I1sgwi/AR47ZFStzB0hg92RxvD+ZU
PHIOLB10P1cp3YegE2aw/LPacwjs7Xsbih2IHfPTKxazVjURDO6A07g+CxhWUYrq0Q+2hssjQORApDUNcsawm7qw1CweaUSIU8X/YLca7D7I1sgwi/AR47ZFStzB0hg92RxvD+ZU
SfvJlklyw+31ykgOoDW/XLLacwjs7XpA3wefFunCBhaFQwBQf43im7Q+Ql4qQZH7n02ni9EUUf9Vp2FOYeXk2Jay1CweaUSIU8X/YLca7D7I1sgwi/AR47ZFStzB0hg92RxvD+ZU
/954X/eZtDMcFOkNzFfMY7Lacwjs7XlA3wefFunCBhaFQwBQf43im7Q+Ql4qQZH7n02ni9EUUf9Vp2FOYeXk2Zay1CweaUSIU8X/YLca7D7I1sgwi/AR47ZFStzB0hg92RxvD+ZU
9R25qUjs5EpFtIEJdkVHXbLacwjs7XpA3wefFunCBhaFQwBQf43jm7Q+Ql4qQZH7n02ni9EUUf9Vp2FOYeXk1pay1CweaUSIU8X/YLca7D7I1sgwi/AR47ZFStzB0hg92RxvD+ZU
VcIL9LQviGSSidBGQYKAELLacwjs7XlA3wefFunCBhaFQwBQf43jm7Q+Ql4qQZH7n02ni9EUUf9Vp2FOYeXk15ay1CweaUSIU8X/YLca7D7I1sgwi/AR47ZFStzB0hg92RxvD+ZU
4ns0yNwj4mPk6GAeHxGtquLzo8be2KrXTirJhc3cz0Xz0hh8TCRJt4rLzEgWJRBcZ6SGi86sid1KqOtJdPJIpjkRWDqUodqDCOLeIxA+u2dTHieAaLhQRHTea1pltX6HhoKx6Pzb4W5zAeZe
Uu0AJv5p6ojzsCkFzDP63eLzo8be2KvXTirJhc3cz0Xz0hh8TCRJt4rLzEgWJRBcZ6SGi86sid1KqOtJdPJIpjkQWDqUodqDCOLeIxA+u2dTHieAaLhQRHTea1pltX6HhoKx6Pzb4W5zAeZe
jSpmC5CBeQYijMdc6uq5XiwOrizDEEAWCE/bKkGmFtCY+AHUtNne4FFnAgogkcew4NPcQLOdUo4UUPs4d766noC6V/JPfkimrzfY0Zufc/YRNOPeI7sBI/SiSLTX2csSwtUZaQzmVQ==
CLu2ZzkoWOC2DiFjMiRzpSwOrizDEEBNXVXMIVu3O9Cu7TSVw8ivwhR8A0VDnpiwpY3aQLWbcpITdMlrJIr/2sSWVfJPfkimrzfY0Zufc/YRNOPeI7sBI/SiSLTX2csSwtUZaQzmVQ==
Nh2pSJmNPP3Q/pZ2Sus9wSwOrizDEEAWCE/bKkGmFtCY+AHUtNnf4FFnAgogkcew4NPcQLOdUo4UUPs4d766nIC6V/JPfkimrzfY0Zufc/YRNOPeI7sBI/SiSLTX2csSwtUZaQzmVQ==
04iKkIdYzN34oikZdwxhXywOrizDEEBNXVXMIVu3O9Cu7TSVwcivwhR8A0VDnpiwpY3aQLWbcpITdMlrJYr/2sSWVfJPfkimrzfY0Zufc/YRNOPeI7sBI/SiSLTX2csSwtUZaQzmVQ==
KoWrdEJ1Tlob1PmAK3m9NywOrizDEEAWCE/bKkGmFtCY+AHUtNnY4FFnAgogkcew4NPcQLOdUo4UUPs4d766moC6V/JPfkimrzfY0Zufc/YRNOPeI7sBI/SiSLTX2csSwtUZaQzmVQ==
Xzx2QXSSoMC/5pP3mUeJYSwOrizDEEBNXVXMIVu3O9Cu7TSVx8ivwhR8A0VDnpiwpY3aQLWbcpITdMlrIor/2sSWVfJPfkimrzfY0Zufc/YRNOPeI7sBI/SiSLTX2csSwtUZaQzmVQ==
lZLl+zfBEGbtKB/LnhLls19Cv01iAHuF0ia31j4ss6NK3zlRnU+r0oM7Ck5qha//16KvhFdbKz8rgDcVXqiEH3WUlcbu24aYxSvEJB5hVHBznY8od9JcZqhuWLgLeIFbVp36lIEa6OX5ZH8H5lw=
u9y8Rw+XztXryAVFwsoTT7yz5pxai8NtFnQv2kR/hEMCGeQ8mKJyk3dEHaa1m9ZPXCF7YQEBLO+W+MMQhkJ/YEr7qT7fv6YUVk4EbYBmXr+oqkvL+3pHPLBMgAg8miuGnWFO6+6mkRTk7/FiewXmQg==
hQ9/nSyw2tRS0ffqudIdb19Cv01iAHiF0ia31j4ss6NK3zlRnU+r0oM7Ck5qha//16KvhFdbKz8rgDcVXqiEH3SUlcHu24KYxSvEJB5hVHBznY8od9JcZqhuWLgLeIFbVp36lIEa6OX5ZH8H5lw=
4AVoLiffoB5l5eMnopakBOLzo8be2KrXTirJhc3cz0Xz0hh8TCRBt4rLzEgWJRBcZ6SGi86sid1KqOtJdPJIpjkWWDqUodqDCOLeIxA+u2dTHieAaLhQRHTea1pltX6HhoKx6Pzb4W5zAeZe
dI0xIWlGrUl/c/liQbOPaL2z5pxai8NtFnQv2kR/hEMCGeQ8mKJ9iXFEAb60m9ZPXCF7YQEBLO+W+MMQhkJ/YEr7qT3fv6YUVk4EbYBmXr+oqkvL+3pHPLBMgAg8miuGnWFO6+6mkRTk7/FiewXmQg==
VT+6GsiL6WIlcpseynSXu72z5pxai8BtFnQv2kR/hEMCGeQ8mKJ9iXFEAb60m9ZPXCF7YQEBLO+W+MMQhkJ/YEv7qT3fv6YUVk4EbYBmXr+oqkvL+3pHPLBMgAg8miuGnWFO6+6mkRTk7/FiewXmQg==
8TfpP7bwTD6DqF/Un+97J047Lhj+hsTfxepiChnZkP3lL2X1jSMRvJbY49Kp2Yv27AMrcEQDNXwcxkTmNCmfo9aFVbWWjvOwayAO4kd+QLaXV7DhQ1/LpnmUey6rO4mTbELg5K+ZE+Lq9WF5BOZd
rRPFxZLvKenGXBFGtiboXr2z5pxai8BtFnQv2kR/hEMCGeQ8mKJ8iXFEAb60m9ZPXCF7YQEBLO+W+MMQhkJ/YEn7qT7fv6YUVk4EbYBmXr+oqkvL+3pHPLBMgAg8miuGnWFO6+6mkRTk7/FiewXmQg==
E2P+LjIEtrSIimTjGsjMGeVEncJnCC8ZnXRscmgIYoc5dArykmBPFXJEDAwJVGbUoaHrztL0Z0XoFN+7mIYhfMtvKoDTvvqmpiYFPgJyXZ96tTEP+XKTvFFKyRtrd0ZqivCdieH24P1rfQbmXw==
aNugxV65I0ZoL7PFOVWgd+VEncJnCC4ZnXRscmgIYoc5dArykmBPFXJEDAwJVGbUoaHrztL0Z0XoFN+7mIYhfMtvK4DTvvqmpiYFPgJyXZ96tTEP+XKTvFFKyRtrd0ZqivCdieH24P1rfQbmXw==
ghxW+LGIGybd0FgvDmHgH0YMO5cLXsHNLDrsV146kccsnrXKs9GZRkPU647bO7nz/IKQxH8ZowL6tZHZVOYN
OnvbVzIAQzMg8hLmVtD9QePzo8be2KrXTirJhc3cz0Xz0hh8TCRIt4rLzEgWJRBcZ6WGi86sid1KqOtJdPJIpjkTWDqUodqDCOLeIxA+u2dTHieAaLhQRHTea1pluX+HhoKx6Pzb4W5zAeZe
pmlah9iiu5Gm//JDVZIjCePzo8be2KrXTirJhc3cz0Xz0hh8TCRKt4rLzEgWJRBcZ6OGi86sid1KqOtJdPJIpjkTWDqUodqDCOLeIxA+u2dTHieAaLhQRHTea1pltX+HhoKx6Pzb4W5zAeZe
NXmfLolSwNeGQw9jQ8Uzp+Pzo8be2KrXTirJhc3cz0Xz0hh8TCRJt4rLzEgWJRBcZ6SGi86sid1KqOtJdPJIpjkTWDqUodqDCOLeIxA+u2dTHieAaLhQRHTea1plvHiHhoKx6Pzb4W5zAeZe
GY5/8jGjZu6kUpF6Jfm+fOLzo8be2KrXTirJhc3cz0Xz0hh8TCRIt4rLzEgWJRBcZ6WGi86sid1KqOtJdPJIpjkTWDqUodqDCOLeIxA6snBUHieAaLhQRHTea1pltXiHhoKx6Pzb4W5zAeZe
jJBWxtHzkRK7nXnGpXdP8eLzo8be2KrXTirJhc3cz0Xz0hh8TCRJt4rLzEgWJRBcZ6SGi86sid1KqOtJdPJIpjkTWDqUodqDCOLeIxA6snBUHieAaLhQRHTea1pluXmHhoKx6Pzb4W5zAeZe
V8y8F+8Z4RS8uhgPiJgsdOLzo8be2KrXTirJhc3cz0Xz0hh8TCRKt4rLzEgWJRBcZ6OGi86sid1KqOtJdPJIpjkTWDqUodqDCOLeIxA6snBUHieAaLhQRHTea1plvnyHj4Ox6Pzb4W5zAeZe
cF7V4tmmb5tUPOH1DwzUM1X8c23i1bkeayCp6oERCEzz1xGyns9IshBnbNmmKzgu8fqn0j9+uIbb/j926x/jVkH0M/4zuxFDrmGY3UZZe3JyFSkJPOZl
Lzqs/4ntpUCuVPVTN/3HbLLacwjs7XpA3wefFunCBhaFQwBQf43gm7Q+Ql4qQZH7n02ni9EUUf9Vp2FOYeXk3pay1CweaUSIU8X/YLca7D7I1sgwi/AR6LFFQ93B0hg92RxvD+ZU
z0Rf4jSXg7Np196pacTjz+Lzo8be2KrXTirJhc3cz0Xz0hh8TCRIt4rLzEgWJRBcZ6WGi86sid1KqOtJdPJIpjkTWDqUodqDCOLeIxA+u2dTHieAaLhQRHTea1plvnmHj4Ox6Pzb4W5zAeZe
u2Wd67X29wazEK3AQrJcbuLzo8be2KrXTirJhc3cz0Xz0hh8TCRJt4rLzEgWJRBcZ6SGi86sid1KqOtJdPJIpjkTWDqUodqDCOLeIxA+u2dTHieAaLhQRHTea1plvnmHj4Ox6Pzb4W5zAeZe
aoT4vTYlhl4UYyTPb9IL5eLzo8be2KrXTirJhc3cz0Xz0hh8TCRKt4rLzEgWJRBcZ6OGi86sid1KqOtJdPJIpjkTWDqUodqDCOLeIxA+u2dTHieAaLhQRHTea1plvnmHj4Ox6Pzb4W5zAeZe
FUKnbrlGtrJAvEYess0NlVX8c23i1bkeayCp6oERCEzz1xGyns9IshBnbNmmKzgu8fqn0j9+uIbf9yhx6x/jVkH0M/4zuxFDr2WY3UZZe3JyFSkJPOZl
TOBDtFwmX+ZICI5TcREums3HzxwJndAxfwOMM0GD7JNrlDeLSh59/MGq+Rub192tutlsCbEW8L2b3VbmDw==
6oF1GEH931Mnh+i7Lin+sg+18HrWcacXznb1fTrm6S87olFVE1qV6Z9kvgeydS3RSHYIUIsQUUkxJQM9wfLYnVn8Ly/mdA==
rg70Y866QkXTBMptPRB+CCNmr/MUeTiO7YU56lrqC6Lh6g12tKIDRVWAQV0TUoXRvzxOXH05hwkojpjYC5jBMdF9s/WBOqhFecQ/J+Z8
SRL4i3NYKiB7TkXI3M4Serracwjs7XpA3wefFunCBhaFQwBQf43gm7Q+Ql4qQZH7n02ni9EUUf9Vp2FOYeXk3pay1CweaUSMWtL4YLca7D7I1sgwi/AR6bFFQ93B0hg92RxvD+ZU
oDAjKqoTd6mrktESKWl3t1X8c23i1bkeayCp6oERCEzz1xGyns9IshBnbNmmKzgu8fqn0j9+uIbb/j926x/jVkH0M/4zuxFDrmWY3UZZe3JyFSkJPOZl
nArui35RbILmoVmv+NA/++rzo8be2KrXTirJhc3cz0Xz0hh8TCRIt4rLzEgWJRBcZ6WGi86sid1KqOtJdPJIpjkTWDqUodqDCOLeIxA6snBUHieAaLhQRHTea1plv3mHj4Ox6Pzb4W5zAeZe
oONzb7smy9JFjcIldV+oEOrzo8be2KrXTirJhc3cz0Xz0hh8TCRJt4rLzEgWJRBcZ6SGi86sid1KqOtJdPJIpjkTWDqUodqDCOLeIxA6snBUHieAaLhQRHTea1plv3mHj4Ox6Pzb4W5zAeZe
FxupTgbk79qXHbmPix4ZBurzo8be2KrXTirJhc3cz0Xz0hh8TCRKt4rLzEgWJRBcZ6OGi86sid1KqOtJdPJIpjkTWDqUodqDCOLeIxA6snBUHieAaLhQRHTea1plv3mHj4Ox6Pzb4W5zAeZe
NSFrm1+QUUINqsZoM2QDQVX8c23i1bkeayCp6oERCEzz1xGyns9IshBnbNmmKzgu8fqn0j9+uIbf9yhx6x/jVkH0M/4zuxFDqGWY3UZZe3JyFSkJPOZl
4t9bLF1mOIH7I121n1S5/cxkY9xzcFPlHxc9tgehGDP+62BgDEKrTo0S7EOTv1GcNNeRistd5go=
ZqVC69wJtpWczImv3Nf4KEp54LLLC/Z7mR/cWOY+vuZbUf//ga0vs/QdBNnjwfbwunSAjC3CLVtPf3cZBmXYqeXOrG33NSLmew==
MYWDPggUPexUuWkI1KpYw+r3T7+xjR+zxD00GVNhRnAq1NBMfeI9W1+fK9lWhUgplS7crYfVUuYL
Imi41GM03t8XblFzjonFl0p54LLLC/Z7mR/cWOY+vuZbUf/iga0vs/QdBNnjwfbwunSAjC3CLVtPf3UaBmXYqeXOrG33NSLmew==
I44E1Gl4FVLrodwgP+01BVcz4rgMHP5EgO6drLWriQVsUGHsufLnJXt8V1fjVX8wMYX69XZedtu379VkoxhTva+fXU4XidirDqNAWFyqK5a9Hg07AhcRhEQfMTIbNeZS
+ci8GQ+9krZa6BF72h89ter3T7+xjR+zxD00GVNhRnAq1NBMfeI9W1+fItxWgk4plC7crYfVUuYL
TYsLr2FxhKDfB6HtDswm/0p54LLLC/Z7mR/cWOY+vuZbUf/iga0vs/QdBNnjwfbwunSAjC3CLVtPf3YcBmLeqeTOrG33NSLmew==
svcHJbewhAxY3AH3k0nd4EYdq6BfaWvUvsNx40vgDe/i8wJ8pqUbdV3SR0oTU7OVpWhDS2g1ghkojpjYC5jBMdF9sPOBO6hFecQ/J+Z8
pCj6Cth6cpj0vVwPnMMp6RfSAUQ25acpZc2vqYO8XpPGyMaiHjI1b6+g7PiIcrQd8A/Qh3rMTvTb/lA5fkHzOYXz3gl28SGlfGDQsGKEHxZn+8XrydNkYTT5riouxQVhCOZR
I6/9zLxaSyI/RhbPcRmOchs214V2NQrYWl65796blPQAaFWO/uUQef0lqzNwlfhJT3lSEN6sLDzxiukbi7cu6Gqx+okAtkB9yz0m5n8=
gJxXppapBusSRLVl0imqoku062ufJd1RyC+yNGbt6y196ldCE1ujrYUwswOofTLBSHYIUIsQUU41JQs7wfPYnVn8Ly/mdA==
Kk0skKQPQ4kzbSeU2XlJuVZxrqzJEeAv1h6ODqgwse5aXbzpga0vs/QdBNnjwfbwunSAjC3CLVtPf3sZBmneqeTOrG33NSLmew==
IKcCM4xhAlQGA8nz+++pJxwz2sFyKULcFVmk75LW0r4EaFWO/uUQef0lqzNwlfhJT3lSEN6sLDzxiukbi7cp6mqx+okAtkB9yz0m5n8=
BjoD3/DSOigUGYiWnGNspQS+IHWnmr0Udjaz66sRSE2w1Betvs9IohB2dozvHgRhopGfkXFzqqGaoX19qADkSF70M/4zuxFDqGOY1UBZenJyFSkJPOZl
cqFIs3CAcx0P6oqN7OeQ4Or3T7+rix+v3Dw0GVN7QHA2zNFMfeI9W1+fKt1WiU4plC7crYfVUuYL
yGlyMkS9xFRWWHnT6zGmlEp54LLLC/Z7mR/cWOY+vuZbUf/im6svr+wcBNnj2/DwpmyBjC3CLVtPf3AYBmjeqeTOrG33NSLmew==
2Uk2TQDZ28Vl7rxFH2kuFEcdq6BfaWvUvsNx40vgDe/i8wJ8pqUbdV3IQUoPS7KVpWhZTWgpmhgojpjYC5jBMdV9uvOBO6hFecQ/J+Z8
TU9/C7yR/ogBpcZ+cjy+qBfSAUQ25acpZc2vqYO8XpPGyMaiHjI1b6+g7PiIcrQd8A/Qh3rMTvTb/lA5fkHpP4Xvxgh28SG/emDMqGOEHxZn+8XrxdNkbDT5riouxQVhCOZR
96hHglvFh2CgihxhEKH7PnWetKmgs5dmNp6UZt4wFzTaH0BIQC6YqqPj2RAaVB7qEvFWb3Zr3JQYWC1OJnWoma9zQy8ARDAp9/MMUDqENdw5+kGb4wflynJJxcnYJjjdA20O5lc=
zyboeincPSQchKki0gjAAhs214V2NQrYWl65796blPQAaFWO/uUQeecjqy9olPhJT2NUEMK0LTzxiukbi7co6mq5/YkAtkB9yz0m5n8=
gtkvW/kMJmfhKCIheoC7aer3T7+rix+v3Dw0GVJ7QHA2zNFMfeI9W1+fKtlWgEkplC7crYfVUuYL
2r75oWJZFxuD3qbH0OToRUp54LLLC/Z7mR/cWOY+vuZbUf/im6svr+wcBNni2/DwpmyBjC3CLVtPf3QbBmDZqeTOrG33NSLmew==
wqkh5qk5JVGHEE2tZdF7ykcdq6BfaWvUvsNx40vgDe/i8wJ8pqUbdV3IQUoPS7KVpWlZTWgpmhgojpjYC5jBMdB9svSBO6hFecQ/J+Z8
T7qe5h0V678TW/2ZQygqgnWetKmgs5dmNp6UZt4wFzXaH0BIQC6YqqPj2RAaVB7qEvFWb3Zr3JQYWC1OJnWoma9zQy8ARDAp9vMMUDqENdw5+kGb4wflzXJIxcnYJjjdA20O5lc=
wj5TI3c0CfLPUuYPnZ9tKxs214V2NQrYWl65796blPQAaFWO/uUQeecjqy9olPhJTmNUEMK0LTzxiukbi7cq7Wq4/YkAtkB9yz0m5n8=
TIkhrMlfvaPmRb0/cdmWTku062ufJd1RyC+yNGbt6y198FFCD0OirYUxqQWoYSrASHYIUIsQUU0xJQI8wfPYnVn8Ly/mdA==
8H4GdEIlIF+rAKUM/rNb2c1G6wucBqo0u/5weZ7BSf/l7yZI1nFAf1pgLOgDBL9Wh/vlK6lVxCQT+c7qjkXlISjmcQ==
xFe5zYHfop08JXu32QPKihtVJdsHSN3daXr9R1lvmvBiwfTX9sCAQFfU647bO7nz9oCQz38ZogL6tZHZVOYN
FcdHG2ZTSlU7nRYaFPqJNer3T7+rix+v3Dw0GVF7QHA2zNFMfeI9W1+fIdlWg0kplC7crYfVUuYL
WOIL57vm6EYMyv5ANqOBgkp54LLLC/Z7mR/cWOY+vuZbUf/im6svr+wcBNnh2/DwpmyBjC3CLVtPf3UZBmPZqeTOrG33NSLmew==
78Emjsaysdj4x9SN++7Yy0cdq6BfaWvUvsNx40vgDe/i8wJ8pqUbdV3IQUoPS7KVpWpZTWgpmhgojpjYC5jBMNZ9sfSBO6hFecQ/J+Z8
ZlKntEuizl5NfnWEhxi2CXWetKmgs5dmNp6UZt4wFzbaH0BIQC6YqqPj2RAaURvvEvFWb3Zr3JQYWC1OJnWoma9zQy8ARDAp9fMMUDqENdw5+kGb4wfny3JLxcnYJjjdA20O5lc=
mj56utAwUBUbWDHiQUuzJXWetKmgs5dmNp6UZt4wFzbaH0BIQC6YqqPj2RAaVB7qEvFWb3Zr3JQYWC1OJnWoma9zQy8ARDAp9fMMUDqENdw5+kGb4wfhy3JLxcnYJjjdA20O5lc=
3sqUQDIjA+PcVVwdoYO6rhs214V2NQrYWl65796blPQAaFWO/uUQeecjqy9olPhJTWNUEMK0LTzxiukbi7cn62q7/YkAtkB9yz0m5n8=
9dnALQSB51oeUJkj48/tKUu062ufJd1RyC+yNGbt6y198FFCD0OirYUyqQWoYSrASHYIUIsQUUowJQE8wfPYnVn8Ly/mdA==
e1klmBx+aH5jK1QwnKxMvc1G6wucBqo0u/5weZ7BSf/l7yZI1nFDf1pgLOgDBL9Wh/vlK6BUxCcT+c7qjkXlISjmcQ==
IGGJH7HopBv5f2u7cH19qBtVJdsHSN3daXr9R1lvmvBiwffX9sCAQFfU647bO7nz9oSQz38ZogL6tZHZVOYN
mR4FjucuyumgrKrMbrxVhku062ufJd1RyC+yNGbt6y198FFCD0OirYUwqQWoYSrASHYIUIsQUUw3JQA8wfPYnVn8Ly/mdA==
IVV5hZyGRRvx7oWPW7SVrs1G6wucBqo0u/5weZ7BSf/l7yZI1nFBf1pgLOgDBL9Wh/vlK6dTxCYT+c7qjkXlISjmcQ==
5gXn8N+epNYfShq3zVZMAxtVJdsHSN3daXr9R1lvmvBiwfXX9sCAQFfU647bO7nz/IOQzn8ZogL6tZHZVOYN
6FRjBudO8Hj2pCpjxDT6WEp54LLLC/Z7mR/cWOY+vuZbUf/im6svr+wcBNnj2/DwpmyBjC3CLVtPf3YcBmLZqeTOrG33NSLmew==
cMT5w/cWt1rQhUkdpbCAoSg/xqZi8CU2DCVEWzKH6tgGAXOBzXzJzo/POiE1nDHpyI1ybPg60BxLXIkAAQlY0KEfwLFp8Dcj5ng=
UKFb7fW/Ur5kb+yKxofPqkz94S7GaZtUgW2xfSOq4ycz7FtVUh2irYUwqQWoYSrASHYIUIsQUUk0JQc8wfPYnVn8Ly/mdA==
9p1i3OodY8AwH6JtSdP90Uz94S7GdptUgW22fSOq4ycz7FtVUh2irYUwqQWoYSrASHYIUIsQUUM0JQc8wfPYnVn8Ly/mdA==
Dhcowxm6BWoTZ0tzRpxQUEz94S7GdptUgW2xfSOq4ycz7FtVUh2irYUwqQWoYSrASHYIUIsQUU41JQc8wfPYnVn8Ly/mdA==
c2DAASgys8l+innt97jKi0p54LLLC/Z7mR/cWOY+vuZbUf/im6svr+wcBNni2/DwpmyBjC3CLVtPf3YaBmXZqeTOrG33NSLmew==
Z5WgfhXdGZIsyJHOeweHISs/xqZi8CU2DCVEWzKH6tgGAXOBzXzJzo/POiE1nTHpyI1ybPg60BxLXIkEBwlf0KEfwLFp8Dcj5ng=
J4jCPalJxRMbEt79cQUooEz94S7GdptUgW2xfSOq4ycz7FtVUh6irYUxqQWoYSrASHYIUIsQUU83JQc8wfPYnVn8Ly/mdA==
DR5gjngw5ltOEnrDeA7U20p54LLLC/Z7mR/cWOY+vuZbUf/im6svr+wcBNnh2/DwpmyBjC3CLVtPf3IcBmXZqeTOrG33NSLmew==
ZwwplSLmXnWr1r1M7exobyo/xqZi8CU2DCVEWzKH6tgGAXOBzXzJzo/POiE1njHpyI1ybPg60BxLXIkAAAlf0KEfwLFp8Dcj5ng=
ve+sWhkJRT6DcWggPq+u40z94S7GdptUgW2xfSOq4ycz7FtVUh+irYUyqQWoYSrASHYIUIsQUUgxJQc8wfPYnVn8Ly/mdA==
y3GF9HPrd8xFGlun10A8sA68/WufY5hVwGywfSOq4ycz7FtVUh2irYUwqQWoYSrASHYIUIsQUUg3JQQ8wfPYnVn8Ly/mdA==
Hn9UELgU4UdMgRR7LPPm5kQg1oQiNAfZGVSk75jenPxDahzLue0aN/spvHI2lPhJT2NUEMK0LTzxiukbi7cu7Wq+/YkAtkB9yz0m5n8=
IqzWy3Dydq48R8bA0WiwIEQg1oQiNAfZGVSk75jekPxDahzLue0aN/spvHI2lPhJT2NUEMK0LTzxiukbi7co7Wq+/YkAtkB9yz0m5n8=
sfVJPomN103cEc3nu5n7Pq+LulodIIqblHQoktXz1GSpWIzmn8VcVwI7p9HETyUV4rJoKCYxkd/K4FwIs0RvNnf71QvxkbSNo3leil4F1QE45mE=
qsfk+l//TTxLnb4IApmvAVGo4S7IaZxEgW2xfSOq4ycz7FtVUh2irYUwqQWoYSrASHYIUIsQUUM1JQs8wfPYnVn8Ly/mdA==
d/OYdeMIQO/4cpWfHGb+B0z94S7GdptUgW2xfSOq4ycz7FtVUh2irYUwqQWoYSrASHYIUIsQUU02JQs8wfPYnVn8Ly/mdA==
BPjzW0fB/7XkMn1WzYHWWUcg1oQiNAfZGVSk75jekPxDahzLue0aN/spvHI1lPhJTmNUEMK0LTzxiukbi7ct7Gqx/YkAtkB9yz0m5n8=
E6MklKiTHlDBPFdJpvVJq1Go4S7IaZxEgW2xfSOq4ycz7FtVUh6irYUxqQWoYSrASHYIUIsQUU8wJQs8wfPYnVn8Ly/mdA==
tVeuUZh+a/bYU2AwDMTW8Uz94S7GdptUgW2xfSOq4ycz7FtVUh6irYUxqQWoYSrASHYIUIsQUU8xJQs8wfPYnVn8Ly/mdA==
lXNe6PK5GeqRSn09GeLc6UYg1oQiNAfZGVSk75jekPxDahzLue0aN/spvHI0lPhJTWNUEMK0LTzxiukbi7co6Gqw/YkAtkB9yz0m5n8=
TphoesvaFOkCv264ShaEFFGo4S7IaZxEgW2xfSOq4ycz7FtVUh+irYUyqQWoYSrASHYIUIsQUUs1JQo8wfPYnVn8Ly/mdA==
6n7VOOiq21h8X5ImWAAArkz94S7GdptUgW2xfSOq4ycz7FtVUh+irYUyqQWoYSrASHYIUIsQUU81JQo8wfPYnVn8Ly/mdA==
/aFwLupvkiJ+5VweHsOu/xRDOMWEm6GGZftGZxbb0wl4H8l9djL8wErhLYc+gEgwr7QDHkO7IWNZIih9Ntnq0qJV+Sks5nU=
5rLEdr/akTrAzoALuXk7akQt3ZUiJBDEDUKkro2S0bRIYVWEve0aN/spvHI2lPhJT2NUEMK0LTzxiukbi7cm62q5/IkAtkB9yz0m5n8=
YWJsi6vWvA9CklCgulcQnfwoMCgZInlUMJENRIW9wlcTObRyPoSQqRezbFAaxNVcWTphmwNHR03SCSTJ+OaYXeMtLuZ3
rwxVxEOCNELJN0oPmtL6u/woOCAZInlUMJENRIW9wlcTObRyPoSQqRezbFAaxNVcWTphmwNHRE3SCSTJ+OaYXeMtLuZ3
NldntmmXq0qC+vHHAINGrwsBZ8FwqiDN5+IcXJfpazYXk5JfZvNNelVzeDP+7nBMJHbr8jWyWc8fK/HB7JNB5iMp5nY=
jnPvLFgniBXLuRMAJParjlGo4S7IaZxEgW2xfSOq4ycz7FtVUh2irYUwqQWoYSrASHYIUIsQUUs0JQI9wfPYnVn8Ly/mdA==
rePWQWiToflLtAnQfsugNEz94S7GdptUgW2xfSOq4ycz7FtVUh2irYUwqQWoYSrASHYIUIsQUUI1JQI9wfPYnVn8Ly/mdA==
ci8GDXPLZNfYGV8Rx6Ly3K31mXtG0ujjRE4Zo/ifaPR/HXLVHsusqxw708j3GSsGN4OSTEbDDYs14/ijHp6wfARm6+IVgZy//btxUYxjAdYDOeZm
nFIVNzav0tN0q0n+gKiboBRDOMWEm6GGZflBYhbb0wl4H8l9djL/wErhLIc+gEgwr7QDHkO7IWNcISh/Ntnq0qJV+Sks5nU=
grQNxyGz0Zod6Q2VbNT3bBRDOMWEm6GGZftGZxbb0wl4H8l9djL/wErhLIc+gEgwr7QDHkO7IWNaISh/Ntnq0qJV+Sks5nU=
k/J58FuG0Zh8RTHmI4L0QEIw98N4E7L0VsB3PndsPo0DNGuh7G895fqyc1g+EbgvgiCUWFvk16YPe22bCfIcV+q5Frq2Zc0xIOZ5
Pibb3EGZpV39F1uhYZk9LQsBZ8FwqiDN5+IcXJfpazYXk5JcZvNNe1VzeDP+7nBMJHbr8jW2Xs8dK/HB7JNB5iMp5nY=
R2VYCtojPQWBQ0cR8ZuWsFGo4S7IaZxEgW2xfSOq4ycz7FtVUh6irYUxqQWoYSrASHYIUIsQUU82JQE9wfPYnVn8Ly/mdA==
cvFAerBu8jz32A8rLBe4kUz94S7GdptUgW2xfSOq4ycz7FtVUh6irYUxqQWoYSrASHYIUIsQUUw0JQA9wfPYnVn8Ly/mdA==
ZaFjd8upD2NHhweh6drQEqJhMSAWIj8TPJNEC4G9wlcTObRyPoSQqRezbFAaxNVcWTphmwNHQErSCiTJ+OaYXeMtLuZ3
Te/B3a8KGOtC3ssz7PLXjEQv14IiJBDEDUKkro2S0bRIYVWEve0aN/spvHI2lPhJT2NUEMK0LTzxiukbi7cp62q6/IkAtkB9yz0m5n8=
uTKvGfxHRnsEORWe4993b/woOCAZInlUMJENRIW9wlcTObRyPoSQqRezbFAaxNVcWTphmwNHQ0zSCiTJ+OaYXeMtLuZ3
ohprMGnyC8tUeM4Wdy2sMgsBZ8FwqiDN5+IcXJfpazYXk5JfZvNNelVzeDP+7nBMJHbr8jWyWM8cK/HB7JNB5iMp5nY=
3aaWsRA6tC1k7XHeVvLn4lGo4S7IaZxEgW2xfSOq4ycz7FtVUh2irYUwqQWoYSrASHYIUIsQUUMwJQA9wfPYnVn8Ly/mdA==
GOgR5d5Gti6CjeUNFLnC9a31mXtG0ujjRE4Zo/ifaPR/HXLVHsusqxw708j3GSsGN4OSTEbDDYs14/ijHp6wfARm6+IVgJ6/+7txUYxjAdYDOeZm
XZKIeSCymwAM6aweka+cT6JhMSAWIj8TPJNEC4G9wlcTObRyPYSQqRazbFAaxNVcWTphmwNHT0rSDSTJ+OaYXeMtLuZ3
bKSwSAWnStLAznXy9VNf3EIw98N4E7L0VsB3PndsPo0DNGuh7G895fqyc1g+EbgvgiCUWFvk16YPe22bCPMcUeq5Frq2Zc0xIOZ5
7vtTZe4pw4T6gYA6xLjJpQsBZ8FwqiDN5+IcXJfpazYXk5JcZvNNe1VzeDP+7nBMJHbr8jW3X88bK/HB7JNB5iMp5nY=
yeG/F7FJSZ+scpbrASfNV1Go4S7IaZxEgW2xfSOq4ycz7FtVUh6irYUxqQWoYSrASHYIUIsQUU83JQc9wfPYnVn8Ly/mdA==
tx9QXP/fj61J0y1FB/Gxwkz94S7GdptUgW2xfSOq4ycz7FtVUh6irYUxqQWoYSrASHYIUIsQUUMwJQc9wfPYnVn8Ly/mdA==
702CoI6ylrkb2n3MjajCAEz94S7GdptUgW2xfSOq4ycz7FtVUh2irYUwqQWoYSrASHYIUIsQUU8xJQc9wfPYnVn8Ly/mdA==
/pnYFCZPFGXNuZ+fIbheFqJhMSAWIj8TPJNEC4G9wlcTObRyPISQqRWzbFAaxNVcWTphmwNHREjSDCTJ+OaYXeMtLuZ3
aGjU+Px8AnmzsW2B3RAJjkYv14IiJBDEDUKkro2S0bRIYVWEve0aN/spvHI0lPhJTWNUEMK0LTzxiukbi7cr6Wq8/IkAtkB9yz0m5n8=
ukoe3zJlGmBSLL8IIC8+8fwoOCAZInlUMJENRIW9wlcTObRyPISQqRWzbFAaxNVcWTphmwNHQknSDCTJ+OaYXeMtLuZ3
xNeby3W7oBSuU1L3I6sArQsBZ8FwqiDN5+IcXJfpazYXk5JdZvNNeFVzeDP+7nBMJHbr8jWzXc8aK/HB7JNB5iMp5nY=
chuL/ux/+pgWpOS9t2y7cVGo4S7IaZxEgW2xfSOq4ycz7FtVUh+irYUyqQWoYSrASHYIUIsQUUs2JQY9wfPYnVn8Ly/mdA==
8dZ+edrLofD7Hja7XoFu2Ez94S7GdptUgW2xfSOq4ycz7FtVUh+irYUyqQWoYSrASHYIUIsQUU02JQY9wfPYnVn8Ly/mdA==
nxTEUwhJE6NAAk2ipjSj9DYlib4XSAkigYn+Qa9FiXCwYxOQx8FLHgebkld2221SBbs4+65G0OS0/mt6pRv5Z0njsQm8u2HOMyHmfg==
7taKPU5UBxankOCNVNVPaljqyhdiWsKvvHtTDI8AXrHfvahjyHS+aQN+q+NjSPPB0okKCdX04dGIdSLEWFIghMvE+eyhoYOpYSeQWQnYBzvmYA==
JEletMCfsCAOKYabIx3Zl2BV+RRe362N/v2RpxLP8/QvXfuqnxcS0/5n/cb915hfBpqgEOwyqz5tZSwzfs/R7dSnUforLeZ6
KQsBA3bT+kQ/ZUtjgbMpeBxx+sN9QK74R49zbSdlK4pKe2+h7G895fqycFg+EbkvgiCUWFvk16YPe22bCvEcXOq5Frq2Zc0xIOZ5
wbEsFWogfg/i/97SbqavIU5r/fvWELN41hLdDe4z+KsdVbanh6E48rIcBNnj2/DwpmyBjC3CLVtPf3AYBmHdqePOrG33NSLmew==
/2/YouxjRJ0oWRHiEhggrjUlib4XSAkigYn+Qa9FiXCwYxOQx8FLHgebklR2221TBbs4+65G0OS0/mt6pRv8Z03msQ68u2HOMyHmfg==
MQlZxkmZ0ICQaCfJDoGjnljqyhdiWsKvvHtTDI8AXrHfvahjyHS+aQN+q+NjSPPB0ooKCdX14dGIdSLEWFIghMvE+eymoYmsYSCQWQnYBzvmYA==
6J8ccN/VwwI27sj99Rq8QBxx+sN9QK74R49zbSdlK4pKe2+h7G895fqyc1g+EbgvgiCUWFvk16YPe22bDvUcVu+5Ebq2Zc0xIOZ5
OHqvXHItbBGh+a/h62VOck5r/fvWELN41hLdDe4z+KsdVbanh6E48rEcBNni2/DwpmyBjC3CLVtPf3oYBmXdqePOrG33NSLmew==
Mxk/kY40nKLpJ1Be3DMP/WLpZoAe8dUR9sxvdOqcswdwGlncyIHARlYso5UgAs4YupBETn4be5mAv4GNbjLnsIJBVBeWwKAAt1RLTrs7mbMSBDAJGxmFQho1MRk05m0=
NTYqMvTTGzK+Lay2Daa/9WLpZoAe8dUR9sxvdOqcswdwGlncyIHARlYso5UgAs4YupBETn4be5mAv4GNbjLnsIJBVBeWwKAAt1RLTrs7mbMQATAIGxmFQho1MRk05m0=
sBwS9dKkYPvzQzV9rCb1kVGo4S7IaZxEgW2xfSOq4ycz7FtVUh6irYUxqQWoYSrASHYIUIsQUUg1JQs4wfTYnVn8Ly/mdA==
nTdtInXX3Ss8aXUnIHeSuUz94S7GdptUgW2xfSOq4ycz7FtVUh6irYUxqQWoYSrASHYIUIsQUU00JQM5wfTYnVn8Ly/mdA==
Q2TUQFoBk1rxUueXhTHOHUMTx2QMpEDpxdP80OqkJRypWnGbE2d0CmKpkElvRsids81e5gc=
twvdMcMhopnO48NmGgcY4/4gMSYYcD8JdZoWXc+zzV8SNfd5PISQqRWzbFAaxNVcWTphmwNHTkvSCSDJ/+aYXeMtLuZ3
kJU1ku0AlIA+0XXVfvTGTzQlib4XSAkigYn+Qa9FiXCwYxOQx8FLHgebklV2221QBbs4+65G0OS0/mt6pRv5Z0/nsQ68u2HOMyHmfg==
pmTlHBUFphEh+G+oZSgPwqeKqlodN4qPg38umdvz3WjiD4z6nJxBUAI7p9HETyUV4rJqKCYxk9/K4FwIs0RvNnf71QvzkbSEpnlZil4F1QE45mE=
G/SiC6kyCFLKZPCRGbLw9FjqyhdiWsKvvHtTDI8AXrHfvahjyHS+aQN+q+NjSPPB0osKCdX24dGIdSLEWFIghMvE+eqmoYqtYSCQWQnYBzvmYA==
LAz2GwFfLTJX+kxB7RAA0jVXx7QTWhVqmcDwRLNSiXCwYxOQx8FLHgebklV2221QBbs4+65G0OS0/mt6pRr/Z07nsQ68u2HOMyHmfg==
3cBDpiiLVE5vNuEjzsVX4Bxx+sN9QK74R49zbSdlK4pKe2+h7G895fqyclg+EbsvgiCUWFvk16YPe22bDfQcVO65Ebq2Zc0xIOZ5
NLDSG2Lh7uKLK1TJTRkVyU5r/fvWELN41hLdDe4z+KsdVbanh6E48rAcBNnh2/DwpmyBjC3CLVtPf3scBmDcqePOrG33NSLmew==
WrCU8GPmuB6XVLuhxfChL4ujYB0smYmoLhAAgav1eCSpgUoiJEz4WPYq1IvxHXIX41mkcixk4GmlE5zQimSFnAkaUZvzJ5GIguuwSU+GaB3TDT7mZw==
H0RflXuOUYEUXpNAoS6KFRRDOMWEm6GGZftGZxbb0wl4H8l9djL+wErhL4c+gEgwr7QDHkO7IWNcISh/Mtnt0qJV+Sks5nU=
h+Bybw3OfKULeTO5OKZESkIw98N4E7L0VsB3PndsPo0DNGuh7G895fqyclg+EbsvgiCUWFvk16YPe22bDfEcV+65Ebq2Zc0xIOZ5
ShwFl0jBNMXr5prGafBJCAsBZ8FwqiDN5+IcXJfpazYXk5JdZvNNeFVzeDP+7nBMJHbr8jW8Xc8dL/HG7JNB5iMp5nY=
nWZB1hFwhsvGq+/x8EWy3xRDOMWEm6GGZftGZxbb0wl4H8l9djL+wErhL4c+gEgwr7QDHkO7IWNeJCh/Mtnt0qJV+Sks5nU=
mCK1ePwXNhbfKRcciHUil66Kq1oMNpuTjzEojtOj12PoXZeuz8xWXUt0o9HETyUV4rJqKCYxk9/K4FwIs0RvNnf71QvzlbSHpnlZil4F1QE45mE=
8t2G53DnUG9Eakz8YPeyUwsBZ8FwqiDN5+IcXJfpazYXk5JdZvNNeFVzeDP+7nBMJHbr8jWxWc8dL/HG7JNB5iMp5nY=
odlPyxENabkui38aVzXLvUz94S7GdptUgW2xfSOq4ycz7FtVUh+irYUyqQWoYSrASHYIUIsQUUIxJQE5wfTYnVn8Ly/mdA==
RyhZztOyRaukjUsdE8yHwFX8c23i1bkeayCp6oERCFb11w2qn89IshBnbNmmKzgu8fqn0j9+uIbb/j926x/jVkH0M/4zuxFDqmGY2UJZfXJyFSkJPOZl
xdeUJRcGGOmXClcCNhQKykMTx2QOpEDpx9P80OqkJRypWnGbE2dwCGKskElvRsids81e5gc=
MG7mClhrLJlHusk4SldBenStpAaipmvZiblAeO5RaU8SoGQ4q6Qnxh97fbs9sazwXjmBGualndFQ5gk=
TenKNWCN1Is8LiBDavXTXtVQ71cFOczgeiGdJ44A2JD/dFM+U7sxgwzieJ2hWZ0y0pWJyVzmBQ==
h4uiHWahh/uYOx7QNSniT1X8c23i1bkeayCp6oERCFb11w2qn89IshBnbNmmKzgu8fqn0j9+uIbf9yhx6x/jVkH0M/4zuxFDr2OY3UFZfXJyFSkJPOZl
mbdxNUPWKKkC19xbB2i6GlX8c23i1bkeayCp6oERCVb11w2qn89IshBnbNmmKzgu8fqn0j9+uIbb/j926x/jVkH0M/4zuxFDrWSY3UFZfXJyFSkJPOZl
WV5RSRC3HKxHtYBK0Bf80HStpAaipmvZiblDeO5RaE8SoGQ4q6Qnxh97fbs7sqz0XTmBGualndFQ5gk=
OLoYnJ8xOhTiLEAjhC3mW9VQ71cFOc/geiGcJ44A2JD/dFM+U7sxgw/ieJihWZ0y0pWJyVzmBQ==
R/emkjazaULKYMI+j6Zef1X8c23i1bkeayCp6oERCVb11w2qn89IshBnbNmmKzgu8fqn0j9+uIbf9yhx6x/jVkH0M/4zuxFDr2OY2EFZfXJyFSkJPOZl
rsLpTyJ6R2ixcRMJ5ClrCFX8c23i1bkeayCp6oERClb11w2qn89IshBnbNmmKzgu8fqn0j9+uIbb/j926x/jVkH0M/4zuxFDrWSY2EFZfXJyFSkJPOZl
MvejTq2WApoWl9l3LmtAZ0MTx2QMpEDpxdP80OqkJRypWnGbE2d0DWKsk0lvRsids81e5gc=
U+IHMoUU33rGSwKN1uLJhXStpAaipmvZiblCeO5Ra08SoGQ4q6Qnxh97fbs5sKzzXTmBGualndFQ5gk=
lsQo6jZnnJgrw2I5Y8esfZMgfelRZ4N0xhBOZtjyYKTL5DlKIQFMjmFAUDmJuMdb5gA=
edhiFUycXfLdc15fnT2JHkMTx2QOpEDpx9P80OqkJRypWnGbE2d3CmKhk0lvRsids81e5gc=
GV8BBEIMrRHbhHyRztWN6XStpAaipmvZiblAeO5RaU8SoGQ4q6Qnxh97fbs4s6z9XTmBGualndFQ5gk=
HvUyhd/TAT84QcWinrIDZNVQ71cFOczgeiGdJ44A2JD/dFM+U7sxgw/keJ2gWZ0y0pWJyVzmBQ==
jBsr0FHgywuRlMsAUbktKnStpAaipmvZiblDeO5RaE8SoGQ4q6Qnxh97fbs4s6z0XDmBGualndFQ5gk=
/DIgOk+Ymc70p+j0hHCvMtVQ71cFOc/geiGcJ44A2JD/dFM+U7sxgwvkeJugWZ0y0pWJyVzmBQ==
GwhVF873SGDnxi4cpTted3StpAaipmvZiblDeO5RaE8SoGQ4q6Qnxh97fbs4taz9XDmBGualndFQ5gk=
diR59qrl396wgpqH8+twENVQ71cFOc/geiGcJ44A2JD/dFM+U7sxgwvkeJynWZ0y0pWJyVzmBQ==
LX1vmmajw1aBcYTT0WOU2kMTx2QMpEDpxdP80OqkJRypWnGbE2dyCWKrlUlvRsids81e5gc=
L3sY1BGWEo/bE2UE2x/bvXStpAaipmvZiblCeO5Ra08SoGQ4q6Qnxh97fbs7sKz2WzmBGualndFQ5gk=
eVYb9AFro81j3WMc3EdvrvaBMh7z/hRQ0EylTa3eDwbvRRZSWN+krKMvQEoYEdHs1g6yjMsPG/JTl3ZYc4z+qvXYkXoTahCCS4D8LrUC5CHI1sgwi/AR6bZFRdzB1Bg92RxvD+ZU
WGXadk9HyVyiUQHuTzXnLS/T6ek1PafVUAknuwn05ACpifiY+aB8fOjeuOgLqOHhlo3VZAGsCPW5lN9X5gw=
zAd63pX/cE8JNx5c8AvXa/aBMh7z/hRQ0EylTa3eDwbvRRZSWN+krKMvQEoYEdHs1g6yjMsPG/JTl3ZYc4z+qvXYkXoTahCCS4D8LrUC5CHI1sgwi/AR7LZFRdzB1Bg92RxvD+ZU
aU+PpdsF86zLB9ZNLeLm7i/T6ek1PafVUAknuwn05ACpifiY+aB8fOjeuOgLqOHklo3VZAGsCPW5lN9X5gw=
0lM1H38rv1tUApQB0XXdUrg/uBA+49q8EcoJG6v3jmvKf92JJ3Yg/av9RuYf
LWC9LpcoiEdLGZVSjqFzqI8XuUFLdZTGKnSNMoUd257+dFM+U7sxgwzjeJunWZ0y0pWJyVzmBQ==
SGD4VuPPFpWNuI2UEVyvJrbk32i18Jdp6cnlgkEjMJxEhusCVWUfH7macXZMw4G2w1nmBg==
fBi+xIRB2teGZonspRV2lh+pOzSuibkBcCPp6qFCUUe+xxmmrJtCqB4hOoWmQg1gqM2Ul2t0spHJ8ik1uwTMR0j0M/4zuxFDrGOY20dZfXJyFSkJPOZl
LVLbkR4PhteEHrAJLxDZQiqQgr5PBvfyhwt4H2+KivtkhGg5PImwchuMjpVi2y209N0/qo/ZLbRay85sRVKV27fv2rtel5FpK55UDd8FOuZj
