FdBXUmujsU25t0271ftzHYrkcElwxtDpc0dQ1aT1bj628g89IEHrT9F/gM2zGXohrVmkKXZ14DT5CI3Wnn+EnAkaUZvzJ5WJguyxSUuGaBzTDT7mZw==
+Jq1aqf/+2TPpGaREJuYgyGQ4uspL6bHQRlkqxah5AqSyP/I9b52aejeuOgLqOHhlY3WYAGoCPW4lN9X5gw=
cXTeM7k7svSD2lYnfPQQq9gLmT0X1nYFtO46HDWH5I/6VU0KEYGixMl41K6vpktyOJ35C2VZDKvhBvU/e0+OE8jfyIpiy8B8oWrZG3uXeiraHAkJk1YQPDsdNuZv
H8o+zZr3uEUBJ9s3zT24cM+B7MOeol3ZmkJBu6s22dGT3h19D/AWoxLRhQUYokCUy9QZm2bxLhzh1PCJSOgnK+Zw
sTQXfguqu/TlCRtNRf0XS86B7MOeol3ZmkJBu6s22dGT3h19D/AWoxLRhQUYokCUy9QZm2bxLhzh1PCJSOgnK+Zw
DbB6SL2xe1pJ3Zf/Cuezng+v9nrKaaYXznb1fTrm6S87olFVE1qV6Z9kvgeydS3RSHYIUIsQUU82JQY4wfDYnVj8Ly/mdA==
d4Sv+QEgdgFbtqlo9y03yg6v9nrKaaYXznb1fTrm6S87olFVE1qV6Z9kvgeydS3RSHYIUIsQUU82JQY4wfDYnVj8Ly/mdA==
rwdSBuSPr/yAOg/PTrJx9c2B7MOeol3ZmkJBu6s22dGT3h19D/AWoxLRhQUYokCUy9QZm2bxLhzh1PCJSOgnK+Zw
ilfnLbVOGC0DRexm/k7VWMyB7MOeol3ZmkJBu6s22dGT3h19D/AWoxLRhQUYokCUy9QZm2bxLhzh1PCJSOgnK+Zw
AqnpkZSyRRzUVDI40bKfzA2v9nrKaaYXznb1fTrm6S87olFVE1qV6Z9kvgeydS3RSHYIUIsQUU82JQY4wfDYnVj8Ly/mdA==
r8PNQmyrXScPhjsh5v5RQQyv9nrKaaYXznb1fTrm6S87olFVE1qV6Z9kvgeydS3RSHYIUIsQUU82JQY4wfDYnVj8Ly/mdA==
WZevYLnGAhSvgoWZXPbo8wuv9nrKaaYXznb1fTrm6S87olFVE1qV6Z9kvgeydS3RSHYIUIsQUU82JQY4wfDYnVj8Ly/mdA==
A4AuLXyc35i+dYjSLdWvpcmB7MOeol3ZmkJBu6s22dGT3h19D/AWoxLRhQUYokCUy9QZm2bxLhzh1PCJSOgnK+Zw
KMQdJWujze9G0UIS5aR3fMiB7MOeol3ZmkJBu6s22dGT3h19D/AWoxLRhQUYokCUy9QZm2bxLhzh1PCJSOgnK+Zw
FnsU0UNDdjf2naFkMx5Diwev9nrKaaYXznb1fTrm6S87olFVE1qV6Z9kvgeydS3RSHYIUIsQUU82JQY4wfDYnVj8Ly/mdA==
uR5DnFLNg5JjhJ4ju782hQav9nrKaaYXznb1fTrm6S87olFVE1qV6Z9kvgeydS3RSHYIUIsQUU82JQY4wfDYnVj8Ly/mdA==
UJArSMhtRuoYGSrJRApV5xBSeoCJmrj0IPpbKxbCnwNwF4d3dnO79w77eZA8mlw3vrQDHkO7IWNYIih4M9np0qJU+Sks5nU=
zy4tv1FKALEV0dwjNe6GNJqu1aXR7BqXyVNeu7FlnNeW3Rx2YrQHtBXCjhUYokCUy9QZm2bxLhzh1PCJSOgnK+Zw
o46K+i6cSFgUkup0NsbPwpqu1aXR7BqXyVdctbFlnNeW3Rx2YrQHtBXCjhUYokCUy9QZm2bxLhzh1PCJSOgnK+Zw
vyZ++RlRB6wgNgdAS+Tj+UYMO5cLXsHNLDrsV146kccsnrXKs9GZRkPU647bO7nz8IKQyHsZoQL6tJHZVOYN
A+xq0w8782MYkNHH85KAm5jDzgkOj6MvNwObL1i0qIk2gySQUhR9/MGq+Rub192out9pCbMW8Lyb3VbmDw==
gGXaXECNvhC5rwfjcsvsajdYmb4JCRVqg4zwXrRPxmP5NF/R04gOAg2Mzwl2221bBbs4+65G0OS0/mt6pR79Z0jmsQq8u2DOMyHmfg==
v+j60aUZ14qQfmwoA/6cpjZYmb4JCRVqg4zwXrRPxmP5NF/R04gOAg2Mzwl2221bBbs4+65G0OS0/mt6pRj5Z0jmsQq8u2DOMyHmfg==
Dw359TXDJ7Gu0kKVGhDfK2TG5+AhNbGGCxghug+70kXl2vnd6Ll6aOjeuOgLqOHklY3RYQGoCPW4lN9X5gw=
/NG/XRyYPjxGmdoUUfQsfZjDzgkOj6MvNwObL1i0qIk9gySQUhR9/MGq+Rub192qutpoCbMW8Lyb3VbmDw==
Q53K40eJM0jN6tF2PSGErRocassiqXnBqfwfGYOgLiodhM8BZvNNeFVzeDP+7nBMJHbr8jWzXs8cL/HC7JNA5iMp5nY=
6fat8f2rPNUGGuwHHcWjEJjDzgkOj6MvNwObL1i0qIk3gySQUhR9/MGq+Rub19qsutpoCbMW8Lyb3VbmDw==
RSp0e38yu3mEN74BGZMGbRocassiqXnBqfwfGYOgLiodhM8BZvNNclVzeDP+7nBMJHbr8jW9WM8cL/HC7JNA5iMp5nY=
YF3aAsNpcPJZud2DQ+1lIlVq4bnOHvpq11reSeJ3r+dcQf/im6svr+wcBNnr2/DwpmyBjC3CLVtPf3QYBmXcqefOrGz3NSLmew==
NCcfqdeJTZ8sr5nkGz4P1QpDcZeJgbKGcPFMK0GXkh0xWtV3YW+iwErhJYc+gEgwr7QDHkO7IWNaIyh5Mtnp0qJU+Sks5nU=
P5MK7cugHB8sB/Fk4KgouEN7773UHOdh0FreSeJ3r+dcQf/im6svr+wcBNnr2/DwpmyBjC3CLVtPf3QZBmTcqefOrGz3NSLmew==
oP5Fs+Px/k4uUn/KfzSjURocassiqXnBqfwfGYOgLiodhM8BZvNNclVzeDP+7nBMJHbr8jW1XM8ZL/HC7JNA5iMp5nY=
zkXxWUU7RlPYMXL6Km3nPxocassiqXnBqfwfGYOgLiodhM8BZvNNc1VzeDP+7nBMJHbr8jW3Xs8ZL/HC7JNA5iMp5nY=
RIEFhFCNGjeAc9OdRCIR0yAa9RNQxbqGqK2dt0GYv7U7FL62lQBPjf5n/c7915hfBpqgEOwyqz5tYi8zcMvR7tSnUPorLeZ6
c5ARs6JUwUxqhFiOMdoFZlVq4bnOHvpq11reSeJ3r+dcQf/im6svr+wcBNnq2/DwpmyBjC3CLVtPf3cYBmHfqefOrGz3NSLmew==
YfPqHGywVJ+9rU2K/P3rD0N7773UHOdh0FreSeJ3r+dcQf/im6svr+wcBNnq2/DwpmyBjC3CLVtPf3EcBmDfqefOrGz3NSLmew==
sPEC6xJEU9q7Rpw6Md91a+szKyEQIioZNt8TR8CpixIPM6MvYISQqR6zbFAaxNVcWTphmwNHQkjSCiPJ++aYXOMtLuZ3
p3PhNxEEOaz7ONxxZ6EUbQpDcZeJgbKGcPFMK0GXkh0xWtV3YW+iwErhJIc+gEgwr7QDHkO7IWNZISh+Mdnp0qJU+Sks5nU=
RM5oFhxZRYwWRs9KpXW6eJjDzgkOj6MvNwObL1i0qIk3gySQUhR9/MGq+Rub19ututpqCbMW8Lyb3VbmDw==
WBH5MpltymLd1SxlDkitXRocassiqXnBqfwAGYOgLiodhM8BZvNNclVzeDP+7nBMJHbr8jWzWc8cLfHC7JNA5iMp5nY=
AHe+E0QTBWxI8VNZneIhmRocassiqXnBqfwfGYOgLiodhM8BZvNNclVzeDP+7nBMJHbr8jW1XM8bLfHC7JNA5iMp5nY=
q3zvKVxguj1iUpF/n1N1axocassiqXnBqfwfGYOgLiodhM8BZvNNc1VzeDP+7nBMJHbr8jWxXc8bLfHC7JNA5iMp5nY=
hfchmUbyYEIaSJOiKezuL0VuiIRxYBHZH127oI/GnPJOL0uH+PlTcucjqy9olPhJR2NUEMK0LTzxiukbi7cr6Gq8/YkDtkB8yz0m5n8=
TW5NJl6ZJj17ilj5czaOumTG5+QuPvSYRw8wuxWGoF/v2fnd6Ll6aOjeuOgLqOHnlo3TZQGoCPW4lN9X5gw=
6kzGsosUAtt3j7/9iUNkJEVuiIRxYBDOFl24vYncnf4NeFOA46pQI/AyqjVV5uJDTmNUEMK0LTzxiukbi7cr62q5/IkDtkB8yz0m5n8=
DV5dwoImob2WIgVLJqGci3YwK1ymOHjmuE8PyXR5VbicZdfvze/Yl1ZCwPicyiu2/f+Om8Z3EaYE/7CS21Xmcg==
Wn+goDHvvZT0mTnwkfShyyTwNtpItc8V4cMoIKmYphZDB0re2ZCQW1sqs9QnG8ZZrYdCWDtLfcSt+dWHYXOzws0PRQKd3aMOtlRLTrs7mbMRBTAFHxmAQho0MRk05m0=
t4YEqBOrHHAwVeZvIpyu4S/T6ek1PafVUAknuwn05ACpifiY+aB8fOjeuOgLqOHmkY3bZAGpCPW4lN9X5gw=
UVIYGnhldsWRB0MMz0gh4yTwNtpItc8V4cMoIKmYphZDB0re2ZCQW1sqs9QnG8ZZrYdCWDtLfcSt+dWHYXOzws0PRQKd3aMOtlRLTrs7mbMSBTAFHxmAQho0MRk05m0=
yHGTIzEANWEeSlUhLYMOpC/T6ek1PafVUAknuwn05ACpifiY+aB8fOjeuOgLqOHlkY3bZAGpCPW4lN9X5gw=
0/9pmJLsR56tDUvH33pQ9mjdBeh5ENysqC7Y+Au4AZVR3XvUgVloJfik/0fmHA==
26x+hDJ2blrGtgvh7rN85Zqu1aXR7BqXyVdctbFlnNeW3Rx2YrQHtBXCjhUYokCUy9QZmWHxIxjh1fCJSOgnK+Zw
ajQSp4pfaJBe8/hWj9pfz5qu1aXR7BqXyVNeu7FlnNeW3Rx2YrQHtBXCjhUYokCUy9QZmWHxIxjh1fCJSOgnK+Zw
Ae9Tx5Il97wT5EZGOrRbAS/T6ek1PafVUAknuwn05EKojeWY+aB8fOjeuOgLqOHlkY3bZAGpCPW4lN9X5gw=
6AwYYGipgCz+ZjR3xe4JMQ+v9nrKaaYXznb1fTrm6S87olFVE1qV6Z9kvgeydS3RSHYIUIsQUUk2JQo9wfHYnVj8Ly/mdA==
1pKQh16GYfE5uoZKjVZi0mMJpZ4iAfynXcp/cTlla5EPLDOp1ylp7/rzN296C+04kzWERUrk16YPe22bCvIcXOq5FLq2ZM0xIOZ5
iKR+lodgcgAvOa9DL6wXQg6v9nrKaaYXznb1fTrm6S87olFVE1qV6Z9kvgeydS3RSHYIUIsQUU82JQo9wfHYnVj8Ly/mdA==
MrAb3zTcwAQ6Y8YAh+y8imMJpZ4iAfynXcp/cTllapEPLDOp1ylp7/rzN296C+04kzWERUrk16YPe22bDPIcXOq5FLq2ZM0xIOZ5
oZbzc1MNDNjODDwXcp2C2w2v9nrKaaYXznb1fTrm6S87olFVE1qV6Z9kvgeydS3RSHYIUIsQUU02JQo9wfHYnVj8Ly/mdA==
kY701eaXtz5MU6KgWdtqKGMJpZ4iAfynXcp/cTllaZEPLDOp1ylp7/rzN296C+04kzWERUrk16YPe22bDvIcXOq5FLq2ZM0xIOZ5
ajuEj6t9/RPl8q19fTwVFQyv9nrKaaYXznb1fTrm6S87olFVE1qV6Z9kvgeydS3RSHYIUIsQUUk3JQo9wfHYnVj8Ly/mdA==
+STnt1yBjk8GRKL7j4IWtGMJpZ4iAfynXcp/cTllaJEPLDOp1ylp7/rzN296C+04kzWERUrk16YPe22bCvMcXOq5FLq2ZM0xIOZ5
SV3LnfJ8aLUM6bQBcNK7ewuv9nrKaaYXznb1fTrm6S87olFVE1qV6Z9kvgeydS3RSHYIUIsQUUw3JQo9wfHYnVj8Ly/mdA==
3ToS9mnQWs7in5lkIGvt7GMJpZ4iAfynXcp/cTllb5EPLDOp1ylp7/rzN296C+04kzWERUrk16YPe22bD/McXOq5FLq2ZM0xIOZ5
sfF+pBJoJ2mCtzCX9s0Vms+B7MOeol3ZmkJBu6s22dGT3h19D/AWoxLRhQUYokCUy9QZnmDxIhnh1fCJSOgnK+Zw
2lxjaAUNj+z3NsoWZ+ciS2uNvk3vJs5bxGa6MCCzxx51uFFVE1qV6Z9kvhS9cTfRSHYIUIsQUUowJQo9wfHYnVj8Ly/mdA==
3lyUbSOeij2FMbiYjFtyZM6B7MOeol3ZmkJBu6s22dGT3h19D/AWoxLRhQUYokCUy9QZnGDxIhnh1fCJSOgnK+Zw
2SQt/r+yIOJBeDOddPrDJ2uNvk3vJs5bxGa6MCCyxx51uFFVE1qV6Z9kvhS9cTfRSHYIUIsQUUgwJQo9wfHYnVj8Ly/mdA==
Fn5bXN+EhqTM0IthZf+Qg82B7MOeol3ZmkJBu6s22dGT3h19D/AWoxLRhQUYokCUy9QZmmDxIhnh1fCJSOgnK+Zw
wVR21tWfa+mPgbSwI5G/FGuNvk3vJs5bxGa6MCCxxx51uFFVE1qV6Z9kvhS9cTfRSHYIUIsQUU4wJQo9wfHYnVj8Ly/mdA==
HI5So/mFONMP4LEp2R1yccyB7MOeol3ZmkJBu6s22dGT3h19D/AWoxLRhQUYokCUy9QZmWDxIhnh1fCJSOgnK+Zw
H9tuahhTwzDM5WyO9Zy+H2uNvk3vJs5bxGa6MCCwxx51uFFVE1qV6Z9kvhS9cTfRSHYIUIsQUU0wJQo9wfHYnVj8Ly/mdA==
VAy/bpj6HjIfvtUOFEUcWbPacwjs7XtA3wefFunCBhaFQwBQf43kgbI+XkYrQZH7n02ni9EUUf9Vp2FOYeXk3Zay1CweaUSMWtL4YLca7D7I1sgwi/AR77dFRdjB0hg92BxvD+ZU
Il6gAmGNZcgzElIISXGvTbPacwjs7XtA3wefFunCBhaFQwBQf43hgbI+XkYrQZH7n02ni9EUUf9Vp2FOYeXk3pay1CweaUSMWtL4YLca7D7I1sgwi/AR7rBFRdjB0hg92BxvD+ZU
Js+/C1AfIvIVwQZlEN6/b7Pacwjs7XtA3wefFunCBhaFQwBQf43igbI+XkYrQZH7n02ni9EUUf9Vp2FOYeXk35ay1CweaUSMWtL4YLca7D7I1sgwi/AR4rRFRNjB0hg92BxvD+ZU
43fI4HV1arU5u0gsOA+IirPacwjs7XtA3wefFunCBhaFQwBQf43jgbI+XkYrQZH7n02ni9EUUf9Vp2FOYeXk3Jay1CweaUSMWtL4YLca7D7I1sgwi/AR77VFRNjB0hg92BxvD+ZU
VzLmHFjCOSe0pxOYCnuZAlEt5rUeHvtegqzJ8PXu6gttEyqg+qybNy05VwOoBDMhMde8jzEHYtCs+ZJe4FZer4jeAgwcysesELxAWFyqK5a9HQ87DxIRhEQfMDIbNeZS
6N7KQhCD4pZ3pB3nae0fPlEt5rUeHvtegqzJ8PXu6gtuEyqg+qybNy05VwKoBDMhMde8jzEHYtCs+ZJe4FZer4jeAgwcysesELxAWFyqK5a9HAg7DxIRhEQfMDIbNeZS
a/uLLicNtBffvF8fX1SoUFEt5rUeHvtegqzJ8PXu6gtvEyqg+qybNy05VwGoBDMhMde8jzEHYtCs+ZJe4FZer4jeAgwcysesELxAWFyqK5a9GQk7DxIRhEQfMDIbNeZS
llY2cuGcyndqX0fsAqrjK1Et5rUeHvtegqzJ8PXu6gtoEyqg+qybNy05VwCoBDMhMde8jzEHYtCs+ZJe4FZer4jeAgwcysesELxAWFyqK5a9EAk7DxIRhEQfMDIbNeZS
cmsFm2aaxZ17GpjZ+o6K75jDzgkOj6MvNwObL1i0qIk+gySQUhR9/MGq+Rub19aputBoCbEW8Lyb3VbmDw==
j/wW2z1wfsBqHFUc49k7Ss6QnIactxON00hE+uZk2caPxyo5FaUBoQjFghQYokCUy9QZmGbxKx7h1vCJSOgnK+Zw
g5ZUp3ujT2BDrUXFtjxnN0p54LLLC/Z7mR/cWOY+vuZbUf/im6svr+wcBNni2/DwpmyBjC3CLVtPf3UcBmHfqeXOrGz3NSLmew==
5uZNcIrmiqG+VeVOOMFLPig/xqZi8CU2DCVEWzKH6tgGAXOBzXzJzo/POiE1nTHpyI1ybPg60BxLXIkHAQlb1qEewLFo8Dcj5ng=
Yd1iGe65DFYZoUTjhiE2QSlC1qJpsS4hHixeHmXA5JFDRnuLg2DD2dKROiE1nTHpyI1ybPg60BxLXIkGBAla1qEewLFo8Dcj5ng=
z12TGCMuvTt567KYHpp0q5xO3CYWzjpR4u99TGTGp9WVEAZRQ87i2op1w67tokt9fsbqAS1NSvfLSaxyJnTICZ7DxJBy1N18oWrZG3uXfyraGAsJkVYQPDsdNuZv
EPox9o4I4fn6BAJEga5GGEhv4b/SDPt8mRXADaJ+vuEZVbanh6E48rIcBNni2/DwpmyBjC3CLVtPf3caBmDfqeXOrGz3NSLmew==
n6CmhTYNdaxBamZo4yK/sYurxIbR9VSfyQpLs6N409HSmSo5FaUBoQjFghQYokCUy9QZn2fxKh7h1vCJSOgnK+Zw
Orkf1GrnCKvsrWajaC57ahwcL55eG5vZID/hTU4yxPBiwfTX9sCAQFfU647bO7nz94OQzHkZowL6tJHZVOYN
0KNT3nFZsPSm5dqQibG0Hmn4pAasuWzJiblAeO5RaE8SoGQ4q6Qnxh97fbs+s6z0XTmHGuakndFQ5gk=
qSz7gOeZFG0o5++4FpwTP/4gMSYYcD8JdZoWXc+zzV8SNfd5PoSQqRazbFAaxNVcWTphmwNHTkzSCCPJ+eaYXOMtLuZ3
Tpoy81z4l2LYKPYSCtfQwilC1qZ8sS4hHixeHmXA5JFDRnuLg2DD2dKROiE1nTHpyI1ybPg60BxLXIkDAQla1qEewLFo8Dcj5ng=
L/Ffznr1ySms/UnTXxvEmiRj2UOf4Yq7urqLORFgjdjWyRhlK7eWX6uU/hyQOEmTkLXZBCdxC+4ni5JHVist4+UruGvO9hCUlO5raoVkONcrdDGYXAsgPhMx5m4=
s7ckxTeyPb2G/Gx0J1VhdEhv4b/SDPt8mRXADaJ+vuEZVbanh6E48rIcBNni2/DwpmyBjC3CLVtPf3cdBmXfqeXOrGz3NSLmew==
8eToxZQKd/aBE7P27oweHZjDzgkOj6MvNwObL1i0qIk9gySQUhR9/MGq+Rub19eoutxrCbEW8Lyb3VbmDw==
LCxudr4mRqsUHd1W/BRzHUp54LLLC/Z7mR/cWOY+vuZbUf/im6svr+wcBNnh2/DwpmyBjC3CLVtPf3cZBmTfqeXOrGz3NSLmew==
P9bV20VZ33PoRdU9dzzapYurxIbR9VSfyQpLs6N409HSmSo5FaUBoQjFghQYokCUy9QZlmXxLh7h1vCJSOgnK+Zw
2qkDIO5l4JMv5O+jF8edvhwcL55eG5vZID/hTU4yxPBiwfTX9sCAQFfU647bO7nz/IGQyHkZowL6tJHZVOYN
o7tO1BLj5yHXlSp0fNZF42n4pAasuWzJiblAeO5RaE8SoGQ4q6Qnxh97fbs7sqzwXTmHGuakndFQ5gk=
33ZTREWGCFUSCjVLAXTqFEcdq6BfaWvUvsNx40vgDe/i8wJ8pqUbdV3IQUoPS7KVpWpZTWgpmhgojpjYC5jBMdd9tvKBOqhFeMQ/J+Z8
TlyBcx0SA192tUBvgCCKQGb721bKpvBGOiYOIdYZRVdaLIy7o+c0M35s4tpeuZKvMiMQZKQgia6C7TQJI/vHr4TMvLlpa6gwnnyJrHUyhdunzyL8DnQn6b0+JMwPZQrmUw==
mSSZzoNSeGA0QSQQrQ8MRBs214V2NQrYWl65796blPQAaFWO/uUQeecjqy9olPhJTWNUEMK0LTzxiukbi7cs7Wq8+4kBtkB8yz0m5n8=
H+Mw51dYKj7Hta7lL3PJ5Eu062ufJd1RyC+yNGbt6y198FFCD0OirYUyqQWoYSrASHYIUIsQUU0xJQY6wfLYnVj8Ly/mdA==
DBUN68OwR4q01wErzLq+Qkcdq6RKaWvUvsNx40vgDe/i8wJ8pqUbdV3IQUoPS7KVpWpZTWgpmhgojpjYC5jBMNR9tfKBOqhFeMQ/J+Z8
WrboMECzNxCmOqLJjV+vBFUo5aMLB/lfh/Wat7K+iwtuT336ve37NyYpFhP3XX9jccOw8XZedtu379V+pRhPpa6fXUwNj9i3FqJAWFyqK5a9Hg07ABARhEQfMDIbNeZS
CgkCfalgGWLWYvm4POrlrBs214V2NQrYWl65796blPQAaFWO/uUQeecjqy9olPhJTWNUEMK0LTzxiukbi7cq6mq++4kBtkB8yz0m5n8=
Bt+QC/0W8xE7kKG3VLMlHEu062ufJd1RyC+yNGbt6y198FFCD0OirYUyqQWoYSrASHYIUIsQUUo3JQQ6wfLYnVj8Ly/mdA==
gaU5PGWB7ICNON1wOOe9581G6wucBqo0u/5weZ7BSf/l7yZI1nFDf1pgLOgDBL9Wh/vlK6BTxCIV+c/qjkTlISjmcQ==
CIBriPyT+eR4tCWX29LQZRtVJdsHSN3daXr9R1lvmvBiwffX9sCAQFfU647bO7nz84OQynkZowL6tJHZVOYN
9mZh50cZQ94iYGRKPnHpjZjDzgkOj6MvNwObL1i0qIk8gySQUhR9/MGq+Rub19qsut5rCbEW8Lyb3VbmDw==
4wo7rCSq8OXBINkXC0vGp0p54LLLC/Z7mR/cWOY+vuZbUf/im6svr+wcBNng2/DwpmyBjC3CLVtPf3IdBmbfqeXOrGz3NSLmew==
3kRWXRtthb6pz+zSZaF36Ecdq6BfaWvUvsNx40vgDe/i8wJ8pqUbdV3IQUoPS7KVpWtZTWgpmhgojpjYC5jBMtR9u/KBOqhFeMQ/J+Z8
zzw4mKT6gHeT/5XemCNQKGb721bKpvBGOiYOIdYZRVdaLYy7ouc0Mn5s4tpeuZKvMiMQZKQgia6C7TQJI/vHr4TMvLloa6gwnnyJrHUyhdunzyv5Dnkn6b0+JMwPZQrmUw==
W7mBq5iJbH7jTTIvzCqMjxs214V2NQrYWl65796blPQAaFWO/uUQeecjqy9olPhJTGNUEMK0LTzxiukbi7cs6Wqx+4kBtkB8yz0m5n8=
2jrakeWJiX0cC7u41r85x0u062ufJd1RyC+yNGbt6y198FFCD0OirYUzqQWoYSrASHYIUIsQUUI1JQs6wfLYnVj8Ly/mdA==
/D587+5Hx0aoAn4NAcYY7Ucdq6RKaWvUvsNx40vgDe/i8wJ8pqUbdV3IQUoPS7KVpWtZTWgpmhgojpjYC5jBMNZ9u/KBOqhFeMQ/J+Z8
fQxWrxL86y/J75JdLXrpMF8p5aMLB/lfh/Wat7K+iwtvT3z6vO36NyYpFhP3XX9jccOw8XZedtu379V+pRhPpa6fXU0Nj9i3FqJAWFyqK5a9GA47DhARhEQfMDIbNeZS
6GY+UrFNAswzDyVGe0WFrBs214V2NQrYWl65796blPQAaFWO/uUQeecjqy9olPhJTGNUEMK0LTzxiukbi7cs6mqw+4kBtkB8yz0m5n8=
5+q9Bp12HbUUE4Uc09dRiUu062ufJd1RyC+yNGbt6y198FFCD0OirYUzqQWoYSrASHYIUIsQUUw2JQo6wfLYnVj8Ly/mdA==
V4PaYwNx7GbGyuzuvW9LzM1G6wucBqo0u/5weZ7BSf/l7yZI1nFCf1pgLOgDBL9Wh/vlK6ZSxCwV+c/qjkTlISjmcQ==
kFaQyhS0bNnzmVcEg+ntoR9VJdsHSN3daXr9R1lvmvBiwfbX9sCAQFfU647bO7nz9YOQxHkZowL6tJHZVOYN
AUw7VuT8DAsCwPU/4sBxZBtVJdsHSN3daXr9R1lvmvBiwfbX9sCAQFfU647bO7nz9oOQxHkZowL6tJHZVOYN
GnUVL6TFSvfW17ntlXe/JJjDzgkOj6MvNwObL1i0qIk7gySQUhR9/MGq+Rub19usutBrCbEW8Lyb3VbmDw==
tZ1cc1SpwQ9i5BS3LjuXJEp54LLLC/Z7mR/cWOY+vuZbUf/im6svr+wcBNnn2/DwpmyBjC3CLVtPf3MdBmjfqeXOrGz3NSLmew==
0SNZ4RYeZ58nFHJiq7g9mkcdq6BfaWvUvsNx40vgDe/i8wJ8pqUbdV3IQUoPS7KVpWxZTWgpmhgojpjYC5jBNNF9uvKBOqhFeMQ/J+Z8
scwWFXYaamzadgDOKsrRAmb721bKpvBGOiYOIdYZRVdaKoy7pec0NX5s4tpeuZKvMiMQZKQgia6C7TQJI/vHr4TMvLlva6gwnnyJrHUyhdunzyv5DnEm6b0+JMwPZQrmUw==
p7S9V8r2nCbbDLIgUnZOLhs214V2NQrYWl65796blPQAaFWO/uUQeecjqy9olPhJS2NUEMK0LTzxiukbi7cp6Wq5+okBtkB8yz0m5n8=
WoaM+j1m6RMduTHVTzD6L0u062ufJd1RyC+yNGbt6y198FFCD0OirYU0qQWoYSrASHYIUIsQUUM1JQM7wfLYnVj8Ly/mdA==
3NTCSPok91urbModStpyNUcdq6RKaWvUvsNx40vgDe/i8wJ8pqUbdV3IQUoPS7KVpWxZTWgpmhgojpjYC5jBNtZ9s/OBOqhFeMQ/J+Z8
egukyCy8Ya7S/aEXlWuw4F8p5aMLB/lfh/Wat7K+iwtoT3v6u+39NyYpFhP3XX9jccOw8XZedtu379V+pRhPpa6fXUoNj9i3FqJAWFyqK5a9Hg87BxERhEQfMDIbNeZS
DS0awQWZXd3aeJL/k3TxyBs214V2NQrYWl65796blPQAaFWO/uUQeecjqy9olPhJS2NUEMK0LTzxiukbi7cm62q5+okBtkB8yz0m5n8=
r+F0NSueTR1yxbyXGrVJsEu062ufJd1RyC+yNGbt6y198FFCD0OirYU0qQWoYSrASHYIUIsQUUswJQM7wfLYnVj8Ly/mdA==
F3HA6IsXO9FgGRy6MMvFmM1G6wucBqo0u/5weZ7BSf/l7yZI1nFFf1pgLOgDBL9Wh/vlK6BUxCUU+c/qjkTlISjmcQ==
YwQYaAcaZdqedGcrLppfoRtVJdsHSN3daXr9R1lvmvBiwfHX9sCAQFfU647bO7nz8YSQzXgZowL6tJHZVOYN
/lr2t/VyDzxxi85fzzj5n5jDzgkOj6MvNwObL1i0qIk/gySQUhR9/MGq+Rub19youthqCbEW8Lyb3VbmDw==
NKzN+ZgDAM3+e1af7i6Lf0p54LLLC/Z7mR/cWOY+vuZbUf/im6svr+wcBNnj2/DwpmyBjC3CLVtPf3oYBmDeqeXOrGz3NSLmew==
4iWr2RGKrsJh6GwfVLr0F0cdq6RKaWvUvsNx40vgDe/i8wJ8pqUbdV3IQUoPS7KVpWhZTWgpmhgojpjYC5jBOtV9svOBOqhFeMQ/J+Z8
UyPvLV4NYsss9PLO7NBK3r6wsZWKEuCyjvZ0WOUWSRUNnOrJ9nAyY2ilsr+OiWvD3wHVJRib2rDGqQMZbQQZ5o/n6lmVBEFBCOVCdJgCAHTLtNk35hFqP+G2MCnICGcL5lA=
7h51xWOgO0mvZUmmhB6wBhs214V2NQrYWl65796blPQAaFWO/uUQeecjqy9olPhJT2NUEMK0LTzxiukbi7cu62q4+okBtkB8yz0m5n8=
n9RConhAASUnrbzGQkHahku062ufJd1RyC+yNGbt6y198FFCD0OirYUwqQWoYSrASHYIUIsQUU03JQI7wfLYnVj8Ly/mdA==
zmY80aRWERHFnY+mJwf3YkYdq6RKaWvUvsNx40vgDe/i8wJ8pqUbdV3IQUoPS7KVpWhZTWgpmhgojpjYC5jBO9B9svOBOqhFeMQ/J+Z8
XgqyJf9UzUk0ArGbkLg/CbiwsZWKEuCyjvZ0WOUWSRUNnOrJ9XAxY2ulsr+OiWvD3wHVJRib2rDGqQMZbQQZ5o/n6lmVBEFBCOVCdJgCAHTLtNk45BFpP+G2MCnICGcL5lA=
0GEsF5kcLn9fKRJN5JjSKb6wsZWKEuCyjvZ0WOUWSRUNnOrJ9XAxY2ulsr+OiWvD3wHVJRib2rDGqQMZbQQZ5o/n6lmVBEFBCOVCdJgCAHTLtNk+5xFpP+G2MCnICGcL5lA=
8KdDZt6xuMlfMbVg2vUefhs214V2NQrYWl65796blPQAaFWO/uUQeecjqy9olPhJT2NUEMK0LTzxiukbi7cs62q7+okBtkB8yz0m5n8=
LUm3uvN1Z5d1p7nZKcCLPUu062ufJd1RyC+yNGbt6y198FFCD0OirYUwqQWoYSrASHYIUIsQUUk3JQc7wfLYnVj8Ly/mdA==
IDpUBNVJU5Ef68eAnBob00Udq6RKaWvUvsNx40vgDe/i8wJ8pqUbdV3IQUoPS7KVpWhZTWgpmhgojpjYC5jBOtd9t/OBOqhFeMQ/J+Z8
+S6x5NBhzlIblp14h5mbqLSxsZWKEuCyjvZ0WOUWSRUNnOrJ9HAwY2qlsr+OiWvD3wHVJRib2rDGqQMZbQQZ5o/n6lmVBEFBCOVCdJgCAHTLtNk/5RFuP+G2MCnICGcL5lA=
iearLVh1nlnrEtFDGAY6qhs214V2NQrYWl65796blPQAaFWO/uUQeecjqy9olPhJT2NUEMK0LTzxiukbi7cr6Wq8+okBtkB8yz0m5n8=
TQXtss73xZI/aHxKfoY/cku062ufJd1RyC+yNGbt6y198FFCD0OirYUwqQWoYSrASHYIUIsQUUw3JQY7wfLYnVj8Ly/mdA==
TOQzXsr3DDCNR7OLwrKOxUQdq6RKaWvUvsNx40vgDe/i8wJ8pqUbdV3IQUoPS7KVpWhZTWgpmhgojpjYC5jBMdB9tvOBOqhFeMQ/J+Z8
As6/rZmcC0K9aoBYfsG0obSxsZWKEuCyjvZ0WOUWSRUNnOrJ83A3Y22lsr+OiWvD3wHVJRib2rDGqQMZbQQZ5o/n6lmVBEFBCOVCdJgCAHTLtNk85xFtP+G2MCnICGcL5lA=
MVql6YdD1z6SUsCiUFjMths214V2NQrYWl65796blPQAaFWO/uUQeecjqy9olPhJT2NUEMK0LTzxiukbi7cn62q/+okBtkB8yz0m5n8=
y5NNcW3HCQ7zFlOiiE/tAEu062ufJd1RyC+yNGbt6y198FFCD0OirYUwqQWoYSrASHYIUIsQUUs0JQM8wfLYnVj8Ly/mdA==
g3E3We+eU5SNAuaxSOD9NUUdq6RKaWvUvsNx40vgDe/i8wJ8pqUbdV3IQUoPS7KVpWhZTWgpmhgojpjYC5jBM9V9s/SBOqhFeMQ/J+Z8
+k459aRcfNLuzg7gioGTTb6wsZWKEuCyjvZ0WOUWSRUNnOrJ9HAwY2qlsr+OiWvD3wHVJRib2rDGqQMZbQQZ5o/n6lmVBEFBCOVCdJgCAHTLtNk35RFrOOG2MCnICGcL5lA=
0jUfz42QG+HygWHZQTeN3Bs214V2NQrYWl65796blPQAaFWO/uUQeecjqy9olPhJT2NUEMK0LTzxiukbi7cr6mq5/YkBtkB8yz0m5n8=
W8RDie49M5Dq0GT9f9ZT/Eu062ufJd1RyC+yNGbt6y198FFCD0OirYUwqQWoYSrASHYIUIsQUU02JQM8wfLYnVj8Ly/mdA==
z8A0TWBqMk6TSQutcHQltEQdq6RKaWvUvsNx40vgDe/i8wJ8pqUbdV3IQUoPS7KVpWhZTWgpmhgojpjYC5jBMdd9s/SBOqhFeMQ/J+Z8
vidbLYo864DjC3oy4Z4V9L6wsZWKEuCyjvZ0WOUWSRUNnOrJ83A3Y22lsr+OiWvD3wHVJRib2rDGqQMZbQQZ5o/n6lmVBEFBCOVCdJgCAHTLtNk94BFrOOG2MCnICGcL5lA=
s+UNSQmR7gwsrA+9BxWzyBs214V2NQrYWl65796blPQAaFWO/uUQeecjqy9olPhJT2NUEMK0LTzxiukbi7co7Gq5/YkBtkB8yz0m5n8=
9dN7Jg09NyZAIJoeIhkfwku062ufJd1RyC+yNGbt6y198FFCD0OirYUwqQWoYSrASHYIUIsQUUIwJQM8wfLYnVj8Ly/mdA==
pkOzczmxydMmCrEVQIm/I81G6wucBqo0u/5weZ7BSf/l7yZI1nFBf1pgLOgDBL9Wh/vlK6FVxCUT+c/qjkTlISjmcQ==
baTPsJC0NNwECAPV0LALqRtVJdsHSN3daXr9R1lvmvBiwfXX9sCAQFfU647bO7nz8IWQzX8ZowL6tJHZVOYN
VCccxzCwHjI6Nz3B03wNGXHDpfIvM6eGFhghug+70kXl2Pnd6Ll6aOjeuOgLqOHil43RZAGqCPW4lN9X5gw=
fHId81cGIMPyiL+wFiRiOW23vlX16nHP3e8eeO5RaU8SoGQ4q6Qnxh97fbs+s6z3WzmHGuakndFQ5gk=
JKlT1DHMT8oKZgD8lQcTeBgBeco/6nnBqfwfGYOgLiodhM8BZvNNelVzeDP+7nBMJHbr8jW3WM8dKvHA7JNA5iMp5nY=
LL0P2g74MVHXY+1E74J/bA8cMZURW8LXaXr9R1lvmvBiwfXX9sCAQFfU647bO7nz9YWQz38ZowL6tJHZVOYN
V5HCLLi/Hiry7zCsg7erMuH+DeC3i0vkgjw0GVJ7QHA2zNFMfeI9W1+fJNtWgkkplS7crIfVUuYL
7nbz5qkmBGd2JAX5CfvtjRMJcc09+2zcqe4CFpnmYzcb0JlfZvNNe1VzeDP+7nBMJHbr8jW9Wc8cKvHA7JNA5iMp5nY=
BajYFTXEVLI+dLJvPpRkRP4gMSYYcD8JdZoWXc+zzV8SNfd5PoSQqRazbFAaxNVcWTphmwNHQEjSDSXJ+eaYXOMtLuZ3
qGwtDY72vheZipOpqzfn+5hV2z0Vzj5K4eF4V2bIptWVARhPQs7ixZoxwru4vVB9LYasSylNSvfLSaxyJnTICZ7DxJBy1N18oWrZG3uXfiraHQ0JkVYQPDsdNuZv
vhgwoLt09SXyboryLk/IbVGq/GrLc5xEgW27fSOq4ycz7FtVUh2irYUxqQWoYSrASHYIUIsQUU82JQc8wfLYnVj8Ly/mdA==
Z5QuBesMiftPPIeM0cZ/AFGq/GrLc5xEgW27fSOq4ycz7FtVUh2irYUxqQWoYSrASHYIUIsQUUo3JQc8wfLYnVj8Ly/mdA==
6VvqhyZ58rW17wcRJI9pUSlC1qZ8sS4hHixeHmXA5JFDRnuLg2DD2dKROiE1nTHpyI1ybPg60BxLXIkOBwlf0KEewLFo8Dcj5ng=
bC5g0o/mHUhnU6UBXjWPE0hv4b/SDPt8mRXADaJ+vuEZVbanh6E48rIcBNni2/DwpmyBjC3CLVtPf3ccBmXZqeXOrGz3NSLmew==
Dq1izVLsuF5WEWDKlll+lIurxIbR9VSfyQpLs6N409HSmSo5FaUBoQjFghQYokCUy9QZmWDxLxjh1vCJSOgnK+Zw
877C1SnH/ebLU8esT8PKLilC1qZ8sS4hHixeHmXA5JFDRnuLg2DD2dKROiE1nTHpyI1ybPg60BxLXIkFBAlb0aEewLFo8Dcj5ng=
yX6rClZESuJ3D6MN9aArxourxIbR9VSfyQpLs6N409HSmSo5FaUBoQjFghQYokCUy9QZl2bxLhnh1vCJSOgnK+Zw
/WN4ng9BTxkQkXCN+/MlaBwcL55eG5vZID/hTU4yxPBiwfTX9sCAQFfU647bO7nz9YOQyH4ZowL6tJHZVOYN
e9v3ctTNZz2imxIiqt8/0wX/JKMYKTHm/WJQz5iuc/m6DBw5iiuIMP68KSyVcqXbxw+Ne+40AOnd/oRM7yUq5nM=
vDYynHPtpq39WMkYfguN0P4gMSYYcD8JdZoWXc+zzV8SNfd5PoSQqRazbFAaxNVcWTphmwNHQ03SDCTJ+eaYXOMtLuZ3
EDSPgRcIGr/8ysRLGHHQRUsl4cNmE6z0Edh0didlNIdKe2+h7G895fqycFg+EbgvgiCUWFvk16YPe22bDfAcU+q5F7q2ZM0xIOZ5
po8SBbIIOuOtNnGzTjvuAilC1qZ8sS4hHixeHmXA5JFDRnuLg2DD2dKROiE1nTHpyI1ybPg60BxLXIkFBQld0aEewLFo8Dcj5ng=
mgptgGyYy+rt0kAozY3r5YurxIbR9VSfyQpLs6N409HSmSo5FaUBoQjFghQYokCUy9QZm2XxLRnh1vCJSOgnK+Zw
SYMJJZ6hO3jVEyO5t7EqChwcL55eG5vZID/hTU4yxPBiwfTX9sCAQFfU647bO7nz84GQy34ZowL6tJHZVOYN
NOo5D4wCHDreau2btUm+dNVQ71cFOczgeiGcJ44A2JD/dFM+U7sxgw/ieJumWZsy0pSJyVzmBQ==
ZL/U7C1YUndv39ZGQC7pv+H+DeC3i0vkgjw0GVJ7QHA2zNFMfeI9W1+fItlWgU0plC7crIfVUuYL
JrhU7haZJKYNa3zsn3uJHX0xLBOjd2D8uBsSxHMsGdvuf93vze/Yl1ZCwPicyiu2/fyOm8dyEaUE/7CS21Xmcg==
hnmIqwcHznzK3TqqK5EB5eH+DeC3i0vkgjw0GVJ7QHA2zNFMfeI9W1+fIthWg0kplC7crIfVUuYL
CBFbN62pYV/NwlG3rU37RH0xLBOjd2D8uBsSxHMsGdvuf93vze/Yl1ZCwPicyiu2/fGMm8V2EaUE/7CS21Xmcg==
m83ttgE/p3xAXYrkRJHtEf4gMSYYcD8JdZoWXc+zzV8SNfd5PoSQqRazbFAaxNVcWTphmwNHREvSCyXJ+OaYXOMtLuZ3
mbYrO3djgiwqsmJznBSAZClC1qZ8sS4hHixeHmXA5JFDRnuLg2DD2dKROiE1nTHpyI1ybPg60BxLXIkGAQlZ0KEfwLFo8Dcj5ng=
38CPJEGPJCRwUBF28d3QY1Mo5aMPHPpfg+CYt7eliQVsQX/6v+35OXJtEkfyWy1gKMz5/zhReZi/5Ztirw8S+66fXU8Nj9i3FqJAWFyqK5a9Ggk7BBYRhUQfMDIbNeZS
g0oAMWdZ4pDDl2oTpWR8vUsl4cNmE6z0Edh0didlNIdKe2+h7G895fqycFg+EbgvgiCUWFvk16YPe22bAfUcVuu5Frq2ZM0xIOZ5
pbGZLvepzchWKXW7bs3/bClC1qZ8sS4hHixeHmXA5JFDRnuLg2DD2dKROiE1nTHpyI1ybPg60BxLXIkDBQlf0KEfwLFo8Dcj5ng=
dQBnw2kP3oVehX5bjbnNNw8Yb4Q+7CmLoO0ZXJfpazYXk5JfZvNNe1VzeDP+7nBMJHbr8jW8Xc8aKvHB7JNA5iMp5nY=
IDtht15q09kSSnDBim7h5lMo5aMPHPpfg+CYt7eliQVsQX/6v+35OXJtEkfyWy1gKMz5/zhReZi/5Ztirw8S+66fXU8Nj9i3FqJAWFyqK5a9HAg7AhYRhUQfMDIbNeZS
phZsxq/y9mR5rOqmrOoaX0sl4cNmE6z0Edh0didlNIdKe2+h7G895fqycFg+EbgvgiCUWFvk16YPe22bDfAcU+u5Frq2ZM0xIOZ5
/S5L60HAZBYbSzsjlliaker3T7+rix+v3Dw0GVF7QHA2zNFMfeI9W1+fINxWh0kplC7crIfVUuYL
y79yfQRLSYSdlBS6r5L+R0p54LLLC/Z7mR/cWOY+vuZbUf/im6svr+wcBNnh2/DwpmyBjC3CLVtPf3EdBmfZqeTOrGz3NSLmew==
DsnUD46CU6woGdKSOPMu6kcdq6RKaWvUvsNx40vgDe/i8wJ8pqUbdV3IQUoPS7KVpWpZTWgpmhgojpjYC5jBNtR9tPSBO6hFeMQ/J+Z8
2f73uwYMIxdlsNu5gJGTwyIF51tZyf/LobuQ+QaGtrMnV7W2lQBPjf5n/cT915hfBpqgEOwyqz5tZywzcM7R7dSnUPorLeZ6
V9WY0Km1y98noQvKJXS2vZjDzgkOj6MvNwObL1i0qIk8gySQUhR9/MGq+Rub19yput5tCbAW8Lyb3VbmDw==
ZyNnwUUKNLO89LMU2Qeqjkp54LLLC/Z7mR/cWOY+vuZbUf/im6svr+wcBNng2/DwpmyBjC3CLVtPf3QZBmbZqeTOrGz3NSLmew==
oEEeAUsIbs3YHXkEaeTjG0cdq6RKaWvUvsNx40vgDe/i8wJ8pqUbdV3IQUoPS7KVpWtZTWgpmhgojpjYC5jBM9Z9tPSBO6hFeMQ/J+Z8
pl8bf3Upyh2dpl3HdangbCIF51tZyf/LobuQ+QaGtrMnV7W2lQBPjf5n/cX915hfBpqgEOwyqz5tYy4zcM7R7dSnUPorLeZ6
UsXrbev6O6f8b6jCbN8KcZjDzgkOj6MvNwObL1i0qIk7gySQUhR9/MGq+Rub19iqut5tCbAW8Lyb3VbmDw==
DoQqjhD+0a4kwz0yP7JxI0p54LLLC/Z7mR/cWOY+vuZbUf/im6svr+wcBNnn2/DwpmyBjC3CLVtPf3EbBmbZqeTOrGz3NSLmew==
ZbJnDjjrgiD8mevPVTISp0cdq6RKaWvUvsNx40vgDe/i8wJ8pqUbdV3IQUoPS7KVpWxZTWgpmhgojpjYC5jBOtd9tPSBO6hFeMQ/J+Z8
ULYafVX719rXKLfT8zHrhCIF51tZyf/LobuQ+QaGtrMnV7W2lQBPjf5n/cL915hfBpqgEOwyqz5tYCgzcM7R7dSnUPorLeZ6
II3ojPP/RRWrKXZ9jmrdhZjDzgkOj6MvNwObL1i0qIk/gySQUhR9/MGq+Rub19qsut5tCbAW8Lyb3VbmDw==
bSr+dyrnAqHi0PH50CRVeVGw4WvLJpFF1GW8O27s52528FFCD0OirYUwqQWoYSrASHYIUIsQUUsxJQQ8wfPYnVj8Ly/mdA==
kk9XNL+jNtI9TGAsf5a1Skp54LLLC/Z7mR/cWOY+vuZXXf/im6svr+wcBNnj2/DwpmyBjC3CLVtPf3odBmbZqeTOrGz3NSLmew==
ya/hm6+2GE6I8Zo0S/dxk0p54LLLC/Z7mR/cWOY+vuZXXf/im6svr+wcBNnj2/DwpmyBjC3CLVtPf3sYBmnZqeTOrGz3NSLmew==
dySmVTMDLnAX49lGxOmmpUp54LLLC/Z7mR/cWOY+vuZbUf/im6svr+wcBNnj2/DwpmyBjC3CLVtPf3cZBmnZqeTOrGz3NSLmew==
w/u0dI5eVWftLNMsycAyq0cdq6RKaWvUvsNx40vgDe/i8wJ8pqUbdV3IQUoPS7KVpWhZTWgpmhgojpjYC5jBMtZ9u/SBO6hFeMQ/J+Z8
qDHCFSpyqSZpkOLZGjGLoiIF51tZyf/LobuQ+QaGtrMnV7W2lQBPjf5n/cb915hfBpqgEOwyqz5tYi4zf87R7dSnUPorLeZ6
eVvFjXN2XW5qlox5h1j310u062ufJd1RyC+yNGbt6y198FFCD0OirYUwqQWoYSrASHYIUIsQUUI3JQs8wfPYnVj8Ly/mdA==
wkY0ApZXvF4KUs+BteGHnEYdq6RKaWvUvsNx40vgDe/i8wJ8pqUbdV3IQUoPS7KVpWhZTWgpmhgojpjYC5jBNtB9u/SBO6hFeMQ/J+Z8
s/Ige90ZPPGxIWOrXxjjQyIF51tZyf/LobuQ+QaGtrMnV7W2lQBPjf5n/cb915hfBpqgEOwyqz5tZigzf87R7dSnUPorLeZ6
JSb+1Q1qZh03ZSvfXhmr8Eu062ufJd1RyC+yNGbt6y198FFCD0OirYUwqQWoYSrASHYIUIsQUUoxJQs8wfPYnVj8Ly/mdA==
Gf6A4O4C1JqKJcXb0SYd3kUdq6RKaWvUvsNx40vgDe/i8wJ8pqUbdV3IQUoPS7KVpWhZTWgpmhgojpjYC5jBNdF9u/SBO6hFeMQ/J+Z8
qeJGsZ15tZultFRBVfVDEiIF51tZyf/LobuQ+QaGtrMnV7W2lQBPjf5n/cb915hfBpqgEOwyqz5taSwzfs7R7dSnUPorLeZ6
1CHWxCDMSrC/B3+Ytz089Eu062ufJd1RyC+yNGbt6y198FFCD0OirYUwqQWoYSrASHYIUIsQUU41JQo8wfPYnVj8Ly/mdA==
MqHStXbgRc91zFpT8K57s0Qdq6RKaWvUvsNx40vgDe/i8wJ8pqUbdV3IQUoPS7KVpWhZTWgpmhgojpjYC5jBO9V9uvSBO6hFeMQ/J+Z8
pEBdsdBzWLEFpr7wJXcQ9iIF51tZyf/LobuQ+QaGtrMnV7W2lQBPjf5n/cb915hfBpqgEOwyqz5tYy4zfs7R7dSnUPorLeZ6
CxGZGdSXz6VIiAWuVGCQyClC1qZ8sS4hHixeHmXA5JFDRnuLg2DD2dKROiE1nTHpyI1ybPg60BxLXIkHAQlS0KEfwLFo8Dcj5ng=
+mPrYqtjpIZykZxbyuCYhBZjpYx8R7j0Rst1fzZleMoMMWuh7G895fqycFg+EbgvgiCUWFvk16YPe22bCPMcVeq5Frq2ZM0xIOZ5
Dv/D2mPijhxkKc55EIzUs0u062ufJd1RyC+yNGbt6y198FFCD0OirYUyqQWoYSrASHYIUIsQUUoxJQM9wfPYnVj8Ly/mdA==
v63EQkD/iq4jhT6bXchTVUcdq6RKaWvUvsNx40vgDe/i8wJ8pqUbdV3IQUoPS7KVpWpZTWgpmhgojpjYC5jBMtB9svWBO6hFeMQ/J+Z8
NiSaG4OuZUqSGEDTnR12fFSBzvViBRS9v2f+NBdPfH/+XKo8p95MMVqxrWdpb6rQsoEHt2ZAMOAHFJtuyzup08HFQKyOmTKiSnTBOSTmfQ==
RZpB62jRErX7MyrqF3nh0VSBzvViBRS9v2f+NBdPfH/+XKo8p95MMVqxrWdpb6rQsoEGt2ZAMOAHFJtuyzup08DAQK+OmTKiSnTBOSTmfQ==
EnJDs7HfHrclbtEtmSeGBVSBzvViBRS9v2f+NBdPfH/+XKo8p95MMVqxrWdpb6rQsoEBt2ZAMOAHFJtuyzup08LBQK+OmTKiSnTBOSTmfQ==
D3sqkomImD+y4B0w2r3Prku062ufJd1RyC+yNGbt6y198FFCD0OirYUwqQWoYSrASHYIUIsQUUo0JQA9wfPYnVj8Ly/mdA==
z09WVB2Eg9Enz2O+f+m78Ucdq6RKaWvUvsNx40vgDe/i8wJ8pqUbdV3IQUoPS7KVpWhZTWgpmhgojpjYC5jBNNR9sPWBO6hFeMQ/J+Z8
r9gtqNUKWOFn+Fa5WemWGFSBzvViBRS9v2f+NBdPfH/+XKo8p95MMVqxrWdpb6rQsoEFt2ZAMOAHFJtuyzup08TBQK6OmTKiSnTBOSTmfQ==
Y83sUeK5DwFzfuUnhOC9XfbJ6EJKcsuYknAu3Newy2HqD8CnioweVEt+4NnOATkf9e82KCYxkd/K4FwIs0RvNnf71QvxkrSGonleil4E1QE45mE=
/LTqFeAibAlvezC46ZEHZ0u062ufJd1RyC+yNGbt6y198FFCD0OirYUwqQWoYSrASHYIUIsQUUg2JQA9wfPYnVj8Ly/mdA==
eleoY8nIxr8Tds9bjGGeBUYdq6RKaWvUvsNx40vgDe/i8wJ8pqUbdV3IQUoPS7KVpWhZTWgpmhgojpjYC5jBMtd9sPWBO6hFeMQ/J+Z8
fME7hmaqUSQkaNy6AxAHYPbJ6EJKcsuYknAu3Newy2HqD8CnioweVEt+4NnOATkf9e82KCYxkd/K4FwIs0RvNnf71Qv2k7SGonleil4E1QE45mE=
U30cF5/L1ZKZGy0q7mrxfEu062ufJd1RyC+yNGbt6y198FFCD0OirYUwqQWoYSrASHYIUIsQUUowJQA9wfPYnVj8Ly/mdA==
+q6mhrTmmLEyK1W8vzJvTEUdq6RKaWvUvsNx40vgDe/i8wJ8pqUbdV3IQUoPS7KVpWhZTWgpmhgojpjYC5jBNdB9sPWBO6hFeMQ/J+Z8
IxYMClDoC1BAHFXA9DHdj/bJ6EJKcsuYknAu3Newy2HqD8CnioweVEt+4NnOATkf9e82KCYxkd/K4FwIs0RvNnf71Qv1lbSGonleil4E1QE45mE=
s2OU6FTO8T2cNxJ1AyNDbEu062ufJd1RyC+yNGbt6y198FFCD0OirYUwqQWoYSrASHYIUIsQUUwxJQA9wfPYnVj8Ly/mdA==
uCITGLIX/UQWGlJAFUQbq0Qdq6RKaWvUvsNx40vgDe/i8wJ8pqUbdV3IQUoPS7KVpWhZTWgpmhgojpjYC5jBMtR9t/WBO6hFeMQ/J+Z8
RxRw4VS6zQ5h2lpECiftJPbJ6EJKcsuYknAu3Newy2HqD8CnioweVEt+4NnOATkf9e82KCYxkd/K4FwIs0RvNnf71Qv3kLSBonleil4E1QE45mE=
jAbjwmGncrFuB1KN6l/EYUu062ufJd1RyC+yNGbt6y198FFCD0OirYUwqQWoYSrASHYIUIsQUU00JQc9wfPYnVj8Ly/mdA==
ksScA6jewM3gedJGHfK+f81G6wucBqo0u/5weZ7BSf/l7yZI1nFBf1pgLOgDBL9Wh/vlK6lQxCES+c7qjkTlISjmcQ==
EHrsdMetv+tN5U98xQI7OBtVJdsHSN3daXr9R1lvmvBiwfXX9sCAQFfU647bO7nz9IGQyX4ZogL6tJHZVOYN
bqzlJ/StCoj7UbNgH6jZllMo5aMPHPpfg+CYt7eliQVsQX/6v+35OXJtEkfyWy1gKMz5/zhReZi/5Ztirw8S+66fXU8Nj9i3FqJAWFyqK5a9EQ47AxcRhUQfMDIbNeZS
YIp3v7hFahLWhgdQkW2JaUsl4cNmE6z0Edh0didlNIdKe2+h7G895fqycFg+EbgvgiCUWFvk16YPe22bC/UcUeq5Frq2ZM0xIOZ5
uwWNjMUEtDX4zulyiIRimilC1qZ8sS4hHixeHmXA5JFDRnuLg2DD2dKROiE1nTHpyI1ybPg60BxLXIkEAAle0aEfwLFo8Dcj5ng=
SbtgBbSXaB7mf/W1YxksbFMo5aMPHPpfg+CYt7eliQVsQX/6v+35OXJtEkfyWy1gKMz5/zhReZi/5Ztirw8S+66fXU8Nj9i3FqJAWFyqK5a9GQk7AhcRhUQfMDIbNeZS
ruzAbkIAbqpOt5egk+nFZnwZibEv4SJiCCVECDHB6ZFDRnuLg2DD2dKROiE1nTHpyI1ybPg60BxLXIkAAQle0aEfwLFo8Dcj5ng=
hdQD274OAGyTcP9tm1Dw30sl4cNmE6z0Edh0didlNIdKe2+h7G895fqycFg+EbgvgiCUWFvk16YPe22bCvAcU+q5Frq2ZM0xIOZ5
RQXgcJGcGloewoR482FtxClC1qZ8sS4hHixeHmXA5JFDRnuLg2DD2dKROiE1nTHpyI1ybPg60BxLXIkDAQld0aEfwLFo8Dcj5ng=
TTf6c30QjAILjIZ9LuoJKSZ52wjZ9Ii7v6GJORR1j9bXyRllKrnCC7qf7RyQOEmTkLXZBCdxC+4ni5JHVist4+UruGvO9hCUlO5raoVuPtcoczGZXAsgPhMx5m4=
1PaSjJc2vh5TOhfRIQ9uLUsl4cNmE6z0Edh0didlNIdKe2+h7G895fqycFg+EbgvgiCUWFvk16YPe22bDvIcUuq5Frq2ZM0xIOZ5
0IfT7Vi8nCOwGoWiFxJ4Lkp54LLLC/Z7mR/cWOY+vuVbUf/im6svr+wcBNnj2/DwpmyBjC3CLVtPf3EbBmnYqeTOrGz3NSLmew==
EcVIJUH/7yCzT+dniHOQukp54LLLC/Z7mR/cWOY+vuZbUf/im6svr+wcBNnj2/DwpmyBjC3CLVtPf3McBmnYqeTOrGz3NSLmew==
FQoAKqUxIEC32ELYX/Jfu0VuiIRxYAfIG1eyu5Pb0r4EaFWO/uUQeecjqy9olPhJT2NUEMK0LTzxiukbi7co7Gqx/IkAtkB8yz0m5n8=
r4Hb/9Q8hJlw6Q4urEnC5kcdq6RKaWvUvsNx40vgDe/i8wJ8pqUbdV3IQUoPS7KVpWhZTWgpmhgojpjYC5jBMNF9u/WBO6hFeMQ/J+Z8
kgjfCzfZENr1Go3B88kjWlSBzvViBRS9v2f+NBdPfH/+XKo8p95MMVqxrWdpb6rQsoEFt2ZAMOAHFJtuyzup08LFQKWOmTKiSnTBOSTmfQ==
5tMBZyHo99lzg2Bq/IuKcEu062ufJd1RyC+yNGbt6y198FFCD0OirYUwqQWoYSrASHYIUIsQUUIxJQs9wfPYnVj8Ly/mdA==
ZHa0DSKJIa1PCsjyN1WBL0Ydq6RKaWvUvsNx40vgDe/i8wJ8pqUbdV3IQUoPS7KVpWhZTWgpmhgojpjYC5jBNdR9uvWBO6hFeMQ/J+Z8
ZfYUMBLoEKcohmNuY/okGVSBzvViBRS9v2f+NBdPfH/+XKo8p95MMVqxrWdpb6rQsoEFt2ZAMOAHFJtuyzup08TBQKSOmTKiSnTBOSTmfQ==
YjOZOTU1U6W6Qd7Q9+6vOku062ufJd1RyC+yNGbt6y198FFCD0OirYUwqQWoYSrASHYIUIsQUUk1JQo9wfPYnVj8Ly/mdA==
o1lxIhV667v9rAFaYKktJUUdq6RKaWvUvsNx40vgDe/i8wJ8pqUbdV3IQUoPS7KVpWhZTWgpmhgojpjYC5jBO9V9uvWBO6hFeMQ/J+Z8
YeM2OXONtd6ZsaZJHB09IFSBzvViBRS9v2f+NBdPfH/+XKo8p95MMVqxrWdpb6rQsoEFt2ZAMOAHFJtuyzup08fCQKSOmTKiSnTBOSTmfQ==
VfK46e2AeWcT6NZO3IF9xUu062ufJd1RyC+yNGbt6y198FFCD0OirYUwqQWoYSrASHYIUIsQUU42JQo9wfPYnVj8Ly/mdA==
jLQi9dQ9A9u0K3m4vo+uL0Qdq6RKaWvUvsNx40vgDe/i8wJ8pqUbdV3IQUoPS7KVpWhZTWgpmhgojpjYC5jBO9Z9uvWBO6hFeMQ/J+Z8
6QA1P5ihi6Vi3ehmexJU11SBzvViBRS9v2f+NBdPfH/+XKo8p95MMVqxrWdpb6rQsoEFt2ZAMOAHFJtuyzup08fDQKSOmTKiSnTBOSTmfQ==
j/8lIRhT5JJg5mr+d1gCjku062ufJd1RyC+yNGbt6y198FFCD0OirYUwqQWoYSrASHYIUIsQUUk3JQo9wfPYnVj8Ly/mdA==
2klcXpliT3Wdoxkh0NAgK81G6wucBqo0u/5weZ7BSf/l7yZI1nFBf1pgLOgDBL9Wh/vlK6VTxCwS+c7qjkTlISjmcQ==
gSfsZGZObe0XCSo//coJrBtVJdsHSN3daXr9R1lvmvBiwfXX9sCAQFfU647bO7nz/YSQxH4ZogL6tJHZVOYN
uoFLrF+vS4tqOFJkkqszBylC1qZ8sS4hHixeHmXA5JFDRnuLg2DD2dKROiE1nTHpyI1ybPg60BxLXIkABAlb1KEYwLFo8Dcj5ng=
KU+T2Y5VAXD26hyXKhOqM2Kd2GKXvF2BxqVF0LzkPgzQNn2ExZ2MFn5ZXxKNlbvxoDVy7wLjrei4VFmXiKm50O89e0rfNxLzvod9pz33mH/G+iDwrBKrHi2HrlO16tHKFMfQGmsN5lo=
YkC7DLtHjcNlVHIGJbdNaEsl4cNmE6z0Edh0didlNIdKe2+h7G895fqycFg+EbgvgiCUWFvk16YPe22bCPMcV++5Ebq2ZM0xIOZ5
FGoTOV2CweOkh6ig+IbXKilC1qZ8sS4hHixeHmXA5JFDRnuLg2DD2dKROiE1nTHpyI1ybPg60BxLXIkDAAlZ1KEYwLFo8Dcj5ng=
pu/R65qiZgHE9XyXiEsqgNfJwajAZnzy74VmrWXtr53FDWEayRxOWVIgipnXyc7vNmoOPrLMHH25ymeNQr7e4fkVFicn4djy0tykWUIbkPBGLOEMjYINWy8/l5mmov2pww7M7Bd1AuZb
4BOVbkGwAo6BlLftk4syEEsl4cNmE6z0Edh0didlNIdKe2+h7G895fqycFg+EbgvgiCUWFvk16YPe22bAfEcVu+5Ebq2ZM0xIOZ5
jVTbQd2vpCyR+C62jVWfailC1qZ8sS4hHixeHmXA5JFDRnuLg2DD2dKROiE1nTHpyI1ybPg60BxLXIkDAQlY1KEYwLFo8Dcj5ng=
DXsyXJrxJH7PaV+vveTxi7bfcB7973pB3lPKVq6SXEz1AkEfDJji0+dkGAdKT82v2gmmgc1GRP4BwTxbaY6jh7OMm3VSPWLNBZHpJagB6iDI1sgwi/AR6bFFR9jB1Bg92BxvD+ZU
ky2sWPmHSDFw80AIUVGX8SlC1qZ8sS4hHixeHmXA5JFDRnuLg2DD2dKROiE1nTHpyI1ybPg60BxLXIkBAQlf1KEYwLFo8Dcj5ng=
6By6LfF6xZi4JE2tVXRKENfJwajAZnzy74VmrWXtr53FDWEayRxOWVIgipjXyc/vNmsOPrLMHH25ymeNQr7e4fkVFicn4djy0tykWUIbkPBGLOEMjYINWy8/kZmmpP2pww7M7Bd1AuZb
jDS7lNdvNPeAcPn1ats5GylC1qZ8sS4hHixeHmXA5JFDRnuLg2DD2dKROiE1nTHpyI1ybPg60BxLXIkCAAld1KEYwLFo8Dcj5ng=
V0dow8KctYhKzarc4T7RhbbfcB7973pB3lPKVq6SXEz1AkEfDJji0+dkHwdNT8qv2gmmgc1GRP4BwTxbaY6jh7OMm3VSPWLNBZHpJagB6iDI1sgwi/AR7LFFRdjB1Bg92BxvD+ZU
MikLShpCsijT9IJSvO7m5ilC1qZ8sS4hHixeHmXA5JFDRnuLg2DD2dKROiE1nTHpyI1ybPg60BxLXIkOAQld1KEYwLFo8Dcj5ng=
aWrxpvDYFC0OyPnq6/R/t9fJwajAZnzy74VmrWXtr53FDWEayRxOWVIgip/XycjvNmwOPrLMHH25ymeNQr7e4fkVFicn4djy0tykWUIbkPBGLOEMjYINWy8/m5impv2pww7M7Bd1AuZb
uXOR302q/mSsEVwZj3pgodZ9EDAAiCjSPi0jDeqqEHrOvkSgxQ5ZHQmP+dHWiAIlfDlTDP0R+0tfiUW9+COq+AZhM2FNHAnuj+/6QbV+cYnIrTLMeJqQ/Es8SaaAqZz0ofgA0egQdwPmWA==
69io+Y75pP2HoY2McNRun0cdq6RKaWvUvsNx40vgDe/i8wJ8pqUbdV3IQUoPS7KVpWpZTWgpmhgojpjYC5jBMdB9tPCBPKhFeMQ/J+Z8
xYtc2ZpMmMzzn/LIiB6e4uFBntR1Ci0YnyA5Mi9YON1JNUu94XVNBDAPSEhINneV5bD4hJb1bVm6Ad7v/ts0dKAodY7epfD5h2NLLwhUGMkto3QQ4nSNvFFKyRtrd0htiv6Zief24PxrfQbmXw==
BJwSXJ3qtZA1PnD/BQ2pd0cdq6RKaWvUvsNx40vgDe/i8wJ8pqUbdV3IQUoPS7KVpWpZTWgpmhgojpjYC5jBOtF9tPCBPKhFeMQ/J+Z8
/uYM1XUlBjswdL5B3oDIs9Z9EDAAiCjSPi0jDeqqEHrOvkSgxQ5ZHQmP+9HUiAAlfDlTDP0R+0tfiUW9+COq+AZhM2FNHAnuj+/6QbV+cYnIrTLMeJqQ/Es8SaWFqZP0ofgA0egQdwPmWA==
Lq3Flm+u/F9E0GmyKEqeIUcdq6RKaWvUvsNx40vgDe/i8wJ8pqUbdV3IQUoPS7KVpWpZTWgpmhgojpjYC5jBNtV9u/CBPKhFeMQ/J+Z8
HqEDwnxfzMQEJYjKLARrm+b2vMzQxrTKXm6C3oqLiQSDlEUoPzZY9cGPigl0NlEYdLfMz8+mlY9fqb8vKedAzX5KVjePq4WiTazPKTZ77TBFWzibbqZQRHTea1pluX+Hh4ax7vzb4G5zAeZe
c5/VMWyolOBWw1onAPvzs0cdq6RKaWvUvsNx40vgDe/i8wJ8pqUbdV3IQUoPS7KVpWpZTWgpmhgojpjYC5jBNdd9u/CBPKhFeMQ/J+Z8
Q2EQwTnac2kuAs1dxDsaT0o+MRLwmNvC1a4pUV6O1ryVaTih/jEG5NucuYvKysqy/xM6YV8eIjQY6hD6O0+cv57cSvzH3qzxOjFNpwlvSpDSAef3BkDQoGeUey6rO4mTbEXg5auZFeLq9GF5BOZd
+tFcaQDlNvp0pD+e6ZH1JdZ9EDAAiCjSPi0jDeqqEHrOvkSgxQ5ZHQmP+MzJlgArKX4GBvtE5FBf2gX7sieq+AZhM2FNHAnuj+/6QbV+cYnIrTLMeJqQ/Es8SaGEqZL0ofgA0egQdwPmWA==
kkHfPsAQi1KVX31llIxllkcdq6RKaWvUvsNx40vgDe/i8wJ8pqUbdV3IQUoPS7KVpWpZTWgpmhgojpjYC5jBMtV9uvCBPKhFeMQ/J+Z8
KeESDQhiTW5lpzZ+QP887tZ9EDAAiCjSPi0jDeqqEHrOvkSgxQ5ZHQmP/NHTiAclfDlTDP0R+0tfiUW9+COq+AZhM2FNHAnuj+/6QbV+cYnIrTLMeJqQ/Es8SaKGqZL0ofgA0egQdwPmWA==
GGiY45e7W/+1kUf6XbcSKUcdq6RKaWvUvsNx40vgDe/i8wJ8pqUbdV3IQUoPS7KVpWpZTWgpmhgojpjYC5jBN9Z9uvCBPKhFeMQ/J+Z8
9hxywnowICulJk3dpDJ0S+FBntR1Ci0YnyA5Mi9YON1JNUu94XVNBDAPSE1INnKV5bX4hJb1bVm6Ad7v/ts0dKAodY7epfD5h2NLLwhUGMkto3QQ4nSNvFFKyRtrd0hqivmYief24PxrfQbmXw==
5W1mQqinvWYfGr3FFkh2s5jDzgkOj6MvNwObL1i0qIk8gySQUhR9/MGq+Rub19mouthoCbcW8Lyb3VbmDw==
16Skz4id02rcdnl2enKSYkp54LLLC/Z7mR/cWOY+vuZbUf/im6svr+wcBNng2/DwpmyBjC3CLVtPf3IZBmDcqePOrGz3NSLmew==
TnwwYvuxH+ecrqL75XSC10cdq6RKaWvUvsNx40vgDe/i8wJ8pqUbdV3IQUoPS7KVpWtZTWgpmhgojpjYC5jBM9Z9svGBPKhFeMQ/J+Z8
zXa+PxF104OcN3d+oCxrS9Z9EDABiCnSPy0jDeqqEHrOvkSgxQ5ZHQmP+dHWiAIlfDlTDP0R+0tfiUW9+COq+AZhM2FNHAnuj+/6QbV/cYnIrTLMeJqQ/Es8SaOHqZr1ofgA0egQdwPmWA==
TwhgTGCaOnKd/pHzCNFVNEcdq6RKaWvUvsNx40vgDe/i8wJ8pqUbdV3IQUoPS7KVpWtZTWgpmhgojpjYC5jBOtd9svGBPKhFeMQ/J+Z8
wZ1kFOKCErLSlsAyNGhZC+FBntR0CiwYniA5Mi9YON1JNUu94XVNBDAPSEhINneV5bD4hJb1bVm6Ad7v/ts0dKAodY7epfD5h2NLLwhUGMkso3QQ4nSNvFFKyRtrd09tiviYief24PxrfQbmXw==
vSwfXe5KD2AdQTOsRdiHxUcdq6RKaWvUvsNx40vgDe/i8wJ8pqUbdV3IQUoPS7KVpWtZTWgpmhgojpjYC5jBM9F9svGBPKhFeMQ/J+Z8
5LiZggvit3c5p/uySlIgzOb2oNDN2qnWTX6cxYqMlR+Dk1kzPzFK5duKiwl2K00GdbfMz8+mlY9fqb8vKedAzX5KVjePq4WiTazPKTZ77TFFWzibbqZQRHTea1pluXyHjYex7vzb4G5zAeZe
aTSo2ReYONeUx6cywqUvQEcdq6RKaWvUvsNx40vgDe/i8wJ8pqUbdV3IQUoPS7KVpWtZTWgpmhgojpjYC5jBMtV9sfGBPKhFeMQ/J+Z8
KjTcbqbV5VZBJ6Gr7EpVREu062ufJd1RyC+yNGbt6y198FFCD0OirYUzqQWoYSrASHYIUIsQUUgwJQE5wfTYnVj8Ly/mdA==
Wf5W9Jb5F6ZFu/YzF7bJE0sl4cNmE6z0Edh0didlNIdKe2+h7G895fqycFg+EbgvgiCUWFvk16YPe22bAfQcV+65Ebq2ZM0xIOZ5
p516nCtUX0AbfG83wchJOwnHirp4UQC96HT/PQZPMDK4Fq48p95MMVqxrWdpb6rQsoEHt2ZAMOAHFJtuyzup08PBQKmKmTWiSnTBOSTmfQ==
MMG8ny4MWwC/XzY340DtLwnHirp4UQC96HT/PQZPMDK4Fq48p95MMVqxrWdpb6rQsoEGt2ZAMOAHFJtuyzup08zCQKmKmTWiSnTBOSTmfQ==
4Gk5+FJZi42IGu7uOZwL+kcdq6RKaWvUvsNx40vgDe/i8wJ8pqUbdV3IQUoPS7KVpWtZTWgpmhgojpjYC5jBNtF9t/GBPKhFeMQ/J+Z8
3Sh5bmKbbsj4ekWjR8dO/0o+LQ7thMbexr43Sl6JyqeVbiS6/jYU9MGZuIvI19as/hM6YV8eIjQY6hD6O0+cv57cSvzH3qzxOjFNpwlvSpDSAeb3BkDQoGeUey6rO4mTbUDg6KqZFeLq9GF5BOZd
55BV/98zk9v5tDVAxQT5i0cdq6RKaWvUvsNx40vgDe/i8wJ8pqUbdV3IQUoPS7KVpWtZTWgpmhgojpjYC5jBM9V9tvGBPKhFeMQ/J+Z8
5/OxmHTAKNAO4zxUuOnESLm25YpJicFsFSB6mgMv3hlyWKVz67d5wSIeWPjJi4gVTCAvYRsGJvXCzd5DiGp/c1Gz8CGW7vZLFx8VLsUoT7WO7x2d7T9YJ7ZSgAg8miuGnWpO6+KjkRLk7/BiewXmQg==
d/Ksf34t6sIJLPpXDbWLP0cdq6RKaWvUvsNx40vgDe/i8wJ8pqUbdV3IQUoPS7KVpWtZTWgpmhgojpjYC5jBMdZ9tvGBPKhFeMQ/J+Z8
gPD6nQj/ijflzj0VmXX19ku062ufJd1RyC+yNGbt6y198FFCD0OirYUzqQWoYSrASHYIUIsQUUs3JQY5wfTYnVj8Ly/mdA==
BZ3h7eIaqaci/mBVOgTzagnHirp4UQC96HT/PQZPMDK4Fq48p95MMVqxrWdpb6rQsoEGt2ZAMOAHFJtuyzup08HDQKiKmTWiSnTBOSTmfQ==
UB3iyOLImxMOUat+syhh0Ucdq6RKaWvUvsNx40vgDe/i8wJ8pqUbdV3IQUoPS7KVpWtZTWgpmhgojpjYC5jBO9d9tvGBPKhFeMQ/J+Z8
UZBe+o9uwtBwYdnJnYHiueFBntR0CiwYniA5Mi9YON1JNUu94XVNBDAPSVdXKHebsPWtjpCgckK6Htnv/ts0dKAodY7epfD5h2NLLwhUGMkso3QQ4nSNvFFKyRtrd01tivyYief24PxrfQbmXw==
FyqV80tCDynRhrfjrCYpzAnHirp4UQC96HT/PQZPMDK4Fq48p95MMVqxrWdpb6rQsoEGt2ZAMOAHFJtuyzup08LFQKiKmTWiSnTBOSTmfQ==
uCaBAy5rluA9JRw1EyucgEcdq6RKaWvUvsNx40vgDe/i8wJ8pqUbdV3IQUoPS7KVpWtZTWgpmhgojpjYC5jBN9R9tfGBPKhFeMQ/J+Z8
43QFE+KAQePWijOPdLPnjFcy5+hNEvtfgu6Yt7eriQVsT3/6v+OsYzciBRP3XX9jccOw8XZedtu379V+pRhPpa6fXU0Nj9i3FqJAWFyqK5a9Hw47ARMRgkQfMDIbNeZS
P7oQ+B2szoC5D2UaetyplwnHirp4UQC96HT/PQZPMDK4Fq48p95MMVqxrWdpb6rQsoEGt2ZAMOAHFJtuyzup08HDQKuKmTWiSnTBOSTmfQ==
dS6G3pchicIF9pHppqPTf5jDzgkOj6MvNwObL1i0qIk7gySQUhR9/MGq+Rub19eout5oCbcW8Lyb3VbmDw==
UzHaES/VmH0nHvEVD7C2sUp54LLLC/Z7mR/cWOY+vuZbUf/im6svr+wcBNnn2/DwpmyBjC3CLVtPf3EZBmbcqePOrGz3NSLmew==
uWq7kCRHML2mFUEgniACBEcdq6RKaWvUvsNx40vgDe/i8wJ8pqUbdV3IQUoPS7KVpWxZTWgpmhgojpjYC5jBNdV9tPGBPKhFeMQ/J+Z8
RgNkWOYJm8/qDTQthoKIrlcy5+hNEvtfgu6Yt7eriQVsT3/6v+OsYzciBRP3XX9jccOw8XZedtu379V+pRhPpa6fXUoNj9i3FqJAWFyqK5a9Hg47ABMRgkQfMDIbNeZS
jQLpGYPHS5/K2L0ygFLobJjDzgkOj6MvNwObL1i0qIk/gySQUhR9/MGq+Rub19urut5oCbcW8Lyb3VbmDw==
VebwPqUhFjgYBL2tVUXsdkp54LLLC/Z7mR/cWOY+vuZbUf/im6svr+wcBNnj2/DwpmyBjC3CLVtPf3AdBmbcqePOrGz3NSLmew==
cOYH8q4G7kO+AP4Q18CEcEcdq6RKaWvUvsNx40vgDe/i8wJ8pqUbdV3IQUoPS7KVpWhZTWgpmhgojpjYC5jBMNR9u/GBPKhFeMQ/J+Z8
xPrMYYOOuTcNpk5DHbVEsFcy5+hNEvtfgu6Yt7eriQVsT3/6v+OsYzciBRP3XX9jccOw8XZedtu379V+pRhPpa6fXU4Nj9i3FqJAWFyqK5a9Hw87DxMRgkQfMDIbNeZS
7v3JplwU7uX0vMh2XdJqU0Ydq6RKaWvUvsNx40vgDe/i8wJ8pqUbdV3IQUoPS7KVpWhZTWgpmhgojpjYC5jBM9B9u/GBPKhFeMQ/J+Z8
hNpE870qpNviVjYCn4diOFYy5+hNEvtfgu6Yt7eriQVsT3/6v+OsYzciBRP3XX9jccOw8XZedtu379V+pRhPpa6fXU4Nj9i3FqJAWFyqK5a9GQk7DxMRgkQfMDIbNeZS
E2r4p7xpuzlmqc+MTe/kxkUdq6RKaWvUvsNx40vgDe/i8wJ8pqUbdV3IQUoPS7KVpWhZTWgpmhgojpjYC5jBOtF9u/GBPKhFeMQ/J+Z8
pXm5hr+bQ2jjsX+RYlPQslUy5+hNEvtfgu6Yt7eriQVsT3/6v+OsYzciBRP3XX9jccOw8XZedtu379V+pRhPpa6fXU4Nj9i3FqJAWFyqK5a9HAw7DhMRgkQfMDIbNeZS
jZ4Dz/pm9WI+KTXzZxAWUUQdq6RKaWvUvsNx40vgDe/i8wJ8pqUbdV3IQUoPS7KVpWhZTWgpmhgojpjYC5jBMNV9uvGBPKhFeMQ/J+Z8
9rRImptDPbYamQMmCF7Mp1QyuOhNEvtfgu6Yt7eriQVsT3/6v+OsYzciBRP3XX9jccOw8XZedtu379V+pRhPpa6fXU4Nj9i3FqJAWFyqK5a9EA07DhMRgkQfMDIbNeZS
AGMU+hQOZv22U1srLeJ4qku062ufJd1RyC+yNGbt6y198FFCD0OirYUwqQWoYSrASHYIUIsQUUgwJQo5wfTYnVj8Ly/mdA==
uimFP2t8v6jP7BjRY+g2SkQdq6RKaWvUvsNx40vgDe/i8wJ8pqUbdV3IQUoPS7KVpWhZTWgpmhgojpjYC5jBNdB9uvGBPKhFeMQ/J+Z8
YjrG4qxDKWXfJbSdhV5NzlQy5+hNEvtfgu6Yt7eriQVsT3/6v+OsYzciBRP3XX9jccOw8XZedtu379V+pRhPpa6fXU4Nj9i3FqJAWFyqK5a9HAk7DhMRgkQfMDIbNeZS
zWpQAM5Mzy+f2Q2FdnRZ8QnHirp4UQC96HT/PQZPMDK4Fq48p95MMVqxrWdpb6rQsoEFt2ZAMOAHFJtuyzup083FQKSKmTWiSnTBOSTmfQ==
ucsycms2r+IafTqm7iNbTc1G6wucBqo0u/5weZ7BSf/l7yZI1nFCf1pgLOgDBL9Wh/vlK6FTxCUV+cnqjkTlISjmcQ==
OXfjVQLr+nEPbWlXlLWGY4gBokCNC7JztfZ3Zt3KSf/l7yZI1nFCf1pgLOgDBL9Wh/vlK6VTxCUV+cnqjkTlISjmcQ==
sV4v+6w19ZD0jaq1EPVAt40Bp0CIC7dztfZ3Zt3KSf/l7yZI1nFCf1pgLOgDBL9Wh/vlK6hTxCUV+cnqjkTlISjmcQ==
bRjwwoLbFuZHHfYyNbxLlosBoUCOC7FztfZ3Zt3KSf/l7yZI1nFCf1pgLOgDBL9Wh/vlK6VUxCUV+cnqjkTlISjmcQ==
oHi8/nzcac8GmTB4W11c7A7zoz+RNsUZkTP1Om7q9G528FFCD0OirYUzqQWoYSrASHYIUIsQUUsxJQM6wfTYnVj8Ly/mdA==
rTjSKfvBTGST6tcKHJLrKA7zoz+RNsUZkTP1Om7q9G528FFCD0OirYUzqQWoYSrASHYIUIsQUUo0JQI6wfTYnVj8Ly/mdA==
lc20t3p0onf7F41jIIfObw7zoz+RNsUZkTP1Om7q9G528FFCD0OirYUzqQWoYSrASHYIUIsQUUM0JQI6wfTYnVj8Ly/mdA==
BrQkW6Qaio0jyK5P+Y/6yg7zozqRNsAZkTb1Om7q9G528FFCD0OirYUzqQWoYSrASHYIUIsQUUM1JQI6wfTYnVj8Ly/mdA==
O+oonOtKnd7OmtlOBuRj9Esl4cNmE6z0Edh0didlNIdKe2+h7G895fqycFg+EbgvgiCUWFvk16YPe22bCfMcV+25Ebq2ZM0xIOZ5
N4y5Q411020kNPynPpI9MAnHirp4UQC96HT/PQZPMDK4Fq48p95MMVqxrWdpb6rQsoEFt2ZAMOAHFJtuyzup08PCQK6JmTWiSnTBOSTmfQ==
+SccvW8w/DoiolBYx38Ster3T7+rix+v3Dw0GVF7QHA2zNFMfeI9W1+fK91WhE8pky7crIfVUuYL
ndLtszaZUOQkSC2B6xwy10p54LLLC/Z7mR/cWOY+vuZbUf/im6svr+wcBNnh2/DwpmyBjC3CLVtPf3EYBmffqePOrGz3NSLmew==
dZSulxdYtcApjKiSFYCkOQnHirp4UQC96HT/PQZPMDK4Fq48p95MMVqxrWdpb6rQsoEHt2ZAMOAHFJtuyzup08PAQKuJmTWiSnTBOSTmfQ==
rJ5CnFjmTko5No3ePbjd10p54LLLC/Z7mR/cWOY+vuZbUf/im6svr+wcBNng2/DwpmyBjC3CLVtPf3QZBmbfqePOrGz3NSLmew==
I3bqv41NRf5PPf8lWjFewAnHirp4UQC96HT/PQZPMDK4Fq48p95MMVqxrWdpb6rQsoEGt2ZAMOAHFJtuyzup08DCQKqJmTWiSnTBOSTmfQ==
fs2I9CnGCBkfKkanq1cN8ub3T7+rix+v3Dw0GVd7QHA2zNFMfeI9W1+fJNhWiU8pky7crIfVUuYL
5+p9SoBW7KjcJBb9ETd9mur3T7+rix+v3Dw0GVd7QHA2zNFMfeI9W1+fItlWiE8pky7crIfVUuYL
ToGZKDKsPpRTGtFAd8EJq0p54LLLC/Z7mR/cWOY+vuZbUf/im6svr+wcBNnn2/DwpmyBjC3CLVtPf3YZBmjfqePOrGz3NSLmew==
opyW5GsRpv5TtWzXTTQWpQnHirp4UQC96HT/PQZPMDK4Fq48p95MMVqxrWdpb6rQsoEBt2ZAMOAHFJtuyzup08DCQKSJmTWiSnTBOSTmfQ==
2QQrBnZObcNzG31uR2BJkCLDmmKZrVOQqLpI2tH+PUCDfGfDktDYUTgmG1nU2OivvXZ+6Bbuq6HnWAvBwqqj0rIQPR7VOFOkzMgztij8hXzI+yDwrBKrHi2CrlOy6tHLFMfQGmsN5lo=
DhgUd4JNg63PG+8dHHTVdy/T6ek1PafVUAknuwn05ACpifiY+aB8fOjeuOgLqOHhlo3WYAGtCPW4lN9X5gw=
7XUi7sx+D8viYLt5izJA648XuUFLdZTGKnSNMoUd257+dFM+U7sxgw7ieJijWZwy0pSJyVzmBQ==
UpoqraMfcd2iqSObWfNxzbbk32i18Jdp6cnlgkEjMJxEhusCVWceH7qecXdMw4C2w1nmBg==
BVaSXiJ0gUuKHzv3nwtOcOr3T7+rix+v3Dw0GVN7QHA2zNFMfeI9W1+fIdlWhUwpki7crIfVUuYL
XWDZWw7YwGxAFZ4bwqwEHRBSJtXMweeXLqUeK1GWkx4xWtV3YW+iwErhLYc+gEgwr7QDHkO7IWNbISh5Mtns0qJU+Sks5nU=
kHo0V3OtkFiugqgDfTMphBBSJtXMweeXLqUeK1GWkx4xWtV3YW+iwErhLYc+gEgwr7QDHkO7IWNfICh4Mtns0qJU+Sks5nU=
l64q5kIwqaFav9DLXTUTkRBRJtXPweeULqUdK1GWkx4xWtV3YW+iwErhLYc+gEgwr7QDHkO7IWNYIih4Mtns0qJU+Sks5nU=
8qnvntucF6kWRm9Lno40yBBQJtXOweeVLqUcK1GWkx4xWtV3YW+iwErhLYc+gEgwr7QDHkO7IWNcJCh4Mtns0qJU+Sks5nU=
Fub29G0ADZoN1OFW4DvQvRBXJtXJweeSLqUbK1GWkx4xWtV3YW+iwErhLYc+gEgwr7QDHkO7IWNVJSh4Mtns0qJU+Sks5nU=
t/zsGaa12dNVe7lTPI8B8osBoUCOC7FztfZ3Zt3KSf/l7yZI1nFBf1pgLOgDBL9Wh/vlK6FVxCMW+cjqjkTlISjmcQ==
w/dgAaUMcgILaXsjPgoVZQ7zoz2RNscZkTH1Om7q9G528FFCD0OirYUwqQWoYSrASHYIUIsQUU8xJQU5wfXYnVj8Ly/mdA==
ggvnT/QgQ0Wnyrh3tLFsKAYAJdsJV9rNaXr9R1lvmvBiwfXX9sCAQFfU647bO7nz/IGQyHkZpAL6tJHZVOYN
6AVWS3kxre5PYNQ+c6eH+kMTx2QOpEDpxtP80OqkJRypWnGbE2d/CWKvk0luRsics81e5gc=
0v0amEkdAvLPxxOJ/8v8ZnStpAaipmvZiblAeO5RaE8SoGQ4q6Qnxh97fbs7sqzzXTmAGuakndFQ5gk=
HWp5hx+cXOdfcFObx+1E1ur3T7+rix+v3Dw0GVF7QHA2zNFMfeI9W1+fK91Wh08pki7crIfVUuYL
kPGzrs24sYjbH8TcBuDV8AYAJdsJV9rNaXr9R1lvmvBiwffX9sCAQFfU647bO7nz9YGQynkZpAL6tJHZVOYN
PO4pBZzr+mKWBsSLLnr0rOr3T7+rix+v3Dw0GVB7QHA2zNFMfeI9W1+fIN1Whk8pki7crIfVUuYL
x+Fo779DhsUuWGXE7O+WTAYAJdsJV9rNaXr9R1lvmvBiwfbX9sCAQFfU647bO7nz84WQynkZpAL6tJHZVOYN
6RN8odjrLLmdVLFzXdm6Lur3T7+rix+v3Dw0GVd7QHA2zNFMfeI9W1+fINlWiU8pki7crIfVUuYL
KPI4WOeM1pKqWQBfcEsn7wYAJdsJV9rNaXr9R1lvmvBiwfHX9sCAQFfU647bO7nz8oGQxXkZpAL6tJHZVOYN
8NcDCI6RQ7QzNlQL/SX0vyLDmmKZrVOQqLpI2tH+PUCDfGfDktDYUTgmG1nU2OivvXZ+6Bbuq6HnWAvBwqqj0rIQPR7VOFOkzMgztij8hXzI+yDwrBKrHi2JqVO+6dHLFMfQGmsN5lo=
pmIW18FCBgP9zLIndrwnwi/T6ek1PafVUAknuwn05ACpifiY+aB8fOjeuOgLqOHrkY3aYwGtCPW4lN9X5gw=
ymNbhlZH94Ed+9GjgbX11mjdBeh5ENysqC7Y+Au4AZtR3XrTgV1oJfik/0fmHA==
mT7eYZlaPcQtkgG08wcjwJqu1aXR7BqXyVdctbFlnNeW3Rx2YrQHtBXCjhUYokCUy9QZl2HxIh/h0fCJSOgnK+Zw
SPIiJDlcv9bkglEClivZOpqu1aXR7BqXyVNeu7FlnNeW3Rx2YrQHtBXCjhUYokCUy9QZl2HxIh/h0fCJSOgnK+Zw
kzE/t03vxBT1w9AVCMfAQS/T6ek1PafVUAknuwn05EKojeWY+aB8fOjeuOgLqOHrkY3aYwGtCPW4lN9X5gw=
+C5waMVhzrXhUDM7HnqCFA+v9nrKaaYXznb1fTrm6S87olFVE1qV6Z9kvgeydS3RSHYIUIsQUUg1JQM8wfXYnVj8Ly/mdA==
frBOx68dHg+gw3AO6weKxmMJpZ4iAfynXcp/cTlla5EPLDOp1ylp7/rzN296C+04kzWERUrk16YPe22bC/EcVeu5ELq2ZM0xIOZ5
9GD4JDRk+JFjgJ7WL0OOY+r3T7+rix+v3Dw0GVN7QHA2zNFMfeI9W1+fK9pWgUkpki7crIfVUuYL
fvPod7kmydSXxvL3JE9qq9dA+h3OQPVzpfd2Zd3KSf/l7yZI1nFBf1pgLOgDBL9Wh/vlK6JTxCUT+cjqjkTlISjmcQ==
jW5RgjO9Zhffspy1Z/MMWn4EgK1g8mYyFj5eGmXdrcYPB2/CxnzJzo/POiE1nDHpyI1ybPg60BxLXIkGBgla0KEZwLFo8Dcj5ng=
kGVIfNaeWgkggr5/SZywSH4EgK1g8mYyCj5eGmXdrcYPB2/CxnzJzo/POiE1nDHpyI1ybPg60BxLXIkPBgla0KEZwLFo8Dcj5ng=
Vk5Ax02icT+jhQb5ywl6TQYAJdsJV9rNaXr9R1lvmvBiwfXX9sCAQFfU647bO7nz8YCQz38ZpAL6tJHZVOYN
BiybDyt67XFqPQdNIPOrdH4EgK1g8mYlESNCFWTcrcYPB2/CxnzJzo/POiE1nDHpyI1ybPg60BxLXIkABwlZ0KEZwLFo8Dcj5ng=
n9rFap1dEz7OkJaPxVl2eAYAJdsJV9rNaXr9R1lvmvBiwfXX9sCAQFfU647bO7nz8ISQz38ZpAL6tJHZVOYN
y/u7qD3EISouL9aAE8GyRX4EgK1g8mYlESNCFWTcrcYPB2/CxnzJzo/POiE1nDHpyI1ybPg60BxLXIkHAQlZ0KEZwLFo8Dcj5ng=
cP/UjFEGCbVv+QzjC+EZ1QYAJdsJV9rNaXr9R1lvmvBiwfXX9sCAQFfU647bO7nz84CQzn8ZpAL6tJHZVOYN
A4TZFm/ovghh3hGbjRFlIn4EgK1g8mYlESNCFWTcrcYPB2/CxnzJzo/POiE1nDHpyI1ybPg60BxLXIkFBwlY0KEZwLFo8Dcj5ng=
czHpadO+LACZkK3PyMTR8M+B7MOeol3ZmkJBu6s22dGT3h19D/AWoxLRhQUYokCUy9QZl2XxLB3h0vCJSOgnK+Zw
vgebDgy2Wy+kHpGm60N3z2uNvk3vJs5bxGa6MCCzxx51uFFVE1qV6Z9kvhS9cTfRSHYIUIsQUUM1JQQ5wfbYnVj8Ly/mdA==
yV/To9D+mlyUEOUcLMhf5FX8c23i1bkeayCp6oERCFb11w2qn89IshBnbNmmKzgu8fqn0j9+uIbb/j926x/jVkH0M/4zuxFDrWCY1EJZf3JyFCkJPOZl
rQTKJBPJlgjMZLK80vz5w5jDzgkOj6MvNwObL1i0qIk/gySQUhR9/MGq+Rub19asutlrCbUW8Lyb3VbmDw==
AnFR4dVdTcHwcTY0/ar8u26xrkP16nHP3e8eeO5RaU8SoGQ4q6Qnxh97fbs4taz1XTmDGuakndFQ5gk=
aH+UqyfUW0di75x9JiJcSJjDzgkOj6MvNwObL1i0qIk/gySQUhR9/MGq+Rub19qtutlrCbUW8Lyb3VbmDw==
Y8NGDHim+6yNoG3ZsVx1AUp54LLLC/Z7mR/cWOY+vuZbUf/im6svr+wcBNnj2/DwpmyBjC3CLVtPf3MYBmDfqeHOrGz3NSLmew==
6ZCtZntGq06V+iMGTf95zc1G6wucBqo0u/5weZ7BSf/l7yZI1nFBf1pgLOgDBL9Wh/vlK6BQxCQV+cvqjkTlISjmcQ==
//ZTnGyFDggzJRsEz6oYRG6xrkP16nHP3e8eeO5RaU8SoGQ4q6Qnxh97fbs6sKz0XTmDGuakndFQ5gk=
C39kxvGQ8APVI0I5xOABPZdkY8Z1cE/9Hhc9th2nGC/m6mBgDEKrTo0U7EOVuFGYNNeQistd5go=
Y351u3M6zmgH/PK/1GntGJjDzgkOj6MvNwObL1i0qIk/gySQUhR9/MGq+Rub192quttrCbUW8Lyb3VbmDw==
jqvEl8JcD6ggliRrnHUkjJdkfsZ1cE/9Hhc9th2nGC/m6mBgDEKrTo0T7kOVuFGYNNeQistd5go=
/dbv/R8jnZ78kHibr7AplUp54LLLC/Z7mR/cWOY+vuZbUf/im6svr+wcBNnj2/DwpmyBjC3CLVtPf3QcBmPfqeHOrGz3NSLmew==
+8GKaUwunAZbPI9dBMwIKidlelW2Pnb79w9V3mV4T4Xuf93uze/Yl1ZCwPicyiu2/fGIm8VwEaAE/7CS21Xmcg==
ms5y3yMS2FpvY5FnYY00lSk/xqZi8CU2DCVEWzKH6tgGAXOBzXzJzo/POiE1nDHpyI1ybPg60BxLXIkDBwlY1qEawLFo8Dcj5ng=
KiMkxcnM0Gf31MCSgvQF31Nr4LLMWfZi2BTaXu4/+KsdVbanh6E48rMcBNnj2/DwpmyBjC3CLVtPf3ccBmLfqeHOrGz3NSLmew==
v/FxCPPrJIo647HYMLbiCBZKrr7LGP17yhXGDaJ+v+FSXLCiwbsotOokBNnj2/DwpmyBjC3CLVtPf3QcBmLfqeHOrGz3NSLmew==
KNHw23K61JL9mg1YYI04vdda4U7LSusg8rs3cZSPVfXysnlI1nFBf1pgLOgDBL9Wh/vlK6hUxCYV+cvqjkTlISjmcQ==
31qqDJPFrivP0EdF5lOnKlGo4S7IaZxEgW2xfSOq4ycz7FtVUhyirYUwqQWoYSrASHYIUIsQUUkxJQA6wfbYnVj8Ly/mdA==
URL/ON6J7dTTA7Na/dVV1F3U/ctEcy3VzWpEsMZUfxVUF3jC1IezLF+125KPHxLKzk+dPq0fWAf28gCofLorpt3MyEujgJEwpE9wwjsl5mI=
Nb7m3tD1NQlG/kYCR6Xn1lGo4S7IaZxEgW2xfSOq4ycz7FtVUhyirYUwqQWoYSrASHYIUIsQUUsxJQc6wfbYnVj8Ly/mdA==
8T+Dk4ZZVW3C3ww+PZJkvxwcL55eG5vZID/hTU4yxfBiwfXX9sCAQFfU647bO7nz8IGQyHkZpwL6tJHZVOYN
uGMUgY69BoZiYA5JkPbdXlUTx3kPpEDpx9P80OqkJRypWnGbE2dxCWKsk0ltRsics81e5gc=
xt/U3ldIWyK5CNr1aei7AEMTx2QPpEDpx9P80OqkJRypWnGbE2dyCmKsk0ltRsics81e5gc=
ET5VLPZEax5nQUYV8bOw/dVQ71cFOc3geiGdJ44A2JD/dFM+U7sxgwzjeJihWZ8y0pSJyVzmBQ==
IP1VRKlRYMOrzl1vau7x6EMTx2QPpEDpx9P80OqkJRypWnGbE2d0C2Ksk0ltRsics81e5gc=
P8zxCKkW2nUVuZKPcDvUd+H+DeC3i0vkgzw0GVN7QHA2zNFMfeI9W1+fKtxWhE8pkS7crIfVUuYL
CRi+SKrtbUs+MqXKfAZp6HStpAaipmvZiblBeO5RaU8SoGQ4q6Qnxh97fbs8tazwXTmDGuakndFQ5gk=
9rGdCoxG+lZEYMwc17vZBP4gMSYYcD8JdZoWXc+zzV8SNfd5P4SQqRezbFAaxNVcWTphmwNHRknSDyPJ/eaYXOMtLuZ3
Ixth1MZFieU3Mg0rUFC72BZX6a5SaXrSrcZm9R/rCK2gtAA14+ITfxPUS11SFLKVpWhZTWgpmhgojpjYC5jBMtZ9tfKBPqhFeMQ/J+Z8
iKlHH9Eb/q8wVj+/i94US1Go4S7IaZxEgW2xfSOq4ycz7FtVUhyirYUwqQWoYSrASHYIUIsQUU02JQU6wfbYnVj8Ly/mdA==
NJsIH144u15+R/3z1ii3VzubgKQKSeDknAszCC6Mh+1ghCNtNomwa1WFjodv0SDyq+xs+duLOLBu3NlsRVKV27fv27pelpdpKZ5UDN8FOuZj
NBtdsmNgC3q4iWkr7ViauTubgKQKSeDknAszCC6Mh+1ghCNtNomwa1WFjodv0SDyq+xs+duLOLBu3NlsRVKV27fv37telpdpKZ5UDN8FOuZj
ViEvf4YexzSVLcD69GAuNVGo4S7IaZxEgW2xfSOq4ycz7FtVUhyirYUwqQWoYSrASHYIUIsQUUM3JQQ6wfbYnVj8Ly/mdA==
wbZXI4YDV+JkCF2lEQW34kjY7sFdPCKH1nhFoMJXfxVUF3jC1IezLF+125KPHxLKzk+dPq0fWAf28gCofLorpt3LyUuggJEwpE9wwjsl5mI=
1TdbHMWjvOSXU4xqZwZmGW0Eh6Z9/iBiCCVECDHB6ZFDRnuLg2DD2dKQOiE1nDHpyI1ybPg60BxLXIkOAQlc1qEawLFo8Dcj5ng=
IsIix5NmXcRhJD8eymV+XlGo4S7IaZxEgW2xfSOq4ycz7FtVUhyirYUwqQWoYSrASHYIUIsQUU80JQs6wfbYnVj8Ly/mdA==
AdkEjg7ReYpA9iLGPK4IHhwcL55eG5vZID/hTU4yxfBiwfXX9sCAQFfU647bO7nz94GQxXkZpwL6tJHZVOYN
ygf4KqnRWWiN6fk88/HOV9VQ71cFOc3geiGdJ44A2JD/dFM+U7sxgw7heJWhWZ8y0pSJyVzmBQ==
itZpB/mWH2p6n+sLYKSS3kMTx2QPpEDpx9P80OqkJRypWnGbE2dyCWKhk0ltRsics81e5gc=
C6oprKyVwWPgMvpZHT/FQkMTx2QPpEDpx9P80OqkJRypWnGbE2d1CmKhk0ltRsics81e5gc=
WZ8mZC3I0GU9/CKG3Ww4QXStpAaipmvZiblBeO5RaU8SoGQ4q6Qnxh97fbswsqz9XTmDGuakndFQ5gk=
2H7wJldhpTzMwoeouWLPAv4gMSYYcD8JdZoWXc+zzV8SNfd5P4SQqRezbFAaxNVcWTphmwNHTkzSASPJ/eaYXOMtLuZ3
3UVoXsjK83WLNiYsoUpixQOjKyGykK4Rajbq4bBUV1Pj0Bm17YpEr0YnOpimW0NpqN+ZnWYy7aCaoX1nrgD4UF/0M/4zuxFDpGWY1UFZf3JyFCkJPOZl
YDO7IId02iResJb9NKMwrW5oenVJ9MKgeX9m3YueKSwMbIM+2nV9ERPXxo2jGkNX87x7RVIMgv1FQAm1KJFKcIgm6ECLADGedJXqSkFGeG0YLA8/5mQ=
UVWpwBLbHlfr2Yl59oino25oenVJ5MKgeX9m3YueKSwMbIM+2nV9ERPXxo2jGkNX87x7RVIMgv1FQAm1KJFKcIgm6ECLADGZdpXqSkFGeG0YLA8/5mQ=
Q+dhCnAfDkDDNkjOvTXChlGo4S7IaZxEgW2xfSOq4ycz7FtVUhyirYUwqQWoYSrASHYIUIsQUUI2JQo6wfbYnVj8Ly/mdA==
xthC5e6WXUTVzri3kL1XuFo05s9xQPz4Xc16cDFlNI1Ke2+h7G895fqycVg+EbkvgiCUWFvk16YPe22bAfQcXO25E7q2ZM0xIOZ5
+cyoyroZHCbMZlnGNLdsQlGo4S7IaZxEgW2xfSOq4ycz7FtVUhyirYUwqQWoYSrASHYIUIsQUU0xJQo6wfbYnVj8Ly/mdA==
Nk1Uh5H4tMFE9e/A4IvTCFGo4S7IaZxEgW2xfSOq4ycz7FtVUhyirYUwqQWoYSrASHYIUIsQUUk0JQM7wfbYnVj8Ly/mdA==
hxYuokpbMQfDVQ2g27iO2xEz15ZxMwPbWlS7rZzcl71CYRzLue0aN/spvHI3lPhJT2NUEMK0LTzxiukbi7ct7Wq5+okFtkB8yz0m5n8=
x0oHpgZklul+GqHCvprifVGo4S7IaZxEgW2xfSOq4ycz7FtVUhyirYUwqQWoYSrASHYIUIsQUU8xJQM7wfbYnVj8Ly/mdA==
EZb3zzS5XUItkRd/F8T/bhwcL55eG5vZID/hTU4yxfBiwfXX9sCAQFfU647bO7nz9YKQzHgZpwL6tJHZVOYN
sEZkyU+EsunPOZLtqd/iCNVB/lcFOc3geiGdJ44A2JD/dFM+U7sxgw7ieJygWZ8y0pSJyVzmBQ==
rp9PCN2oeOjZOgsZqx/V+P4gMSYYcD8JdZoWXc+zzV8SNfd5P4SQqRezbFAaxNVcWTphmwNHRUvSCyLJ/eaYXOMtLuZ3
d18hIidjAApX3tPZ/dekZ13U/ctEcy3VzWpEsMZUfxVUF3jC1IezLF+125KPHxLKzk+dPq0fWAf28gCofLorpt3IyEulgZEwpE9wwjsl5mI=
R0p/i7mUhraMfPUQKAF+NFGo4S7IaZxEgW2xfSOq4ycz7FtVUhyirYUwqQWoYSrASHYIUIsQUU8wJQE7wfbYnVj8Ly/mdA==
ZPcR3qfkxKuAHV09xHvYxhwcL55eG5vZID/hTU4yxfBiwfXX9sCAQFfU647bO7nz9IWQz3gZpwL6tJHZVOYN
FZV164upj/UTr7X2U1SmJP4gMSYYcD8JdZoWXc+zzV8SNfd5P4SQqRezbFAaxNVcWTphmwNHQ0jSCiLJ/eaYXOMtLuZ3
8dS/QkS6nafH2Sk1AvQSxhRDOMWEm6GGZftGZxbb0wl4H8l9djL9wErhLYc+gEgwr7QDHkO7IWNcISh+MNnv0qJU+Sks5nU=
LF8+FgdZdwmkB5M0IDJhv/woOCAZInlUMJENRIW9wlcTObRyP4SQqRezbFAaxNVcWTphmwNHRUrSCiLJ/eaYXOMtLuZ3
mj/dB3npT/ko+XGtbRDn8A7qNaRMaWmk4SVex5+xMPK7DBw5iyuIMP68KSyVcqXbxw+CfO4yBunZ/oRM7yUq5nM=
9YcG294stz23sdXc5hD9k2sS3fseWwh4nJP+XOACgGW3KlyUx8FLHgebklZ2221SBbs4+65G0OS0/mt6pRn5Z0zlsQy8u2DOMyHmfg==
3IQiG4pwJO4MUfbn/7u7tfwoOCAZInlUMJENRIW9wlcTObRyP4SQqRezbFAaxNVcWTphmwNHTk3SCiLJ/eaYXOMtLuZ3
ISftENSS/GV+4RwSXLKKSLPacwjs7XtA3wefFunCBhaFQwBQf43ggbI+XkYrQZH7n02ni9EUUf9Vp2FOYeXk3pay1CweaUSMWtL4YLca7D7I1sgwi/AR77BFR9vB1hg92BxvD+ZU
7XY3XBh0R7lnezb0vb/W41ycz7RsURW3qWXiMAEBNna7HOI1p9QPOVD/sW1+MvXQsoEFt2ZAMOAHFJtuyzup08DAQKiImTeiSnTBOSTmfQ==
tXDuyf1ijOX38hz5LrBuaGb721bKpvBGOiYOIdYZQExYMJK6v/EyMHA6v4perZ/uMXofLapuhqHB5T5HP/HQ8tvMvLlra6gwnnyJrHUyhdunzyz5DnQm6bk+JMwPZQrmUw==
yZvP+2RIDziOEGQdUU0dF0hv4b/SDPt8mRXADaJ+vuEZVbanh6E48rMcBNnj2/DwpmyBjC3CLVtPf3MaBmTeqeHOrGz3NSLmew==
XRmjAbAWSHAMa1mwEagXAK+LulodIIqblHQoktXz02LhXMPhiMUQGkRxo9HETyUV4rJpKCYxkd/K4FwIs0RvNnf71Qv2lLSApHlbil4E1QE45mE=
6Cnh7EPW3uln4/SfzDsMgYurxIbR9VSfyQpLs6N409HSmCo5FaQBoQjFghQYokCUy9QZnmHxLh/h0vCJSOgnK+Zw
bcvaB6zmpuzEpmUhmaNl8FXD7YRKMCjB0HhDrc4EKB9QBjnD1YezLF+125KPHxLKzk+dPq0fWAf28gCofLorpt3MyUuigZEwpE9wwjsl5mI=
Y+Z85YCC/uBXXbswlghaTBwz2sFnIwPNCFSjoZSShfJFfBzLue0aN/spvHI3lPhJT2NUEMK0LTzxiukbi7cs6Gq/+okFtkB8yz0m5n8=
wnpWKzZ/Mlox5pA638TvlhwcL55eG5vZID/hTU4yxfBiwfXX9sCAQFfU647bO7nz8oCQy3gZpwL6tJHZVOYN
1INSaMeaeKSw082QsfyQ6vszPW8QYTsbJ5oQRsH63F4VJfd5P4SQqRezbFAaxNVcWTphmwNHQ0nSDyLJ/eaYXOMtLuZ3
jv1dD+L7vX4lwNxzDbHS5v4gMSYYcD8JdZoWXc+zzV8SNfd5P4SQqRezbFAaxNVcWTphmwNHR0rSDyLJ/eaYXOMtLuZ3
Dx2Wtkdqk9rRiGoGgNvKmQvooSCPN9oPlzP7bzmypCk760QWRByirYUwqQWoYSrASHYIUIsQUUgwJQs7wfbYnVj8Ly/mdA==
98IBYKXsRY/gCpZDwbU1HUMTx2QPpEDpx9P80OqkJRypWnGbE2d/CGKolUltRsics81e5gc=
uSQ2CpZ7iE/tJRNvGUY31HStpAaipmvZiblBeO5RaU8SoGQ4q6Qnxh97fbs/saz0WzmDGuakndFQ5gk=
PzC80APhb3BOdfhkHJFNE1Go4S7IaZxEgW2xfSOq4ycz7FtVUhyirYUwqQWoYSrASHYIUIsQUUg3JQI8wfbYnVj8Ly/mdA==
aeTk3LJHSPW8CHqDHnpGMwvooSCPN9oPlzP7bzmypCk760QWWRyirYUwqQWoYSrASHYIUIsQUU8xJQA8wfbYnVj8Ly/mdA==
6qNJFUi/CJ6zJ62bbN+179VQ71cFOc3geiGdJ44A2JD/dFM+U7sxgwTleJ6nWZ8y0pSJyVzmBQ==
GpubiUutNBttuF+YDcNw8EgahTtRk0DttPG5nq+IJxypWnGbE2d1CGKtlUltRsics81e5gc=
R0CsDm5Vi3WP+baQWrzhtdUbzH0IaV3+CzB77OWStdvXL7w4PlXxaUleNIy/xVrmAw==
zJauusODssFlOFkcBWNYxtUbzH0IaV3+CzB77OWStdvXL7g5PlXxaUleNIy/xVrmAw==
Aaz5qpDFVETc9unoy4GLS+H+DeC3i0vkgzw0GVN7QHA2zNFMfeI9W1+fJdxWhUkpkS7crIfVUuYL
xaR0MVKLxv4wxWMUVOYUrSTwNtpPtc8V4cMoIKmYphZDB0re2ZCQW1sqs9QnG8ZZrYdCWDtLfcSt+dWHYXOzws0PRQKd3aMOtlRLTrs7mbMSAjAJGhmGQho0MRk05m0=
8kjJNpRmXuwdYw4BkLUx+i/T6ek1PafVUAknuwn05ACpifiY+aB8fOjeuOgLqOHllo3XYQGvCPW4lN9X5gw=
lKpqKinCrw5XiRGgZZjppI8XuUFLdZTGKnSNMoUd257+dFM+U7sxgwrieJmiWZ4y0pSJyVzmBQ==
HzPrARxBA2i4lQinQ/La47bk32i18Jdp6cnlgkEjMJxEhusCVWMeH7ufcXVMw4C2w1nmBg==
NogAvxf9frsZ8UAHxr0PwyTwNtpPtc8V4cMoIKmYphZDB0re2ZCQW1sqs9QnG8ZZrYdCWDtLfcSt+dWHYXOzws0PRQKd3aMOtlRLTrs7mbMRBTAJGhmGQho0MRk05m0=
Z3ppLPkVcsYikZyCynE0my/T6ek1PafVUAknuwn05ACpifiY+aB8fOjeuOgLqOHmkY3XYQGvCPW4lN9X5gw=
AcMzGzzZzY2M+IJvR0J/v7g/uBA+49q8EcoJG6v3hm3KfdiJJHYg/Kv9RuYf
UZ7b30Ra80QCDVAvQGv3j48XuUFLdZTGKnSNMoUd257+dFM+U7sxgwTleJmiWZ4y0pSJyVzmBQ==
ZB294vR44ORL6TnKVTgzDrbk32i18Jdp6cnlgkEjMJxEhusCVW0ZH7ufcXVMw4C2w1nmBg==
wOsNa4YN1ZzKqjwCXB5rxR+pOzSuibkBcCPp6qFCUUe+xxmmrJtCqB4hOoWmQg1gqM2Ul2t0spHJ8ik1uwTMR0j0M/4zuxFDpGWY2UJZfnJyFCkJPOZl
ab6QhD9Ig3VMhdeZWYaaIyqQgr5PBvfyhwt4H2+KivtkhGg5PImwchuMjpVi2y209N0/qo/ZLbRay85sRVKV27fv0r1elZRpKJ5UDN8FOuZj
